[0.155s] DEBUG:colcon:Command line arguments: ['/usr/bin/colcon', 'build']
[0.155s] DEBUG:colcon:Parsed command line arguments: Namespace(log_base=None, log_level=None, verb_name='build', build_base='build', install_base='install', merge_install=False, symlink_install=False, test_result_base=None, continue_on_error=False, executor='parallel', parallel_workers=2, event_handlers=None, ignore_user_meta=False, metas=['./colcon.meta'], base_paths=['.'], packages_ignore=None, packages_ignore_regex=None, paths=None, packages_up_to=None, packages_up_to_regex=None, packages_above=None, packages_above_and_dependencies=None, packages_above_depth=None, packages_select_by_dep=None, packages_skip_by_dep=None, packages_skip_up_to=None, packages_select_build_failed=False, packages_skip_build_finished=False, packages_select_test_failures=False, packages_skip_test_passed=False, packages_select=None, packages_skip=None, packages_select_regex=None, packages_skip_regex=None, packages_start=None, packages_end=None, allow_overriding=[], cmake_args=None, cmake_target=None, cmake_target_skip_unavailable=False, cmake_clean_cache=False, cmake_clean_first=False, cmake_force_configure=False, ament_cmake_args=None, catkin_cmake_args=None, catkin_skip_building_tests=False, verb_parser=<colcon_defaults.argument_parser.defaults.DefaultArgumentsDecorator object at 0x7cb0d7e762f0>, verb_extension=<colcon_core.verb.build.BuildVerb object at 0x7cb0d7e75cf0>, main=<bound method BuildVerb.main of <colcon_core.verb.build.BuildVerb object at 0x7cb0d7e75cf0>>)
[0.536s] Level 1:colcon.colcon_core.package_discovery:discover_packages(colcon_meta) check parameters
[0.537s] Level 1:colcon.colcon_core.package_discovery:discover_packages(recursive) check parameters
[0.537s] Level 1:colcon.colcon_core.package_discovery:discover_packages(ignore) check parameters
[0.537s] Level 1:colcon.colcon_core.package_discovery:discover_packages(path) check parameters
[0.537s] Level 1:colcon.colcon_core.package_discovery:discover_packages(colcon_meta) discover
[0.537s] Level 1:colcon.colcon_core.package_discovery:discover_packages(recursive) discover
[0.537s] INFO:colcon.colcon_core.package_discovery:Crawling recursively for packages in '/home/lota/ros2_ws'
[0.537s] Level 1:colcon.colcon_core.package_identification:_identify(.) by extensions ['ignore', 'ignore_ament_install']
[0.537s] Level 1:colcon.colcon_core.package_identification:_identify(.) by extension 'ignore'
[0.538s] Level 1:colcon.colcon_core.package_identification:_identify(.) by extension 'ignore_ament_install'
[0.538s] Level 1:colcon.colcon_core.package_identification:_identify(.) by extensions ['colcon_pkg']
[0.538s] Level 1:colcon.colcon_core.package_identification:_identify(.) by extension 'colcon_pkg'
[0.538s] Level 1:colcon.colcon_core.package_identification:_identify(.) by extensions ['colcon_meta']
[0.538s] Level 1:colcon.colcon_core.package_identification:_identify(.) by extension 'colcon_meta'
[0.538s] Level 1:colcon.colcon_core.package_identification:_identify(.) by extensions ['ros']
[0.538s] Level 1:colcon.colcon_core.package_identification:_identify(.) by extension 'ros'
[0.553s] Level 1:colcon.colcon_core.package_identification:_identify(.) by extensions ['cmake', 'python']
[0.553s] Level 1:colcon.colcon_core.package_identification:_identify(.) by extension 'cmake'
[0.553s] Level 1:colcon.colcon_core.package_identification:_identify(.) by extension 'python'
[0.553s] Level 1:colcon.colcon_core.package_identification:_identify(.) by extensions ['python_setup_py']
[0.553s] Level 1:colcon.colcon_core.package_identification:_identify(.) by extension 'python_setup_py'
[0.553s] Level 1:colcon.colcon_core.package_identification:_identify(build) by extensions ['ignore', 'ignore_ament_install']
[0.553s] Level 1:colcon.colcon_core.package_identification:_identify(build) by extension 'ignore'
[0.553s] Level 1:colcon.colcon_core.package_identification:_identify(build) ignored
[0.554s] Level 1:colcon.colcon_core.package_identification:_identify(install) by extensions ['ignore', 'ignore_ament_install']
[0.554s] Level 1:colcon.colcon_core.package_identification:_identify(install) by extension 'ignore'
[0.554s] Level 1:colcon.colcon_core.package_identification:_identify(install) ignored
[0.554s] Level 1:colcon.colcon_core.package_identification:_identify(log) by extensions ['ignore', 'ignore_ament_install']
[0.554s] Level 1:colcon.colcon_core.package_identification:_identify(log) by extension 'ignore'
[0.554s] Level 1:colcon.colcon_core.package_identification:_identify(log) ignored
[0.555s] Level 1:colcon.colcon_core.package_identification:_identify(src) by extensions ['ignore', 'ignore_ament_install']
[0.555s] Level 1:colcon.colcon_core.package_identification:_identify(src) by extension 'ignore'
[0.555s] Level 1:colcon.colcon_core.package_identification:_identify(src) by extension 'ignore_ament_install'
[0.555s] Level 1:colcon.colcon_core.package_identification:_identify(src) by extensions ['colcon_pkg']
[0.555s] Level 1:colcon.colcon_core.package_identification:_identify(src) by extension 'colcon_pkg'
[0.556s] Level 1:colcon.colcon_core.package_identification:_identify(src) by extensions ['colcon_meta']
[0.556s] Level 1:colcon.colcon_core.package_identification:_identify(src) by extension 'colcon_meta'
[0.556s] Level 1:colcon.colcon_core.package_identification:_identify(src) by extensions ['ros']
[0.556s] Level 1:colcon.colcon_core.package_identification:_identify(src) by extension 'ros'
[0.556s] Level 1:colcon.colcon_core.package_identification:_identify(src) by extensions ['cmake', 'python']
[0.556s] Level 1:colcon.colcon_core.package_identification:_identify(src) by extension 'cmake'
[0.556s] Level 1:colcon.colcon_core.package_identification:_identify(src) by extension 'python'
[0.557s] Level 1:colcon.colcon_core.package_identification:_identify(src) by extensions ['python_setup_py']
[0.557s] Level 1:colcon.colcon_core.package_identification:_identify(src) by extension 'python_setup_py'
[0.557s] Level 1:colcon.colcon_core.package_identification:_identify(src/dual_lidar_tools) by extensions ['ignore', 'ignore_ament_install']
[0.557s] Level 1:colcon.colcon_core.package_identification:_identify(src/dual_lidar_tools) by extension 'ignore'
[0.557s] Level 1:colcon.colcon_core.package_identification:_identify(src/dual_lidar_tools) by extension 'ignore_ament_install'
[0.558s] Level 1:colcon.colcon_core.package_identification:_identify(src/dual_lidar_tools) by extensions ['colcon_pkg']
[0.558s] Level 1:colcon.colcon_core.package_identification:_identify(src/dual_lidar_tools) by extension 'colcon_pkg'
[0.558s] Level 1:colcon.colcon_core.package_identification:_identify(src/dual_lidar_tools) by extensions ['colcon_meta']
[0.558s] Level 1:colcon.colcon_core.package_identification:_identify(src/dual_lidar_tools) by extension 'colcon_meta'
[0.558s] Level 1:colcon.colcon_core.package_identification:_identify(src/dual_lidar_tools) by extensions ['ros']
[0.558s] Level 1:colcon.colcon_core.package_identification:_identify(src/dual_lidar_tools) by extension 'ros'
[0.562s] DEBUG:colcon.colcon_core.package_identification:Package 'src/dual_lidar_tools' with type 'ros.ament_python' and name 'dual_lidar_tools'
[0.563s] Level 1:colcon.colcon_core.package_identification:_identify(src/imu_hwt911) by extensions ['ignore', 'ignore_ament_install']
[0.563s] Level 1:colcon.colcon_core.package_identification:_identify(src/imu_hwt911) by extension 'ignore'
[0.563s] Level 1:colcon.colcon_core.package_identification:_identify(src/imu_hwt911) by extension 'ignore_ament_install'
[0.563s] Level 1:colcon.colcon_core.package_identification:_identify(src/imu_hwt911) by extensions ['colcon_pkg']
[0.563s] Level 1:colcon.colcon_core.package_identification:_identify(src/imu_hwt911) by extension 'colcon_pkg'
[0.563s] Level 1:colcon.colcon_core.package_identification:_identify(src/imu_hwt911) by extensions ['colcon_meta']
[0.563s] Level 1:colcon.colcon_core.package_identification:_identify(src/imu_hwt911) by extension 'colcon_meta'
[0.564s] Level 1:colcon.colcon_core.package_identification:_identify(src/imu_hwt911) by extensions ['ros']
[0.564s] Level 1:colcon.colcon_core.package_identification:_identify(src/imu_hwt911) by extension 'ros'
[0.565s] DEBUG:colcon.colcon_core.package_identification:Package 'src/imu_hwt911' with type 'ros.ament_python' and name 'imu_hwt911'
[0.565s] Level 1:colcon.colcon_core.package_identification:_identify(src/my_robot_config) by extensions ['ignore', 'ignore_ament_install']
[0.582s] Level 1:colcon.colcon_core.package_identification:_identify(src/my_robot_config) by extension 'ignore'
[0.582s] Level 1:colcon.colcon_core.package_identification:_identify(src/my_robot_config) by extension 'ignore_ament_install'
[0.583s] Level 1:colcon.colcon_core.package_identification:_identify(src/my_robot_config) by extensions ['colcon_pkg']
[0.583s] Level 1:colcon.colcon_core.package_identification:_identify(src/my_robot_config) by extension 'colcon_pkg'
[0.583s] Level 1:colcon.colcon_core.package_identification:_identify(src/my_robot_config) by extensions ['colcon_meta']
[0.583s] Level 1:colcon.colcon_core.package_identification:_identify(src/my_robot_config) by extension 'colcon_meta'
[0.583s] Level 1:colcon.colcon_core.package_identification:_identify(src/my_robot_config) by extensions ['ros']
[0.583s] Level 1:colcon.colcon_core.package_identification:_identify(src/my_robot_config) by extension 'ros'
[0.584s] DEBUG:colcon.colcon_core.package_identification:Package 'src/my_robot_config' with type 'ros.ament_cmake' and name 'my_robot_config'
[0.584s] Level 1:colcon.colcon_core.package_identification:_identify(src/rplidar_ros) by extensions ['ignore', 'ignore_ament_install']
[0.584s] Level 1:colcon.colcon_core.package_identification:_identify(src/rplidar_ros) by extension 'ignore'
[0.584s] Level 1:colcon.colcon_core.package_identification:_identify(src/rplidar_ros) by extension 'ignore_ament_install'
[0.584s] Level 1:colcon.colcon_core.package_identification:_identify(src/rplidar_ros) by extensions ['colcon_pkg']
[0.584s] Level 1:colcon.colcon_core.package_identification:_identify(src/rplidar_ros) by extension 'colcon_pkg'
[0.584s] Level 1:colcon.colcon_core.package_identification:_identify(src/rplidar_ros) by extensions ['colcon_meta']
[0.584s] Level 1:colcon.colcon_core.package_identification:_identify(src/rplidar_ros) by extension 'colcon_meta'
[0.584s] Level 1:colcon.colcon_core.package_identification:_identify(src/rplidar_ros) by extensions ['ros']
[0.584s] Level 1:colcon.colcon_core.package_identification:_identify(src/rplidar_ros) by extension 'ros'
[0.585s] DEBUG:colcon.colcon_core.package_identification:Package 'src/rplidar_ros' with type 'ros.ament_cmake' and name 'rplidar_ros'
[0.585s] Level 1:colcon.colcon_core.package_discovery:discover_packages(recursive) using defaults
[0.585s] Level 1:colcon.colcon_core.package_discovery:discover_packages(ignore) discover
[0.585s] Level 1:colcon.colcon_core.package_discovery:discover_packages(ignore) using defaults
[0.585s] Level 1:colcon.colcon_core.package_discovery:discover_packages(path) discover
[0.585s] Level 1:colcon.colcon_core.package_discovery:discover_packages(path) using defaults
[0.625s] Level 1:colcon.colcon_core.package_discovery:discover_packages(prefix_path) check parameters
[0.625s] Level 1:colcon.colcon_core.package_discovery:discover_packages(prefix_path) discover
[0.628s] DEBUG:colcon.colcon_installed_package_information.package_discovery:Found 4 installed packages in /home/lota/ros2_ws/install
[0.629s] DEBUG:colcon.colcon_installed_package_information.package_discovery:Found 6 installed packages in /home/lota/install
[0.632s] DEBUG:colcon.colcon_installed_package_information.package_discovery:Found 491 installed packages in /opt/ros/humble
[0.638s] Level 1:colcon.colcon_core.package_discovery:discover_packages(prefix_path) using defaults
[0.735s] Level 5:colcon.colcon_core.verb:set package 'dual_lidar_tools' build argument 'cmake_args' from command line to 'None'
[0.735s] Level 5:colcon.colcon_core.verb:set package 'dual_lidar_tools' build argument 'cmake_target' from command line to 'None'
[0.735s] Level 5:colcon.colcon_core.verb:set package 'dual_lidar_tools' build argument 'cmake_target_skip_unavailable' from command line to 'False'
[0.735s] Level 5:colcon.colcon_core.verb:set package 'dual_lidar_tools' build argument 'cmake_clean_cache' from command line to 'False'
[0.735s] Level 5:colcon.colcon_core.verb:set package 'dual_lidar_tools' build argument 'cmake_clean_first' from command line to 'False'
[0.735s] Level 5:colcon.colcon_core.verb:set package 'dual_lidar_tools' build argument 'cmake_force_configure' from command line to 'False'
[0.735s] Level 5:colcon.colcon_core.verb:set package 'dual_lidar_tools' build argument 'ament_cmake_args' from command line to 'None'
[0.736s] Level 5:colcon.colcon_core.verb:set package 'dual_lidar_tools' build argument 'catkin_cmake_args' from command line to 'None'
[0.736s] Level 5:colcon.colcon_core.verb:set package 'dual_lidar_tools' build argument 'catkin_skip_building_tests' from command line to 'False'
[0.736s] DEBUG:colcon.colcon_core.verb:Building package 'dual_lidar_tools' with the following arguments: {'ament_cmake_args': None, 'build_base': '/home/lota/ros2_ws/build/dual_lidar_tools', 'catkin_cmake_args': None, 'catkin_skip_building_tests': False, 'cmake_args': None, 'cmake_clean_cache': False, 'cmake_clean_first': False, 'cmake_force_configure': False, 'cmake_target': None, 'cmake_target_skip_unavailable': False, 'install_base': '/home/lota/ros2_ws/install/dual_lidar_tools', 'merge_install': False, 'path': '/home/lota/ros2_ws/src/dual_lidar_tools', 'symlink_install': False, 'test_result_base': None}
[0.736s] Level 5:colcon.colcon_core.verb:set package 'imu_hwt911' build argument 'cmake_args' from command line to 'None'
[0.736s] Level 5:colcon.colcon_core.verb:set package 'imu_hwt911' build argument 'cmake_target' from command line to 'None'
[0.736s] Level 5:colcon.colcon_core.verb:set package 'imu_hwt911' build argument 'cmake_target_skip_unavailable' from command line to 'False'
[0.736s] Level 5:colcon.colcon_core.verb:set package 'imu_hwt911' build argument 'cmake_clean_cache' from command line to 'False'
[0.736s] Level 5:colcon.colcon_core.verb:set package 'imu_hwt911' build argument 'cmake_clean_first' from command line to 'False'
[0.736s] Level 5:colcon.colcon_core.verb:set package 'imu_hwt911' build argument 'cmake_force_configure' from command line to 'False'
[0.736s] Level 5:colcon.colcon_core.verb:set package 'imu_hwt911' build argument 'ament_cmake_args' from command line to 'None'
[0.736s] Level 5:colcon.colcon_core.verb:set package 'imu_hwt911' build argument 'catkin_cmake_args' from command line to 'None'
[0.736s] Level 5:colcon.colcon_core.verb:set package 'imu_hwt911' build argument 'catkin_skip_building_tests' from command line to 'False'
[0.737s] DEBUG:colcon.colcon_core.verb:Building package 'imu_hwt911' with the following arguments: {'ament_cmake_args': None, 'build_base': '/home/lota/ros2_ws/build/imu_hwt911', 'catkin_cmake_args': None, 'catkin_skip_building_tests': False, 'cmake_args': None, 'cmake_clean_cache': False, 'cmake_clean_first': False, 'cmake_force_configure': False, 'cmake_target': None, 'cmake_target_skip_unavailable': False, 'install_base': '/home/lota/ros2_ws/install/imu_hwt911', 'merge_install': False, 'path': '/home/lota/ros2_ws/src/imu_hwt911', 'symlink_install': False, 'test_result_base': None}
[0.737s] Level 5:colcon.colcon_core.verb:set package 'my_robot_config' build argument 'cmake_args' from command line to 'None'
[0.738s] Level 5:colcon.colcon_core.verb:set package 'my_robot_config' build argument 'cmake_target' from command line to 'None'
[0.738s] Level 5:colcon.colcon_core.verb:set package 'my_robot_config' build argument 'cmake_target_skip_unavailable' from command line to 'False'
[0.738s] Level 5:colcon.colcon_core.verb:set package 'my_robot_config' build argument 'cmake_clean_cache' from command line to 'False'
[0.738s] Level 5:colcon.colcon_core.verb:set package 'my_robot_config' build argument 'cmake_clean_first' from command line to 'False'
[0.738s] Level 5:colcon.colcon_core.verb:set package 'my_robot_config' build argument 'cmake_force_configure' from command line to 'False'
[0.738s] Level 5:colcon.colcon_core.verb:set package 'my_robot_config' build argument 'ament_cmake_args' from command line to 'None'
[0.739s] Level 5:colcon.colcon_core.verb:set package 'my_robot_config' build argument 'catkin_cmake_args' from command line to 'None'
[0.739s] Level 5:colcon.colcon_core.verb:set package 'my_robot_config' build argument 'catkin_skip_building_tests' from command line to 'False'
[0.740s] DEBUG:colcon.colcon_core.verb:Building package 'my_robot_config' with the following arguments: {'ament_cmake_args': None, 'build_base': '/home/lota/ros2_ws/build/my_robot_config', 'catkin_cmake_args': None, 'catkin_skip_building_tests': False, 'cmake_args': None, 'cmake_clean_cache': False, 'cmake_clean_first': False, 'cmake_force_configure': False, 'cmake_target': None, 'cmake_target_skip_unavailable': False, 'install_base': '/home/lota/ros2_ws/install/my_robot_config', 'merge_install': False, 'path': '/home/lota/ros2_ws/src/my_robot_config', 'symlink_install': False, 'test_result_base': None}
[0.741s] Level 5:colcon.colcon_core.verb:set package 'rplidar_ros' build argument 'cmake_args' from command line to 'None'
[0.741s] Level 5:colcon.colcon_core.verb:set package 'rplidar_ros' build argument 'cmake_target' from command line to 'None'
[0.741s] Level 5:colcon.colcon_core.verb:set package 'rplidar_ros' build argument 'cmake_target_skip_unavailable' from command line to 'False'
[0.741s] Level 5:colcon.colcon_core.verb:set package 'rplidar_ros' build argument 'cmake_clean_cache' from command line to 'False'
[0.741s] Level 5:colcon.colcon_core.verb:set package 'rplidar_ros' build argument 'cmake_clean_first' from command line to 'False'
[0.741s] Level 5:colcon.colcon_core.verb:set package 'rplidar_ros' build argument 'cmake_force_configure' from command line to 'False'
[0.742s] Level 5:colcon.colcon_core.verb:set package 'rplidar_ros' build argument 'ament_cmake_args' from command line to 'None'
[0.742s] Level 5:colcon.colcon_core.verb:set package 'rplidar_ros' build argument 'catkin_cmake_args' from command line to 'None'
[0.742s] Level 5:colcon.colcon_core.verb:set package 'rplidar_ros' build argument 'catkin_skip_building_tests' from command line to 'False'
[0.742s] DEBUG:colcon.colcon_core.verb:Building package 'rplidar_ros' with the following arguments: {'ament_cmake_args': None, 'build_base': '/home/lota/ros2_ws/build/rplidar_ros', 'catkin_cmake_args': None, 'catkin_skip_building_tests': False, 'cmake_args': None, 'cmake_clean_cache': False, 'cmake_clean_first': False, 'cmake_force_configure': False, 'cmake_target': None, 'cmake_target_skip_unavailable': False, 'install_base': '/home/lota/ros2_ws/install/rplidar_ros', 'merge_install': False, 'path': '/home/lota/ros2_ws/src/rplidar_ros', 'symlink_install': False, 'test_result_base': None}
[0.743s] INFO:colcon.colcon_core.executor:Executing jobs using 'parallel' executor
[0.746s] DEBUG:colcon.colcon_parallel_executor.executor.parallel:run_until_complete
[0.746s] INFO:colcon.colcon_ros.task.ament_python.build:Building ROS package in '/home/lota/ros2_ws/src/dual_lidar_tools' with build type 'ament_python'
[0.749s] Level 1:colcon.colcon_core.shell:create_environment_hook('dual_lidar_tools', 'ament_prefix_path')
[0.752s] INFO:colcon.colcon_core.plugin_system:Skipping extension 'colcon_core.shell.bat': Not used on non-Windows systems
[0.752s] INFO:colcon.colcon_core.shell:Creating environment hook '/home/lota/ros2_ws/install/dual_lidar_tools/share/dual_lidar_tools/hook/ament_prefix_path.ps1'
[0.755s] INFO:colcon.colcon_core.shell:Creating environment descriptor '/home/lota/ros2_ws/install/dual_lidar_tools/share/dual_lidar_tools/hook/ament_prefix_path.dsv'
[0.756s] INFO:colcon.colcon_core.shell:Creating environment hook '/home/lota/ros2_ws/install/dual_lidar_tools/share/dual_lidar_tools/hook/ament_prefix_path.sh'
[0.758s] INFO:colcon.colcon_core.shell:Skip shell extension 'powershell' for command environment: Not usable outside of PowerShell
[0.759s] DEBUG:colcon.colcon_core.shell:Skip shell extension 'dsv' for command environment
[0.772s] INFO:colcon.colcon_ros.task.ament_python.build:Building ROS package in '/home/lota/ros2_ws/src/imu_hwt911' with build type 'ament_python'
[0.773s] Level 1:colcon.colcon_core.shell:create_environment_hook('imu_hwt911', 'ament_prefix_path')
[0.775s] INFO:colcon.colcon_core.shell:Creating environment hook '/home/lota/ros2_ws/install/imu_hwt911/share/imu_hwt911/hook/ament_prefix_path.ps1'
[0.778s] INFO:colcon.colcon_core.shell:Creating environment descriptor '/home/lota/ros2_ws/install/imu_hwt911/share/imu_hwt911/hook/ament_prefix_path.dsv'
[0.779s] INFO:colcon.colcon_core.shell:Creating environment hook '/home/lota/ros2_ws/install/imu_hwt911/share/imu_hwt911/hook/ament_prefix_path.sh'
[0.781s] INFO:colcon.colcon_core.shell:Skip shell extension 'powershell' for command environment: Not usable outside of PowerShell
[0.781s] DEBUG:colcon.colcon_core.shell:Skip shell extension 'dsv' for command environment
[1.431s] INFO:colcon.colcon_core.task.python.build:Building Python package in '/home/lota/ros2_ws/src/dual_lidar_tools'
[1.432s] INFO:colcon.colcon_core.shell:Skip shell extension 'powershell' for command environment: Not usable outside of PowerShell
[1.432s] DEBUG:colcon.colcon_core.shell:Skip shell extension 'dsv' for command environment
[1.900s] INFO:colcon.colcon_core.task.python.build:Building Python package in '/home/lota/ros2_ws/src/imu_hwt911'
[1.901s] INFO:colcon.colcon_core.shell:Skip shell extension 'powershell' for command environment: Not usable outside of PowerShell
[1.901s] DEBUG:colcon.colcon_core.shell:Skip shell extension 'dsv' for command environment
[3.125s] DEBUG:colcon.colcon_core.event_handler.log_command:Invoking command in '/home/lota/ros2_ws/src/imu_hwt911': PYTHONPATH=/home/lota/ros2_ws/build/imu_hwt911/prefix_override:/usr/lib/python3/dist-packages/colcon_core/task/python/colcon_distutils_commands:/home/lota/ros2_ws/install/imu_hwt911/lib/python3.10/site-packages:${PYTHONPATH} /usr/bin/python3 -W ignore:setup.py install is deprecated -W ignore:easy_install command is deprecated setup.py egg_info --egg-base ../../build/imu_hwt911 build --build-base /home/lota/ros2_ws/build/imu_hwt911/build install --record /home/lota/ros2_ws/build/imu_hwt911/install.log --single-version-externally-managed install_data
[3.291s] DEBUG:colcon.colcon_core.event_handler.log_command:Invoking command in '/home/lota/ros2_ws/src/dual_lidar_tools': PYTHONPATH=/home/lota/ros2_ws/build/dual_lidar_tools/prefix_override:/usr/lib/python3/dist-packages/colcon_core/task/python/colcon_distutils_commands:/home/lota/ros2_ws/install/dual_lidar_tools/lib/python3.10/site-packages:${PYTHONPATH} /usr/bin/python3 -W ignore:setup.py install is deprecated -W ignore:easy_install command is deprecated setup.py egg_info --egg-base ../../build/dual_lidar_tools build --build-base /home/lota/ros2_ws/build/dual_lidar_tools/build install --record /home/lota/ros2_ws/build/dual_lidar_tools/install.log --single-version-externally-managed install_data
[4.148s] DEBUG:colcon.colcon_core.event_handler.log_command:Invoked command in '/home/lota/ros2_ws/src/imu_hwt911' returned '0': PYTHONPATH=/home/lota/ros2_ws/build/imu_hwt911/prefix_override:/usr/lib/python3/dist-packages/colcon_core/task/python/colcon_distutils_commands:/home/lota/ros2_ws/install/imu_hwt911/lib/python3.10/site-packages:${PYTHONPATH} /usr/bin/python3 -W ignore:setup.py install is deprecated -W ignore:easy_install command is deprecated setup.py egg_info --egg-base ../../build/imu_hwt911 build --build-base /home/lota/ros2_ws/build/imu_hwt911/build install --record /home/lota/ros2_ws/build/imu_hwt911/install.log --single-version-externally-managed install_data
[4.160s] Level 1:colcon.colcon_core.environment:checking '/home/lota/ros2_ws/install/imu_hwt911' for CMake module files
[4.161s] Level 1:colcon.colcon_core.environment:checking '/home/lota/ros2_ws/install/imu_hwt911' for CMake config files
[4.161s] Level 1:colcon.colcon_core.environment:checking '/home/lota/ros2_ws/install/imu_hwt911/lib'
[4.161s] Level 1:colcon.colcon_core.environment:checking '/home/lota/ros2_ws/install/imu_hwt911/bin'
[4.163s] Level 1:colcon.colcon_core.environment:checking '/home/lota/ros2_ws/install/imu_hwt911/lib/pkgconfig/imu_hwt911.pc'
[4.163s] Level 1:colcon.colcon_core.environment:checking '/home/lota/ros2_ws/install/imu_hwt911/lib/python3.10/site-packages'
[4.163s] Level 1:colcon.colcon_core.shell:create_environment_hook('imu_hwt911', 'pythonpath')
[4.163s] INFO:colcon.colcon_core.shell:Creating environment hook '/home/lota/ros2_ws/install/imu_hwt911/share/imu_hwt911/hook/pythonpath.ps1'
[4.165s] INFO:colcon.colcon_core.shell:Creating environment descriptor '/home/lota/ros2_ws/install/imu_hwt911/share/imu_hwt911/hook/pythonpath.dsv'
[4.167s] INFO:colcon.colcon_core.shell:Creating environment hook '/home/lota/ros2_ws/install/imu_hwt911/share/imu_hwt911/hook/pythonpath.sh'
[4.167s] Level 1:colcon.colcon_core.environment:checking '/home/lota/ros2_ws/install/imu_hwt911/bin'
[4.167s] Level 1:colcon.colcon_core.environment:create_environment_scripts_only(imu_hwt911)
[4.168s] INFO:colcon.colcon_core.shell:Creating package script '/home/lota/ros2_ws/install/imu_hwt911/share/imu_hwt911/package.ps1'
[4.170s] INFO:colcon.colcon_core.shell:Creating package descriptor '/home/lota/ros2_ws/install/imu_hwt911/share/imu_hwt911/package.dsv'
[4.172s] INFO:colcon.colcon_core.shell:Creating package script '/home/lota/ros2_ws/install/imu_hwt911/share/imu_hwt911/package.sh'
[4.173s] INFO:colcon.colcon_core.shell:Creating package script '/home/lota/ros2_ws/install/imu_hwt911/share/imu_hwt911/package.bash'
[4.176s] INFO:colcon.colcon_core.shell:Creating package script '/home/lota/ros2_ws/install/imu_hwt911/share/imu_hwt911/package.zsh'
[4.176s] Level 1:colcon.colcon_core.environment:create_file_with_runtime_dependencies(/home/lota/ros2_ws/install/imu_hwt911/share/colcon-core/packages/imu_hwt911)
[4.181s] INFO:colcon.colcon_ros.task.ament_cmake.build:Building ROS package in '/home/lota/ros2_ws/src/my_robot_config' with build type 'ament_cmake'
[4.182s] INFO:colcon.colcon_cmake.task.cmake.build:Building CMake package in '/home/lota/ros2_ws/src/my_robot_config'
[4.182s] INFO:colcon.colcon_core.shell:Skip shell extension 'powershell' for command environment: Not usable outside of PowerShell
[4.182s] DEBUG:colcon.colcon_core.shell:Skip shell extension 'dsv' for command environment
[4.213s] DEBUG:colcon.colcon_core.event_handler.log_command:Invoking command in '/home/lota/ros2_ws/build/my_robot_config': CMAKE_PREFIX_PATH=${CMAKE_PREFIX_PATH}:/home/lota/ros2_ws/install/imu_hwt911:/home/lota/ros2_ws/install/dual_lidar_tools:/home/lota/install/rrt_planner:/opt/ros/humble /usr/bin/cmake --build /home/lota/ros2_ws/build/my_robot_config -- -j2 -l2
[4.303s] DEBUG:colcon.colcon_core.event_handler.log_command:Invoked command in '/home/lota/ros2_ws/build/my_robot_config' returned '0': CMAKE_PREFIX_PATH=${CMAKE_PREFIX_PATH}:/home/lota/ros2_ws/install/imu_hwt911:/home/lota/ros2_ws/install/dual_lidar_tools:/home/lota/install/rrt_planner:/opt/ros/humble /usr/bin/cmake --build /home/lota/ros2_ws/build/my_robot_config -- -j2 -l2
[4.345s] DEBUG:colcon.colcon_core.event_handler.log_command:Invoking command in '/home/lota/ros2_ws/build/my_robot_config': CMAKE_PREFIX_PATH=${CMAKE_PREFIX_PATH}:/home/lota/ros2_ws/install/imu_hwt911:/home/lota/ros2_ws/install/dual_lidar_tools:/home/lota/install/rrt_planner:/opt/ros/humble /usr/bin/cmake --install /home/lota/ros2_ws/build/my_robot_config
[4.355s] Level 1:colcon.colcon_core.environment:checking '/home/lota/ros2_ws/install/dual_lidar_tools' for CMake module files
[4.355s] Level 1:colcon.colcon_core.environment:checking '/home/lota/ros2_ws/install/dual_lidar_tools' for CMake config files
[4.356s] Level 1:colcon.colcon_core.environment:checking '/home/lota/ros2_ws/install/dual_lidar_tools/lib'
[4.356s] Level 1:colcon.colcon_core.environment:checking '/home/lota/ros2_ws/install/dual_lidar_tools/bin'
[4.356s] Level 1:colcon.colcon_core.environment:checking '/home/lota/ros2_ws/install/dual_lidar_tools/lib/pkgconfig/dual_lidar_tools.pc'
[4.357s] Level 1:colcon.colcon_core.environment:checking '/home/lota/ros2_ws/install/dual_lidar_tools/lib/python3.10/site-packages'
[4.358s] DEBUG:colcon.colcon_core.event_handler.log_command:Invoked command in '/home/lota/ros2_ws/src/dual_lidar_tools' returned '0': PYTHONPATH=/home/lota/ros2_ws/build/dual_lidar_tools/prefix_override:/usr/lib/python3/dist-packages/colcon_core/task/python/colcon_distutils_commands:/home/lota/ros2_ws/install/dual_lidar_tools/lib/python3.10/site-packages:${PYTHONPATH} /usr/bin/python3 -W ignore:setup.py install is deprecated -W ignore:easy_install command is deprecated setup.py egg_info --egg-base ../../build/dual_lidar_tools build --build-base /home/lota/ros2_ws/build/dual_lidar_tools/build install --record /home/lota/ros2_ws/build/dual_lidar_tools/install.log --single-version-externally-managed install_data
[4.358s] Level 1:colcon.colcon_core.shell:create_environment_hook('dual_lidar_tools', 'pythonpath')
[4.358s] INFO:colcon.colcon_core.shell:Creating environment hook '/home/lota/ros2_ws/install/dual_lidar_tools/share/dual_lidar_tools/hook/pythonpath.ps1'
[4.360s] INFO:colcon.colcon_core.shell:Creating environment descriptor '/home/lota/ros2_ws/install/dual_lidar_tools/share/dual_lidar_tools/hook/pythonpath.dsv'
[4.364s] INFO:colcon.colcon_core.shell:Creating environment hook '/home/lota/ros2_ws/install/dual_lidar_tools/share/dual_lidar_tools/hook/pythonpath.sh'
[4.382s] Level 1:colcon.colcon_core.environment:checking '/home/lota/ros2_ws/install/dual_lidar_tools/bin'
[4.382s] Level 1:colcon.colcon_core.environment:create_environment_scripts_only(dual_lidar_tools)
[4.382s] INFO:colcon.colcon_core.shell:Creating package script '/home/lota/ros2_ws/install/dual_lidar_tools/share/dual_lidar_tools/package.ps1'
[4.388s] INFO:colcon.colcon_core.shell:Creating package descriptor '/home/lota/ros2_ws/install/dual_lidar_tools/share/dual_lidar_tools/package.dsv'
[4.393s] INFO:colcon.colcon_core.shell:Creating package script '/home/lota/ros2_ws/install/dual_lidar_tools/share/dual_lidar_tools/package.sh'
[4.401s] INFO:colcon.colcon_core.shell:Creating package script '/home/lota/ros2_ws/install/dual_lidar_tools/share/dual_lidar_tools/package.bash'
[4.401s] INFO:colcon.colcon_core.shell:Creating package script '/home/lota/ros2_ws/install/dual_lidar_tools/share/dual_lidar_tools/package.zsh'
[4.402s] Level 1:colcon.colcon_core.environment:create_file_with_runtime_dependencies(/home/lota/ros2_ws/install/dual_lidar_tools/share/colcon-core/packages/dual_lidar_tools)
[4.404s] INFO:colcon.colcon_ros.task.ament_cmake.build:Building ROS package in '/home/lota/ros2_ws/src/rplidar_ros' with build type 'ament_cmake'
[4.404s] INFO:colcon.colcon_cmake.task.cmake.build:Building CMake package in '/home/lota/ros2_ws/src/rplidar_ros'
[4.405s] INFO:colcon.colcon_core.shell:Skip shell extension 'powershell' for command environment: Not usable outside of PowerShell
[4.405s] DEBUG:colcon.colcon_core.shell:Skip shell extension 'dsv' for command environment
[4.424s] Level 1:colcon.colcon_core.environment:create_environment_scripts_only(my_robot_config)
[4.425s] Level 1:colcon.colcon_core.environment:checking '/home/lota/ros2_ws/install/my_robot_config' for CMake module files
[4.426s] DEBUG:colcon.colcon_core.event_handler.log_command:Invoked command in '/home/lota/ros2_ws/build/my_robot_config' returned '0': CMAKE_PREFIX_PATH=${CMAKE_PREFIX_PATH}:/home/lota/ros2_ws/install/imu_hwt911:/home/lota/ros2_ws/install/dual_lidar_tools:/home/lota/install/rrt_planner:/opt/ros/humble /usr/bin/cmake --install /home/lota/ros2_ws/build/my_robot_config
[4.427s] Level 1:colcon.colcon_core.environment:checking '/home/lota/ros2_ws/install/my_robot_config' for CMake config files
[4.428s] Level 1:colcon.colcon_core.shell:create_environment_hook('my_robot_config', 'cmake_prefix_path')
[4.428s] INFO:colcon.colcon_core.shell:Creating environment hook '/home/lota/ros2_ws/install/my_robot_config/share/my_robot_config/hook/cmake_prefix_path.ps1'
[4.428s] INFO:colcon.colcon_core.shell:Creating environment descriptor '/home/lota/ros2_ws/install/my_robot_config/share/my_robot_config/hook/cmake_prefix_path.dsv'
[4.429s] INFO:colcon.colcon_core.shell:Creating environment hook '/home/lota/ros2_ws/install/my_robot_config/share/my_robot_config/hook/cmake_prefix_path.sh'
[4.430s] Level 1:colcon.colcon_core.environment:checking '/home/lota/ros2_ws/install/my_robot_config/lib'
[4.430s] Level 1:colcon.colcon_core.environment:checking '/home/lota/ros2_ws/install/my_robot_config/bin'
[4.430s] Level 1:colcon.colcon_core.environment:checking '/home/lota/ros2_ws/install/my_robot_config/lib/pkgconfig/my_robot_config.pc'
[4.430s] Level 1:colcon.colcon_core.environment:checking '/home/lota/ros2_ws/install/my_robot_config/lib/python3.10/site-packages'
[4.430s] Level 1:colcon.colcon_core.environment:checking '/home/lota/ros2_ws/install/my_robot_config/bin'
[4.431s] INFO:colcon.colcon_core.shell:Creating package script '/home/lota/ros2_ws/install/my_robot_config/share/my_robot_config/package.ps1'
[4.431s] INFO:colcon.colcon_core.shell:Creating package descriptor '/home/lota/ros2_ws/install/my_robot_config/share/my_robot_config/package.dsv'
[4.432s] INFO:colcon.colcon_core.shell:Creating package script '/home/lota/ros2_ws/install/my_robot_config/share/my_robot_config/package.sh'
[4.432s] INFO:colcon.colcon_core.shell:Creating package script '/home/lota/ros2_ws/install/my_robot_config/share/my_robot_config/package.bash'
[4.434s] INFO:colcon.colcon_core.shell:Creating package script '/home/lota/ros2_ws/install/my_robot_config/share/my_robot_config/package.zsh'
[4.434s] Level 1:colcon.colcon_core.environment:create_file_with_runtime_dependencies(/home/lota/ros2_ws/install/my_robot_config/share/colcon-core/packages/my_robot_config)
[4.435s] Level 1:colcon.colcon_core.environment:create_environment_scripts_only(my_robot_config)
[4.436s] Level 1:colcon.colcon_core.environment:checking '/home/lota/ros2_ws/install/my_robot_config' for CMake module files
[4.437s] Level 1:colcon.colcon_core.environment:checking '/home/lota/ros2_ws/install/my_robot_config' for CMake config files
[4.437s] Level 1:colcon.colcon_core.shell:create_environment_hook('my_robot_config', 'cmake_prefix_path')
[4.438s] INFO:colcon.colcon_core.shell:Creating environment hook '/home/lota/ros2_ws/install/my_robot_config/share/my_robot_config/hook/cmake_prefix_path.ps1'
[4.438s] INFO:colcon.colcon_core.shell:Creating environment descriptor '/home/lota/ros2_ws/install/my_robot_config/share/my_robot_config/hook/cmake_prefix_path.dsv'
[4.438s] INFO:colcon.colcon_core.shell:Creating environment hook '/home/lota/ros2_ws/install/my_robot_config/share/my_robot_config/hook/cmake_prefix_path.sh'
[4.441s] Level 1:colcon.colcon_core.environment:checking '/home/lota/ros2_ws/install/my_robot_config/lib'
[4.442s] Level 1:colcon.colcon_core.environment:checking '/home/lota/ros2_ws/install/my_robot_config/bin'
[4.442s] Level 1:colcon.colcon_core.environment:checking '/home/lota/ros2_ws/install/my_robot_config/lib/pkgconfig/my_robot_config.pc'
[4.442s] Level 1:colcon.colcon_core.environment:checking '/home/lota/ros2_ws/install/my_robot_config/lib/python3.10/site-packages'
[4.444s] Level 1:colcon.colcon_core.environment:checking '/home/lota/ros2_ws/install/my_robot_config/bin'
[4.444s] INFO:colcon.colcon_core.shell:Creating package script '/home/lota/ros2_ws/install/my_robot_config/share/my_robot_config/package.ps1'
[4.445s] INFO:colcon.colcon_core.shell:Creating package descriptor '/home/lota/ros2_ws/install/my_robot_config/share/my_robot_config/package.dsv'
[4.448s] INFO:colcon.colcon_core.shell:Creating package script '/home/lota/ros2_ws/install/my_robot_config/share/my_robot_config/package.sh'
[4.449s] INFO:colcon.colcon_core.shell:Creating package script '/home/lota/ros2_ws/install/my_robot_config/share/my_robot_config/package.bash'
[4.450s] INFO:colcon.colcon_core.shell:Creating package script '/home/lota/ros2_ws/install/my_robot_config/share/my_robot_config/package.zsh'
[4.452s] Level 1:colcon.colcon_core.environment:create_file_with_runtime_dependencies(/home/lota/ros2_ws/install/my_robot_config/share/colcon-core/packages/my_robot_config)
[4.461s] DEBUG:colcon.colcon_core.event_handler.log_command:Invoking command in '/home/lota/ros2_ws/build/rplidar_ros': CMAKE_PREFIX_PATH=${CMAKE_PREFIX_PATH}:/home/lota/ros2_ws/install/imu_hwt911:/home/lota/ros2_ws/install/dual_lidar_tools:/home/lota/install/rrt_planner:/opt/ros/humble /usr/bin/cmake --build /home/lota/ros2_ws/build/rplidar_ros -- -j2 -l2
[4.752s] DEBUG:colcon.colcon_core.event_handler.log_command:Invoked command in '/home/lota/ros2_ws/build/rplidar_ros' returned '0': CMAKE_PREFIX_PATH=${CMAKE_PREFIX_PATH}:/home/lota/ros2_ws/install/imu_hwt911:/home/lota/ros2_ws/install/dual_lidar_tools:/home/lota/install/rrt_planner:/opt/ros/humble /usr/bin/cmake --build /home/lota/ros2_ws/build/rplidar_ros -- -j2 -l2
[4.754s] DEBUG:colcon.colcon_core.event_handler.log_command:Invoking command in '/home/lota/ros2_ws/build/rplidar_ros': CMAKE_PREFIX_PATH=${CMAKE_PREFIX_PATH}:/home/lota/ros2_ws/install/imu_hwt911:/home/lota/ros2_ws/install/dual_lidar_tools:/home/lota/install/rrt_planner:/opt/ros/humble /usr/bin/cmake --install /home/lota/ros2_ws/build/rplidar_ros
[4.801s] Level 1:colcon.colcon_core.environment:create_environment_scripts_only(rplidar_ros)
[4.802s] Level 1:colcon.colcon_core.environment:checking '/home/lota/ros2_ws/install/rplidar_ros' for CMake module files
[4.802s] Level 1:colcon.colcon_core.environment:checking '/home/lota/ros2_ws/install/rplidar_ros' for CMake config files
[4.802s] DEBUG:colcon.colcon_core.event_handler.log_command:Invoked command in '/home/lota/ros2_ws/build/rplidar_ros' returned '0': CMAKE_PREFIX_PATH=${CMAKE_PREFIX_PATH}:/home/lota/ros2_ws/install/imu_hwt911:/home/lota/ros2_ws/install/dual_lidar_tools:/home/lota/install/rrt_planner:/opt/ros/humble /usr/bin/cmake --install /home/lota/ros2_ws/build/rplidar_ros
[4.803s] Level 1:colcon.colcon_core.shell:create_environment_hook('rplidar_ros', 'cmake_prefix_path')
[4.803s] INFO:colcon.colcon_core.shell:Creating environment hook '/home/lota/ros2_ws/install/rplidar_ros/share/rplidar_ros/hook/cmake_prefix_path.ps1'
[4.804s] INFO:colcon.colcon_core.shell:Creating environment descriptor '/home/lota/ros2_ws/install/rplidar_ros/share/rplidar_ros/hook/cmake_prefix_path.dsv'
[4.804s] INFO:colcon.colcon_core.shell:Creating environment hook '/home/lota/ros2_ws/install/rplidar_ros/share/rplidar_ros/hook/cmake_prefix_path.sh'
[4.805s] Level 1:colcon.colcon_core.environment:checking '/home/lota/ros2_ws/install/rplidar_ros/lib'
[4.805s] Level 1:colcon.colcon_core.environment:checking '/home/lota/ros2_ws/install/rplidar_ros/bin'
[4.806s] Level 1:colcon.colcon_core.environment:checking '/home/lota/ros2_ws/install/rplidar_ros/lib/pkgconfig/rplidar_ros.pc'
[4.806s] Level 1:colcon.colcon_core.environment:checking '/home/lota/ros2_ws/install/rplidar_ros/lib/python3.10/site-packages'
[4.806s] Level 1:colcon.colcon_core.environment:checking '/home/lota/ros2_ws/install/rplidar_ros/bin'
[4.807s] INFO:colcon.colcon_core.shell:Creating package script '/home/lota/ros2_ws/install/rplidar_ros/share/rplidar_ros/package.ps1'
[4.807s] INFO:colcon.colcon_core.shell:Creating package descriptor '/home/lota/ros2_ws/install/rplidar_ros/share/rplidar_ros/package.dsv'
[4.808s] INFO:colcon.colcon_core.shell:Creating package script '/home/lota/ros2_ws/install/rplidar_ros/share/rplidar_ros/package.sh'
[4.808s] INFO:colcon.colcon_core.shell:Creating package script '/home/lota/ros2_ws/install/rplidar_ros/share/rplidar_ros/package.bash'
[4.809s] INFO:colcon.colcon_core.shell:Creating package script '/home/lota/ros2_ws/install/rplidar_ros/share/rplidar_ros/package.zsh'
[4.809s] Level 1:colcon.colcon_core.environment:create_file_with_runtime_dependencies(/home/lota/ros2_ws/install/rplidar_ros/share/colcon-core/packages/rplidar_ros)
[4.810s] Level 1:colcon.colcon_core.environment:create_environment_scripts_only(rplidar_ros)
[4.810s] Level 1:colcon.colcon_core.environment:checking '/home/lota/ros2_ws/install/rplidar_ros' for CMake module files
[4.811s] Level 1:colcon.colcon_core.environment:checking '/home/lota/ros2_ws/install/rplidar_ros' for CMake config files
[4.811s] Level 1:colcon.colcon_core.shell:create_environment_hook('rplidar_ros', 'cmake_prefix_path')
[4.811s] INFO:colcon.colcon_core.shell:Creating environment hook '/home/lota/ros2_ws/install/rplidar_ros/share/rplidar_ros/hook/cmake_prefix_path.ps1'
[4.812s] INFO:colcon.colcon_core.shell:Creating environment descriptor '/home/lota/ros2_ws/install/rplidar_ros/share/rplidar_ros/hook/cmake_prefix_path.dsv'
[4.812s] INFO:colcon.colcon_core.shell:Creating environment hook '/home/lota/ros2_ws/install/rplidar_ros/share/rplidar_ros/hook/cmake_prefix_path.sh'
[4.813s] Level 1:colcon.colcon_core.environment:checking '/home/lota/ros2_ws/install/rplidar_ros/lib'
[4.813s] Level 1:colcon.colcon_core.environment:checking '/home/lota/ros2_ws/install/rplidar_ros/bin'
[4.813s] Level 1:colcon.colcon_core.environment:checking '/home/lota/ros2_ws/install/rplidar_ros/lib/pkgconfig/rplidar_ros.pc'
[4.814s] Level 1:colcon.colcon_core.environment:checking '/home/lota/ros2_ws/install/rplidar_ros/lib/python3.10/site-packages'
[4.814s] Level 1:colcon.colcon_core.environment:checking '/home/lota/ros2_ws/install/rplidar_ros/bin'
[4.814s] INFO:colcon.colcon_core.shell:Creating package script '/home/lota/ros2_ws/install/rplidar_ros/share/rplidar_ros/package.ps1'
[4.815s] INFO:colcon.colcon_core.shell:Creating package descriptor '/home/lota/ros2_ws/install/rplidar_ros/share/rplidar_ros/package.dsv'
[4.817s] INFO:colcon.colcon_core.shell:Creating package script '/home/lota/ros2_ws/install/rplidar_ros/share/rplidar_ros/package.sh'
[4.818s] INFO:colcon.colcon_core.shell:Creating package script '/home/lota/ros2_ws/install/rplidar_ros/share/rplidar_ros/package.bash'
[4.819s] INFO:colcon.colcon_core.shell:Creating package script '/home/lota/ros2_ws/install/rplidar_ros/share/rplidar_ros/package.zsh'
[4.820s] Level 1:colcon.colcon_core.environment:create_file_with_runtime_dependencies(/home/lota/ros2_ws/install/rplidar_ros/share/colcon-core/packages/rplidar_ros)
[4.822s] DEBUG:colcon.colcon_parallel_executor.executor.parallel:closing loop
[4.823s] DEBUG:colcon.colcon_parallel_executor.executor.parallel:loop closed
[4.823s] DEBUG:colcon.colcon_parallel_executor.executor.parallel:run_until_complete finished with '0'
[4.824s] DEBUG:colcon.colcon_core.event_reactor:joining thread
[4.835s] INFO:colcon.colcon_core.plugin_system:Skipping extension 'colcon_notification.desktop_notification.terminal_notifier': Not used on non-Darwin systems
[4.836s] INFO:colcon.colcon_core.plugin_system:Skipping extension 'colcon_notification.desktop_notification.win32': Not used on non-Windows systems
[4.836s] INFO:colcon.colcon_notification.desktop_notification:Sending desktop notification using 'notify2'
[4.880s] DEBUG:colcon.colcon_core.event_reactor:joined thread
[4.881s] INFO:colcon.colcon_core.shell:Creating prefix script '/home/lota/ros2_ws/install/local_setup.ps1'
[4.884s] INFO:colcon.colcon_core.shell:Creating prefix util module '/home/lota/ros2_ws/install/_local_setup_util_ps1.py'
[4.889s] INFO:colcon.colcon_core.shell:Creating prefix chain script '/home/lota/ros2_ws/install/setup.ps1'
[4.894s] INFO:colcon.colcon_core.shell:Creating prefix script '/home/lota/ros2_ws/install/local_setup.sh'
[4.896s] INFO:colcon.colcon_core.shell:Creating prefix util module '/home/lota/ros2_ws/install/_local_setup_util_sh.py'
[4.897s] INFO:colcon.colcon_core.shell:Creating prefix chain script '/home/lota/ros2_ws/install/setup.sh'
[4.900s] INFO:colcon.colcon_core.shell:Creating prefix script '/home/lota/ros2_ws/install/local_setup.bash'
[4.901s] INFO:colcon.colcon_core.shell:Creating prefix chain script '/home/lota/ros2_ws/install/setup.bash'
[4.907s] INFO:colcon.colcon_core.shell:Creating prefix script '/home/lota/ros2_ws/install/local_setup.zsh'
[4.908s] INFO:colcon.colcon_core.shell:Creating prefix chain script '/home/lota/ros2_ws/install/setup.zsh'
