[0.043s] Invoking command in '/home/lota/ros2_ws/build/my_robot_config': CMAKE_PREFIX_PATH=${CMAKE_PREFIX_PATH}:/home/lota/ros2_ws/install/imu_hwt911:/home/lota/ros2_ws/install/dual_lidar_tools:/home/lota/install/rrt_planner:/opt/ros/humble /usr/bin/cmake /home/lota/ros2_ws/src/my_robot_config -DAMENT_CMAKE_SYMLINK_INSTALL=1 -DCMAKE_INSTALL_PREFIX=/home/lota/ros2_ws/install/my_robot_config
[0.083s] -- Found ament_cmake: 1.3.12 (/opt/ros/humble/share/ament_cmake/cmake)
[0.612s] -- Override CMake install command with custom implementation using symlinks instead of copying resources
[0.991s] -- Configuring done
[1.016s] -- Generating done
[1.033s] -- Build files have been written to: /home/lota/ros2_ws/build/my_robot_config
[1.041s] Invoked command in '/home/lota/ros2_ws/build/my_robot_config' returned '0': CMAKE_PREFIX_PATH=${CMAKE_PREFIX_PATH}:/home/lota/ros2_ws/install/imu_hwt911:/home/lota/ros2_ws/install/dual_lidar_tools:/home/lota/install/rrt_planner:/opt/ros/humble /usr/bin/cmake /home/lota/ros2_ws/src/my_robot_config -DAMENT_CMAKE_SYMLINK_INSTALL=1 -DCMAKE_INSTALL_PREFIX=/home/lota/ros2_ws/install/my_robot_config
[1.042s] Invoking command in '/home/lota/ros2_ws/build/my_robot_config': CMAKE_PREFIX_PATH=${CMAKE_PREFIX_PATH}:/home/lota/ros2_ws/install/imu_hwt911:/home/lota/ros2_ws/install/dual_lidar_tools:/home/lota/install/rrt_planner:/opt/ros/humble /usr/bin/cmake --build /home/lota/ros2_ws/build/my_robot_config -- -j2 -l2
[1.176s] Invoked command in '/home/lota/ros2_ws/build/my_robot_config' returned '0': CMAKE_PREFIX_PATH=${CMAKE_PREFIX_PATH}:/home/lota/ros2_ws/install/imu_hwt911:/home/lota/ros2_ws/install/dual_lidar_tools:/home/lota/install/rrt_planner:/opt/ros/humble /usr/bin/cmake --build /home/lota/ros2_ws/build/my_robot_config -- -j2 -l2
[1.207s] Invoking command in '/home/lota/ros2_ws/build/my_robot_config': CMAKE_PREFIX_PATH=${CMAKE_PREFIX_PATH}:/home/lota/ros2_ws/install/imu_hwt911:/home/lota/ros2_ws/install/dual_lidar_tools:/home/lota/install/rrt_planner:/opt/ros/humble /usr/bin/cmake --install /home/lota/ros2_ws/build/my_robot_config
[1.231s] -- Install configuration: ""
[1.232s] -- Execute custom install script
[1.232s] -- Symlinking: /home/lota/ros2_ws/install/my_robot_config/share/my_robot_config//launch/bringup_localization.launch.py
[1.262s] -- Symlinking: /home/lota/ros2_ws/install/my_robot_config/share/my_robot_config//launch/bringup_navigation.launch.py
[1.297s] -- Symlinking: /home/lota/ros2_ws/install/my_robot_config/share/my_robot_config//launch/dual_lidar_with_merge.launch.py
[1.345s] -- Symlinking: /home/lota/ros2_ws/install/my_robot_config/share/my_robot_config//launch/encoder_imu_odom.launch.py
[1.389s] -- Symlinking: /home/lota/ros2_ws/install/my_robot_config/share/my_robot_config//launch/slam_2lidar.launch.py
[1.441s] [33mCMake Warning (dev) at ament_cmake_symlink_install/ament_cmake_symlink_install.cmake:62 (file):
[1.442s]   Policy CMP0009 is not set: FILE GLOB_RECURSE calls should not follow
[1.442s]   symlinks by default.  Run "cmake --help-policy CMP0009" for policy details.
[1.442s]   Use the cmake_policy command to set the policy and suppress this warning.
[1.442s] Call Stack (most recent call first):
[1.442s]   ament_cmake_symlink_install/ament_cmake_symlink_install.cmake:314 (ament_cmake_symlink_install_directory)
[1.442s]   cmake_install.cmake:46 (include)
[1.446s] This warning is for project developers.  Use -Wno-dev to suppress it.
[1.447s] [0m
[1.447s] -- Symlinking: /home/lota/ros2_ws/install/my_robot_config/share/my_robot_config//config/amcl.yaml
[1.481s] -- Symlinking: /home/lota/ros2_ws/install/my_robot_config/share/my_robot_config//config/build/.built_by
[1.508s] -- Symlinking: /home/lota/ros2_ws/install/my_robot_config/share/my_robot_config//config/build/COLCON_IGNORE
[1.557s] -- Symlinking: /home/lota/ros2_ws/install/my_robot_config/share/my_robot_config//config/dual_lidar_merge.yaml
[1.598s] -- Symlinking: /home/lota/ros2_ws/install/my_robot_config/share/my_robot_config//config/install/.colcon_install_layout
[1.645s] -- Symlinking: /home/lota/ros2_ws/install/my_robot_config/share/my_robot_config//config/install/COLCON_IGNORE
[1.676s] -- Symlinking: /home/lota/ros2_ws/install/my_robot_config/share/my_robot_config//config/install/_local_setup_util_ps1.py
[1.710s] -- Symlinking: /home/lota/ros2_ws/install/my_robot_config/share/my_robot_config//config/install/_local_setup_util_sh.py
[1.749s] -- Symlinking: /home/lota/ros2_ws/install/my_robot_config/share/my_robot_config//config/install/local_setup.bash
[1.792s] -- Symlinking: /home/lota/ros2_ws/install/my_robot_config/share/my_robot_config//config/install/local_setup.ps1
[1.811s] -- Symlinking: /home/lota/ros2_ws/install/my_robot_config/share/my_robot_config//config/install/local_setup.sh
[1.837s] -- Symlinking: /home/lota/ros2_ws/install/my_robot_config/share/my_robot_config//config/install/local_setup.zsh
[1.895s] -- Symlinking: /home/lota/ros2_ws/install/my_robot_config/share/my_robot_config//config/install/setup.bash
[1.927s] -- Symlinking: /home/lota/ros2_ws/install/my_robot_config/share/my_robot_config//config/install/setup.ps1
[1.960s] -- Symlinking: /home/lota/ros2_ws/install/my_robot_config/share/my_robot_config//config/install/setup.sh
[2.000s] -- Symlinking: /home/lota/ros2_ws/install/my_robot_config/share/my_robot_config//config/install/setup.zsh
[2.042s] -- Symlinking: /home/lota/ros2_ws/install/my_robot_config/share/my_robot_config//config/log/COLCON_IGNORE
[2.081s] -- Symlinking: /home/lota/ros2_ws/install/my_robot_config/share/my_robot_config//config/log/build_2025-12-26_21-04-28/events.log
[2.134s] -- Symlinking: /home/lota/ros2_ws/install/my_robot_config/share/my_robot_config//config/log/build_2025-12-26_21-04-28/logger_all.log
[2.170s] -- Up-to-date symlink: /home/lota/ros2_ws/install/my_robot_config/share/my_robot_config//config/log/latest/events.log
[2.171s] -- Up-to-date symlink: /home/lota/ros2_ws/install/my_robot_config/share/my_robot_config//config/log/latest/logger_all.log
[2.171s] -- Up-to-date symlink: /home/lota/ros2_ws/install/my_robot_config/share/my_robot_config//config/log/latest_build/events.log
[2.172s] -- Up-to-date symlink: /home/lota/ros2_ws/install/my_robot_config/share/my_robot_config//config/log/latest_build/logger_all.log
[2.172s] -- Symlinking: /home/lota/ros2_ws/install/my_robot_config/share/my_robot_config//config/nav2_params.yaml
[2.212s] -- Symlinking: /home/lota/ros2_ws/install/my_robot_config/share/my_robot_config//config/odom_ekf.yaml
[2.242s] -- Symlinking: /home/lota/ros2_ws/install/my_robot_config/share/my_robot_config//config/slam_toolbox_merged.yaml
[2.288s] -- Symlinking: /home/lota/ros2_ws/install/my_robot_config/lib/my_robot_config/imu_odom.py
[2.311s] -- Symlinking: /home/lota/ros2_ws/install/my_robot_config/lib/my_robot_config/stm32_reader.py
[2.329s] -- Symlinking: /home/lota/ros2_ws/install/my_robot_config/lib/my_robot_config/encoder_dep_trai.py
[2.340s] -- Symlinking: /home/lota/ros2_ws/install/my_robot_config/lib/my_robot_config/wheel_tf_node.py
[2.358s] -- Symlinking: /home/lota/ros2_ws/install/my_robot_config/share/ament_index/resource_index/package_run_dependencies/my_robot_config
[2.382s] -- Symlinking: /home/lota/ros2_ws/install/my_robot_config/share/ament_index/resource_index/parent_prefix_path/my_robot_config
[2.430s] -- Symlinking: /home/lota/ros2_ws/install/my_robot_config/share/my_robot_config/environment/ament_prefix_path.sh
[2.478s] -- Symlinking: /home/lota/ros2_ws/install/my_robot_config/share/my_robot_config/environment/ament_prefix_path.dsv
[2.535s] -- Symlinking: /home/lota/ros2_ws/install/my_robot_config/share/my_robot_config/environment/path.sh
[2.582s] -- Symlinking: /home/lota/ros2_ws/install/my_robot_config/share/my_robot_config/environment/path.dsv
[2.622s] -- Symlinking: /home/lota/ros2_ws/install/my_robot_config/share/my_robot_config/local_setup.bash
[2.657s] -- Symlinking: /home/lota/ros2_ws/install/my_robot_config/share/my_robot_config/local_setup.sh
[2.698s] -- Symlinking: /home/lota/ros2_ws/install/my_robot_config/share/my_robot_config/local_setup.zsh
[2.744s] -- Symlinking: /home/lota/ros2_ws/install/my_robot_config/share/my_robot_config/local_setup.dsv
[2.785s] -- Symlinking: /home/lota/ros2_ws/install/my_robot_config/share/my_robot_config/package.dsv
[2.835s] -- Symlinking: /home/lota/ros2_ws/install/my_robot_config/share/ament_index/resource_index/packages/my_robot_config
[2.881s] -- Symlinking: /home/lota/ros2_ws/install/my_robot_config/share/my_robot_config/cmake/my_robot_configConfig.cmake
[2.919s] -- Symlinking: /home/lota/ros2_ws/install/my_robot_config/share/my_robot_config/cmake/my_robot_configConfig-version.cmake
[2.949s] -- Symlinking: /home/lota/ros2_ws/install/my_robot_config/share/my_robot_config/package.xml
[3.000s] Invoked command in '/home/lota/ros2_ws/build/my_robot_config' returned '0': CMAKE_PREFIX_PATH=${CMAKE_PREFIX_PATH}:/home/lota/ros2_ws/install/imu_hwt911:/home/lota/ros2_ws/install/dual_lidar_tools:/home/lota/install/rrt_planner:/opt/ros/humble /usr/bin/cmake --install /home/lota/ros2_ws/build/my_robot_config
