[2.671s] Invoking command in '/home/lota/ros2_ws/build/imu_hwt911': PYTHONPATH=/home/lota/ros2_ws/build/imu_hwt911/prefix_override:/usr/lib/python3/dist-packages/colcon_core/task/python/colcon_distutils_commands:/home/lota/ros2_ws/install/imu_hwt911/lib/python3.10/site-packages:${PYTHONPATH} /usr/bin/python3 -W ignore:setup.py install is deprecated -W ignore:easy_install command is deprecated setup.py develop --editable --build-directory /home/lota/ros2_ws/build/imu_hwt911/build --no-deps symlink_data --force
[3.531s] running develop
[4.104s] running egg_info
[4.104s] writing imu_hwt911.egg-info/PKG-INFO
[4.104s] writing dependency_links to imu_hwt911.egg-info/dependency_links.txt
[4.104s] writing entry points to imu_hwt911.egg-info/entry_points.txt
[4.107s] writing requirements to imu_hwt911.egg-info/requires.txt
[4.108s] writing top-level names to imu_hwt911.egg-info/top_level.txt
[4.117s] reading manifest file 'imu_hwt911.egg-info/SOURCES.txt'
[4.132s] writing manifest file 'imu_hwt911.egg-info/SOURCES.txt'
[4.132s] running build_ext
[4.132s] Creating /home/lota/ros2_ws/install/imu_hwt911/lib/python3.10/site-packages/imu-hwt911.egg-link (link to .)
[4.132s] Installing hwt911_node script to /home/lota/ros2_ws/install/imu_hwt911/lib/imu_hwt911
[4.132s] 
[4.132s] Installed /home/lota/ros2_ws/build/imu_hwt911
[4.132s] running symlink_data
[4.133s] symbolically linking /home/lota/ros2_ws/build/imu_hwt911/resource/imu_hwt911 -> /home/lota/ros2_ws/install/imu_hwt911/share/ament_index/resource_index/packages
[4.134s] symbolically linking /home/lota/ros2_ws/build/imu_hwt911/package.xml -> /home/lota/ros2_ws/install/imu_hwt911/share/imu_hwt911
[4.138s] symbolically linking /home/lota/ros2_ws/build/imu_hwt911/launch/imu_bringup.launch.py -> /home/lota/ros2_ws/install/imu_hwt911/share/imu_hwt911/launch
[4.276s] Invoked command in '/home/lota/ros2_ws/build/imu_hwt911' returned '0': PYTHONPATH=/home/lota/ros2_ws/build/imu_hwt911/prefix_override:/usr/lib/python3/dist-packages/colcon_core/task/python/colcon_distutils_commands:/home/lota/ros2_ws/install/imu_hwt911/lib/python3.10/site-packages:${PYTHONPATH} /usr/bin/python3 -W ignore:setup.py install is deprecated -W ignore:easy_install command is deprecated setup.py develop --editable --build-directory /home/lota/ros2_ws/build/imu_hwt911/build --no-deps symlink_data --force
