[9.173s] Invoking command in '/home/lota/ros2_ws/src/build/imu_hwt911': PYTHONPATH=/home/lota/ros2_ws/src/build/imu_hwt911/prefix_override:/usr/lib/python3/dist-packages/colcon_core/task/python/colcon_distutils_commands:/home/lota/ros2_ws/src/install/imu_hwt911/lib/python3.10/site-packages:${PYTHONPATH} /usr/bin/python3 -W ignore:setup.py install is deprecated -W ignore:easy_install command is deprecated setup.py develop --editable --build-directory /home/lota/ros2_ws/src/build/imu_hwt911/build --no-deps symlink_data
[13.524s] running develop
[16.477s] running egg_info
[16.477s] creating imu_hwt911.egg-info
[16.482s] writing imu_hwt911.egg-info/PKG-INFO
[16.482s] writing dependency_links to imu_hwt911.egg-info/dependency_links.txt
[16.506s] writing entry points to imu_hwt911.egg-info/entry_points.txt
[16.506s] writing requirements to imu_hwt911.egg-info/requires.txt
[16.506s] writing top-level names to imu_hwt911.egg-info/top_level.txt
[16.510s] writing manifest file 'imu_hwt911.egg-info/SOURCES.txt'
[16.540s] reading manifest file 'imu_hwt911.egg-info/SOURCES.txt'
[16.546s] writing manifest file 'imu_hwt911.egg-info/SOURCES.txt'
[16.577s] running build_ext
[16.578s] Creating /home/lota/ros2_ws/src/install/imu_hwt911/lib/python3.10/site-packages/imu-hwt911.egg-link (link to .)
[16.596s] Installing hwt911_node script to /home/lota/ros2_ws/src/install/imu_hwt911/lib/imu_hwt911
[16.597s] 
[16.601s] Installed /home/lota/ros2_ws/src/build/imu_hwt911
[16.605s] running symlink_data
[16.605s] creating /home/lota/ros2_ws/src/install/imu_hwt911/share/ament_index
[16.658s] creating /home/lota/ros2_ws/src/install/imu_hwt911/share/ament_index/resource_index
[16.659s] creating /home/lota/ros2_ws/src/install/imu_hwt911/share/ament_index/resource_index/packages
[16.757s] symbolically linking /home/lota/ros2_ws/src/build/imu_hwt911/resource/imu_hwt911 -> /home/lota/ros2_ws/src/install/imu_hwt911/share/ament_index/resource_index/packages
[16.757s] symbolically linking /home/lota/ros2_ws/src/build/imu_hwt911/package.xml -> /home/lota/ros2_ws/src/install/imu_hwt911/share/imu_hwt911
[16.758s] creating /home/lota/ros2_ws/src/install/imu_hwt911/share/imu_hwt911/launch
[16.758s] symbolically linking /home/lota/ros2_ws/src/build/imu_hwt911/launch/imu_bringup.launch.py -> /home/lota/ros2_ws/src/install/imu_hwt911/share/imu_hwt911/launch
[17.245s] Invoked command in '/home/lota/ros2_ws/src/build/imu_hwt911' returned '0': PYTHONPATH=/home/lota/ros2_ws/src/build/imu_hwt911/prefix_override:/usr/lib/python3/dist-packages/colcon_core/task/python/colcon_distutils_commands:/home/lota/ros2_ws/src/install/imu_hwt911/lib/python3.10/site-packages:${PYTHONPATH} /usr/bin/python3 -W ignore:setup.py install is deprecated -W ignore:easy_install command is deprecated setup.py develop --editable --build-directory /home/lota/ros2_ws/src/build/imu_hwt911/build --no-deps symlink_data
