[0.027s] Invoking command in '/home/lota/ros2_ws/build/my_robot_config': CMAKE_PREFIX_PATH=${CMAKE_PREFIX_PATH}:/home/lota/ros2_ws/install/imu_hwt911:/home/lota/ros2_ws/install/dual_lidar_tools:/home/lota/install/rrt_planner:/opt/ros/humble /usr/bin/cmake --build /home/lota/ros2_ws/build/my_robot_config -- -j2 -l2
[0.095s] Invoked command in '/home/lota/ros2_ws/build/my_robot_config' returned '0': CMAKE_PREFIX_PATH=${CMAKE_PREFIX_PATH}:/home/lota/ros2_ws/install/imu_hwt911:/home/lota/ros2_ws/install/dual_lidar_tools:/home/lota/install/rrt_planner:/opt/ros/humble /usr/bin/cmake --build /home/lota/ros2_ws/build/my_robot_config -- -j2 -l2
[0.113s] Invoking command in '/home/lota/ros2_ws/build/my_robot_config': CMAKE_PREFIX_PATH=${CMAKE_PREFIX_PATH}:/home/lota/ros2_ws/install/imu_hwt911:/home/lota/ros2_ws/install/dual_lidar_tools:/home/lota/install/rrt_planner:/opt/ros/humble /usr/bin/cmake --install /home/lota/ros2_ws/build/my_robot_config
[0.123s] -- Install configuration: ""
[0.123s] -- Up-to-date: /home/lota/ros2_ws/install/my_robot_config/share/my_robot_config//launch
[0.123s] -- Up-to-date: /home/lota/ros2_ws/install/my_robot_config/share/my_robot_config//launch/bringup_navigation.launch.py
[0.123s] -- Up-to-date: /home/lota/ros2_ws/install/my_robot_config/share/my_robot_config//launch/encoder_imu_odom.launch.py
[0.123s] -- Up-to-date: /home/lota/ros2_ws/install/my_robot_config/share/my_robot_config//launch/dual_lidar_with_merge.launch.py
[0.123s] -- Installing: /home/lota/ros2_ws/install/my_robot_config/share/my_robot_config//launch/bringup_localization.launch.py
[0.125s] -- Up-to-date: /home/lota/ros2_ws/install/my_robot_config/share/my_robot_config//launch/slam_2lidar.launch.py
[0.125s] -- Up-to-date: /home/lota/ros2_ws/install/my_robot_config/share/my_robot_config//config
[0.125s] -- Up-to-date: /home/lota/ros2_ws/install/my_robot_config/share/my_robot_config//config/install
[0.126s] -- Up-to-date: /home/lota/ros2_ws/install/my_robot_config/share/my_robot_config//config/install/setup.ps1
[0.126s] -- Up-to-date: /home/lota/ros2_ws/install/my_robot_config/share/my_robot_config//config/install/setup.sh
[0.126s] -- Up-to-date: /home/lota/ros2_ws/install/my_robot_config/share/my_robot_config//config/install/local_setup.bash
[0.126s] -- Up-to-date: /home/lota/ros2_ws/install/my_robot_config/share/my_robot_config//config/install/setup.zsh
[0.126s] -- Up-to-date: /home/lota/ros2_ws/install/my_robot_config/share/my_robot_config//config/install/local_setup.zsh
[0.126s] -- Up-to-date: /home/lota/ros2_ws/install/my_robot_config/share/my_robot_config//config/install/setup.bash
[0.126s] -- Up-to-date: /home/lota/ros2_ws/install/my_robot_config/share/my_robot_config//config/install/_local_setup_util_sh.py
[0.126s] -- Up-to-date: /home/lota/ros2_ws/install/my_robot_config/share/my_robot_config//config/install/local_setup.ps1
[0.126s] -- Up-to-date: /home/lota/ros2_ws/install/my_robot_config/share/my_robot_config//config/install/_local_setup_util_ps1.py
[0.126s] -- Up-to-date: /home/lota/ros2_ws/install/my_robot_config/share/my_robot_config//config/install/COLCON_IGNORE
[0.126s] -- Up-to-date: /home/lota/ros2_ws/install/my_robot_config/share/my_robot_config//config/install/.colcon_install_layout
[0.126s] -- Up-to-date: /home/lota/ros2_ws/install/my_robot_config/share/my_robot_config//config/install/local_setup.sh
[0.126s] -- Up-to-date: /home/lota/ros2_ws/install/my_robot_config/share/my_robot_config//config/odom_ekf.yaml
[0.126s] -- Up-to-date: /home/lota/ros2_ws/install/my_robot_config/share/my_robot_config//config/slam_toolbox_merged.yaml
[0.127s] -- Up-to-date: /home/lota/ros2_ws/install/my_robot_config/share/my_robot_config//config/amcl.yaml
[0.127s] -- Up-to-date: /home/lota/ros2_ws/install/my_robot_config/share/my_robot_config//config/nav2_params.yaml
[0.127s] -- Up-to-date: /home/lota/ros2_ws/install/my_robot_config/share/my_robot_config//config/log
[0.127s] -- Up-to-date: /home/lota/ros2_ws/install/my_robot_config/share/my_robot_config//config/log/build_2025-12-26_21-04-28
[0.127s] -- Up-to-date: /home/lota/ros2_ws/install/my_robot_config/share/my_robot_config//config/log/build_2025-12-26_21-04-28/logger_all.log
[0.127s] -- Up-to-date: /home/lota/ros2_ws/install/my_robot_config/share/my_robot_config//config/log/build_2025-12-26_21-04-28/events.log
[0.127s] -- Up-to-date: /home/lota/ros2_ws/install/my_robot_config/share/my_robot_config//config/log/latest
[0.127s] -- Up-to-date: /home/lota/ros2_ws/install/my_robot_config/share/my_robot_config//config/log/latest_build
[0.127s] -- Up-to-date: /home/lota/ros2_ws/install/my_robot_config/share/my_robot_config//config/log/COLCON_IGNORE
[0.128s] -- Up-to-date: /home/lota/ros2_ws/install/my_robot_config/share/my_robot_config//config/build
[0.128s] -- Up-to-date: /home/lota/ros2_ws/install/my_robot_config/share/my_robot_config//config/build/.built_by
[0.128s] -- Up-to-date: /home/lota/ros2_ws/install/my_robot_config/share/my_robot_config//config/build/COLCON_IGNORE
[0.128s] -- Up-to-date: /home/lota/ros2_ws/install/my_robot_config/share/my_robot_config//config/dual_lidar_merge.yaml
[0.128s] -- Up-to-date: /home/lota/ros2_ws/install/my_robot_config/lib/my_robot_config/imu_odom.py
[0.128s] -- Up-to-date: /home/lota/ros2_ws/install/my_robot_config/lib/my_robot_config/stm32_reader.py
[0.128s] -- Up-to-date: /home/lota/ros2_ws/install/my_robot_config/lib/my_robot_config/encoder_dep_trai.py
[0.128s] -- Up-to-date: /home/lota/ros2_ws/install/my_robot_config/lib/my_robot_config/wheel_tf_node.py
[0.128s] -- Up-to-date: /home/lota/ros2_ws/install/my_robot_config/share/ament_index/resource_index/package_run_dependencies/my_robot_config
[0.128s] -- Up-to-date: /home/lota/ros2_ws/install/my_robot_config/share/ament_index/resource_index/parent_prefix_path/my_robot_config
[0.128s] -- Up-to-date: /home/lota/ros2_ws/install/my_robot_config/share/my_robot_config/environment/ament_prefix_path.sh
[0.128s] -- Up-to-date: /home/lota/ros2_ws/install/my_robot_config/share/my_robot_config/environment/ament_prefix_path.dsv
[0.128s] -- Up-to-date: /home/lota/ros2_ws/install/my_robot_config/share/my_robot_config/environment/path.sh
[0.128s] -- Up-to-date: /home/lota/ros2_ws/install/my_robot_config/share/my_robot_config/environment/path.dsv
[0.128s] -- Up-to-date: /home/lota/ros2_ws/install/my_robot_config/share/my_robot_config/local_setup.bash
[0.128s] -- Up-to-date: /home/lota/ros2_ws/install/my_robot_config/share/my_robot_config/local_setup.sh
[0.128s] -- Up-to-date: /home/lota/ros2_ws/install/my_robot_config/share/my_robot_config/local_setup.zsh
[0.129s] -- Up-to-date: /home/lota/ros2_ws/install/my_robot_config/share/my_robot_config/local_setup.dsv
[0.129s] -- Up-to-date: /home/lota/ros2_ws/install/my_robot_config/share/my_robot_config/package.dsv
[0.129s] -- Up-to-date: /home/lota/ros2_ws/install/my_robot_config/share/ament_index/resource_index/packages/my_robot_config
[0.129s] -- Up-to-date: /home/lota/ros2_ws/install/my_robot_config/share/my_robot_config/cmake/my_robot_configConfig.cmake
[0.129s] -- Up-to-date: /home/lota/ros2_ws/install/my_robot_config/share/my_robot_config/cmake/my_robot_configConfig-version.cmake
[0.130s] -- Up-to-date: /home/lota/ros2_ws/install/my_robot_config/share/my_robot_config/package.xml
[0.133s] Invoked command in '/home/lota/ros2_ws/build/my_robot_config' returned '0': CMAKE_PREFIX_PATH=${CMAKE_PREFIX_PATH}:/home/lota/ros2_ws/install/imu_hwt911:/home/lota/ros2_ws/install/dual_lidar_tools:/home/lota/install/rrt_planner:/opt/ros/humble /usr/bin/cmake --install /home/lota/ros2_ws/build/my_robot_config
