[1.016s] Invoking command in '/home/lota/ros2_ws/src/imu_hwt911': PYTHONPATH=/home/lota/ros2_ws/build/imu_hwt911/prefix_override:/usr/lib/python3/dist-packages/colcon_core/task/python/colcon_distutils_commands:/home/lota/ros2_ws/install/imu_hwt911/lib/python3.10/site-packages:${PYTHONPATH} /usr/bin/python3 -W ignore:setup.py install is deprecated -W ignore:easy_install command is deprecated setup.py egg_info --egg-base ../../build/imu_hwt911 build --build-base /home/lota/ros2_ws/build/imu_hwt911/build install --record /home/lota/ros2_ws/build/imu_hwt911/install.log --single-version-externally-managed install_data
[1.355s] running egg_info
[1.355s] writing ../../build/imu_hwt911/imu_hwt911.egg-info/PKG-INFO
[1.357s] writing dependency_links to ../../build/imu_hwt911/imu_hwt911.egg-info/dependency_links.txt
[1.358s] writing entry points to ../../build/imu_hwt911/imu_hwt911.egg-info/entry_points.txt
[1.359s] writing requirements to ../../build/imu_hwt911/imu_hwt911.egg-info/requires.txt
[1.360s] writing top-level names to ../../build/imu_hwt911/imu_hwt911.egg-info/top_level.txt
[1.363s] reading manifest file '../../build/imu_hwt911/imu_hwt911.egg-info/SOURCES.txt'
[1.365s] writing manifest file '../../build/imu_hwt911/imu_hwt911.egg-info/SOURCES.txt'
[1.365s] running build
[1.366s] running build_py
[1.367s] running install
[1.369s] running install_lib
[1.397s] running install_data
[1.397s] running install_egg_info
[1.405s] removing '/home/lota/ros2_ws/install/imu_hwt911/lib/python3.10/site-packages/imu_hwt911-0.0.1-py3.10.egg-info' (and everything under it)
[1.408s] Copying ../../build/imu_hwt911/imu_hwt911.egg-info to /home/lota/ros2_ws/install/imu_hwt911/lib/python3.10/site-packages/imu_hwt911-0.0.1-py3.10.egg-info
[1.427s] running install_scripts
[1.531s] Installing hwt911_node script to /home/lota/ros2_ws/install/imu_hwt911/lib/imu_hwt911
[1.537s] writing list of installed files to '/home/lota/ros2_ws/build/imu_hwt911/install.log'
[1.592s] Invoked command in '/home/lota/ros2_ws/src/imu_hwt911' returned '0': PYTHONPATH=/home/lota/ros2_ws/build/imu_hwt911/prefix_override:/usr/lib/python3/dist-packages/colcon_core/task/python/colcon_distutils_commands:/home/lota/ros2_ws/install/imu_hwt911/lib/python3.10/site-packages:${PYTHONPATH} /usr/bin/python3 -W ignore:setup.py install is deprecated -W ignore:easy_install command is deprecated setup.py egg_info --egg-base ../../build/imu_hwt911 build --build-base /home/lota/ros2_ws/build/imu_hwt911/build install --record /home/lota/ros2_ws/build/imu_hwt911/install.log --single-version-externally-managed install_data
