[0.529s] DEBUG:colcon:Command line arguments: ['/usr/bin/colcon', 'build', '--symlink-install']
[0.530s] DEBUG:colcon:Parsed command line arguments: Namespace(log_base=None, log_level=None, verb_name='build', build_base='build', install_base='install', merge_install=False, symlink_install=True, test_result_base=None, continue_on_error=False, executor='parallel', parallel_workers=2, event_handlers=None, ignore_user_meta=False, metas=['./colcon.meta'], base_paths=['.'], packages_ignore=None, packages_ignore_regex=None, paths=None, packages_up_to=None, packages_up_to_regex=None, packages_above=None, packages_above_and_dependencies=None, packages_above_depth=None, packages_select_by_dep=None, packages_skip_by_dep=None, packages_skip_up_to=None, packages_select_build_failed=False, packages_skip_build_finished=False, packages_select_test_failures=False, packages_skip_test_passed=False, packages_select=None, packages_skip=None, packages_select_regex=None, packages_skip_regex=None, packages_start=None, packages_end=None, allow_overriding=[], cmake_args=None, cmake_target=None, cmake_target_skip_unavailable=False, cmake_clean_cache=False, cmake_clean_first=False, cmake_force_configure=False, ament_cmake_args=None, catkin_cmake_args=None, catkin_skip_building_tests=False, verb_parser=<colcon_defaults.argument_parser.defaults.DefaultArgumentsDecorator object at 0x70ab4146a7d0>, verb_extension=<colcon_core.verb.build.BuildVerb object at 0x70ab4146a1d0>, main=<bound method BuildVerb.main of <colcon_core.verb.build.BuildVerb object at 0x70ab4146a1d0>>)
[1.426s] Level 1:colcon.colcon_core.package_discovery:discover_packages(colcon_meta) check parameters
[1.430s] Level 1:colcon.colcon_core.package_discovery:discover_packages(recursive) check parameters
[1.430s] Level 1:colcon.colcon_core.package_discovery:discover_packages(ignore) check parameters
[1.430s] Level 1:colcon.colcon_core.package_discovery:discover_packages(path) check parameters
[1.430s] Level 1:colcon.colcon_core.package_discovery:discover_packages(colcon_meta) discover
[1.430s] Level 1:colcon.colcon_core.package_discovery:discover_packages(recursive) discover
[1.430s] INFO:colcon.colcon_core.package_discovery:Crawling recursively for packages in '/home/lota/ros2_ws/src'
[1.431s] Level 1:colcon.colcon_core.package_identification:_identify(.) by extensions ['ignore', 'ignore_ament_install']
[1.431s] Level 1:colcon.colcon_core.package_identification:_identify(.) by extension 'ignore'
[1.431s] Level 1:colcon.colcon_core.package_identification:_identify(.) by extension 'ignore_ament_install'
[1.432s] Level 1:colcon.colcon_core.package_identification:_identify(.) by extensions ['colcon_pkg']
[1.432s] Level 1:colcon.colcon_core.package_identification:_identify(.) by extension 'colcon_pkg'
[1.432s] Level 1:colcon.colcon_core.package_identification:_identify(.) by extensions ['colcon_meta']
[1.432s] Level 1:colcon.colcon_core.package_identification:_identify(.) by extension 'colcon_meta'
[1.432s] Level 1:colcon.colcon_core.package_identification:_identify(.) by extensions ['ros']
[1.432s] Level 1:colcon.colcon_core.package_identification:_identify(.) by extension 'ros'
[1.470s] Level 1:colcon.colcon_core.package_identification:_identify(.) by extensions ['cmake', 'python']
[1.470s] Level 1:colcon.colcon_core.package_identification:_identify(.) by extension 'cmake'
[1.471s] Level 1:colcon.colcon_core.package_identification:_identify(.) by extension 'python'
[1.471s] Level 1:colcon.colcon_core.package_identification:_identify(.) by extensions ['python_setup_py']
[1.471s] Level 1:colcon.colcon_core.package_identification:_identify(.) by extension 'python_setup_py'
[1.472s] Level 1:colcon.colcon_core.package_identification:_identify(build) by extensions ['ignore', 'ignore_ament_install']
[1.472s] Level 1:colcon.colcon_core.package_identification:_identify(build) by extension 'ignore'
[1.472s] Level 1:colcon.colcon_core.package_identification:_identify(build) ignored
[1.473s] Level 1:colcon.colcon_core.package_identification:_identify(dual_lidar_tools) by extensions ['ignore', 'ignore_ament_install']
[1.473s] Level 1:colcon.colcon_core.package_identification:_identify(dual_lidar_tools) by extension 'ignore'
[1.474s] Level 1:colcon.colcon_core.package_identification:_identify(dual_lidar_tools) by extension 'ignore_ament_install'
[1.474s] Level 1:colcon.colcon_core.package_identification:_identify(dual_lidar_tools) by extensions ['colcon_pkg']
[1.474s] Level 1:colcon.colcon_core.package_identification:_identify(dual_lidar_tools) by extension 'colcon_pkg'
[1.475s] Level 1:colcon.colcon_core.package_identification:_identify(dual_lidar_tools) by extensions ['colcon_meta']
[1.475s] Level 1:colcon.colcon_core.package_identification:_identify(dual_lidar_tools) by extension 'colcon_meta'
[1.475s] Level 1:colcon.colcon_core.package_identification:_identify(dual_lidar_tools) by extensions ['ros']
[1.475s] Level 1:colcon.colcon_core.package_identification:_identify(dual_lidar_tools) by extension 'ros'
[1.482s] DEBUG:colcon.colcon_core.package_identification:Package 'dual_lidar_tools' with type 'ros.ament_python' and name 'dual_lidar_tools'
[1.483s] Level 1:colcon.colcon_core.package_identification:_identify(imu_hwt911) by extensions ['ignore', 'ignore_ament_install']
[1.484s] Level 1:colcon.colcon_core.package_identification:_identify(imu_hwt911) by extension 'ignore'
[1.484s] Level 1:colcon.colcon_core.package_identification:_identify(imu_hwt911) by extension 'ignore_ament_install'
[1.484s] Level 1:colcon.colcon_core.package_identification:_identify(imu_hwt911) by extensions ['colcon_pkg']
[1.484s] Level 1:colcon.colcon_core.package_identification:_identify(imu_hwt911) by extension 'colcon_pkg'
[1.485s] Level 1:colcon.colcon_core.package_identification:_identify(imu_hwt911) by extensions ['colcon_meta']
[1.485s] Level 1:colcon.colcon_core.package_identification:_identify(imu_hwt911) by extension 'colcon_meta'
[1.485s] Level 1:colcon.colcon_core.package_identification:_identify(imu_hwt911) by extensions ['ros']
[1.486s] Level 1:colcon.colcon_core.package_identification:_identify(imu_hwt911) by extension 'ros'
[1.520s] DEBUG:colcon.colcon_core.package_identification:Package 'imu_hwt911' with type 'ros.ament_python' and name 'imu_hwt911'
[1.521s] Level 1:colcon.colcon_core.package_identification:_identify(install) by extensions ['ignore', 'ignore_ament_install']
[1.522s] Level 1:colcon.colcon_core.package_identification:_identify(install) by extension 'ignore'
[1.522s] Level 1:colcon.colcon_core.package_identification:_identify(install) ignored
[1.522s] Level 1:colcon.colcon_core.package_identification:_identify(log) by extensions ['ignore', 'ignore_ament_install']
[1.523s] Level 1:colcon.colcon_core.package_identification:_identify(log) by extension 'ignore'
[1.523s] Level 1:colcon.colcon_core.package_identification:_identify(log) ignored
[1.524s] Level 1:colcon.colcon_core.package_identification:_identify(my_robot_config) by extensions ['ignore', 'ignore_ament_install']
[1.524s] Level 1:colcon.colcon_core.package_identification:_identify(my_robot_config) by extension 'ignore'
[1.525s] Level 1:colcon.colcon_core.package_identification:_identify(my_robot_config) by extension 'ignore_ament_install'
[1.525s] Level 1:colcon.colcon_core.package_identification:_identify(my_robot_config) by extensions ['colcon_pkg']
[1.525s] Level 1:colcon.colcon_core.package_identification:_identify(my_robot_config) by extension 'colcon_pkg'
[1.525s] Level 1:colcon.colcon_core.package_identification:_identify(my_robot_config) by extensions ['colcon_meta']
[1.525s] Level 1:colcon.colcon_core.package_identification:_identify(my_robot_config) by extension 'colcon_meta'
[1.526s] Level 1:colcon.colcon_core.package_identification:_identify(my_robot_config) by extensions ['ros']
[1.526s] Level 1:colcon.colcon_core.package_identification:_identify(my_robot_config) by extension 'ros'
[1.528s] DEBUG:colcon.colcon_core.package_identification:Package 'my_robot_config' with type 'ros.ament_cmake' and name 'my_robot_config'
[1.528s] Level 1:colcon.colcon_core.package_identification:_identify(rplidar_ros) by extensions ['ignore', 'ignore_ament_install']
[1.528s] Level 1:colcon.colcon_core.package_identification:_identify(rplidar_ros) by extension 'ignore'
[1.529s] Level 1:colcon.colcon_core.package_identification:_identify(rplidar_ros) by extension 'ignore_ament_install'
[1.529s] Level 1:colcon.colcon_core.package_identification:_identify(rplidar_ros) by extensions ['colcon_pkg']
[1.529s] Level 1:colcon.colcon_core.package_identification:_identify(rplidar_ros) by extension 'colcon_pkg'
[1.530s] Level 1:colcon.colcon_core.package_identification:_identify(rplidar_ros) by extensions ['colcon_meta']
[1.530s] Level 1:colcon.colcon_core.package_identification:_identify(rplidar_ros) by extension 'colcon_meta'
[1.530s] Level 1:colcon.colcon_core.package_identification:_identify(rplidar_ros) by extensions ['ros']
[1.530s] Level 1:colcon.colcon_core.package_identification:_identify(rplidar_ros) by extension 'ros'
[1.532s] DEBUG:colcon.colcon_core.package_identification:Package 'rplidar_ros' with type 'ros.ament_cmake' and name 'rplidar_ros'
[1.532s] Level 1:colcon.colcon_core.package_discovery:discover_packages(recursive) using defaults
[1.533s] Level 1:colcon.colcon_core.package_discovery:discover_packages(ignore) discover
[1.533s] Level 1:colcon.colcon_core.package_discovery:discover_packages(ignore) using defaults
[1.533s] Level 1:colcon.colcon_core.package_discovery:discover_packages(path) discover
[1.534s] Level 1:colcon.colcon_core.package_discovery:discover_packages(path) using defaults
[1.615s] Level 1:colcon.colcon_core.package_discovery:discover_packages(prefix_path) check parameters
[1.616s] Level 1:colcon.colcon_core.package_discovery:discover_packages(prefix_path) discover
[1.624s] DEBUG:colcon.colcon_installed_package_information.package_discovery:Found 4 installed packages in /home/lota/ros2_ws/install
[1.626s] DEBUG:colcon.colcon_installed_package_information.package_discovery:Found 6 installed packages in /home/lota/install
[1.634s] DEBUG:colcon.colcon_installed_package_information.package_discovery:Found 491 installed packages in /opt/ros/humble
[1.647s] Level 1:colcon.colcon_core.package_discovery:discover_packages(prefix_path) using defaults
[1.904s] Level 5:colcon.colcon_core.verb:set package 'dual_lidar_tools' build argument 'cmake_args' from command line to 'None'
[1.907s] Level 5:colcon.colcon_core.verb:set package 'dual_lidar_tools' build argument 'cmake_target' from command line to 'None'
[1.907s] Level 5:colcon.colcon_core.verb:set package 'dual_lidar_tools' build argument 'cmake_target_skip_unavailable' from command line to 'False'
[1.907s] Level 5:colcon.colcon_core.verb:set package 'dual_lidar_tools' build argument 'cmake_clean_cache' from command line to 'False'
[1.907s] Level 5:colcon.colcon_core.verb:set package 'dual_lidar_tools' build argument 'cmake_clean_first' from command line to 'False'
[1.907s] Level 5:colcon.colcon_core.verb:set package 'dual_lidar_tools' build argument 'cmake_force_configure' from command line to 'False'
[1.907s] Level 5:colcon.colcon_core.verb:set package 'dual_lidar_tools' build argument 'ament_cmake_args' from command line to 'None'
[1.907s] Level 5:colcon.colcon_core.verb:set package 'dual_lidar_tools' build argument 'catkin_cmake_args' from command line to 'None'
[1.907s] Level 5:colcon.colcon_core.verb:set package 'dual_lidar_tools' build argument 'catkin_skip_building_tests' from command line to 'False'
[1.907s] DEBUG:colcon.colcon_core.verb:Building package 'dual_lidar_tools' with the following arguments: {'ament_cmake_args': None, 'build_base': '/home/lota/ros2_ws/src/build/dual_lidar_tools', 'catkin_cmake_args': None, 'catkin_skip_building_tests': False, 'cmake_args': None, 'cmake_clean_cache': False, 'cmake_clean_first': False, 'cmake_force_configure': False, 'cmake_target': None, 'cmake_target_skip_unavailable': False, 'install_base': '/home/lota/ros2_ws/src/install/dual_lidar_tools', 'merge_install': False, 'path': '/home/lota/ros2_ws/src/dual_lidar_tools', 'symlink_install': True, 'test_result_base': None}
[1.908s] Level 5:colcon.colcon_core.verb:set package 'imu_hwt911' build argument 'cmake_args' from command line to 'None'
[1.911s] Level 5:colcon.colcon_core.verb:set package 'imu_hwt911' build argument 'cmake_target' from command line to 'None'
[1.911s] Level 5:colcon.colcon_core.verb:set package 'imu_hwt911' build argument 'cmake_target_skip_unavailable' from command line to 'False'
[1.912s] Level 5:colcon.colcon_core.verb:set package 'imu_hwt911' build argument 'cmake_clean_cache' from command line to 'False'
[1.912s] Level 5:colcon.colcon_core.verb:set package 'imu_hwt911' build argument 'cmake_clean_first' from command line to 'False'
[1.912s] Level 5:colcon.colcon_core.verb:set package 'imu_hwt911' build argument 'cmake_force_configure' from command line to 'False'
[1.912s] Level 5:colcon.colcon_core.verb:set package 'imu_hwt911' build argument 'ament_cmake_args' from command line to 'None'
[1.912s] Level 5:colcon.colcon_core.verb:set package 'imu_hwt911' build argument 'catkin_cmake_args' from command line to 'None'
[1.912s] Level 5:colcon.colcon_core.verb:set package 'imu_hwt911' build argument 'catkin_skip_building_tests' from command line to 'False'
[1.912s] DEBUG:colcon.colcon_core.verb:Building package 'imu_hwt911' with the following arguments: {'ament_cmake_args': None, 'build_base': '/home/lota/ros2_ws/src/build/imu_hwt911', 'catkin_cmake_args': None, 'catkin_skip_building_tests': False, 'cmake_args': None, 'cmake_clean_cache': False, 'cmake_clean_first': False, 'cmake_force_configure': False, 'cmake_target': None, 'cmake_target_skip_unavailable': False, 'install_base': '/home/lota/ros2_ws/src/install/imu_hwt911', 'merge_install': False, 'path': '/home/lota/ros2_ws/src/imu_hwt911', 'symlink_install': True, 'test_result_base': None}
[1.913s] Level 5:colcon.colcon_core.verb:set package 'my_robot_config' build argument 'cmake_args' from command line to 'None'
[1.913s] Level 5:colcon.colcon_core.verb:set package 'my_robot_config' build argument 'cmake_target' from command line to 'None'
[1.913s] Level 5:colcon.colcon_core.verb:set package 'my_robot_config' build argument 'cmake_target_skip_unavailable' from command line to 'False'
[1.913s] Level 5:colcon.colcon_core.verb:set package 'my_robot_config' build argument 'cmake_clean_cache' from command line to 'False'
[1.913s] Level 5:colcon.colcon_core.verb:set package 'my_robot_config' build argument 'cmake_clean_first' from command line to 'False'
[1.917s] Level 5:colcon.colcon_core.verb:set package 'my_robot_config' build argument 'cmake_force_configure' from command line to 'False'
[1.917s] Level 5:colcon.colcon_core.verb:set package 'my_robot_config' build argument 'ament_cmake_args' from command line to 'None'
[1.918s] Level 5:colcon.colcon_core.verb:set package 'my_robot_config' build argument 'catkin_cmake_args' from command line to 'None'
[1.918s] Level 5:colcon.colcon_core.verb:set package 'my_robot_config' build argument 'catkin_skip_building_tests' from command line to 'False'
[1.918s] DEBUG:colcon.colcon_core.verb:Building package 'my_robot_config' with the following arguments: {'ament_cmake_args': None, 'build_base': '/home/lota/ros2_ws/src/build/my_robot_config', 'catkin_cmake_args': None, 'catkin_skip_building_tests': False, 'cmake_args': None, 'cmake_clean_cache': False, 'cmake_clean_first': False, 'cmake_force_configure': False, 'cmake_target': None, 'cmake_target_skip_unavailable': False, 'install_base': '/home/lota/ros2_ws/src/install/my_robot_config', 'merge_install': False, 'path': '/home/lota/ros2_ws/src/my_robot_config', 'symlink_install': True, 'test_result_base': None}
[1.919s] Level 5:colcon.colcon_core.verb:set package 'rplidar_ros' build argument 'cmake_args' from command line to 'None'
[1.919s] Level 5:colcon.colcon_core.verb:set package 'rplidar_ros' build argument 'cmake_target' from command line to 'None'
[1.919s] Level 5:colcon.colcon_core.verb:set package 'rplidar_ros' build argument 'cmake_target_skip_unavailable' from command line to 'False'
[1.919s] Level 5:colcon.colcon_core.verb:set package 'rplidar_ros' build argument 'cmake_clean_cache' from command line to 'False'
[1.919s] Level 5:colcon.colcon_core.verb:set package 'rplidar_ros' build argument 'cmake_clean_first' from command line to 'False'
[1.919s] Level 5:colcon.colcon_core.verb:set package 'rplidar_ros' build argument 'cmake_force_configure' from command line to 'False'
[1.919s] Level 5:colcon.colcon_core.verb:set package 'rplidar_ros' build argument 'ament_cmake_args' from command line to 'None'
[1.919s] Level 5:colcon.colcon_core.verb:set package 'rplidar_ros' build argument 'catkin_cmake_args' from command line to 'None'
[1.919s] Level 5:colcon.colcon_core.verb:set package 'rplidar_ros' build argument 'catkin_skip_building_tests' from command line to 'False'
[1.921s] DEBUG:colcon.colcon_core.verb:Building package 'rplidar_ros' with the following arguments: {'ament_cmake_args': None, 'build_base': '/home/lota/ros2_ws/src/build/rplidar_ros', 'catkin_cmake_args': None, 'catkin_skip_building_tests': False, 'cmake_args': None, 'cmake_clean_cache': False, 'cmake_clean_first': False, 'cmake_force_configure': False, 'cmake_target': None, 'cmake_target_skip_unavailable': False, 'install_base': '/home/lota/ros2_ws/src/install/rplidar_ros', 'merge_install': False, 'path': '/home/lota/ros2_ws/src/rplidar_ros', 'symlink_install': True, 'test_result_base': None}
[1.922s] INFO:colcon.colcon_core.executor:Executing jobs using 'parallel' executor
[1.938s] DEBUG:colcon.colcon_parallel_executor.executor.parallel:run_until_complete
[1.939s] INFO:colcon.colcon_ros.task.ament_python.build:Building ROS package in '/home/lota/ros2_ws/src/dual_lidar_tools' with build type 'ament_python'
[1.939s] Level 1:colcon.colcon_core.shell:create_environment_hook('dual_lidar_tools', 'ament_prefix_path')
[1.976s] INFO:colcon.colcon_core.plugin_system:Skipping extension 'colcon_core.shell.bat': Not used on non-Windows systems
[1.982s] INFO:colcon.colcon_core.shell:Creating environment hook '/home/lota/ros2_ws/src/install/dual_lidar_tools/share/dual_lidar_tools/hook/ament_prefix_path.ps1'
[1.988s] INFO:colcon.colcon_core.shell:Creating environment descriptor '/home/lota/ros2_ws/src/install/dual_lidar_tools/share/dual_lidar_tools/hook/ament_prefix_path.dsv'
[2.033s] INFO:colcon.colcon_core.shell:Creating environment hook '/home/lota/ros2_ws/src/install/dual_lidar_tools/share/dual_lidar_tools/hook/ament_prefix_path.sh'
[2.037s] INFO:colcon.colcon_core.shell:Skip shell extension 'powershell' for command environment: Not usable outside of PowerShell
[2.038s] DEBUG:colcon.colcon_core.shell:Skip shell extension 'dsv' for command environment
[2.090s] INFO:colcon.colcon_ros.task.ament_python.build:Building ROS package in '/home/lota/ros2_ws/src/imu_hwt911' with build type 'ament_python'
[2.091s] Level 1:colcon.colcon_core.shell:create_environment_hook('imu_hwt911', 'ament_prefix_path')
[2.100s] INFO:colcon.colcon_core.shell:Creating environment hook '/home/lota/ros2_ws/src/install/imu_hwt911/share/imu_hwt911/hook/ament_prefix_path.ps1'
[2.118s] INFO:colcon.colcon_core.shell:Creating environment descriptor '/home/lota/ros2_ws/src/install/imu_hwt911/share/imu_hwt911/hook/ament_prefix_path.dsv'
[2.123s] INFO:colcon.colcon_core.shell:Creating environment hook '/home/lota/ros2_ws/src/install/imu_hwt911/share/imu_hwt911/hook/ament_prefix_path.sh'
[2.128s] INFO:colcon.colcon_core.shell:Skip shell extension 'powershell' for command environment: Not usable outside of PowerShell
[2.129s] DEBUG:colcon.colcon_core.shell:Skip shell extension 'dsv' for command environment
[3.723s] INFO:colcon.colcon_core.task.python.build:Building Python package in '/home/lota/ros2_ws/src/dual_lidar_tools'
[3.725s] INFO:colcon.colcon_core.shell:Skip shell extension 'powershell' for command environment: Not usable outside of PowerShell
[3.726s] DEBUG:colcon.colcon_core.shell:Skip shell extension 'dsv' for command environment
[5.031s] INFO:colcon.colcon_core.task.python.build:Building Python package in '/home/lota/ros2_ws/src/imu_hwt911'
[5.036s] INFO:colcon.colcon_core.shell:Skip shell extension 'powershell' for command environment: Not usable outside of PowerShell
[5.037s] DEBUG:colcon.colcon_core.shell:Skip shell extension 'dsv' for command environment
[10.866s] DEBUG:colcon.colcon_core.event_handler.log_command:Invoking command in '/home/lota/ros2_ws/src/build/dual_lidar_tools': PYTHONPATH=/home/lota/ros2_ws/src/build/dual_lidar_tools/prefix_override:/usr/lib/python3/dist-packages/colcon_core/task/python/colcon_distutils_commands:/home/lota/ros2_ws/src/install/dual_lidar_tools/lib/python3.10/site-packages:${PYTHONPATH} /usr/bin/python3 -W ignore:setup.py install is deprecated -W ignore:easy_install command is deprecated setup.py develop --editable --build-directory /home/lota/ros2_ws/src/build/dual_lidar_tools/build --no-deps symlink_data
[11.278s] DEBUG:colcon.colcon_core.event_handler.log_command:Invoking command in '/home/lota/ros2_ws/src/build/imu_hwt911': PYTHONPATH=/home/lota/ros2_ws/src/build/imu_hwt911/prefix_override:/usr/lib/python3/dist-packages/colcon_core/task/python/colcon_distutils_commands:/home/lota/ros2_ws/src/install/imu_hwt911/lib/python3.10/site-packages:${PYTHONPATH} /usr/bin/python3 -W ignore:setup.py install is deprecated -W ignore:easy_install command is deprecated setup.py develop --editable --build-directory /home/lota/ros2_ws/src/build/imu_hwt911/build --no-deps symlink_data
[18.926s] Level 1:colcon.colcon_core.shell:create_environment_hook('dual_lidar_tools', 'pythonpath_develop')
[18.928s] INFO:colcon.colcon_core.shell:Creating environment hook '/home/lota/ros2_ws/src/build/dual_lidar_tools/share/dual_lidar_tools/hook/pythonpath_develop.ps1'
[18.946s] DEBUG:colcon.colcon_core.event_handler.log_command:Invoked command in '/home/lota/ros2_ws/src/build/dual_lidar_tools' returned '0': PYTHONPATH=/home/lota/ros2_ws/src/build/dual_lidar_tools/prefix_override:/usr/lib/python3/dist-packages/colcon_core/task/python/colcon_distutils_commands:/home/lota/ros2_ws/src/install/dual_lidar_tools/lib/python3.10/site-packages:${PYTHONPATH} /usr/bin/python3 -W ignore:setup.py install is deprecated -W ignore:easy_install command is deprecated setup.py develop --editable --build-directory /home/lota/ros2_ws/src/build/dual_lidar_tools/build --no-deps symlink_data
[18.952s] INFO:colcon.colcon_core.shell:Creating environment descriptor '/home/lota/ros2_ws/src/build/dual_lidar_tools/share/dual_lidar_tools/hook/pythonpath_develop.dsv'
[18.956s] INFO:colcon.colcon_core.shell:Creating environment hook '/home/lota/ros2_ws/src/build/dual_lidar_tools/share/dual_lidar_tools/hook/pythonpath_develop.sh'
[18.995s] Level 1:colcon.colcon_core.environment:checking '/home/lota/ros2_ws/src/install/dual_lidar_tools' for CMake module files
[19.001s] Level 1:colcon.colcon_core.environment:checking '/home/lota/ros2_ws/src/install/dual_lidar_tools' for CMake config files
[19.014s] Level 1:colcon.colcon_core.environment:checking '/home/lota/ros2_ws/src/install/dual_lidar_tools/lib'
[19.015s] Level 1:colcon.colcon_core.environment:checking '/home/lota/ros2_ws/src/install/dual_lidar_tools/bin'
[19.015s] Level 1:colcon.colcon_core.environment:checking '/home/lota/ros2_ws/src/install/dual_lidar_tools/lib/pkgconfig/dual_lidar_tools.pc'
[19.016s] Level 1:colcon.colcon_core.environment:checking '/home/lota/ros2_ws/src/install/dual_lidar_tools/lib/python3.10/site-packages'
[19.020s] Level 1:colcon.colcon_core.shell:create_environment_hook('dual_lidar_tools', 'pythonpath')
[19.021s] INFO:colcon.colcon_core.shell:Creating environment hook '/home/lota/ros2_ws/src/install/dual_lidar_tools/share/dual_lidar_tools/hook/pythonpath.ps1'
[19.035s] INFO:colcon.colcon_core.shell:Creating environment descriptor '/home/lota/ros2_ws/src/install/dual_lidar_tools/share/dual_lidar_tools/hook/pythonpath.dsv'
[19.044s] INFO:colcon.colcon_core.shell:Creating environment hook '/home/lota/ros2_ws/src/install/dual_lidar_tools/share/dual_lidar_tools/hook/pythonpath.sh'
[19.053s] Level 1:colcon.colcon_core.environment:checking '/home/lota/ros2_ws/src/install/dual_lidar_tools/bin'
[19.053s] Level 1:colcon.colcon_core.environment:create_environment_scripts_only(dual_lidar_tools)
[19.057s] INFO:colcon.colcon_core.shell:Creating package script '/home/lota/ros2_ws/src/install/dual_lidar_tools/share/dual_lidar_tools/package.ps1'
[19.075s] INFO:colcon.colcon_core.shell:Creating package descriptor '/home/lota/ros2_ws/src/install/dual_lidar_tools/share/dual_lidar_tools/package.dsv'
[19.087s] INFO:colcon.colcon_core.shell:Creating package script '/home/lota/ros2_ws/src/install/dual_lidar_tools/share/dual_lidar_tools/package.sh'
[19.098s] INFO:colcon.colcon_core.shell:Creating package script '/home/lota/ros2_ws/src/install/dual_lidar_tools/share/dual_lidar_tools/package.bash'
[19.105s] INFO:colcon.colcon_core.shell:Creating package script '/home/lota/ros2_ws/src/install/dual_lidar_tools/share/dual_lidar_tools/package.zsh'
[19.111s] Level 1:colcon.colcon_core.environment:create_file_with_runtime_dependencies(/home/lota/ros2_ws/src/install/dual_lidar_tools/share/colcon-core/packages/dual_lidar_tools)
[19.126s] INFO:colcon.colcon_ros.task.ament_cmake.build:Building ROS package in '/home/lota/ros2_ws/src/my_robot_config' with build type 'ament_cmake'
[19.127s] INFO:colcon.colcon_cmake.task.cmake.build:Building CMake package in '/home/lota/ros2_ws/src/my_robot_config'
[19.130s] INFO:colcon.colcon_core.shell:Skip shell extension 'powershell' for command environment: Not usable outside of PowerShell
[19.133s] DEBUG:colcon.colcon_core.shell:Skip shell extension 'dsv' for command environment
[19.322s] DEBUG:colcon.colcon_core.event_handler.log_command:Invoking command in '/home/lota/ros2_ws/src/build/my_robot_config': CMAKE_PREFIX_PATH=${CMAKE_PREFIX_PATH}:/home/lota/ros2_ws/install/imu_hwt911:/home/lota/ros2_ws/install/dual_lidar_tools:/home/lota/install/rrt_planner:/opt/ros/humble /usr/bin/cmake /home/lota/ros2_ws/src/my_robot_config -DAMENT_CMAKE_SYMLINK_INSTALL=1 -DCMAKE_INSTALL_PREFIX=/home/lota/ros2_ws/src/install/my_robot_config
[19.344s] Level 1:colcon.colcon_core.shell:create_environment_hook('imu_hwt911', 'pythonpath_develop')
[19.345s] INFO:colcon.colcon_core.shell:Creating environment hook '/home/lota/ros2_ws/src/build/imu_hwt911/share/imu_hwt911/hook/pythonpath_develop.ps1'
[19.350s] DEBUG:colcon.colcon_core.event_handler.log_command:Invoked command in '/home/lota/ros2_ws/src/build/imu_hwt911' returned '0': PYTHONPATH=/home/lota/ros2_ws/src/build/imu_hwt911/prefix_override:/usr/lib/python3/dist-packages/colcon_core/task/python/colcon_distutils_commands:/home/lota/ros2_ws/src/install/imu_hwt911/lib/python3.10/site-packages:${PYTHONPATH} /usr/bin/python3 -W ignore:setup.py install is deprecated -W ignore:easy_install command is deprecated setup.py develop --editable --build-directory /home/lota/ros2_ws/src/build/imu_hwt911/build --no-deps symlink_data
[19.354s] INFO:colcon.colcon_core.shell:Creating environment descriptor '/home/lota/ros2_ws/src/build/imu_hwt911/share/imu_hwt911/hook/pythonpath_develop.dsv'
[19.355s] INFO:colcon.colcon_core.shell:Creating environment hook '/home/lota/ros2_ws/src/build/imu_hwt911/share/imu_hwt911/hook/pythonpath_develop.sh'
[19.365s] Level 1:colcon.colcon_core.environment:checking '/home/lota/ros2_ws/src/install/imu_hwt911' for CMake module files
[19.374s] Level 1:colcon.colcon_core.environment:checking '/home/lota/ros2_ws/src/install/imu_hwt911' for CMake config files
[19.378s] Level 1:colcon.colcon_core.environment:checking '/home/lota/ros2_ws/src/install/imu_hwt911/lib'
[19.378s] Level 1:colcon.colcon_core.environment:checking '/home/lota/ros2_ws/src/install/imu_hwt911/bin'
[19.378s] Level 1:colcon.colcon_core.environment:checking '/home/lota/ros2_ws/src/install/imu_hwt911/lib/pkgconfig/imu_hwt911.pc'
[19.379s] Level 1:colcon.colcon_core.environment:checking '/home/lota/ros2_ws/src/install/imu_hwt911/lib/python3.10/site-packages'
[19.379s] Level 1:colcon.colcon_core.shell:create_environment_hook('imu_hwt911', 'pythonpath')
[19.382s] INFO:colcon.colcon_core.shell:Creating environment hook '/home/lota/ros2_ws/src/install/imu_hwt911/share/imu_hwt911/hook/pythonpath.ps1'
[19.383s] INFO:colcon.colcon_core.shell:Creating environment descriptor '/home/lota/ros2_ws/src/install/imu_hwt911/share/imu_hwt911/hook/pythonpath.dsv'
[19.395s] INFO:colcon.colcon_core.shell:Creating environment hook '/home/lota/ros2_ws/src/install/imu_hwt911/share/imu_hwt911/hook/pythonpath.sh'
[19.401s] Level 1:colcon.colcon_core.environment:checking '/home/lota/ros2_ws/src/install/imu_hwt911/bin'
[19.409s] Level 1:colcon.colcon_core.environment:create_environment_scripts_only(imu_hwt911)
[19.416s] INFO:colcon.colcon_core.shell:Creating package script '/home/lota/ros2_ws/src/install/imu_hwt911/share/imu_hwt911/package.ps1'
[19.421s] INFO:colcon.colcon_core.shell:Creating package descriptor '/home/lota/ros2_ws/src/install/imu_hwt911/share/imu_hwt911/package.dsv'
[19.432s] INFO:colcon.colcon_core.shell:Creating package script '/home/lota/ros2_ws/src/install/imu_hwt911/share/imu_hwt911/package.sh'
[19.443s] INFO:colcon.colcon_core.shell:Creating package script '/home/lota/ros2_ws/src/install/imu_hwt911/share/imu_hwt911/package.bash'
[19.453s] INFO:colcon.colcon_core.shell:Creating package script '/home/lota/ros2_ws/src/install/imu_hwt911/share/imu_hwt911/package.zsh'
[19.467s] Level 1:colcon.colcon_core.environment:create_file_with_runtime_dependencies(/home/lota/ros2_ws/src/install/imu_hwt911/share/colcon-core/packages/imu_hwt911)
[19.477s] INFO:colcon.colcon_ros.task.ament_cmake.build:Building ROS package in '/home/lota/ros2_ws/src/rplidar_ros' with build type 'ament_cmake'
[19.477s] INFO:colcon.colcon_cmake.task.cmake.build:Building CMake package in '/home/lota/ros2_ws/src/rplidar_ros'
[19.478s] INFO:colcon.colcon_core.shell:Skip shell extension 'powershell' for command environment: Not usable outside of PowerShell
[19.478s] DEBUG:colcon.colcon_core.shell:Skip shell extension 'dsv' for command environment
[19.621s] DEBUG:colcon.colcon_core.event_handler.log_command:Invoking command in '/home/lota/ros2_ws/src/build/rplidar_ros': CMAKE_PREFIX_PATH=${CMAKE_PREFIX_PATH}:/home/lota/ros2_ws/install/imu_hwt911:/home/lota/ros2_ws/install/dual_lidar_tools:/home/lota/install/rrt_planner:/opt/ros/humble /usr/bin/cmake /home/lota/ros2_ws/src/rplidar_ros -DAMENT_CMAKE_SYMLINK_INSTALL=1 -DCMAKE_INSTALL_PREFIX=/home/lota/ros2_ws/src/install/rplidar_ros
[28.855s] DEBUG:colcon.colcon_core.event_handler.log_command:Invoked command in '/home/lota/ros2_ws/src/build/my_robot_config' returned '0': CMAKE_PREFIX_PATH=${CMAKE_PREFIX_PATH}:/home/lota/ros2_ws/install/imu_hwt911:/home/lota/ros2_ws/install/dual_lidar_tools:/home/lota/install/rrt_planner:/opt/ros/humble /usr/bin/cmake /home/lota/ros2_ws/src/my_robot_config -DAMENT_CMAKE_SYMLINK_INSTALL=1 -DCMAKE_INSTALL_PREFIX=/home/lota/ros2_ws/src/install/my_robot_config
[28.916s] DEBUG:colcon.colcon_core.event_handler.log_command:Invoking command in '/home/lota/ros2_ws/src/build/my_robot_config': CMAKE_PREFIX_PATH=${CMAKE_PREFIX_PATH}:/home/lota/ros2_ws/install/imu_hwt911:/home/lota/ros2_ws/install/dual_lidar_tools:/home/lota/install/rrt_planner:/opt/ros/humble /usr/bin/cmake --build /home/lota/ros2_ws/src/build/my_robot_config -- -j2 -l2
[29.074s] DEBUG:colcon.colcon_core.event_handler.log_command:Invoked command in '/home/lota/ros2_ws/src/build/my_robot_config' returned '0': CMAKE_PREFIX_PATH=${CMAKE_PREFIX_PATH}:/home/lota/ros2_ws/install/imu_hwt911:/home/lota/ros2_ws/install/dual_lidar_tools:/home/lota/install/rrt_planner:/opt/ros/humble /usr/bin/cmake --build /home/lota/ros2_ws/src/build/my_robot_config -- -j2 -l2
[29.143s] DEBUG:colcon.colcon_core.event_handler.log_command:Invoking command in '/home/lota/ros2_ws/src/build/my_robot_config': CMAKE_PREFIX_PATH=${CMAKE_PREFIX_PATH}:/home/lota/ros2_ws/install/imu_hwt911:/home/lota/ros2_ws/install/dual_lidar_tools:/home/lota/install/rrt_planner:/opt/ros/humble /usr/bin/cmake --install /home/lota/ros2_ws/src/build/my_robot_config
[34.020s] Level 1:colcon.colcon_core.environment:create_environment_scripts_only(my_robot_config)
[34.024s] DEBUG:colcon.colcon_core.event_handler.log_command:Invoked command in '/home/lota/ros2_ws/src/build/my_robot_config' returned '0': CMAKE_PREFIX_PATH=${CMAKE_PREFIX_PATH}:/home/lota/ros2_ws/install/imu_hwt911:/home/lota/ros2_ws/install/dual_lidar_tools:/home/lota/install/rrt_planner:/opt/ros/humble /usr/bin/cmake --install /home/lota/ros2_ws/src/build/my_robot_config
[34.029s] Level 1:colcon.colcon_core.environment:checking '/home/lota/ros2_ws/src/install/my_robot_config' for CMake module files
[34.046s] Level 1:colcon.colcon_core.environment:checking '/home/lota/ros2_ws/src/install/my_robot_config' for CMake config files
[34.053s] Level 1:colcon.colcon_core.shell:create_environment_hook('my_robot_config', 'cmake_prefix_path')
[34.062s] INFO:colcon.colcon_core.shell:Creating environment hook '/home/lota/ros2_ws/src/install/my_robot_config/share/my_robot_config/hook/cmake_prefix_path.ps1'
[34.066s] INFO:colcon.colcon_core.shell:Creating environment descriptor '/home/lota/ros2_ws/src/install/my_robot_config/share/my_robot_config/hook/cmake_prefix_path.dsv'
[34.075s] INFO:colcon.colcon_core.shell:Creating environment hook '/home/lota/ros2_ws/src/install/my_robot_config/share/my_robot_config/hook/cmake_prefix_path.sh'
[34.078s] Level 1:colcon.colcon_core.environment:checking '/home/lota/ros2_ws/src/install/my_robot_config/lib'
[34.078s] Level 1:colcon.colcon_core.environment:checking '/home/lota/ros2_ws/src/install/my_robot_config/bin'
[34.081s] Level 1:colcon.colcon_core.environment:checking '/home/lota/ros2_ws/src/install/my_robot_config/lib/pkgconfig/my_robot_config.pc'
[34.082s] Level 1:colcon.colcon_core.environment:checking '/home/lota/ros2_ws/src/install/my_robot_config/lib/python3.10/site-packages'
[34.084s] Level 1:colcon.colcon_core.environment:checking '/home/lota/ros2_ws/src/install/my_robot_config/bin'
[34.091s] INFO:colcon.colcon_core.shell:Creating package script '/home/lota/ros2_ws/src/install/my_robot_config/share/my_robot_config/package.ps1'
[34.095s] INFO:colcon.colcon_core.shell:Creating package descriptor '/home/lota/ros2_ws/src/install/my_robot_config/share/my_robot_config/package.dsv'
[34.098s] INFO:colcon.colcon_core.shell:Creating package script '/home/lota/ros2_ws/src/install/my_robot_config/share/my_robot_config/package.sh'
[34.104s] INFO:colcon.colcon_core.shell:Creating package script '/home/lota/ros2_ws/src/install/my_robot_config/share/my_robot_config/package.bash'
[34.121s] INFO:colcon.colcon_core.shell:Creating package script '/home/lota/ros2_ws/src/install/my_robot_config/share/my_robot_config/package.zsh'
[34.122s] Level 1:colcon.colcon_core.environment:create_file_with_runtime_dependencies(/home/lota/ros2_ws/src/install/my_robot_config/share/colcon-core/packages/my_robot_config)
[34.129s] Level 1:colcon.colcon_core.environment:create_environment_scripts_only(my_robot_config)
[34.133s] Level 1:colcon.colcon_core.environment:checking '/home/lota/ros2_ws/src/install/my_robot_config' for CMake module files
[34.142s] Level 1:colcon.colcon_core.environment:checking '/home/lota/ros2_ws/src/install/my_robot_config' for CMake config files
[34.144s] Level 1:colcon.colcon_core.shell:create_environment_hook('my_robot_config', 'cmake_prefix_path')
[34.149s] INFO:colcon.colcon_core.shell:Creating environment hook '/home/lota/ros2_ws/src/install/my_robot_config/share/my_robot_config/hook/cmake_prefix_path.ps1'
[34.161s] INFO:colcon.colcon_core.shell:Creating environment descriptor '/home/lota/ros2_ws/src/install/my_robot_config/share/my_robot_config/hook/cmake_prefix_path.dsv'
[34.166s] INFO:colcon.colcon_core.shell:Creating environment hook '/home/lota/ros2_ws/src/install/my_robot_config/share/my_robot_config/hook/cmake_prefix_path.sh'
[34.171s] Level 1:colcon.colcon_core.environment:checking '/home/lota/ros2_ws/src/install/my_robot_config/lib'
[34.171s] Level 1:colcon.colcon_core.environment:checking '/home/lota/ros2_ws/src/install/my_robot_config/bin'
[34.171s] Level 1:colcon.colcon_core.environment:checking '/home/lota/ros2_ws/src/install/my_robot_config/lib/pkgconfig/my_robot_config.pc'
[34.174s] Level 1:colcon.colcon_core.environment:checking '/home/lota/ros2_ws/src/install/my_robot_config/lib/python3.10/site-packages'
[34.175s] Level 1:colcon.colcon_core.environment:checking '/home/lota/ros2_ws/src/install/my_robot_config/bin'
[34.176s] INFO:colcon.colcon_core.shell:Creating package script '/home/lota/ros2_ws/src/install/my_robot_config/share/my_robot_config/package.ps1'
[34.189s] INFO:colcon.colcon_core.shell:Creating package descriptor '/home/lota/ros2_ws/src/install/my_robot_config/share/my_robot_config/package.dsv'
[34.198s] INFO:colcon.colcon_core.shell:Creating package script '/home/lota/ros2_ws/src/install/my_robot_config/share/my_robot_config/package.sh'
[34.206s] INFO:colcon.colcon_core.shell:Creating package script '/home/lota/ros2_ws/src/install/my_robot_config/share/my_robot_config/package.bash'
[34.216s] INFO:colcon.colcon_core.shell:Creating package script '/home/lota/ros2_ws/src/install/my_robot_config/share/my_robot_config/package.zsh'
[34.232s] Level 1:colcon.colcon_core.environment:create_file_with_runtime_dependencies(/home/lota/ros2_ws/src/install/my_robot_config/share/colcon-core/packages/my_robot_config)
[34.631s] DEBUG:colcon.colcon_core.event_handler.log_command:Invoked command in '/home/lota/ros2_ws/src/build/rplidar_ros' returned '0': CMAKE_PREFIX_PATH=${CMAKE_PREFIX_PATH}:/home/lota/ros2_ws/install/imu_hwt911:/home/lota/ros2_ws/install/dual_lidar_tools:/home/lota/install/rrt_planner:/opt/ros/humble /usr/bin/cmake /home/lota/ros2_ws/src/rplidar_ros -DAMENT_CMAKE_SYMLINK_INSTALL=1 -DCMAKE_INSTALL_PREFIX=/home/lota/ros2_ws/src/install/rplidar_ros
[34.637s] DEBUG:colcon.colcon_core.event_handler.log_command:Invoking command in '/home/lota/ros2_ws/src/build/rplidar_ros': CMAKE_PREFIX_PATH=${CMAKE_PREFIX_PATH}:/home/lota/ros2_ws/install/imu_hwt911:/home/lota/ros2_ws/install/dual_lidar_tools:/home/lota/install/rrt_planner:/opt/ros/humble /usr/bin/cmake --build /home/lota/ros2_ws/src/build/rplidar_ros -- -j2 -l2
[166.661s] DEBUG:colcon.colcon_core.event_handler.log_command:Invoked command in '/home/lota/ros2_ws/src/build/rplidar_ros' returned '0': CMAKE_PREFIX_PATH=${CMAKE_PREFIX_PATH}:/home/lota/ros2_ws/install/imu_hwt911:/home/lota/ros2_ws/install/dual_lidar_tools:/home/lota/install/rrt_planner:/opt/ros/humble /usr/bin/cmake --build /home/lota/ros2_ws/src/build/rplidar_ros -- -j2 -l2
[166.668s] DEBUG:colcon.colcon_core.event_handler.log_command:Invoking command in '/home/lota/ros2_ws/src/build/rplidar_ros': CMAKE_PREFIX_PATH=${CMAKE_PREFIX_PATH}:/home/lota/ros2_ws/install/imu_hwt911:/home/lota/ros2_ws/install/dual_lidar_tools:/home/lota/install/rrt_planner:/opt/ros/humble /usr/bin/cmake --install /home/lota/ros2_ws/src/build/rplidar_ros
[168.053s] Level 1:colcon.colcon_core.environment:create_environment_scripts_only(rplidar_ros)
[168.055s] Level 1:colcon.colcon_core.environment:checking '/home/lota/ros2_ws/src/install/rplidar_ros' for CMake module files
[168.054s] DEBUG:colcon.colcon_core.event_handler.log_command:Invoked command in '/home/lota/ros2_ws/src/build/rplidar_ros' returned '0': CMAKE_PREFIX_PATH=${CMAKE_PREFIX_PATH}:/home/lota/ros2_ws/install/imu_hwt911:/home/lota/ros2_ws/install/dual_lidar_tools:/home/lota/install/rrt_planner:/opt/ros/humble /usr/bin/cmake --install /home/lota/ros2_ws/src/build/rplidar_ros
[168.057s] Level 1:colcon.colcon_core.environment:checking '/home/lota/ros2_ws/src/install/rplidar_ros' for CMake config files
[168.059s] Level 1:colcon.colcon_core.shell:create_environment_hook('rplidar_ros', 'cmake_prefix_path')
[168.063s] INFO:colcon.colcon_core.shell:Creating environment hook '/home/lota/ros2_ws/src/install/rplidar_ros/share/rplidar_ros/hook/cmake_prefix_path.ps1'
[168.071s] INFO:colcon.colcon_core.shell:Creating environment descriptor '/home/lota/ros2_ws/src/install/rplidar_ros/share/rplidar_ros/hook/cmake_prefix_path.dsv'
[168.072s] INFO:colcon.colcon_core.shell:Creating environment hook '/home/lota/ros2_ws/src/install/rplidar_ros/share/rplidar_ros/hook/cmake_prefix_path.sh'
[168.074s] Level 1:colcon.colcon_core.environment:checking '/home/lota/ros2_ws/src/install/rplidar_ros/lib'
[168.075s] Level 1:colcon.colcon_core.environment:checking '/home/lota/ros2_ws/src/install/rplidar_ros/bin'
[168.076s] Level 1:colcon.colcon_core.environment:checking '/home/lota/ros2_ws/src/install/rplidar_ros/lib/pkgconfig/rplidar_ros.pc'
[168.077s] Level 1:colcon.colcon_core.environment:checking '/home/lota/ros2_ws/src/install/rplidar_ros/lib/python3.10/site-packages'
[168.078s] Level 1:colcon.colcon_core.environment:checking '/home/lota/ros2_ws/src/install/rplidar_ros/bin'
[168.083s] INFO:colcon.colcon_core.shell:Creating package script '/home/lota/ros2_ws/src/install/rplidar_ros/share/rplidar_ros/package.ps1'
[168.084s] INFO:colcon.colcon_core.shell:Creating package descriptor '/home/lota/ros2_ws/src/install/rplidar_ros/share/rplidar_ros/package.dsv'
[168.085s] INFO:colcon.colcon_core.shell:Creating package script '/home/lota/ros2_ws/src/install/rplidar_ros/share/rplidar_ros/package.sh'
[168.087s] INFO:colcon.colcon_core.shell:Creating package script '/home/lota/ros2_ws/src/install/rplidar_ros/share/rplidar_ros/package.bash'
[168.088s] INFO:colcon.colcon_core.shell:Creating package script '/home/lota/ros2_ws/src/install/rplidar_ros/share/rplidar_ros/package.zsh'
[168.091s] Level 1:colcon.colcon_core.environment:create_file_with_runtime_dependencies(/home/lota/ros2_ws/src/install/rplidar_ros/share/colcon-core/packages/rplidar_ros)
[168.093s] Level 1:colcon.colcon_core.environment:create_environment_scripts_only(rplidar_ros)
[168.093s] Level 1:colcon.colcon_core.environment:checking '/home/lota/ros2_ws/src/install/rplidar_ros' for CMake module files
[168.095s] Level 1:colcon.colcon_core.environment:checking '/home/lota/ros2_ws/src/install/rplidar_ros' for CMake config files
[168.098s] Level 1:colcon.colcon_core.shell:create_environment_hook('rplidar_ros', 'cmake_prefix_path')
[168.099s] INFO:colcon.colcon_core.shell:Creating environment hook '/home/lota/ros2_ws/src/install/rplidar_ros/share/rplidar_ros/hook/cmake_prefix_path.ps1'
[168.102s] INFO:colcon.colcon_core.shell:Creating environment descriptor '/home/lota/ros2_ws/src/install/rplidar_ros/share/rplidar_ros/hook/cmake_prefix_path.dsv'
[168.106s] INFO:colcon.colcon_core.shell:Creating environment hook '/home/lota/ros2_ws/src/install/rplidar_ros/share/rplidar_ros/hook/cmake_prefix_path.sh'
[168.108s] Level 1:colcon.colcon_core.environment:checking '/home/lota/ros2_ws/src/install/rplidar_ros/lib'
[168.109s] Level 1:colcon.colcon_core.environment:checking '/home/lota/ros2_ws/src/install/rplidar_ros/bin'
[168.112s] Level 1:colcon.colcon_core.environment:checking '/home/lota/ros2_ws/src/install/rplidar_ros/lib/pkgconfig/rplidar_ros.pc'
[168.113s] Level 1:colcon.colcon_core.environment:checking '/home/lota/ros2_ws/src/install/rplidar_ros/lib/python3.10/site-packages'
[168.115s] Level 1:colcon.colcon_core.environment:checking '/home/lota/ros2_ws/src/install/rplidar_ros/bin'
[168.118s] INFO:colcon.colcon_core.shell:Creating package script '/home/lota/ros2_ws/src/install/rplidar_ros/share/rplidar_ros/package.ps1'
[168.125s] INFO:colcon.colcon_core.shell:Creating package descriptor '/home/lota/ros2_ws/src/install/rplidar_ros/share/rplidar_ros/package.dsv'
[168.131s] INFO:colcon.colcon_core.shell:Creating package script '/home/lota/ros2_ws/src/install/rplidar_ros/share/rplidar_ros/package.sh'
[168.134s] INFO:colcon.colcon_core.shell:Creating package script '/home/lota/ros2_ws/src/install/rplidar_ros/share/rplidar_ros/package.bash'
[168.138s] INFO:colcon.colcon_core.shell:Creating package script '/home/lota/ros2_ws/src/install/rplidar_ros/share/rplidar_ros/package.zsh'
[168.142s] Level 1:colcon.colcon_core.environment:create_file_with_runtime_dependencies(/home/lota/ros2_ws/src/install/rplidar_ros/share/colcon-core/packages/rplidar_ros)
[168.144s] DEBUG:colcon.colcon_parallel_executor.executor.parallel:closing loop
[168.144s] DEBUG:colcon.colcon_parallel_executor.executor.parallel:loop closed
[168.144s] DEBUG:colcon.colcon_parallel_executor.executor.parallel:run_until_complete finished with '0'
[168.145s] DEBUG:colcon.colcon_core.event_reactor:joining thread
[168.305s] INFO:colcon.colcon_core.plugin_system:Skipping extension 'colcon_notification.desktop_notification.terminal_notifier': Not used on non-Darwin systems
[168.306s] INFO:colcon.colcon_core.plugin_system:Skipping extension 'colcon_notification.desktop_notification.win32': Not used on non-Windows systems
[168.306s] INFO:colcon.colcon_notification.desktop_notification:Sending desktop notification using 'notify2'
[168.502s] DEBUG:colcon.colcon_core.event_reactor:joined thread
[168.504s] INFO:colcon.colcon_core.shell:Creating prefix script '/home/lota/ros2_ws/src/install/local_setup.ps1'
[168.511s] INFO:colcon.colcon_core.shell:Creating prefix util module '/home/lota/ros2_ws/src/install/_local_setup_util_ps1.py'
[168.525s] INFO:colcon.colcon_core.shell:Creating prefix chain script '/home/lota/ros2_ws/src/install/setup.ps1'
[168.529s] INFO:colcon.colcon_core.shell:Creating prefix script '/home/lota/ros2_ws/src/install/local_setup.sh'
[168.536s] INFO:colcon.colcon_core.shell:Creating prefix util module '/home/lota/ros2_ws/src/install/_local_setup_util_sh.py'
[168.543s] INFO:colcon.colcon_core.shell:Creating prefix chain script '/home/lota/ros2_ws/src/install/setup.sh'
[168.553s] INFO:colcon.colcon_core.shell:Creating prefix script '/home/lota/ros2_ws/src/install/local_setup.bash'
[168.558s] INFO:colcon.colcon_core.shell:Creating prefix chain script '/home/lota/ros2_ws/src/install/setup.bash'
[168.564s] INFO:colcon.colcon_core.shell:Creating prefix script '/home/lota/ros2_ws/src/install/local_setup.zsh'
[168.565s] INFO:colcon.colcon_core.shell:Creating prefix chain script '/home/lota/ros2_ws/src/install/setup.zsh'
