[0.000000] (-) TimerEvent: {}
[0.001730] (dual_lidar_tools) JobQueued: {'identifier': 'dual_lidar_tools', 'dependencies': OrderedDict()}
[0.001783] (imu_hwt911) JobQueued: {'identifier': 'imu_hwt911', 'dependencies': OrderedDict()}
[0.001800] (my_robot_config) JobQueued: {'identifier': 'my_robot_config', 'dependencies': OrderedDict()}
[0.001816] (rplidar_ros) JobQueued: {'identifier': 'rplidar_ros', 'dependencies': OrderedDict()}
[0.003438] (dual_lidar_tools) JobStarted: {'identifier': 'dual_lidar_tools'}
[0.037960] (imu_hwt911) JobStarted: {'identifier': 'imu_hwt911'}
[0.100948] (-) TimerEvent: {}
[0.204110] (-) TimerEvent: {}
[0.310188] (-) TimerEvent: {}
[0.410880] (-) TimerEvent: {}
[0.512507] (-) TimerEvent: {}
[0.614882] (-) TimerEvent: {}
[0.719237] (-) TimerEvent: {}
[0.823974] (-) TimerEvent: {}
[0.924499] (-) TimerEvent: {}
[1.025675] (-) TimerEvent: {}
[1.126431] (-) TimerEvent: {}
[1.233671] (-) TimerEvent: {}
[1.344228] (-) TimerEvent: {}
[1.446786] (-) TimerEvent: {}
[1.550259] (-) TimerEvent: {}
[1.651625] (-) TimerEvent: {}
[1.754295] (-) TimerEvent: {}
[1.860305] (-) TimerEvent: {}
[1.962398] (-) TimerEvent: {}
[2.066612] (-) TimerEvent: {}
[2.167651] (-) TimerEvent: {}
[2.269783] (-) TimerEvent: {}
[2.372240] (-) TimerEvent: {}
[2.476199] (-) TimerEvent: {}
[2.578431] (-) TimerEvent: {}
[2.680246] (-) TimerEvent: {}
[2.784654] (-) TimerEvent: {}
[2.889848] (-) TimerEvent: {}
[2.895270] (dual_lidar_tools) Command: {'cmd': ['/usr/bin/python3', '-W', 'ignore:setup.py install is deprecated', '-W', 'ignore:easy_install command is deprecated', 'setup.py', 'egg_info', '--egg-base', '../../build/dual_lidar_tools', 'build', '--build-base', '/home/lota/ros2_ws/build/dual_lidar_tools/build', 'install', '--record', '/home/lota/ros2_ws/build/dual_lidar_tools/install.log', '--single-version-externally-managed', 'install_data'], 'cwd': '/home/lota/ros2_ws/src/dual_lidar_tools', 'env': {'LANGUAGE': 'en_US:', 'USER': 'lota', 'LC_TIME': 'th_TH.UTF-8', 'XDG_SESSION_TYPE': 'wayland', 'SHLVL': '1', 'LD_LIBRARY_PATH': '/home/lota/install/dynamixel_sdk/lib:/usr/lib/x86_64-linux-gnu/gazebo-11/plugins:/opt/ros/humble/opt/rviz_ogre_vendor/lib:/opt/ros/humble/lib/x86_64-linux-gnu:/opt/ros/humble/lib', 'HOME': '/home/lota', 'OLDPWD': '/home/lota/ros2_ws', 'DESKTOP_SESSION': 'ubuntu', 'ROS_PYTHON_VERSION': '3', 'GNOME_SHELL_SESSION_MODE': 'ubuntu', 'GTK_MODULES': 'gail:atk-bridge', 'LC_MONETARY': 'th_TH.UTF-8', 'SYSTEMD_EXEC_PID': '3046', 'DBUS_SESSION_BUS_ADDRESS': 'unix:path=/run/user/1000/bus', 'COLORTERM': 'truecolor', 'IM_CONFIG_PHASE': '1', 'WAYLAND_DISPLAY': 'wayland-0', 'COLCON_PREFIX_PATH': '/home/lota/ros2_ws/install:/home/lota/install', 'ROS_DISTRO': 'humble', 'LOGNAME': 'lota', '_': '/usr/bin/colcon', 'ROS_VERSION': '2', 'XDG_SESSION_CLASS': 'user', 'USERNAME': 'lota', 'TERM': 'xterm-256color', 'GNOME_DESKTOP_SESSION_ID': 'this-is-deprecated', 'ROS_LOCALHOST_ONLY': '0', 'PATH': '/opt/ros/humble/bin:/usr/local/sbin:/usr/local/bin:/usr/sbin:/usr/bin:/sbin:/bin:/usr/games:/usr/local/games:/snap/bin:/snap/bin', 'SESSION_MANAGER': 'local/lota-virtual-machine:@/tmp/.ICE-unix/1967,unix/lota-virtual-machine:/tmp/.ICE-unix/1967', 'XDG_MENU_PREFIX': 'gnome-', 'LC_ADDRESS': 'th_TH.UTF-8', 'GNOME_TERMINAL_SCREEN': '/org/gnome/Terminal/screen/afbb2abc_0231_4596_9572_985e0ddea6de', 'GNOME_SETUP_DISPLAY': ':1', 'XDG_RUNTIME_DIR': '/run/user/1000', 'DISPLAY': ':0', 'LANG': 'en_US.UTF-8', 'XDG_CURRENT_DESKTOP': 'ubuntu:GNOME', 'LC_TELEPHONE': 'th_TH.UTF-8', 'XMODIFIERS': '@im=ibus', 'XDG_SESSION_DESKTOP': 'ubuntu', 'XAUTHORITY': '/run/user/1000/.mutter-Xwaylandauth.E9YLH3', 'LS_COLORS': 'di=1;36:ln=1;33:ex=1;32:fi=0', 'GNOME_TERMINAL_SERVICE': ':1.108', 'SSH_AGENT_LAUNCHER': 'gnome-keyring', 'SSH_AUTH_SOCK': '/run/user/1000/keyring/ssh', 'AMENT_PREFIX_PATH': '/home/lota/ros2_ws/install/rplidar_ros:/home/lota/ros2_ws/install/my_robot_config:/home/lota/ros2_ws/install/imu_hwt911:/home/lota/ros2_ws/install/dual_lidar_tools:/home/lota/install/rrt_planner:/home/lota/install/rplidar_ros:/home/lota/install/my_robot_config:/home/lota/install/dynamixel_sdk:/opt/ros/humble', 'SHELL': '/bin/bash', 'LC_NAME': 'th_TH.UTF-8', 'QT_ACCESSIBILITY': '1', 'GDMSESSION': 'ubuntu', 'LC_MEASUREMENT': 'th_TH.UTF-8', 'LC_IDENTIFICATION': 'th_TH.UTF-8', 'QT_IM_MODULE': 'ibus', 'PWD': '/home/lota/ros2_ws/build/dual_lidar_tools', 'LC_ALL': 'en_US.UTF-8', 'XDG_CONFIG_DIRS': '/etc/xdg/xdg-ubuntu:/etc/xdg', 'XDG_DATA_DIRS': '/usr/share/ubuntu:/usr/local/share/:/usr/share/:/var/lib/snapd/desktop', 'PYTHONPATH': '/home/lota/ros2_ws/build/dual_lidar_tools/prefix_override:/usr/lib/python3/dist-packages/colcon_core/task/python/colcon_distutils_commands:/home/lota/ros2_ws/install/dual_lidar_tools/lib/python3.10/site-packages:/home/lota/ros2_ws/install/imu_hwt911/lib/python3.10/site-packages:/home/lota/ros2_ws/install/dual_lidar_tools/lib/python3.10/site-packages:/home/lota/install/rrt_planner/lib/python3.10/site-packages:/opt/ros/humble/lib/python3.10/site-packages:/opt/ros/humble/local/lib/python3.10/dist-packages', 'LC_NUMERIC': 'th_TH.UTF-8', 'LC_PAPER': 'th_TH.UTF-8', 'COLCON': '1', 'VTE_VERSION': '6800', 'CMAKE_PREFIX_PATH': '/home/lota/ros2_ws/install/rplidar_ros:/home/lota/ros2_ws/install/my_robot_config:/home/lota/install/rplidar_ros:/home/lota/install/my_robot_config:/home/lota/install/dynamixel_sdk'}, 'shell': False}
[2.985740] (imu_hwt911) Command: {'cmd': ['/usr/bin/python3', '-W', 'ignore:setup.py install is deprecated', '-W', 'ignore:easy_install command is deprecated', 'setup.py', 'egg_info', '--egg-base', '../../build/imu_hwt911', 'build', '--build-base', '/home/lota/ros2_ws/build/imu_hwt911/build', 'install', '--record', '/home/lota/ros2_ws/build/imu_hwt911/install.log', '--single-version-externally-managed', 'install_data'], 'cwd': '/home/lota/ros2_ws/src/imu_hwt911', 'env': {'LANGUAGE': 'en_US:', 'USER': 'lota', 'LC_TIME': 'th_TH.UTF-8', 'XDG_SESSION_TYPE': 'wayland', 'SHLVL': '1', 'LD_LIBRARY_PATH': '/home/lota/install/dynamixel_sdk/lib:/usr/lib/x86_64-linux-gnu/gazebo-11/plugins:/opt/ros/humble/opt/rviz_ogre_vendor/lib:/opt/ros/humble/lib/x86_64-linux-gnu:/opt/ros/humble/lib', 'HOME': '/home/lota', 'OLDPWD': '/home/lota/ros2_ws', 'DESKTOP_SESSION': 'ubuntu', 'ROS_PYTHON_VERSION': '3', 'GNOME_SHELL_SESSION_MODE': 'ubuntu', 'GTK_MODULES': 'gail:atk-bridge', 'LC_MONETARY': 'th_TH.UTF-8', 'SYSTEMD_EXEC_PID': '3046', 'DBUS_SESSION_BUS_ADDRESS': 'unix:path=/run/user/1000/bus', 'COLORTERM': 'truecolor', 'IM_CONFIG_PHASE': '1', 'WAYLAND_DISPLAY': 'wayland-0', 'COLCON_PREFIX_PATH': '/home/lota/ros2_ws/install:/home/lota/install', 'ROS_DISTRO': 'humble', 'LOGNAME': 'lota', '_': '/usr/bin/colcon', 'ROS_VERSION': '2', 'XDG_SESSION_CLASS': 'user', 'USERNAME': 'lota', 'TERM': 'xterm-256color', 'GNOME_DESKTOP_SESSION_ID': 'this-is-deprecated', 'ROS_LOCALHOST_ONLY': '0', 'PATH': '/opt/ros/humble/bin:/usr/local/sbin:/usr/local/bin:/usr/sbin:/usr/bin:/sbin:/bin:/usr/games:/usr/local/games:/snap/bin:/snap/bin', 'SESSION_MANAGER': 'local/lota-virtual-machine:@/tmp/.ICE-unix/1967,unix/lota-virtual-machine:/tmp/.ICE-unix/1967', 'XDG_MENU_PREFIX': 'gnome-', 'LC_ADDRESS': 'th_TH.UTF-8', 'GNOME_TERMINAL_SCREEN': '/org/gnome/Terminal/screen/afbb2abc_0231_4596_9572_985e0ddea6de', 'GNOME_SETUP_DISPLAY': ':1', 'XDG_RUNTIME_DIR': '/run/user/1000', 'DISPLAY': ':0', 'LANG': 'en_US.UTF-8', 'XDG_CURRENT_DESKTOP': 'ubuntu:GNOME', 'LC_TELEPHONE': 'th_TH.UTF-8', 'XMODIFIERS': '@im=ibus', 'XDG_SESSION_DESKTOP': 'ubuntu', 'XAUTHORITY': '/run/user/1000/.mutter-Xwaylandauth.E9YLH3', 'LS_COLORS': 'di=1;36:ln=1;33:ex=1;32:fi=0', 'GNOME_TERMINAL_SERVICE': ':1.108', 'SSH_AGENT_LAUNCHER': 'gnome-keyring', 'SSH_AUTH_SOCK': '/run/user/1000/keyring/ssh', 'AMENT_PREFIX_PATH': '/home/lota/ros2_ws/install/rplidar_ros:/home/lota/ros2_ws/install/my_robot_config:/home/lota/ros2_ws/install/imu_hwt911:/home/lota/ros2_ws/install/dual_lidar_tools:/home/lota/install/rrt_planner:/home/lota/install/rplidar_ros:/home/lota/install/my_robot_config:/home/lota/install/dynamixel_sdk:/opt/ros/humble', 'SHELL': '/bin/bash', 'LC_NAME': 'th_TH.UTF-8', 'QT_ACCESSIBILITY': '1', 'GDMSESSION': 'ubuntu', 'LC_MEASUREMENT': 'th_TH.UTF-8', 'LC_IDENTIFICATION': 'th_TH.UTF-8', 'QT_IM_MODULE': 'ibus', 'PWD': '/home/lota/ros2_ws/build/imu_hwt911', 'LC_ALL': 'en_US.UTF-8', 'XDG_CONFIG_DIRS': '/etc/xdg/xdg-ubuntu:/etc/xdg', 'XDG_DATA_DIRS': '/usr/share/ubuntu:/usr/local/share/:/usr/share/:/var/lib/snapd/desktop', 'PYTHONPATH': '/home/lota/ros2_ws/build/imu_hwt911/prefix_override:/usr/lib/python3/dist-packages/colcon_core/task/python/colcon_distutils_commands:/home/lota/ros2_ws/install/imu_hwt911/lib/python3.10/site-packages:/home/lota/ros2_ws/install/imu_hwt911/lib/python3.10/site-packages:/home/lota/ros2_ws/install/dual_lidar_tools/lib/python3.10/site-packages:/home/lota/install/rrt_planner/lib/python3.10/site-packages:/opt/ros/humble/lib/python3.10/site-packages:/opt/ros/humble/local/lib/python3.10/dist-packages', 'LC_NUMERIC': 'th_TH.UTF-8', 'LC_PAPER': 'th_TH.UTF-8', 'COLCON': '1', 'VTE_VERSION': '6800', 'CMAKE_PREFIX_PATH': '/home/lota/ros2_ws/install/rplidar_ros:/home/lota/ros2_ws/install/my_robot_config:/home/lota/install/rplidar_ros:/home/lota/install/my_robot_config:/home/lota/install/dynamixel_sdk'}, 'shell': False}
[3.001919] (-) TimerEvent: {}
[3.102453] (-) TimerEvent: {}
[3.207279] (-) TimerEvent: {}
[3.310142] (-) TimerEvent: {}
[3.412047] (-) TimerEvent: {}
[3.516276] (-) TimerEvent: {}
[3.617272] (-) TimerEvent: {}
[3.720849] (-) TimerEvent: {}
[3.823044] (-) TimerEvent: {}
[3.928040] (-) TimerEvent: {}
[3.971448] (dual_lidar_tools) StdoutLine: {'line': b'running egg_info\n'}
[3.982169] (dual_lidar_tools) StdoutLine: {'line': b'writing ../../build/dual_lidar_tools/dual_lidar_tools.egg-info/PKG-INFO\n'}
[3.984605] (dual_lidar_tools) StdoutLine: {'line': b'writing dependency_links to ../../build/dual_lidar_tools/dual_lidar_tools.egg-info/dependency_links.txt\n'}
[3.984865] (dual_lidar_tools) StdoutLine: {'line': b'writing entry points to ../../build/dual_lidar_tools/dual_lidar_tools.egg-info/entry_points.txt\n'}
[3.984961] (dual_lidar_tools) StdoutLine: {'line': b'writing requirements to ../../build/dual_lidar_tools/dual_lidar_tools.egg-info/requires.txt\n'}
[3.986828] (dual_lidar_tools) StdoutLine: {'line': b'writing top-level names to ../../build/dual_lidar_tools/dual_lidar_tools.egg-info/top_level.txt\n'}
[3.996679] (dual_lidar_tools) StdoutLine: {'line': b"reading manifest file '../../build/dual_lidar_tools/dual_lidar_tools.egg-info/SOURCES.txt'\n"}
[4.001025] (dual_lidar_tools) StdoutLine: {'line': b"writing manifest file '../../build/dual_lidar_tools/dual_lidar_tools.egg-info/SOURCES.txt'\n"}
[4.004083] (dual_lidar_tools) StdoutLine: {'line': b'running build\n'}
[4.004242] (dual_lidar_tools) StdoutLine: {'line': b'running build_py\n'}
[4.007726] (dual_lidar_tools) StdoutLine: {'line': b'running install\n'}
[4.007892] (dual_lidar_tools) StdoutLine: {'line': b'running install_lib\n'}
[4.007933] (dual_lidar_tools) StdoutLine: {'line': b'running install_data\n'}
[4.007969] (dual_lidar_tools) StdoutLine: {'line': b'running install_egg_info\n'}
[4.012639] (dual_lidar_tools) StdoutLine: {'line': b"removing '/home/lota/ros2_ws/install/dual_lidar_tools/lib/python3.10/site-packages/dual_lidar_tools-0.0.0-py3.10.egg-info' (and everything under it)\n"}
[4.017625] (dual_lidar_tools) StdoutLine: {'line': b'Copying ../../build/dual_lidar_tools/dual_lidar_tools.egg-info to /home/lota/ros2_ws/install/dual_lidar_tools/lib/python3.10/site-packages/dual_lidar_tools-0.0.0-py3.10.egg-info\n'}
[4.022541] (dual_lidar_tools) StdoutLine: {'line': b'running install_scripts\n'}
[4.025031] (imu_hwt911) StdoutLine: {'line': b'running egg_info\n'}
[4.026896] (imu_hwt911) StdoutLine: {'line': b'writing ../../build/imu_hwt911/imu_hwt911.egg-info/PKG-INFO\n'}
[4.028273] (imu_hwt911) StdoutLine: {'line': b'writing dependency_links to ../../build/imu_hwt911/imu_hwt911.egg-info/dependency_links.txt\n'}
[4.028363] (-) TimerEvent: {}
[4.029466] (imu_hwt911) StdoutLine: {'line': b'writing entry points to ../../build/imu_hwt911/imu_hwt911.egg-info/entry_points.txt\n'}
[4.029927] (imu_hwt911) StdoutLine: {'line': b'writing requirements to ../../build/imu_hwt911/imu_hwt911.egg-info/requires.txt\n'}
[4.031987] (imu_hwt911) StdoutLine: {'line': b'writing top-level names to ../../build/imu_hwt911/imu_hwt911.egg-info/top_level.txt\n'}
[4.035856] (imu_hwt911) StdoutLine: {'line': b"reading manifest file '../../build/imu_hwt911/imu_hwt911.egg-info/SOURCES.txt'\n"}
[4.039539] (imu_hwt911) StdoutLine: {'line': b"writing manifest file '../../build/imu_hwt911/imu_hwt911.egg-info/SOURCES.txt'\n"}
[4.043459] (imu_hwt911) StdoutLine: {'line': b'running build\n'}
[4.043653] (imu_hwt911) StdoutLine: {'line': b'running build_py\n'}
[4.043720] (imu_hwt911) StdoutLine: {'line': b'running install\n'}
[4.043780] (imu_hwt911) StdoutLine: {'line': b'running install_lib\n'}
[4.046276] (imu_hwt911) StdoutLine: {'line': b'running install_data\n'}
[4.046964] (imu_hwt911) StdoutLine: {'line': b'running install_egg_info\n'}
[4.056276] (imu_hwt911) StdoutLine: {'line': b"removing '/home/lota/ros2_ws/install/imu_hwt911/lib/python3.10/site-packages/imu_hwt911-0.0.1-py3.10.egg-info' (and everything under it)\n"}
[4.059315] (imu_hwt911) StdoutLine: {'line': b'Copying ../../build/imu_hwt911/imu_hwt911.egg-info to /home/lota/ros2_ws/install/imu_hwt911/lib/python3.10/site-packages/imu_hwt911-0.0.1-py3.10.egg-info\n'}
[4.065657] (imu_hwt911) StdoutLine: {'line': b'running install_scripts\n'}
[4.118121] (dual_lidar_tools) StdoutLine: {'line': b'Installing dual_lidar_merger script to /home/lota/ros2_ws/install/dual_lidar_tools/lib/dual_lidar_tools\n'}
[4.118327] (dual_lidar_tools) StdoutLine: {'line': b"writing list of installed files to '/home/lota/ros2_ws/build/dual_lidar_tools/install.log'\n"}
[4.129469] (-) TimerEvent: {}
[4.130929] (imu_hwt911) StdoutLine: {'line': b'Installing hwt911_node script to /home/lota/ros2_ws/install/imu_hwt911/lib/imu_hwt911\n'}
[4.131278] (imu_hwt911) StdoutLine: {'line': b"writing list of installed files to '/home/lota/ros2_ws/build/imu_hwt911/install.log'\n"}
[4.230979] (-) TimerEvent: {}
[4.244321] (dual_lidar_tools) CommandEnded: {'returncode': 0}
[4.292725] (dual_lidar_tools) JobEnded: {'identifier': 'dual_lidar_tools', 'rc': 0}
[4.293373] (my_robot_config) JobStarted: {'identifier': 'my_robot_config'}
[4.314325] (imu_hwt911) CommandEnded: {'returncode': 0}
[4.334393] (-) TimerEvent: {}
[4.341643] (imu_hwt911) JobEnded: {'identifier': 'imu_hwt911', 'rc': 0}
[4.346853] (rplidar_ros) JobStarted: {'identifier': 'rplidar_ros'}
[4.363482] (my_robot_config) JobProgress: {'identifier': 'my_robot_config', 'progress': 'cmake'}
[4.367480] (my_robot_config) JobProgress: {'identifier': 'my_robot_config', 'progress': 'build'}
[4.368364] (my_robot_config) Command: {'cmd': ['/usr/bin/cmake', '--build', '/home/lota/ros2_ws/build/my_robot_config', '--', '-j2', '-l2'], 'cwd': '/home/lota/ros2_ws/build/my_robot_config', 'env': OrderedDict([('LANGUAGE', 'en_US:'), ('USER', 'lota'), ('LC_TIME', 'th_TH.UTF-8'), ('XDG_SESSION_TYPE', 'wayland'), ('SHLVL', '1'), ('LD_LIBRARY_PATH', '/home/lota/install/dynamixel_sdk/lib:/usr/lib/x86_64-linux-gnu/gazebo-11/plugins:/opt/ros/humble/opt/rviz_ogre_vendor/lib:/opt/ros/humble/lib/x86_64-linux-gnu:/opt/ros/humble/lib'), ('HOME', '/home/lota'), ('OLDPWD', '/home/lota/ros2_ws'), ('DESKTOP_SESSION', 'ubuntu'), ('ROS_PYTHON_VERSION', '3'), ('GNOME_SHELL_SESSION_MODE', 'ubuntu'), ('GTK_MODULES', 'gail:atk-bridge'), ('LC_MONETARY', 'th_TH.UTF-8'), ('SYSTEMD_EXEC_PID', '3046'), ('DBUS_SESSION_BUS_ADDRESS', 'unix:path=/run/user/1000/bus'), ('COLORTERM', 'truecolor'), ('IM_CONFIG_PHASE', '1'), ('WAYLAND_DISPLAY', 'wayland-0'), ('COLCON_PREFIX_PATH', '/home/lota/ros2_ws/install:/home/lota/install'), ('ROS_DISTRO', 'humble'), ('LOGNAME', 'lota'), ('_', '/usr/bin/colcon'), ('ROS_VERSION', '2'), ('XDG_SESSION_CLASS', 'user'), ('USERNAME', 'lota'), ('TERM', 'xterm-256color'), ('GNOME_DESKTOP_SESSION_ID', 'this-is-deprecated'), ('ROS_LOCALHOST_ONLY', '0'), ('PATH', '/opt/ros/humble/bin:/usr/local/sbin:/usr/local/bin:/usr/sbin:/usr/bin:/sbin:/bin:/usr/games:/usr/local/games:/snap/bin:/snap/bin'), ('SESSION_MANAGER', 'local/lota-virtual-machine:@/tmp/.ICE-unix/1967,unix/lota-virtual-machine:/tmp/.ICE-unix/1967'), ('XDG_MENU_PREFIX', 'gnome-'), ('LC_ADDRESS', 'th_TH.UTF-8'), ('GNOME_TERMINAL_SCREEN', '/org/gnome/Terminal/screen/afbb2abc_0231_4596_9572_985e0ddea6de'), ('GNOME_SETUP_DISPLAY', ':1'), ('XDG_RUNTIME_DIR', '/run/user/1000'), ('DISPLAY', ':0'), ('LANG', 'en_US.UTF-8'), ('XDG_CURRENT_DESKTOP', 'ubuntu:GNOME'), ('LC_TELEPHONE', 'th_TH.UTF-8'), ('XMODIFIERS', '@im=ibus'), ('XDG_SESSION_DESKTOP', 'ubuntu'), ('XAUTHORITY', '/run/user/1000/.mutter-Xwaylandauth.E9YLH3'), ('LS_COLORS', 'di=1;36:ln=1;33:ex=1;32:fi=0'), ('GNOME_TERMINAL_SERVICE', ':1.108'), ('SSH_AGENT_LAUNCHER', 'gnome-keyring'), ('SSH_AUTH_SOCK', '/run/user/1000/keyring/ssh'), ('AMENT_PREFIX_PATH', '/home/lota/ros2_ws/install/rplidar_ros:/home/lota/ros2_ws/install/my_robot_config:/home/lota/ros2_ws/install/imu_hwt911:/home/lota/ros2_ws/install/dual_lidar_tools:/home/lota/install/rrt_planner:/home/lota/install/rplidar_ros:/home/lota/install/my_robot_config:/home/lota/install/dynamixel_sdk:/opt/ros/humble'), ('SHELL', '/bin/bash'), ('LC_NAME', 'th_TH.UTF-8'), ('QT_ACCESSIBILITY', '1'), ('GDMSESSION', 'ubuntu'), ('LC_MEASUREMENT', 'th_TH.UTF-8'), ('LC_IDENTIFICATION', 'th_TH.UTF-8'), ('QT_IM_MODULE', 'ibus'), ('PWD', '/home/lota/ros2_ws/build/my_robot_config'), ('LC_ALL', 'en_US.UTF-8'), ('XDG_CONFIG_DIRS', '/etc/xdg/xdg-ubuntu:/etc/xdg'), ('XDG_DATA_DIRS', '/usr/share/ubuntu:/usr/local/share/:/usr/share/:/var/lib/snapd/desktop'), ('PYTHONPATH', '/home/lota/ros2_ws/install/imu_hwt911/lib/python3.10/site-packages:/home/lota/ros2_ws/install/dual_lidar_tools/lib/python3.10/site-packages:/home/lota/install/rrt_planner/lib/python3.10/site-packages:/opt/ros/humble/lib/python3.10/site-packages:/opt/ros/humble/local/lib/python3.10/dist-packages'), ('LC_NUMERIC', 'th_TH.UTF-8'), ('LC_PAPER', 'th_TH.UTF-8'), ('COLCON', '1'), ('VTE_VERSION', '6800'), ('CMAKE_PREFIX_PATH', '/home/lota/ros2_ws/install/rplidar_ros:/home/lota/ros2_ws/install/my_robot_config:/home/lota/install/rplidar_ros:/home/lota/install/my_robot_config:/home/lota/install/dynamixel_sdk:/home/lota/ros2_ws/install/imu_hwt911:/home/lota/ros2_ws/install/dual_lidar_tools:/home/lota/install/rrt_planner:/opt/ros/humble')]), 'shell': False}
[4.386418] (rplidar_ros) JobProgress: {'identifier': 'rplidar_ros', 'progress': 'cmake'}
[4.386497] (rplidar_ros) JobProgress: {'identifier': 'rplidar_ros', 'progress': 'build'}
[4.386518] (rplidar_ros) Command: {'cmd': ['/usr/bin/cmake', '--build', '/home/lota/ros2_ws/build/rplidar_ros', '--', '-j2', '-l2'], 'cwd': '/home/lota/ros2_ws/build/rplidar_ros', 'env': OrderedDict([('LANGUAGE', 'en_US:'), ('USER', 'lota'), ('LC_TIME', 'th_TH.UTF-8'), ('XDG_SESSION_TYPE', 'wayland'), ('SHLVL', '1'), ('LD_LIBRARY_PATH', '/home/lota/install/dynamixel_sdk/lib:/usr/lib/x86_64-linux-gnu/gazebo-11/plugins:/opt/ros/humble/opt/rviz_ogre_vendor/lib:/opt/ros/humble/lib/x86_64-linux-gnu:/opt/ros/humble/lib'), ('HOME', '/home/lota'), ('OLDPWD', '/home/lota/ros2_ws'), ('DESKTOP_SESSION', 'ubuntu'), ('ROS_PYTHON_VERSION', '3'), ('GNOME_SHELL_SESSION_MODE', 'ubuntu'), ('GTK_MODULES', 'gail:atk-bridge'), ('LC_MONETARY', 'th_TH.UTF-8'), ('SYSTEMD_EXEC_PID', '3046'), ('DBUS_SESSION_BUS_ADDRESS', 'unix:path=/run/user/1000/bus'), ('COLORTERM', 'truecolor'), ('IM_CONFIG_PHASE', '1'), ('WAYLAND_DISPLAY', 'wayland-0'), ('COLCON_PREFIX_PATH', '/home/lota/ros2_ws/install:/home/lota/install'), ('ROS_DISTRO', 'humble'), ('LOGNAME', 'lota'), ('_', '/usr/bin/colcon'), ('ROS_VERSION', '2'), ('XDG_SESSION_CLASS', 'user'), ('USERNAME', 'lota'), ('TERM', 'xterm-256color'), ('GNOME_DESKTOP_SESSION_ID', 'this-is-deprecated'), ('ROS_LOCALHOST_ONLY', '0'), ('PATH', '/opt/ros/humble/bin:/usr/local/sbin:/usr/local/bin:/usr/sbin:/usr/bin:/sbin:/bin:/usr/games:/usr/local/games:/snap/bin:/snap/bin'), ('SESSION_MANAGER', 'local/lota-virtual-machine:@/tmp/.ICE-unix/1967,unix/lota-virtual-machine:/tmp/.ICE-unix/1967'), ('XDG_MENU_PREFIX', 'gnome-'), ('LC_ADDRESS', 'th_TH.UTF-8'), ('GNOME_TERMINAL_SCREEN', '/org/gnome/Terminal/screen/afbb2abc_0231_4596_9572_985e0ddea6de'), ('GNOME_SETUP_DISPLAY', ':1'), ('XDG_RUNTIME_DIR', '/run/user/1000'), ('DISPLAY', ':0'), ('LANG', 'en_US.UTF-8'), ('XDG_CURRENT_DESKTOP', 'ubuntu:GNOME'), ('LC_TELEPHONE', 'th_TH.UTF-8'), ('XMODIFIERS', '@im=ibus'), ('XDG_SESSION_DESKTOP', 'ubuntu'), ('XAUTHORITY', '/run/user/1000/.mutter-Xwaylandauth.E9YLH3'), ('LS_COLORS', 'di=1;36:ln=1;33:ex=1;32:fi=0'), ('GNOME_TERMINAL_SERVICE', ':1.108'), ('SSH_AGENT_LAUNCHER', 'gnome-keyring'), ('SSH_AUTH_SOCK', '/run/user/1000/keyring/ssh'), ('AMENT_PREFIX_PATH', '/home/lota/ros2_ws/install/rplidar_ros:/home/lota/ros2_ws/install/my_robot_config:/home/lota/ros2_ws/install/imu_hwt911:/home/lota/ros2_ws/install/dual_lidar_tools:/home/lota/install/rrt_planner:/home/lota/install/rplidar_ros:/home/lota/install/my_robot_config:/home/lota/install/dynamixel_sdk:/opt/ros/humble'), ('SHELL', '/bin/bash'), ('LC_NAME', 'th_TH.UTF-8'), ('QT_ACCESSIBILITY', '1'), ('GDMSESSION', 'ubuntu'), ('LC_MEASUREMENT', 'th_TH.UTF-8'), ('LC_IDENTIFICATION', 'th_TH.UTF-8'), ('QT_IM_MODULE', 'ibus'), ('PWD', '/home/lota/ros2_ws/build/rplidar_ros'), ('LC_ALL', 'en_US.UTF-8'), ('XDG_CONFIG_DIRS', '/etc/xdg/xdg-ubuntu:/etc/xdg'), ('XDG_DATA_DIRS', '/usr/share/ubuntu:/usr/local/share/:/usr/share/:/var/lib/snapd/desktop'), ('PYTHONPATH', '/home/lota/ros2_ws/install/imu_hwt911/lib/python3.10/site-packages:/home/lota/ros2_ws/install/dual_lidar_tools/lib/python3.10/site-packages:/home/lota/install/rrt_planner/lib/python3.10/site-packages:/opt/ros/humble/lib/python3.10/site-packages:/opt/ros/humble/local/lib/python3.10/dist-packages'), ('LC_NUMERIC', 'th_TH.UTF-8'), ('LC_PAPER', 'th_TH.UTF-8'), ('COLCON', '1'), ('VTE_VERSION', '6800'), ('CMAKE_PREFIX_PATH', '/home/lota/ros2_ws/install/rplidar_ros:/home/lota/ros2_ws/install/my_robot_config:/home/lota/install/rplidar_ros:/home/lota/install/my_robot_config:/home/lota/install/dynamixel_sdk:/home/lota/ros2_ws/install/imu_hwt911:/home/lota/ros2_ws/install/dual_lidar_tools:/home/lota/install/rrt_planner:/opt/ros/humble')]), 'shell': False}
[4.439823] (-) TimerEvent: {}
[4.543917] (-) TimerEvent: {}
[4.574277] (my_robot_config) CommandEnded: {'returncode': 0}
[4.580793] (my_robot_config) JobProgress: {'identifier': 'my_robot_config', 'progress': 'install'}
[4.593494] (my_robot_config) Command: {'cmd': ['/usr/bin/cmake', '--install', '/home/lota/ros2_ws/build/my_robot_config'], 'cwd': '/home/lota/ros2_ws/build/my_robot_config', 'env': OrderedDict([('LANGUAGE', 'en_US:'), ('USER', 'lota'), ('LC_TIME', 'th_TH.UTF-8'), ('XDG_SESSION_TYPE', 'wayland'), ('SHLVL', '1'), ('LD_LIBRARY_PATH', '/home/lota/install/dynamixel_sdk/lib:/usr/lib/x86_64-linux-gnu/gazebo-11/plugins:/opt/ros/humble/opt/rviz_ogre_vendor/lib:/opt/ros/humble/lib/x86_64-linux-gnu:/opt/ros/humble/lib'), ('HOME', '/home/lota'), ('OLDPWD', '/home/lota/ros2_ws'), ('DESKTOP_SESSION', 'ubuntu'), ('ROS_PYTHON_VERSION', '3'), ('GNOME_SHELL_SESSION_MODE', 'ubuntu'), ('GTK_MODULES', 'gail:atk-bridge'), ('LC_MONETARY', 'th_TH.UTF-8'), ('SYSTEMD_EXEC_PID', '3046'), ('DBUS_SESSION_BUS_ADDRESS', 'unix:path=/run/user/1000/bus'), ('COLORTERM', 'truecolor'), ('IM_CONFIG_PHASE', '1'), ('WAYLAND_DISPLAY', 'wayland-0'), ('COLCON_PREFIX_PATH', '/home/lota/ros2_ws/install:/home/lota/install'), ('ROS_DISTRO', 'humble'), ('LOGNAME', 'lota'), ('_', '/usr/bin/colcon'), ('ROS_VERSION', '2'), ('XDG_SESSION_CLASS', 'user'), ('USERNAME', 'lota'), ('TERM', 'xterm-256color'), ('GNOME_DESKTOP_SESSION_ID', 'this-is-deprecated'), ('ROS_LOCALHOST_ONLY', '0'), ('PATH', '/opt/ros/humble/bin:/usr/local/sbin:/usr/local/bin:/usr/sbin:/usr/bin:/sbin:/bin:/usr/games:/usr/local/games:/snap/bin:/snap/bin'), ('SESSION_MANAGER', 'local/lota-virtual-machine:@/tmp/.ICE-unix/1967,unix/lota-virtual-machine:/tmp/.ICE-unix/1967'), ('XDG_MENU_PREFIX', 'gnome-'), ('LC_ADDRESS', 'th_TH.UTF-8'), ('GNOME_TERMINAL_SCREEN', '/org/gnome/Terminal/screen/afbb2abc_0231_4596_9572_985e0ddea6de'), ('GNOME_SETUP_DISPLAY', ':1'), ('XDG_RUNTIME_DIR', '/run/user/1000'), ('DISPLAY', ':0'), ('LANG', 'en_US.UTF-8'), ('XDG_CURRENT_DESKTOP', 'ubuntu:GNOME'), ('LC_TELEPHONE', 'th_TH.UTF-8'), ('XMODIFIERS', '@im=ibus'), ('XDG_SESSION_DESKTOP', 'ubuntu'), ('XAUTHORITY', '/run/user/1000/.mutter-Xwaylandauth.E9YLH3'), ('LS_COLORS', 'di=1;36:ln=1;33:ex=1;32:fi=0'), ('GNOME_TERMINAL_SERVICE', ':1.108'), ('SSH_AGENT_LAUNCHER', 'gnome-keyring'), ('SSH_AUTH_SOCK', '/run/user/1000/keyring/ssh'), ('AMENT_PREFIX_PATH', '/home/lota/ros2_ws/install/rplidar_ros:/home/lota/ros2_ws/install/my_robot_config:/home/lota/ros2_ws/install/imu_hwt911:/home/lota/ros2_ws/install/dual_lidar_tools:/home/lota/install/rrt_planner:/home/lota/install/rplidar_ros:/home/lota/install/my_robot_config:/home/lota/install/dynamixel_sdk:/opt/ros/humble'), ('SHELL', '/bin/bash'), ('LC_NAME', 'th_TH.UTF-8'), ('QT_ACCESSIBILITY', '1'), ('GDMSESSION', 'ubuntu'), ('LC_MEASUREMENT', 'th_TH.UTF-8'), ('LC_IDENTIFICATION', 'th_TH.UTF-8'), ('QT_IM_MODULE', 'ibus'), ('PWD', '/home/lota/ros2_ws/build/my_robot_config'), ('LC_ALL', 'en_US.UTF-8'), ('XDG_CONFIG_DIRS', '/etc/xdg/xdg-ubuntu:/etc/xdg'), ('XDG_DATA_DIRS', '/usr/share/ubuntu:/usr/local/share/:/usr/share/:/var/lib/snapd/desktop'), ('PYTHONPATH', '/home/lota/ros2_ws/install/imu_hwt911/lib/python3.10/site-packages:/home/lota/ros2_ws/install/dual_lidar_tools/lib/python3.10/site-packages:/home/lota/install/rrt_planner/lib/python3.10/site-packages:/opt/ros/humble/lib/python3.10/site-packages:/opt/ros/humble/local/lib/python3.10/dist-packages'), ('LC_NUMERIC', 'th_TH.UTF-8'), ('LC_PAPER', 'th_TH.UTF-8'), ('COLCON', '1'), ('VTE_VERSION', '6800'), ('CMAKE_PREFIX_PATH', '/home/lota/ros2_ws/install/rplidar_ros:/home/lota/ros2_ws/install/my_robot_config:/home/lota/install/rplidar_ros:/home/lota/install/my_robot_config:/home/lota/install/dynamixel_sdk:/home/lota/ros2_ws/install/imu_hwt911:/home/lota/ros2_ws/install/dual_lidar_tools:/home/lota/install/rrt_planner:/opt/ros/humble')]), 'shell': False}
[4.616591] (my_robot_config) StdoutLine: {'line': b'-- Install configuration: ""\n'}
[4.618625] (my_robot_config) StdoutLine: {'line': b'-- Execute custom install script\n'}
[4.619407] (my_robot_config) StdoutLine: {'line': b'-- Up-to-date symlink: /home/lota/ros2_ws/install/my_robot_config/share/my_robot_config//launch/bringup_localization.launch.py\n'}
[4.622423] (my_robot_config) StdoutLine: {'line': b'-- Up-to-date symlink: /home/lota/ros2_ws/install/my_robot_config/share/my_robot_config//launch/bringup_navigation.launch.py\n'}
[4.622954] (my_robot_config) StdoutLine: {'line': b'-- Up-to-date symlink: /home/lota/ros2_ws/install/my_robot_config/share/my_robot_config//launch/dual_lidar_with_merge.launch.py\n'}
[4.623037] (my_robot_config) StdoutLine: {'line': b'-- Up-to-date symlink: /home/lota/ros2_ws/install/my_robot_config/share/my_robot_config//launch/encoder_imu_odom.launch.py\n'}
[4.623093] (my_robot_config) StdoutLine: {'line': b'-- Up-to-date symlink: /home/lota/ros2_ws/install/my_robot_config/share/my_robot_config//launch/slam_2lidar.launch.py\n'}
[4.625494] (my_robot_config) StderrLine: {'line': b'\x1b[33mCMake Warning (dev) at ament_cmake_symlink_install/ament_cmake_symlink_install.cmake:62 (file):\n'}
[4.625651] (my_robot_config) StderrLine: {'line': b'  Policy CMP0009 is not set: FILE GLOB_RECURSE calls should not follow\n'}
[4.625711] (my_robot_config) StderrLine: {'line': b'  symlinks by default.  Run "cmake --help-policy CMP0009" for policy details.\n'}
[4.625764] (my_robot_config) StderrLine: {'line': b'  Use the cmake_policy command to set the policy and suppress this warning.\n'}
[4.625815] (my_robot_config) StderrLine: {'line': b'Call Stack (most recent call first):\n'}
[4.625941] (my_robot_config) StderrLine: {'line': b'  ament_cmake_symlink_install/ament_cmake_symlink_install.cmake:314 (ament_cmake_symlink_install_directory)\n'}
[4.625997] (my_robot_config) StderrLine: {'line': b'  cmake_install.cmake:46 (include)\n'}
[4.626046] (my_robot_config) StderrLine: {'line': b'This warning is for project developers.  Use -Wno-dev to suppress it.\n'}
[4.629960] (my_robot_config) StderrLine: {'line': b'\x1b[0m\n'}
[4.630110] (my_robot_config) StdoutLine: {'line': b'-- Up-to-date symlink: /home/lota/ros2_ws/install/my_robot_config/share/my_robot_config//config/amcl.yaml\n'}
[4.634260] (my_robot_config) StdoutLine: {'line': b'-- Up-to-date symlink: /home/lota/ros2_ws/install/my_robot_config/share/my_robot_config//config/build/.built_by\n'}
[4.634435] (my_robot_config) StdoutLine: {'line': b'-- Up-to-date symlink: /home/lota/ros2_ws/install/my_robot_config/share/my_robot_config//config/build/COLCON_IGNORE\n'}
[4.634504] (my_robot_config) StdoutLine: {'line': b'-- Up-to-date symlink: /home/lota/ros2_ws/install/my_robot_config/share/my_robot_config//config/dual_lidar_merge.yaml\n'}
[4.634665] (my_robot_config) StdoutLine: {'line': b'-- Up-to-date symlink: /home/lota/ros2_ws/install/my_robot_config/share/my_robot_config//config/install/.colcon_install_layout\n'}
[4.634727] (my_robot_config) StdoutLine: {'line': b'-- Up-to-date symlink: /home/lota/ros2_ws/install/my_robot_config/share/my_robot_config//config/install/COLCON_IGNORE\n'}
[4.636732] (my_robot_config) StdoutLine: {'line': b'-- Up-to-date symlink: /home/lota/ros2_ws/install/my_robot_config/share/my_robot_config//config/install/_local_setup_util_ps1.py\n'}
[4.636954] (my_robot_config) StdoutLine: {'line': b'-- Up-to-date symlink: /home/lota/ros2_ws/install/my_robot_config/share/my_robot_config//config/install/_local_setup_util_sh.py\n'}
[4.639300] (my_robot_config) StdoutLine: {'line': b'-- Up-to-date symlink: /home/lota/ros2_ws/install/my_robot_config/share/my_robot_config//config/install/local_setup.bash\n'}
[4.640120] (my_robot_config) StdoutLine: {'line': b'-- Up-to-date symlink: /home/lota/ros2_ws/install/my_robot_config/share/my_robot_config//config/install/local_setup.ps1\n'}
[4.641872] (my_robot_config) StdoutLine: {'line': b'-- Up-to-date symlink: /home/lota/ros2_ws/install/my_robot_config/share/my_robot_config//config/install/local_setup.sh\n'}
[4.643544] (my_robot_config) StdoutLine: {'line': b'-- Up-to-date symlink: /home/lota/ros2_ws/install/my_robot_config/share/my_robot_config//config/install/local_setup.zsh\n'}
[4.644051] (-) TimerEvent: {}
[4.645482] (my_robot_config) StdoutLine: {'line': b'-- Up-to-date symlink: /home/lota/ros2_ws/install/my_robot_config/share/my_robot_config//config/install/setup.bash\n'}
[4.647258] (my_robot_config) StdoutLine: {'line': b'-- Up-to-date symlink: /home/lota/ros2_ws/install/my_robot_config/share/my_robot_config//config/install/setup.ps1\n'}
[4.648948] (my_robot_config) StdoutLine: {'line': b'-- Up-to-date symlink: /home/lota/ros2_ws/install/my_robot_config/share/my_robot_config//config/install/setup.sh\n'}
[4.650189] (my_robot_config) StdoutLine: {'line': b'-- Up-to-date symlink: /home/lota/ros2_ws/install/my_robot_config/share/my_robot_config//config/install/setup.zsh\n'}
[4.652236] (my_robot_config) StdoutLine: {'line': b'-- Up-to-date symlink: /home/lota/ros2_ws/install/my_robot_config/share/my_robot_config//config/log/COLCON_IGNORE\n'}
[4.653927] (my_robot_config) StdoutLine: {'line': b'-- Up-to-date symlink: /home/lota/ros2_ws/install/my_robot_config/share/my_robot_config//config/log/build_2025-12-26_21-04-28/events.log\n'}
[4.654055] (my_robot_config) StdoutLine: {'line': b'-- Up-to-date symlink: /home/lota/ros2_ws/install/my_robot_config/share/my_robot_config//config/log/build_2025-12-26_21-04-28/logger_all.log\n'}
[4.657400] (my_robot_config) StdoutLine: {'line': b'-- Up-to-date symlink: /home/lota/ros2_ws/install/my_robot_config/share/my_robot_config//config/log/latest/events.log\n'}
[4.658301] (my_robot_config) StdoutLine: {'line': b'-- Up-to-date symlink: /home/lota/ros2_ws/install/my_robot_config/share/my_robot_config//config/log/latest/logger_all.log\n'}
[4.660039] (my_robot_config) StdoutLine: {'line': b'-- Up-to-date symlink: /home/lota/ros2_ws/install/my_robot_config/share/my_robot_config//config/log/latest_build/events.log\n'}
[4.660237] (my_robot_config) StdoutLine: {'line': b'-- Up-to-date symlink: /home/lota/ros2_ws/install/my_robot_config/share/my_robot_config//config/log/latest_build/logger_all.log\n'}
[4.660302] (my_robot_config) StdoutLine: {'line': b'-- Up-to-date symlink: /home/lota/ros2_ws/install/my_robot_config/share/my_robot_config//config/nav2_controller_only.yaml\n'}
[4.662333] (my_robot_config) StdoutLine: {'line': b'-- Up-to-date symlink: /home/lota/ros2_ws/install/my_robot_config/share/my_robot_config//config/nav2_params.yaml\n'}
[4.662450] (my_robot_config) StdoutLine: {'line': b'-- Up-to-date symlink: /home/lota/ros2_ws/install/my_robot_config/share/my_robot_config//config/odom_ekf.yaml\n'}
[4.662494] (my_robot_config) StdoutLine: {'line': b'-- Up-to-date symlink: /home/lota/ros2_ws/install/my_robot_config/share/my_robot_config//config/slam_toolbox_merged.yaml\n'}
[4.664815] (my_robot_config) StdoutLine: {'line': b'-- Up-to-date symlink: /home/lota/ros2_ws/install/my_robot_config/lib/my_robot_config/imu_odom.py\n'}
[4.667101] (my_robot_config) StdoutLine: {'line': b'-- Up-to-date symlink: /home/lota/ros2_ws/install/my_robot_config/lib/my_robot_config/stm32_reader.py\n'}
[4.668945] (my_robot_config) StdoutLine: {'line': b'-- Up-to-date symlink: /home/lota/ros2_ws/install/my_robot_config/lib/my_robot_config/encoder_dep_trai.py\n'}
[4.670754] (my_robot_config) StdoutLine: {'line': b'-- Up-to-date symlink: /home/lota/ros2_ws/install/my_robot_config/lib/my_robot_config/wheel_tf_node.py\n'}
[4.671217] (my_robot_config) StdoutLine: {'line': b'-- Up-to-date symlink: /home/lota/ros2_ws/install/my_robot_config/share/ament_index/resource_index/package_run_dependencies/my_robot_config\n'}
[4.673065] (my_robot_config) StdoutLine: {'line': b'-- Up-to-date symlink: /home/lota/ros2_ws/install/my_robot_config/share/ament_index/resource_index/parent_prefix_path/my_robot_config\n'}
[4.674417] (my_robot_config) StdoutLine: {'line': b'-- Up-to-date symlink: /home/lota/ros2_ws/install/my_robot_config/share/my_robot_config/environment/ament_prefix_path.sh\n'}
[4.678262] (my_robot_config) StdoutLine: {'line': b'-- Up-to-date symlink: /home/lota/ros2_ws/install/my_robot_config/share/my_robot_config/environment/ament_prefix_path.dsv\n'}
[4.681929] (my_robot_config) StdoutLine: {'line': b'-- Up-to-date symlink: /home/lota/ros2_ws/install/my_robot_config/share/my_robot_config/environment/path.sh\n'}
[4.682805] (my_robot_config) StdoutLine: {'line': b'-- Up-to-date symlink: /home/lota/ros2_ws/install/my_robot_config/share/my_robot_config/environment/path.dsv\n'}
[4.682888] (my_robot_config) StdoutLine: {'line': b'-- Up-to-date symlink: /home/lota/ros2_ws/install/my_robot_config/share/my_robot_config/local_setup.bash\n'}
[4.682948] (my_robot_config) StdoutLine: {'line': b'-- Up-to-date symlink: /home/lota/ros2_ws/install/my_robot_config/share/my_robot_config/local_setup.sh\n'}
[4.683006] (my_robot_config) StdoutLine: {'line': b'-- Up-to-date symlink: /home/lota/ros2_ws/install/my_robot_config/share/my_robot_config/local_setup.zsh\n'}
[4.683064] (my_robot_config) StdoutLine: {'line': b'-- Up-to-date symlink: /home/lota/ros2_ws/install/my_robot_config/share/my_robot_config/local_setup.dsv\n'}
[4.688083] (my_robot_config) StdoutLine: {'line': b'-- Symlinking: /home/lota/ros2_ws/install/my_robot_config/share/my_robot_config/package.dsv\n'}
[4.696389] (rplidar_ros) StdoutLine: {'line': b'[ 47%] Built target rplidar_node\n'}
[4.715725] (my_robot_config) StdoutLine: {'line': b'-- Up-to-date symlink: /home/lota/ros2_ws/install/my_robot_config/share/ament_index/resource_index/packages/my_robot_config\n'}
[4.717751] (my_robot_config) StdoutLine: {'line': b'-- Up-to-date symlink: /home/lota/ros2_ws/install/my_robot_config/share/my_robot_config/cmake/my_robot_configConfig.cmake\n'}
[4.717885] (my_robot_config) StdoutLine: {'line': b'-- Up-to-date symlink: /home/lota/ros2_ws/install/my_robot_config/share/my_robot_config/cmake/my_robot_configConfig-version.cmake\n'}
[4.717949] (my_robot_config) StdoutLine: {'line': b'-- Up-to-date symlink: /home/lota/ros2_ws/install/my_robot_config/share/my_robot_config/package.xml\n'}
[4.721598] (my_robot_config) CommandEnded: {'returncode': 0}
[4.745382] (-) TimerEvent: {}
[4.818078] (rplidar_ros) StdoutLine: {'line': b'[ 94%] Built target rplidar_composition\n'}
[4.840000] (my_robot_config) JobEnded: {'identifier': 'my_robot_config', 'rc': 0}
[4.845981] (-) TimerEvent: {}
[4.881280] (rplidar_ros) StdoutLine: {'line': b'[100%] Built target rplidar_client\n'}
[4.911892] (rplidar_ros) CommandEnded: {'returncode': 0}
[4.917984] (rplidar_ros) JobProgress: {'identifier': 'rplidar_ros', 'progress': 'install'}
[4.920677] (rplidar_ros) Command: {'cmd': ['/usr/bin/cmake', '--install', '/home/lota/ros2_ws/build/rplidar_ros'], 'cwd': '/home/lota/ros2_ws/build/rplidar_ros', 'env': OrderedDict([('LANGUAGE', 'en_US:'), ('USER', 'lota'), ('LC_TIME', 'th_TH.UTF-8'), ('XDG_SESSION_TYPE', 'wayland'), ('SHLVL', '1'), ('LD_LIBRARY_PATH', '/home/lota/install/dynamixel_sdk/lib:/usr/lib/x86_64-linux-gnu/gazebo-11/plugins:/opt/ros/humble/opt/rviz_ogre_vendor/lib:/opt/ros/humble/lib/x86_64-linux-gnu:/opt/ros/humble/lib'), ('HOME', '/home/lota'), ('OLDPWD', '/home/lota/ros2_ws'), ('DESKTOP_SESSION', 'ubuntu'), ('ROS_PYTHON_VERSION', '3'), ('GNOME_SHELL_SESSION_MODE', 'ubuntu'), ('GTK_MODULES', 'gail:atk-bridge'), ('LC_MONETARY', 'th_TH.UTF-8'), ('SYSTEMD_EXEC_PID', '3046'), ('DBUS_SESSION_BUS_ADDRESS', 'unix:path=/run/user/1000/bus'), ('COLORTERM', 'truecolor'), ('IM_CONFIG_PHASE', '1'), ('WAYLAND_DISPLAY', 'wayland-0'), ('COLCON_PREFIX_PATH', '/home/lota/ros2_ws/install:/home/lota/install'), ('ROS_DISTRO', 'humble'), ('LOGNAME', 'lota'), ('_', '/usr/bin/colcon'), ('ROS_VERSION', '2'), ('XDG_SESSION_CLASS', 'user'), ('USERNAME', 'lota'), ('TERM', 'xterm-256color'), ('GNOME_DESKTOP_SESSION_ID', 'this-is-deprecated'), ('ROS_LOCALHOST_ONLY', '0'), ('PATH', '/opt/ros/humble/bin:/usr/local/sbin:/usr/local/bin:/usr/sbin:/usr/bin:/sbin:/bin:/usr/games:/usr/local/games:/snap/bin:/snap/bin'), ('SESSION_MANAGER', 'local/lota-virtual-machine:@/tmp/.ICE-unix/1967,unix/lota-virtual-machine:/tmp/.ICE-unix/1967'), ('XDG_MENU_PREFIX', 'gnome-'), ('LC_ADDRESS', 'th_TH.UTF-8'), ('GNOME_TERMINAL_SCREEN', '/org/gnome/Terminal/screen/afbb2abc_0231_4596_9572_985e0ddea6de'), ('GNOME_SETUP_DISPLAY', ':1'), ('XDG_RUNTIME_DIR', '/run/user/1000'), ('DISPLAY', ':0'), ('LANG', 'en_US.UTF-8'), ('XDG_CURRENT_DESKTOP', 'ubuntu:GNOME'), ('LC_TELEPHONE', 'th_TH.UTF-8'), ('XMODIFIERS', '@im=ibus'), ('XDG_SESSION_DESKTOP', 'ubuntu'), ('XAUTHORITY', '/run/user/1000/.mutter-Xwaylandauth.E9YLH3'), ('LS_COLORS', 'di=1;36:ln=1;33:ex=1;32:fi=0'), ('GNOME_TERMINAL_SERVICE', ':1.108'), ('SSH_AGENT_LAUNCHER', 'gnome-keyring'), ('SSH_AUTH_SOCK', '/run/user/1000/keyring/ssh'), ('AMENT_PREFIX_PATH', '/home/lota/ros2_ws/install/rplidar_ros:/home/lota/ros2_ws/install/my_robot_config:/home/lota/ros2_ws/install/imu_hwt911:/home/lota/ros2_ws/install/dual_lidar_tools:/home/lota/install/rrt_planner:/home/lota/install/rplidar_ros:/home/lota/install/my_robot_config:/home/lota/install/dynamixel_sdk:/opt/ros/humble'), ('SHELL', '/bin/bash'), ('LC_NAME', 'th_TH.UTF-8'), ('QT_ACCESSIBILITY', '1'), ('GDMSESSION', 'ubuntu'), ('LC_MEASUREMENT', 'th_TH.UTF-8'), ('LC_IDENTIFICATION', 'th_TH.UTF-8'), ('QT_IM_MODULE', 'ibus'), ('PWD', '/home/lota/ros2_ws/build/rplidar_ros'), ('LC_ALL', 'en_US.UTF-8'), ('XDG_CONFIG_DIRS', '/etc/xdg/xdg-ubuntu:/etc/xdg'), ('XDG_DATA_DIRS', '/usr/share/ubuntu:/usr/local/share/:/usr/share/:/var/lib/snapd/desktop'), ('PYTHONPATH', '/home/lota/ros2_ws/install/imu_hwt911/lib/python3.10/site-packages:/home/lota/ros2_ws/install/dual_lidar_tools/lib/python3.10/site-packages:/home/lota/install/rrt_planner/lib/python3.10/site-packages:/opt/ros/humble/lib/python3.10/site-packages:/opt/ros/humble/local/lib/python3.10/dist-packages'), ('LC_NUMERIC', 'th_TH.UTF-8'), ('LC_PAPER', 'th_TH.UTF-8'), ('COLCON', '1'), ('VTE_VERSION', '6800'), ('CMAKE_PREFIX_PATH', '/home/lota/ros2_ws/install/rplidar_ros:/home/lota/ros2_ws/install/my_robot_config:/home/lota/install/rplidar_ros:/home/lota/install/my_robot_config:/home/lota/install/dynamixel_sdk:/home/lota/ros2_ws/install/imu_hwt911:/home/lota/ros2_ws/install/dual_lidar_tools:/home/lota/install/rrt_planner:/opt/ros/humble')]), 'shell': False}
[4.939494] (rplidar_ros) StdoutLine: {'line': b'-- Install configuration: ""\n'}
[4.945526] (rplidar_ros) StdoutLine: {'line': b'-- Execute custom install script\n'}
[4.947642] (-) TimerEvent: {}
[4.948479] (rplidar_ros) StdoutLine: {'line': b'-- Up-to-date symlink: /home/lota/ros2_ws/install/rplidar_ros/share/rplidar_ros/launch/rplidar_a1_launch.py\n'}
[4.953056] (rplidar_ros) StdoutLine: {'line': b'-- Up-to-date symlink: /home/lota/ros2_ws/install/rplidar_ros/share/rplidar_ros/launch/rplidar_a2m12_launch.py\n'}
[4.953514] (rplidar_ros) StdoutLine: {'line': b'-- Up-to-date symlink: /home/lota/ros2_ws/install/rplidar_ros/share/rplidar_ros/launch/rplidar_a2m7_launch.py\n'}
[4.953596] (rplidar_ros) StdoutLine: {'line': b'-- Up-to-date symlink: /home/lota/ros2_ws/install/rplidar_ros/share/rplidar_ros/launch/rplidar_a2m8_launch.py\n'}
[4.955008] (rplidar_ros) StdoutLine: {'line': b'-- Up-to-date symlink: /home/lota/ros2_ws/install/rplidar_ros/share/rplidar_ros/launch/rplidar_a3_launch.py\n'}
[4.955702] (rplidar_ros) StdoutLine: {'line': b'-- Up-to-date symlink: /home/lota/ros2_ws/install/rplidar_ros/share/rplidar_ros/launch/rplidar_c1_launch.py\n'}
[4.957628] (rplidar_ros) StdoutLine: {'line': b'-- Up-to-date symlink: /home/lota/ros2_ws/install/rplidar_ros/share/rplidar_ros/launch/rplidar_s1_launch.py\n'}
[4.958919] (rplidar_ros) StdoutLine: {'line': b'-- Up-to-date symlink: /home/lota/ros2_ws/install/rplidar_ros/share/rplidar_ros/launch/rplidar_s1_tcp_launch.py\n'}
[4.959154] (rplidar_ros) StdoutLine: {'line': b'-- Up-to-date symlink: /home/lota/ros2_ws/install/rplidar_ros/share/rplidar_ros/launch/rplidar_s2_launch.py\n'}
[4.959320] (rplidar_ros) StdoutLine: {'line': b'-- Up-to-date symlink: /home/lota/ros2_ws/install/rplidar_ros/share/rplidar_ros/launch/rplidar_s2e_launch.py\n'}
[4.959473] (rplidar_ros) StdoutLine: {'line': b'-- Up-to-date symlink: /home/lota/ros2_ws/install/rplidar_ros/share/rplidar_ros/launch/rplidar_s3_launch.py\n'}
[4.959619] (rplidar_ros) StdoutLine: {'line': b'-- Up-to-date symlink: /home/lota/ros2_ws/install/rplidar_ros/share/rplidar_ros/launch/rplidar_t1_launch.py\n'}
[4.959763] (rplidar_ros) StdoutLine: {'line': b'-- Up-to-date symlink: /home/lota/ros2_ws/install/rplidar_ros/share/rplidar_ros/launch/view_rplidar_a1_launch.py\n'}
[4.959900] (rplidar_ros) StdoutLine: {'line': b'-- Up-to-date symlink: /home/lota/ros2_ws/install/rplidar_ros/share/rplidar_ros/launch/view_rplidar_a2m12_launch.py\n'}
[4.960133] (rplidar_ros) StdoutLine: {'line': b'-- Up-to-date symlink: /home/lota/ros2_ws/install/rplidar_ros/share/rplidar_ros/launch/view_rplidar_a2m7_launch.py\n'}
[4.960372] (rplidar_ros) StdoutLine: {'line': b'-- Up-to-date symlink: /home/lota/ros2_ws/install/rplidar_ros/share/rplidar_ros/launch/view_rplidar_a2m8_launch.py\n'}
[4.960484] (rplidar_ros) StdoutLine: {'line': b'-- Up-to-date symlink: /home/lota/ros2_ws/install/rplidar_ros/share/rplidar_ros/launch/view_rplidar_a3_launch.py\n'}
[4.960901] (rplidar_ros) StdoutLine: {'line': b'-- Up-to-date symlink: /home/lota/ros2_ws/install/rplidar_ros/share/rplidar_ros/launch/view_rplidar_c1_launch.py\n'}
[4.961361] (rplidar_ros) StdoutLine: {'line': b'-- Up-to-date symlink: /home/lota/ros2_ws/install/rplidar_ros/share/rplidar_ros/launch/view_rplidar_s1_launch.py\n'}
[4.961963] (rplidar_ros) StdoutLine: {'line': b'-- Up-to-date symlink: /home/lota/ros2_ws/install/rplidar_ros/share/rplidar_ros/launch/view_rplidar_s1_tcp_launch.py\n'}
[4.962169] (rplidar_ros) StdoutLine: {'line': b'-- Up-to-date symlink: /home/lota/ros2_ws/install/rplidar_ros/share/rplidar_ros/launch/view_rplidar_s2_launch.py\n'}
[4.962458] (rplidar_ros) StdoutLine: {'line': b'-- Up-to-date symlink: /home/lota/ros2_ws/install/rplidar_ros/share/rplidar_ros/launch/view_rplidar_s2e_launch.py\n'}
[4.962913] (rplidar_ros) StdoutLine: {'line': b'-- Up-to-date symlink: /home/lota/ros2_ws/install/rplidar_ros/share/rplidar_ros/launch/view_rplidar_s3_launch.py\n'}
[4.964366] (rplidar_ros) StdoutLine: {'line': b'-- Up-to-date symlink: /home/lota/ros2_ws/install/rplidar_ros/share/rplidar_ros/launch/view_rplidar_t1_launch.py\n'}
[4.964614] (rplidar_ros) StdoutLine: {'line': b'-- Up-to-date symlink: /home/lota/ros2_ws/install/rplidar_ros/share/rplidar_ros/rviz/rplidar_ros.rviz\n'}
[4.966237] (rplidar_ros) StdoutLine: {'line': b'-- Up-to-date symlink: /home/lota/ros2_ws/install/rplidar_ros/lib/rplidar_ros/rplidar_node\n'}
[4.966973] (rplidar_ros) StdoutLine: {'line': b'-- Up-to-date symlink: /home/lota/ros2_ws/install/rplidar_ros/lib/rplidar_ros/rplidar_composition\n'}
[4.968272] (rplidar_ros) StdoutLine: {'line': b'-- Up-to-date symlink: /home/lota/ros2_ws/install/rplidar_ros/lib/rplidar_ros/rplidar_client\n'}
[4.968388] (rplidar_ros) StdoutLine: {'line': b'-- Up-to-date symlink: /home/lota/ros2_ws/install/rplidar_ros/share/ament_index/resource_index/package_run_dependencies/rplidar_ros\n'}
[4.968975] (rplidar_ros) StdoutLine: {'line': b'-- Up-to-date symlink: /home/lota/ros2_ws/install/rplidar_ros/share/ament_index/resource_index/parent_prefix_path/rplidar_ros\n'}
[4.970005] (rplidar_ros) StdoutLine: {'line': b'-- Up-to-date symlink: /home/lota/ros2_ws/install/rplidar_ros/share/rplidar_ros/environment/ament_prefix_path.sh\n'}
[4.970796] (rplidar_ros) StdoutLine: {'line': b'-- Up-to-date symlink: /home/lota/ros2_ws/install/rplidar_ros/share/rplidar_ros/environment/ament_prefix_path.dsv\n'}
[4.971252] (rplidar_ros) StdoutLine: {'line': b'-- Up-to-date symlink: /home/lota/ros2_ws/install/rplidar_ros/share/rplidar_ros/environment/path.sh\n'}
[4.973064] (rplidar_ros) StdoutLine: {'line': b'-- Up-to-date symlink: /home/lota/ros2_ws/install/rplidar_ros/share/rplidar_ros/environment/path.dsv\n'}
[4.973414] (rplidar_ros) StdoutLine: {'line': b'-- Up-to-date symlink: /home/lota/ros2_ws/install/rplidar_ros/share/rplidar_ros/local_setup.bash\n'}
[4.973522] (rplidar_ros) StdoutLine: {'line': b'-- Up-to-date symlink: /home/lota/ros2_ws/install/rplidar_ros/share/rplidar_ros/local_setup.sh\n'}
[4.974671] (rplidar_ros) StdoutLine: {'line': b'-- Up-to-date symlink: /home/lota/ros2_ws/install/rplidar_ros/share/rplidar_ros/local_setup.zsh\n'}
[4.976429] (rplidar_ros) StdoutLine: {'line': b'-- Up-to-date symlink: /home/lota/ros2_ws/install/rplidar_ros/share/rplidar_ros/local_setup.dsv\n'}
[4.976897] (rplidar_ros) StdoutLine: {'line': b'-- Symlinking: /home/lota/ros2_ws/install/rplidar_ros/share/rplidar_ros/package.dsv\n'}
[5.002925] (rplidar_ros) StdoutLine: {'line': b'-- Up-to-date symlink: /home/lota/ros2_ws/install/rplidar_ros/share/ament_index/resource_index/packages/rplidar_ros\n'}
[5.005017] (rplidar_ros) StdoutLine: {'line': b'-- Up-to-date symlink: /home/lota/ros2_ws/install/rplidar_ros/share/rplidar_ros/cmake/ament_cmake_export_dependencies-extras.cmake\n'}
[5.005592] (rplidar_ros) StdoutLine: {'line': b'-- Up-to-date symlink: /home/lota/ros2_ws/install/rplidar_ros/share/rplidar_ros/cmake/ament_cmake_export_include_directories-extras.cmake\n'}
[5.006621] (rplidar_ros) StdoutLine: {'line': b'-- Up-to-date symlink: /home/lota/ros2_ws/install/rplidar_ros/share/rplidar_ros/cmake/rplidar_rosConfig.cmake\n'}
[5.007199] (rplidar_ros) StdoutLine: {'line': b'-- Up-to-date symlink: /home/lota/ros2_ws/install/rplidar_ros/share/rplidar_ros/cmake/rplidar_rosConfig-version.cmake\n'}
[5.007752] (rplidar_ros) StdoutLine: {'line': b'-- Up-to-date symlink: /home/lota/ros2_ws/install/rplidar_ros/share/rplidar_ros/package.xml\n'}
[5.013907] (rplidar_ros) CommandEnded: {'returncode': 0}
[5.048538] (-) TimerEvent: {}
[5.059824] (rplidar_ros) JobEnded: {'identifier': 'rplidar_ros', 'rc': 0}
[5.063301] (-) EventReactorShutdown: {}
