[0.118s] DEBUG:colcon:Command line arguments: ['/usr/bin/colcon', 'build', '--symlink-install', '--packages-select', 'my_robot_config']
[0.118s] DEBUG:colcon:Parsed command line arguments: Namespace(log_base=None, log_level=None, verb_name='build', build_base='build', install_base='install', merge_install=False, symlink_install=True, test_result_base=None, continue_on_error=False, executor='parallel', parallel_workers=2, event_handlers=None, ignore_user_meta=False, metas=['./colcon.meta'], base_paths=['.'], packages_ignore=None, packages_ignore_regex=None, paths=None, packages_up_to=None, packages_up_to_regex=None, packages_above=None, packages_above_and_dependencies=None, packages_above_depth=None, packages_select_by_dep=None, packages_skip_by_dep=None, packages_skip_up_to=None, packages_select_build_failed=False, packages_skip_build_finished=False, packages_select_test_failures=False, packages_skip_test_passed=False, packages_select=['my_robot_config'], packages_skip=None, packages_select_regex=None, packages_skip_regex=None, packages_start=None, packages_end=None, allow_overriding=[], cmake_args=None, cmake_target=None, cmake_target_skip_unavailable=False, cmake_clean_cache=False, cmake_clean_first=False, cmake_force_configure=False, ament_cmake_args=None, catkin_cmake_args=None, catkin_skip_building_tests=False, verb_parser=<colcon_defaults.argument_parser.defaults.DefaultArgumentsDecorator object at 0x77c4fe6664d0>, verb_extension=<colcon_core.verb.build.BuildVerb object at 0x77c4fe665ed0>, main=<bound method BuildVerb.main of <colcon_core.verb.build.BuildVerb object at 0x77c4fe665ed0>>)
[0.297s] Level 1:colcon.colcon_core.package_discovery:discover_packages(colcon_meta) check parameters
[0.298s] Level 1:colcon.colcon_core.package_discovery:discover_packages(recursive) check parameters
[0.298s] Level 1:colcon.colcon_core.package_discovery:discover_packages(ignore) check parameters
[0.298s] Level 1:colcon.colcon_core.package_discovery:discover_packages(path) check parameters
[0.298s] Level 1:colcon.colcon_core.package_discovery:discover_packages(colcon_meta) discover
[0.298s] Level 1:colcon.colcon_core.package_discovery:discover_packages(recursive) discover
[0.298s] INFO:colcon.colcon_core.package_discovery:Crawling recursively for packages in '/home/lota/ros2_ws/src/my_robot_config'
[0.298s] Level 1:colcon.colcon_core.package_identification:_identify(.) by extensions ['ignore', 'ignore_ament_install']
[0.298s] Level 1:colcon.colcon_core.package_identification:_identify(.) by extension 'ignore'
[0.298s] Level 1:colcon.colcon_core.package_identification:_identify(.) by extension 'ignore_ament_install'
[0.298s] Level 1:colcon.colcon_core.package_identification:_identify(.) by extensions ['colcon_pkg']
[0.298s] Level 1:colcon.colcon_core.package_identification:_identify(.) by extension 'colcon_pkg'
[0.298s] Level 1:colcon.colcon_core.package_identification:_identify(.) by extensions ['colcon_meta']
[0.298s] Level 1:colcon.colcon_core.package_identification:_identify(.) by extension 'colcon_meta'
[0.298s] Level 1:colcon.colcon_core.package_identification:_identify(.) by extensions ['ros']
[0.298s] Level 1:colcon.colcon_core.package_identification:_identify(.) by extension 'ros'
[0.309s] DEBUG:colcon.colcon_core.package_identification:Package '.' with type 'ros.ament_cmake' and name 'my_robot_config'
[0.309s] Level 1:colcon.colcon_core.package_discovery:discover_packages(recursive) using defaults
[0.309s] Level 1:colcon.colcon_core.package_discovery:discover_packages(ignore) discover
[0.309s] Level 1:colcon.colcon_core.package_discovery:discover_packages(ignore) using defaults
[0.309s] Level 1:colcon.colcon_core.package_discovery:discover_packages(path) discover
[0.309s] Level 1:colcon.colcon_core.package_discovery:discover_packages(path) using defaults
[0.338s] Level 1:colcon.colcon_core.package_discovery:discover_packages(prefix_path) check parameters
[0.338s] Level 1:colcon.colcon_core.package_discovery:discover_packages(prefix_path) discover
[0.339s] WARNING:colcon.colcon_ros.prefix_path.ament:The path '/home/lota/ros2_ws/install/rplidar_ros' in the environment variable AMENT_PREFIX_PATH doesn't exist
[0.339s] WARNING:colcon.colcon_ros.prefix_path.ament:The path '/home/lota/ros2_ws/install/rf2o_laser_odometry' in the environment variable AMENT_PREFIX_PATH doesn't exist
[0.339s] WARNING:colcon.colcon_ros.prefix_path.catkin:The path '/home/lota/ros2_ws/install/rplidar_ros' in the environment variable CMAKE_PREFIX_PATH doesn't exist
[0.339s] WARNING:colcon.colcon_ros.prefix_path.catkin:The path '/home/lota/ros2_ws/install/rf2o_laser_odometry' in the environment variable CMAKE_PREFIX_PATH doesn't exist
[0.340s] DEBUG:colcon.colcon_installed_package_information.package_discovery:Found 1 installed packages in /home/lota/ros2_ws/src/my_robot_config/install
[0.340s] DEBUG:colcon.colcon_installed_package_information.package_discovery:Found 3 installed packages in /home/lota/ros2_ws/install
[0.341s] DEBUG:colcon.colcon_installed_package_information.package_discovery:Found 490 installed packages in /opt/ros/humble
[0.343s] Level 1:colcon.colcon_core.package_discovery:discover_packages(prefix_path) using defaults
[0.399s] Level 5:colcon.colcon_core.verb:set package 'my_robot_config' build argument 'cmake_args' from command line to 'None'
[0.399s] Level 5:colcon.colcon_core.verb:set package 'my_robot_config' build argument 'cmake_target' from command line to 'None'
[0.399s] Level 5:colcon.colcon_core.verb:set package 'my_robot_config' build argument 'cmake_target_skip_unavailable' from command line to 'False'
[0.399s] Level 5:colcon.colcon_core.verb:set package 'my_robot_config' build argument 'cmake_clean_cache' from command line to 'False'
[0.399s] Level 5:colcon.colcon_core.verb:set package 'my_robot_config' build argument 'cmake_clean_first' from command line to 'False'
[0.399s] Level 5:colcon.colcon_core.verb:set package 'my_robot_config' build argument 'cmake_force_configure' from command line to 'False'
[0.399s] Level 5:colcon.colcon_core.verb:set package 'my_robot_config' build argument 'ament_cmake_args' from command line to 'None'
[0.399s] Level 5:colcon.colcon_core.verb:set package 'my_robot_config' build argument 'catkin_cmake_args' from command line to 'None'
[0.399s] Level 5:colcon.colcon_core.verb:set package 'my_robot_config' build argument 'catkin_skip_building_tests' from command line to 'False'
[0.399s] DEBUG:colcon.colcon_core.verb:Building package 'my_robot_config' with the following arguments: {'ament_cmake_args': None, 'build_base': '/home/lota/ros2_ws/src/my_robot_config/build/my_robot_config', 'catkin_cmake_args': None, 'catkin_skip_building_tests': False, 'cmake_args': None, 'cmake_clean_cache': False, 'cmake_clean_first': False, 'cmake_force_configure': False, 'cmake_target': None, 'cmake_target_skip_unavailable': False, 'install_base': '/home/lota/ros2_ws/src/my_robot_config/install/my_robot_config', 'merge_install': False, 'path': '/home/lota/ros2_ws/src/my_robot_config', 'symlink_install': True, 'test_result_base': None}
[0.399s] INFO:colcon.colcon_core.executor:Executing jobs using 'parallel' executor
[0.400s] DEBUG:colcon.colcon_parallel_executor.executor.parallel:run_until_complete
[0.401s] INFO:colcon.colcon_ros.task.ament_cmake.build:Building ROS package in '/home/lota/ros2_ws/src/my_robot_config' with build type 'ament_cmake'
[0.401s] INFO:colcon.colcon_cmake.task.cmake.build:Building CMake package in '/home/lota/ros2_ws/src/my_robot_config'
[0.403s] INFO:colcon.colcon_core.plugin_system:Skipping extension 'colcon_core.shell.bat': Not used on non-Windows systems
[0.404s] INFO:colcon.colcon_core.shell:Skip shell extension 'powershell' for command environment: Not usable outside of PowerShell
[0.404s] DEBUG:colcon.colcon_core.shell:Skip shell extension 'dsv' for command environment
[0.421s] DEBUG:colcon.colcon_core.event_handler.log_command:Invoking command in '/home/lota/ros2_ws/src/my_robot_config/build/my_robot_config': CMAKE_PREFIX_PATH=${CMAKE_PREFIX_PATH}:/home/lota/ros2_ws/install/imu_hwt911:/home/lota/ros2_ws/install/dual_lidar_tools:/opt/ros/humble /usr/bin/cmake --build /home/lota/ros2_ws/src/my_robot_config/build/my_robot_config -- -j2 -l2
[0.460s] DEBUG:colcon.colcon_core.event_handler.log_command:Invoked command in '/home/lota/ros2_ws/src/my_robot_config/build/my_robot_config' returned '0': CMAKE_PREFIX_PATH=${CMAKE_PREFIX_PATH}:/home/lota/ros2_ws/install/imu_hwt911:/home/lota/ros2_ws/install/dual_lidar_tools:/opt/ros/humble /usr/bin/cmake --build /home/lota/ros2_ws/src/my_robot_config/build/my_robot_config -- -j2 -l2
[0.471s] DEBUG:colcon.colcon_core.event_handler.log_command:Invoking command in '/home/lota/ros2_ws/src/my_robot_config/build/my_robot_config': CMAKE_PREFIX_PATH=${CMAKE_PREFIX_PATH}:/home/lota/ros2_ws/install/imu_hwt911:/home/lota/ros2_ws/install/dual_lidar_tools:/opt/ros/humble /usr/bin/cmake --install /home/lota/ros2_ws/src/my_robot_config/build/my_robot_config
[0.501s] Level 1:colcon.colcon_core.environment:create_environment_scripts_only(my_robot_config)
[0.502s] DEBUG:colcon.colcon_core.event_handler.log_command:Invoked command in '/home/lota/ros2_ws/src/my_robot_config/build/my_robot_config' returned '0': CMAKE_PREFIX_PATH=${CMAKE_PREFIX_PATH}:/home/lota/ros2_ws/install/imu_hwt911:/home/lota/ros2_ws/install/dual_lidar_tools:/opt/ros/humble /usr/bin/cmake --install /home/lota/ros2_ws/src/my_robot_config/build/my_robot_config
[0.503s] Level 1:colcon.colcon_core.environment:checking '/home/lota/ros2_ws/src/my_robot_config/install/my_robot_config' for CMake module files
[0.504s] Level 1:colcon.colcon_core.environment:checking '/home/lota/ros2_ws/src/my_robot_config/install/my_robot_config' for CMake config files
[0.504s] Level 1:colcon.colcon_core.shell:create_environment_hook('my_robot_config', 'cmake_prefix_path')
[0.504s] INFO:colcon.colcon_core.shell:Creating environment hook '/home/lota/ros2_ws/src/my_robot_config/install/my_robot_config/share/my_robot_config/hook/cmake_prefix_path.ps1'
[0.505s] INFO:colcon.colcon_core.shell:Creating environment descriptor '/home/lota/ros2_ws/src/my_robot_config/install/my_robot_config/share/my_robot_config/hook/cmake_prefix_path.dsv'
[0.505s] INFO:colcon.colcon_core.shell:Creating environment hook '/home/lota/ros2_ws/src/my_robot_config/install/my_robot_config/share/my_robot_config/hook/cmake_prefix_path.sh'
[0.508s] Level 1:colcon.colcon_core.environment:checking '/home/lota/ros2_ws/src/my_robot_config/install/my_robot_config/lib'
[0.508s] Level 1:colcon.colcon_core.environment:checking '/home/lota/ros2_ws/src/my_robot_config/install/my_robot_config/bin'
[0.508s] Level 1:colcon.colcon_core.environment:checking '/home/lota/ros2_ws/src/my_robot_config/install/my_robot_config/lib/pkgconfig/my_robot_config.pc'
[0.508s] Level 1:colcon.colcon_core.environment:checking '/home/lota/ros2_ws/src/my_robot_config/install/my_robot_config/lib/python3.10/site-packages'
[0.509s] Level 1:colcon.colcon_core.environment:checking '/home/lota/ros2_ws/src/my_robot_config/install/my_robot_config/bin'
[0.509s] INFO:colcon.colcon_core.shell:Creating package script '/home/lota/ros2_ws/src/my_robot_config/install/my_robot_config/share/my_robot_config/package.ps1'
[0.510s] INFO:colcon.colcon_core.shell:Creating package descriptor '/home/lota/ros2_ws/src/my_robot_config/install/my_robot_config/share/my_robot_config/package.dsv'
[0.510s] INFO:colcon.colcon_core.shell:Creating package script '/home/lota/ros2_ws/src/my_robot_config/install/my_robot_config/share/my_robot_config/package.sh'
[0.511s] INFO:colcon.colcon_core.shell:Creating package script '/home/lota/ros2_ws/src/my_robot_config/install/my_robot_config/share/my_robot_config/package.bash'
[0.512s] INFO:colcon.colcon_core.shell:Creating package script '/home/lota/ros2_ws/src/my_robot_config/install/my_robot_config/share/my_robot_config/package.zsh'
[0.512s] Level 1:colcon.colcon_core.environment:create_file_with_runtime_dependencies(/home/lota/ros2_ws/src/my_robot_config/install/my_robot_config/share/colcon-core/packages/my_robot_config)
[0.513s] Level 1:colcon.colcon_core.environment:create_environment_scripts_only(my_robot_config)
[0.513s] Level 1:colcon.colcon_core.environment:checking '/home/lota/ros2_ws/src/my_robot_config/install/my_robot_config' for CMake module files
[0.514s] Level 1:colcon.colcon_core.environment:checking '/home/lota/ros2_ws/src/my_robot_config/install/my_robot_config' for CMake config files
[0.514s] Level 1:colcon.colcon_core.shell:create_environment_hook('my_robot_config', 'cmake_prefix_path')
[0.514s] INFO:colcon.colcon_core.shell:Creating environment hook '/home/lota/ros2_ws/src/my_robot_config/install/my_robot_config/share/my_robot_config/hook/cmake_prefix_path.ps1'
[0.514s] INFO:colcon.colcon_core.shell:Creating environment descriptor '/home/lota/ros2_ws/src/my_robot_config/install/my_robot_config/share/my_robot_config/hook/cmake_prefix_path.dsv'
[0.515s] INFO:colcon.colcon_core.shell:Creating environment hook '/home/lota/ros2_ws/src/my_robot_config/install/my_robot_config/share/my_robot_config/hook/cmake_prefix_path.sh'
[0.515s] Level 1:colcon.colcon_core.environment:checking '/home/lota/ros2_ws/src/my_robot_config/install/my_robot_config/lib'
[0.515s] Level 1:colcon.colcon_core.environment:checking '/home/lota/ros2_ws/src/my_robot_config/install/my_robot_config/bin'
[0.516s] Level 1:colcon.colcon_core.environment:checking '/home/lota/ros2_ws/src/my_robot_config/install/my_robot_config/lib/pkgconfig/my_robot_config.pc'
[0.516s] Level 1:colcon.colcon_core.environment:checking '/home/lota/ros2_ws/src/my_robot_config/install/my_robot_config/lib/python3.10/site-packages'
[0.516s] Level 1:colcon.colcon_core.environment:checking '/home/lota/ros2_ws/src/my_robot_config/install/my_robot_config/bin'
[0.517s] INFO:colcon.colcon_core.shell:Creating package script '/home/lota/ros2_ws/src/my_robot_config/install/my_robot_config/share/my_robot_config/package.ps1'
[0.518s] INFO:colcon.colcon_core.shell:Creating package descriptor '/home/lota/ros2_ws/src/my_robot_config/install/my_robot_config/share/my_robot_config/package.dsv'
[0.519s] INFO:colcon.colcon_core.shell:Creating package script '/home/lota/ros2_ws/src/my_robot_config/install/my_robot_config/share/my_robot_config/package.sh'
[0.520s] INFO:colcon.colcon_core.shell:Creating package script '/home/lota/ros2_ws/src/my_robot_config/install/my_robot_config/share/my_robot_config/package.bash'
[0.522s] INFO:colcon.colcon_core.shell:Creating package script '/home/lota/ros2_ws/src/my_robot_config/install/my_robot_config/share/my_robot_config/package.zsh'
[0.523s] Level 1:colcon.colcon_core.environment:create_file_with_runtime_dependencies(/home/lota/ros2_ws/src/my_robot_config/install/my_robot_config/share/colcon-core/packages/my_robot_config)
[0.524s] DEBUG:colcon.colcon_parallel_executor.executor.parallel:closing loop
[0.525s] DEBUG:colcon.colcon_parallel_executor.executor.parallel:loop closed
[0.525s] DEBUG:colcon.colcon_parallel_executor.executor.parallel:run_until_complete finished with '0'
[0.525s] DEBUG:colcon.colcon_core.event_reactor:joining thread
[0.531s] INFO:colcon.colcon_core.plugin_system:Skipping extension 'colcon_notification.desktop_notification.terminal_notifier': Not used on non-Darwin systems
[0.531s] INFO:colcon.colcon_core.plugin_system:Skipping extension 'colcon_notification.desktop_notification.win32': Not used on non-Windows systems
[0.531s] INFO:colcon.colcon_notification.desktop_notification:Sending desktop notification using 'notify2'
[0.545s] DEBUG:colcon.colcon_core.event_reactor:joined thread
[0.546s] INFO:colcon.colcon_core.shell:Creating prefix script '/home/lota/ros2_ws/src/my_robot_config/install/local_setup.ps1'
[0.547s] INFO:colcon.colcon_core.shell:Creating prefix util module '/home/lota/ros2_ws/src/my_robot_config/install/_local_setup_util_ps1.py'
[0.550s] INFO:colcon.colcon_core.shell:Creating prefix chain script '/home/lota/ros2_ws/src/my_robot_config/install/setup.ps1'
[0.551s] INFO:colcon.colcon_core.shell:Creating prefix script '/home/lota/ros2_ws/src/my_robot_config/install/local_setup.sh'
[0.553s] INFO:colcon.colcon_core.shell:Creating prefix util module '/home/lota/ros2_ws/src/my_robot_config/install/_local_setup_util_sh.py'
[0.554s] INFO:colcon.colcon_core.shell:Creating prefix chain script '/home/lota/ros2_ws/src/my_robot_config/install/setup.sh'
[0.555s] INFO:colcon.colcon_core.shell:Creating prefix script '/home/lota/ros2_ws/src/my_robot_config/install/local_setup.bash'
[0.556s] INFO:colcon.colcon_core.shell:Creating prefix chain script '/home/lota/ros2_ws/src/my_robot_config/install/setup.bash'
[0.558s] INFO:colcon.colcon_core.shell:Creating prefix script '/home/lota/ros2_ws/src/my_robot_config/install/local_setup.zsh'
[0.559s] INFO:colcon.colcon_core.shell:Creating prefix chain script '/home/lota/ros2_ws/src/my_robot_config/install/setup.zsh'
