[1.765s] Invoking command in '/home/lota/ros2_ws/build/imu_hwt911': PYTHONPATH=/home/lota/ros2_ws/build/imu_hwt911/prefix_override:/usr/lib/python3/dist-packages/colcon_core/task/python/colcon_distutils_commands:/home/lota/ros2_ws/install/imu_hwt911/lib/python3.10/site-packages:${PYTHONPATH} /usr/bin/python3 -W ignore:setup.py install is deprecated -W ignore:easy_install command is deprecated setup.py develop --editable --build-directory /home/lota/ros2_ws/build/imu_hwt911/build --no-deps symlink_data --force
[2.128s] running develop
[2.334s] running egg_info
[2.336s] writing imu_hwt911.egg-info/PKG-INFO
[2.340s] writing dependency_links to imu_hwt911.egg-info/dependency_links.txt
[2.341s] writing entry points to imu_hwt911.egg-info/entry_points.txt
[2.344s] writing requirements to imu_hwt911.egg-info/requires.txt
[2.344s] writing top-level names to imu_hwt911.egg-info/top_level.txt
[2.356s] reading manifest file 'imu_hwt911.egg-info/SOURCES.txt'
[2.356s] writing manifest file 'imu_hwt911.egg-info/SOURCES.txt'
[2.359s] running build_ext
[2.360s] Creating /home/lota/ros2_ws/install/imu_hwt911/lib/python3.10/site-packages/imu-hwt911.egg-link (link to .)
[2.361s] Installing hwt911_node script to /home/lota/ros2_ws/install/imu_hwt911/lib/imu_hwt911
[2.362s] 
[2.363s] Installed /home/lota/ros2_ws/build/imu_hwt911
[2.364s] running symlink_data
[2.364s] symbolically linking /home/lota/ros2_ws/build/imu_hwt911/resource/imu_hwt911 -> /home/lota/ros2_ws/install/imu_hwt911/share/ament_index/resource_index/packages
[2.364s] symbolically linking /home/lota/ros2_ws/build/imu_hwt911/package.xml -> /home/lota/ros2_ws/install/imu_hwt911/share/imu_hwt911
[2.364s] symbolically linking /home/lota/ros2_ws/build/imu_hwt911/launch/imu_bringup.launch.py -> /home/lota/ros2_ws/install/imu_hwt911/share/imu_hwt911/launch
[2.416s] Invoked command in '/home/lota/ros2_ws/build/imu_hwt911' returned '0': PYTHONPATH=/home/lota/ros2_ws/build/imu_hwt911/prefix_override:/usr/lib/python3/dist-packages/colcon_core/task/python/colcon_distutils_commands:/home/lota/ros2_ws/install/imu_hwt911/lib/python3.10/site-packages:${PYTHONPATH} /usr/bin/python3 -W ignore:setup.py install is deprecated -W ignore:easy_install command is deprecated setup.py develop --editable --build-directory /home/lota/ros2_ws/build/imu_hwt911/build --no-deps symlink_data --force
