[0.000000] (-) TimerEvent: {}
[0.000181] (dual_lidar_tools) JobQueued: {'identifier': 'dual_lidar_tools', 'dependencies': OrderedDict()}
[0.000219] (imu_hwt911) JobQueued: {'identifier': 'imu_hwt911', 'dependencies': OrderedDict()}
[0.000237] (my_robot_config) JobQueued: {'identifier': 'my_robot_config', 'dependencies': OrderedDict()}
[0.000278] (rplidar_ros) JobQueued: {'identifier': 'rplidar_ros', 'dependencies': OrderedDict()}
[0.000290] (dual_lidar_tools) JobStarted: {'identifier': 'dual_lidar_tools'}
[0.007571] (imu_hwt911) JobStarted: {'identifier': 'imu_hwt911'}
[0.097960] (-) TimerEvent: {}
[0.198780] (-) TimerEvent: {}
[0.299651] (-) TimerEvent: {}
[0.400716] (-) TimerEvent: {}
[0.502501] (-) TimerEvent: {}
[0.604602] (-) TimerEvent: {}
[0.707295] (-) TimerEvent: {}
[0.810096] (-) TimerEvent: {}
[0.916750] (-) TimerEvent: {}
[1.012546] (imu_hwt911) Command: {'cmd': ['/usr/bin/python3', '-W', 'ignore:setup.py install is deprecated', '-W', 'ignore:easy_install command is deprecated', 'setup.py', 'egg_info', '--egg-base', '../../build/imu_hwt911', 'build', '--build-base', '/home/lota/ros2_ws/build/imu_hwt911/build', 'install', '--record', '/home/lota/ros2_ws/build/imu_hwt911/install.log', '--single-version-externally-managed', 'install_data'], 'cwd': '/home/lota/ros2_ws/src/imu_hwt911', 'env': {'LANGUAGE': 'en_US:', 'USER': 'lota', 'LC_TIME': 'th_TH.UTF-8', 'XDG_SESSION_TYPE': 'wayland', 'SHLVL': '1', 'LD_LIBRARY_PATH': '/home/lota/install/dynamixel_sdk/lib:/usr/lib/x86_64-linux-gnu/gazebo-11/plugins:/opt/ros/humble/opt/rviz_ogre_vendor/lib:/opt/ros/humble/lib/x86_64-linux-gnu:/opt/ros/humble/lib', 'HOME': '/home/lota', 'OLDPWD': '/home/lota/ros2_ws', 'DESKTOP_SESSION': 'ubuntu', 'ROS_PYTHON_VERSION': '3', 'GNOME_SHELL_SESSION_MODE': 'ubuntu', 'GTK_MODULES': 'gail:atk-bridge', 'LC_MONETARY': 'th_TH.UTF-8', 'SYSTEMD_EXEC_PID': '3046', 'DBUS_SESSION_BUS_ADDRESS': 'unix:path=/run/user/1000/bus', 'COLORTERM': 'truecolor', 'IM_CONFIG_PHASE': '1', 'WAYLAND_DISPLAY': 'wayland-0', 'COLCON_PREFIX_PATH': '/home/lota/ros2_ws/install:/home/lota/install', 'ROS_DISTRO': 'humble', 'LOGNAME': 'lota', '_': '/usr/bin/colcon', 'ROS_VERSION': '2', 'XDG_SESSION_CLASS': 'user', 'USERNAME': 'lota', 'TERM': 'xterm-256color', 'GNOME_DESKTOP_SESSION_ID': 'this-is-deprecated', 'ROS_LOCALHOST_ONLY': '0', 'PATH': '/opt/ros/humble/bin:/usr/local/sbin:/usr/local/bin:/usr/sbin:/usr/bin:/sbin:/bin:/usr/games:/usr/local/games:/snap/bin:/snap/bin', 'SESSION_MANAGER': 'local/lota-virtual-machine:@/tmp/.ICE-unix/1967,unix/lota-virtual-machine:/tmp/.ICE-unix/1967', 'XDG_MENU_PREFIX': 'gnome-', 'LC_ADDRESS': 'th_TH.UTF-8', 'GNOME_TERMINAL_SCREEN': '/org/gnome/Terminal/screen/d7bacb81_830e_43ca_b990_85ad42f32cb3', 'GNOME_SETUP_DISPLAY': ':1', 'XDG_RUNTIME_DIR': '/run/user/1000', 'DISPLAY': ':0', 'LANG': 'en_US.UTF-8', 'XDG_CURRENT_DESKTOP': 'ubuntu:GNOME', 'LC_TELEPHONE': 'th_TH.UTF-8', 'XMODIFIERS': '@im=ibus', 'XDG_SESSION_DESKTOP': 'ubuntu', 'XAUTHORITY': '/run/user/1000/.mutter-Xwaylandauth.E9YLH3', 'LS_COLORS': 'di=1;36:ln=1;33:ex=1;32:fi=0', 'GNOME_TERMINAL_SERVICE': ':1.108', 'SSH_AGENT_LAUNCHER': 'gnome-keyring', 'SSH_AUTH_SOCK': '/run/user/1000/keyring/ssh', 'AMENT_PREFIX_PATH': '/home/lota/ros2_ws/install/rplidar_ros:/home/lota/ros2_ws/install/my_robot_config:/home/lota/ros2_ws/install/imu_hwt911:/home/lota/ros2_ws/install/dual_lidar_tools:/home/lota/install/rrt_planner:/home/lota/install/rplidar_ros:/home/lota/install/my_robot_config:/home/lota/install/dynamixel_sdk:/opt/ros/humble', 'SHELL': '/bin/bash', 'LC_NAME': 'th_TH.UTF-8', 'QT_ACCESSIBILITY': '1', 'GDMSESSION': 'ubuntu', 'LC_MEASUREMENT': 'th_TH.UTF-8', 'LC_IDENTIFICATION': 'th_TH.UTF-8', 'QT_IM_MODULE': 'ibus', 'PWD': '/home/lota/ros2_ws/build/imu_hwt911', 'LC_ALL': 'en_US.UTF-8', 'XDG_CONFIG_DIRS': '/etc/xdg/xdg-ubuntu:/etc/xdg', 'XDG_DATA_DIRS': '/usr/share/ubuntu:/usr/local/share/:/usr/share/:/var/lib/snapd/desktop', 'PYTHONPATH': '/home/lota/ros2_ws/build/imu_hwt911/prefix_override:/usr/lib/python3/dist-packages/colcon_core/task/python/colcon_distutils_commands:/home/lota/ros2_ws/install/imu_hwt911/lib/python3.10/site-packages:/home/lota/ros2_ws/build/imu_hwt911:/home/lota/ros2_ws/build/dual_lidar_tools:/home/lota/ros2_ws/install/imu_hwt911/lib/python3.10/site-packages:/home/lota/ros2_ws/install/dual_lidar_tools/lib/python3.10/site-packages:/home/lota/install/rrt_planner/lib/python3.10/site-packages:/opt/ros/humble/lib/python3.10/site-packages:/opt/ros/humble/local/lib/python3.10/dist-packages', 'LC_NUMERIC': 'th_TH.UTF-8', 'LC_PAPER': 'th_TH.UTF-8', 'COLCON': '1', 'VTE_VERSION': '6800', 'CMAKE_PREFIX_PATH': '/home/lota/ros2_ws/install/rplidar_ros:/home/lota/ros2_ws/install/my_robot_config:/home/lota/install/rplidar_ros:/home/lota/install/my_robot_config:/home/lota/install/dynamixel_sdk'}, 'shell': False}
[1.017026] (-) TimerEvent: {}
[1.032908] (dual_lidar_tools) Command: {'cmd': ['/usr/bin/python3', '-W', 'ignore:setup.py install is deprecated', '-W', 'ignore:easy_install command is deprecated', 'setup.py', 'egg_info', '--egg-base', '../../build/dual_lidar_tools', 'build', '--build-base', '/home/lota/ros2_ws/build/dual_lidar_tools/build', 'install', '--record', '/home/lota/ros2_ws/build/dual_lidar_tools/install.log', '--single-version-externally-managed', 'install_data'], 'cwd': '/home/lota/ros2_ws/src/dual_lidar_tools', 'env': {'LANGUAGE': 'en_US:', 'USER': 'lota', 'LC_TIME': 'th_TH.UTF-8', 'XDG_SESSION_TYPE': 'wayland', 'SHLVL': '1', 'LD_LIBRARY_PATH': '/home/lota/install/dynamixel_sdk/lib:/usr/lib/x86_64-linux-gnu/gazebo-11/plugins:/opt/ros/humble/opt/rviz_ogre_vendor/lib:/opt/ros/humble/lib/x86_64-linux-gnu:/opt/ros/humble/lib', 'HOME': '/home/lota', 'OLDPWD': '/home/lota/ros2_ws', 'DESKTOP_SESSION': 'ubuntu', 'ROS_PYTHON_VERSION': '3', 'GNOME_SHELL_SESSION_MODE': 'ubuntu', 'GTK_MODULES': 'gail:atk-bridge', 'LC_MONETARY': 'th_TH.UTF-8', 'SYSTEMD_EXEC_PID': '3046', 'DBUS_SESSION_BUS_ADDRESS': 'unix:path=/run/user/1000/bus', 'COLORTERM': 'truecolor', 'IM_CONFIG_PHASE': '1', 'WAYLAND_DISPLAY': 'wayland-0', 'COLCON_PREFIX_PATH': '/home/lota/ros2_ws/install:/home/lota/install', 'ROS_DISTRO': 'humble', 'LOGNAME': 'lota', '_': '/usr/bin/colcon', 'ROS_VERSION': '2', 'XDG_SESSION_CLASS': 'user', 'USERNAME': 'lota', 'TERM': 'xterm-256color', 'GNOME_DESKTOP_SESSION_ID': 'this-is-deprecated', 'ROS_LOCALHOST_ONLY': '0', 'PATH': '/opt/ros/humble/bin:/usr/local/sbin:/usr/local/bin:/usr/sbin:/usr/bin:/sbin:/bin:/usr/games:/usr/local/games:/snap/bin:/snap/bin', 'SESSION_MANAGER': 'local/lota-virtual-machine:@/tmp/.ICE-unix/1967,unix/lota-virtual-machine:/tmp/.ICE-unix/1967', 'XDG_MENU_PREFIX': 'gnome-', 'LC_ADDRESS': 'th_TH.UTF-8', 'GNOME_TERMINAL_SCREEN': '/org/gnome/Terminal/screen/d7bacb81_830e_43ca_b990_85ad42f32cb3', 'GNOME_SETUP_DISPLAY': ':1', 'XDG_RUNTIME_DIR': '/run/user/1000', 'DISPLAY': ':0', 'LANG': 'en_US.UTF-8', 'XDG_CURRENT_DESKTOP': 'ubuntu:GNOME', 'LC_TELEPHONE': 'th_TH.UTF-8', 'XMODIFIERS': '@im=ibus', 'XDG_SESSION_DESKTOP': 'ubuntu', 'XAUTHORITY': '/run/user/1000/.mutter-Xwaylandauth.E9YLH3', 'LS_COLORS': 'di=1;36:ln=1;33:ex=1;32:fi=0', 'GNOME_TERMINAL_SERVICE': ':1.108', 'SSH_AGENT_LAUNCHER': 'gnome-keyring', 'SSH_AUTH_SOCK': '/run/user/1000/keyring/ssh', 'AMENT_PREFIX_PATH': '/home/lota/ros2_ws/install/rplidar_ros:/home/lota/ros2_ws/install/my_robot_config:/home/lota/ros2_ws/install/imu_hwt911:/home/lota/ros2_ws/install/dual_lidar_tools:/home/lota/install/rrt_planner:/home/lota/install/rplidar_ros:/home/lota/install/my_robot_config:/home/lota/install/dynamixel_sdk:/opt/ros/humble', 'SHELL': '/bin/bash', 'LC_NAME': 'th_TH.UTF-8', 'QT_ACCESSIBILITY': '1', 'GDMSESSION': 'ubuntu', 'LC_MEASUREMENT': 'th_TH.UTF-8', 'LC_IDENTIFICATION': 'th_TH.UTF-8', 'QT_IM_MODULE': 'ibus', 'PWD': '/home/lota/ros2_ws/build/dual_lidar_tools', 'LC_ALL': 'en_US.UTF-8', 'XDG_CONFIG_DIRS': '/etc/xdg/xdg-ubuntu:/etc/xdg', 'XDG_DATA_DIRS': '/usr/share/ubuntu:/usr/local/share/:/usr/share/:/var/lib/snapd/desktop', 'PYTHONPATH': '/home/lota/ros2_ws/build/dual_lidar_tools/prefix_override:/usr/lib/python3/dist-packages/colcon_core/task/python/colcon_distutils_commands:/home/lota/ros2_ws/install/dual_lidar_tools/lib/python3.10/site-packages:/home/lota/ros2_ws/build/imu_hwt911:/home/lota/ros2_ws/build/dual_lidar_tools:/home/lota/ros2_ws/install/imu_hwt911/lib/python3.10/site-packages:/home/lota/ros2_ws/install/dual_lidar_tools/lib/python3.10/site-packages:/home/lota/install/rrt_planner/lib/python3.10/site-packages:/opt/ros/humble/lib/python3.10/site-packages:/opt/ros/humble/local/lib/python3.10/dist-packages', 'LC_NUMERIC': 'th_TH.UTF-8', 'LC_PAPER': 'th_TH.UTF-8', 'COLCON': '1', 'VTE_VERSION': '6800', 'CMAKE_PREFIX_PATH': '/home/lota/ros2_ws/install/rplidar_ros:/home/lota/ros2_ws/install/my_robot_config:/home/lota/install/rplidar_ros:/home/lota/install/my_robot_config:/home/lota/install/dynamixel_sdk'}, 'shell': False}
[1.120905] (-) TimerEvent: {}
[1.222386] (-) TimerEvent: {}
[1.278120] (imu_hwt911) StdoutLine: {'line': b'running egg_info\n'}
[1.279291] (imu_hwt911) StdoutLine: {'line': b'writing ../../build/imu_hwt911/imu_hwt911.egg-info/PKG-INFO\n'}
[1.280154] (imu_hwt911) StdoutLine: {'line': b'writing dependency_links to ../../build/imu_hwt911/imu_hwt911.egg-info/dependency_links.txt\n'}
[1.280865] (imu_hwt911) StdoutLine: {'line': b'writing entry points to ../../build/imu_hwt911/imu_hwt911.egg-info/entry_points.txt\n'}
[1.281728] (imu_hwt911) StdoutLine: {'line': b'writing requirements to ../../build/imu_hwt911/imu_hwt911.egg-info/requires.txt\n'}
[1.282114] (imu_hwt911) StdoutLine: {'line': b'writing top-level names to ../../build/imu_hwt911/imu_hwt911.egg-info/top_level.txt\n'}
[1.284762] (imu_hwt911) StdoutLine: {'line': b"reading manifest file '../../build/imu_hwt911/imu_hwt911.egg-info/SOURCES.txt'\n"}
[1.285163] (imu_hwt911) StdoutLine: {'line': b"writing manifest file '../../build/imu_hwt911/imu_hwt911.egg-info/SOURCES.txt'\n"}
[1.286879] (imu_hwt911) StdoutLine: {'line': b'running build\n'}
[1.287219] (imu_hwt911) StdoutLine: {'line': b'running build_py\n'}
[1.287399] (imu_hwt911) StdoutLine: {'line': b'running install\n'}
[1.287440] (imu_hwt911) StdoutLine: {'line': b'running install_lib\n'}
[1.288427] (imu_hwt911) StdoutLine: {'line': b'running install_data\n'}
[1.290083] (imu_hwt911) StdoutLine: {'line': b'running install_egg_info\n'}
[1.290794] (imu_hwt911) StdoutLine: {'line': b"removing '/home/lota/ros2_ws/install/imu_hwt911/lib/python3.10/site-packages/imu_hwt911-0.0.1-py3.10.egg-info' (and everything under it)\n"}
[1.291828] (imu_hwt911) StdoutLine: {'line': b'Copying ../../build/imu_hwt911/imu_hwt911.egg-info to /home/lota/ros2_ws/install/imu_hwt911/lib/python3.10/site-packages/imu_hwt911-0.0.1-py3.10.egg-info\n'}
[1.294117] (imu_hwt911) StdoutLine: {'line': b'running install_scripts\n'}
[1.315881] (imu_hwt911) StdoutLine: {'line': b'Installing hwt911_node script to /home/lota/ros2_ws/install/imu_hwt911/lib/imu_hwt911\n'}
[1.317475] (dual_lidar_tools) StdoutLine: {'line': b'running egg_info\n'}
[1.318444] (dual_lidar_tools) StdoutLine: {'line': b'writing ../../build/dual_lidar_tools/dual_lidar_tools.egg-info/PKG-INFO\n'}
[1.318994] (dual_lidar_tools) StdoutLine: {'line': b'writing dependency_links to ../../build/dual_lidar_tools/dual_lidar_tools.egg-info/dependency_links.txt\n'}
[1.319889] (dual_lidar_tools) StdoutLine: {'line': b'writing entry points to ../../build/dual_lidar_tools/dual_lidar_tools.egg-info/entry_points.txt\n'}
[1.319997] (imu_hwt911) StdoutLine: {'line': b"writing list of installed files to '/home/lota/ros2_ws/build/imu_hwt911/install.log'\n"}
[1.320212] (dual_lidar_tools) StdoutLine: {'line': b'writing requirements to ../../build/dual_lidar_tools/dual_lidar_tools.egg-info/requires.txt\n'}
[1.320555] (dual_lidar_tools) StdoutLine: {'line': b'writing top-level names to ../../build/dual_lidar_tools/dual_lidar_tools.egg-info/top_level.txt\n'}
[1.323503] (dual_lidar_tools) StdoutLine: {'line': b"reading manifest file '../../build/dual_lidar_tools/dual_lidar_tools.egg-info/SOURCES.txt'\n"}
[1.323646] (-) TimerEvent: {}
[1.324905] (dual_lidar_tools) StdoutLine: {'line': b"writing manifest file '../../build/dual_lidar_tools/dual_lidar_tools.egg-info/SOURCES.txt'\n"}
[1.325404] (dual_lidar_tools) StdoutLine: {'line': b'running build\n'}
[1.325707] (dual_lidar_tools) StdoutLine: {'line': b'running build_py\n'}
[1.326678] (dual_lidar_tools) StdoutLine: {'line': b'running install\n'}
[1.326877] (dual_lidar_tools) StdoutLine: {'line': b'running install_lib\n'}
[1.328799] (dual_lidar_tools) StdoutLine: {'line': b'running install_data\n'}
[1.329004] (dual_lidar_tools) StdoutLine: {'line': b'running install_egg_info\n'}
[1.332204] (dual_lidar_tools) StdoutLine: {'line': b"removing '/home/lota/ros2_ws/install/dual_lidar_tools/lib/python3.10/site-packages/dual_lidar_tools-0.0.0-py3.10.egg-info' (and everything under it)\n"}
[1.332547] (dual_lidar_tools) StdoutLine: {'line': b'Copying ../../build/dual_lidar_tools/dual_lidar_tools.egg-info to /home/lota/ros2_ws/install/dual_lidar_tools/lib/python3.10/site-packages/dual_lidar_tools-0.0.0-py3.10.egg-info\n'}
[1.334240] (dual_lidar_tools) StdoutLine: {'line': b'running install_scripts\n'}
[1.360372] (imu_hwt911) CommandEnded: {'returncode': 0}
[1.363464] (dual_lidar_tools) StdoutLine: {'line': b'Installing dual_lidar_merger script to /home/lota/ros2_ws/install/dual_lidar_tools/lib/dual_lidar_tools\n'}
[1.364822] (dual_lidar_tools) StdoutLine: {'line': b"writing list of installed files to '/home/lota/ros2_ws/build/dual_lidar_tools/install.log'\n"}
[1.370826] (imu_hwt911) JobEnded: {'identifier': 'imu_hwt911', 'rc': 0}
[1.371687] (my_robot_config) JobStarted: {'identifier': 'my_robot_config'}
[1.378997] (my_robot_config) JobProgress: {'identifier': 'my_robot_config', 'progress': 'cmake'}
[1.379688] (my_robot_config) JobProgress: {'identifier': 'my_robot_config', 'progress': 'build'}
[1.380218] (my_robot_config) Command: {'cmd': ['/usr/bin/cmake', '--build', '/home/lota/ros2_ws/build/my_robot_config', '--', '-j2', '-l2'], 'cwd': '/home/lota/ros2_ws/build/my_robot_config', 'env': OrderedDict([('LANGUAGE', 'en_US:'), ('USER', 'lota'), ('LC_TIME', 'th_TH.UTF-8'), ('XDG_SESSION_TYPE', 'wayland'), ('SHLVL', '1'), ('LD_LIBRARY_PATH', '/home/lota/install/dynamixel_sdk/lib:/usr/lib/x86_64-linux-gnu/gazebo-11/plugins:/opt/ros/humble/opt/rviz_ogre_vendor/lib:/opt/ros/humble/lib/x86_64-linux-gnu:/opt/ros/humble/lib'), ('HOME', '/home/lota'), ('OLDPWD', '/home/lota/ros2_ws'), ('DESKTOP_SESSION', 'ubuntu'), ('ROS_PYTHON_VERSION', '3'), ('GNOME_SHELL_SESSION_MODE', 'ubuntu'), ('GTK_MODULES', 'gail:atk-bridge'), ('LC_MONETARY', 'th_TH.UTF-8'), ('SYSTEMD_EXEC_PID', '3046'), ('DBUS_SESSION_BUS_ADDRESS', 'unix:path=/run/user/1000/bus'), ('COLORTERM', 'truecolor'), ('IM_CONFIG_PHASE', '1'), ('WAYLAND_DISPLAY', 'wayland-0'), ('COLCON_PREFIX_PATH', '/home/lota/ros2_ws/install:/home/lota/install'), ('ROS_DISTRO', 'humble'), ('LOGNAME', 'lota'), ('_', '/usr/bin/colcon'), ('ROS_VERSION', '2'), ('XDG_SESSION_CLASS', 'user'), ('USERNAME', 'lota'), ('TERM', 'xterm-256color'), ('GNOME_DESKTOP_SESSION_ID', 'this-is-deprecated'), ('ROS_LOCALHOST_ONLY', '0'), ('PATH', '/opt/ros/humble/bin:/usr/local/sbin:/usr/local/bin:/usr/sbin:/usr/bin:/sbin:/bin:/usr/games:/usr/local/games:/snap/bin:/snap/bin'), ('SESSION_MANAGER', 'local/lota-virtual-machine:@/tmp/.ICE-unix/1967,unix/lota-virtual-machine:/tmp/.ICE-unix/1967'), ('XDG_MENU_PREFIX', 'gnome-'), ('LC_ADDRESS', 'th_TH.UTF-8'), ('GNOME_TERMINAL_SCREEN', '/org/gnome/Terminal/screen/d7bacb81_830e_43ca_b990_85ad42f32cb3'), ('GNOME_SETUP_DISPLAY', ':1'), ('XDG_RUNTIME_DIR', '/run/user/1000'), ('DISPLAY', ':0'), ('LANG', 'en_US.UTF-8'), ('XDG_CURRENT_DESKTOP', 'ubuntu:GNOME'), ('LC_TELEPHONE', 'th_TH.UTF-8'), ('XMODIFIERS', '@im=ibus'), ('XDG_SESSION_DESKTOP', 'ubuntu'), ('XAUTHORITY', '/run/user/1000/.mutter-Xwaylandauth.E9YLH3'), ('LS_COLORS', 'di=1;36:ln=1;33:ex=1;32:fi=0'), ('GNOME_TERMINAL_SERVICE', ':1.108'), ('SSH_AGENT_LAUNCHER', 'gnome-keyring'), ('SSH_AUTH_SOCK', '/run/user/1000/keyring/ssh'), ('AMENT_PREFIX_PATH', '/home/lota/ros2_ws/install/rplidar_ros:/home/lota/ros2_ws/install/my_robot_config:/home/lota/ros2_ws/install/imu_hwt911:/home/lota/ros2_ws/install/dual_lidar_tools:/home/lota/install/rrt_planner:/home/lota/install/rplidar_ros:/home/lota/install/my_robot_config:/home/lota/install/dynamixel_sdk:/opt/ros/humble'), ('SHELL', '/bin/bash'), ('LC_NAME', 'th_TH.UTF-8'), ('QT_ACCESSIBILITY', '1'), ('GDMSESSION', 'ubuntu'), ('LC_MEASUREMENT', 'th_TH.UTF-8'), ('LC_IDENTIFICATION', 'th_TH.UTF-8'), ('QT_IM_MODULE', 'ibus'), ('PWD', '/home/lota/ros2_ws/build/my_robot_config'), ('LC_ALL', 'en_US.UTF-8'), ('XDG_CONFIG_DIRS', '/etc/xdg/xdg-ubuntu:/etc/xdg'), ('XDG_DATA_DIRS', '/usr/share/ubuntu:/usr/local/share/:/usr/share/:/var/lib/snapd/desktop'), ('PYTHONPATH', '/home/lota/ros2_ws/build/imu_hwt911:/home/lota/ros2_ws/build/dual_lidar_tools:/home/lota/ros2_ws/install/imu_hwt911/lib/python3.10/site-packages:/home/lota/ros2_ws/install/dual_lidar_tools/lib/python3.10/site-packages:/home/lota/install/rrt_planner/lib/python3.10/site-packages:/opt/ros/humble/lib/python3.10/site-packages:/opt/ros/humble/local/lib/python3.10/dist-packages'), ('LC_NUMERIC', 'th_TH.UTF-8'), ('LC_PAPER', 'th_TH.UTF-8'), ('COLCON', '1'), ('VTE_VERSION', '6800'), ('CMAKE_PREFIX_PATH', '/home/lota/ros2_ws/install/rplidar_ros:/home/lota/ros2_ws/install/my_robot_config:/home/lota/install/rplidar_ros:/home/lota/install/my_robot_config:/home/lota/install/dynamixel_sdk:/home/lota/ros2_ws/install/imu_hwt911:/home/lota/ros2_ws/install/dual_lidar_tools:/home/lota/install/rrt_planner:/opt/ros/humble')]), 'shell': False}
[1.405073] (dual_lidar_tools) CommandEnded: {'returncode': 0}
[1.419553] (dual_lidar_tools) JobEnded: {'identifier': 'dual_lidar_tools', 'rc': 0}
[1.423807] (-) TimerEvent: {}
[1.424004] (rplidar_ros) JobStarted: {'identifier': 'rplidar_ros'}
[1.435860] (my_robot_config) CommandEnded: {'returncode': 0}
[1.436186] (my_robot_config) JobProgress: {'identifier': 'my_robot_config', 'progress': 'install'}
[1.445821] (my_robot_config) Command: {'cmd': ['/usr/bin/cmake', '--install', '/home/lota/ros2_ws/build/my_robot_config'], 'cwd': '/home/lota/ros2_ws/build/my_robot_config', 'env': OrderedDict([('LANGUAGE', 'en_US:'), ('USER', 'lota'), ('LC_TIME', 'th_TH.UTF-8'), ('XDG_SESSION_TYPE', 'wayland'), ('SHLVL', '1'), ('LD_LIBRARY_PATH', '/home/lota/install/dynamixel_sdk/lib:/usr/lib/x86_64-linux-gnu/gazebo-11/plugins:/opt/ros/humble/opt/rviz_ogre_vendor/lib:/opt/ros/humble/lib/x86_64-linux-gnu:/opt/ros/humble/lib'), ('HOME', '/home/lota'), ('OLDPWD', '/home/lota/ros2_ws'), ('DESKTOP_SESSION', 'ubuntu'), ('ROS_PYTHON_VERSION', '3'), ('GNOME_SHELL_SESSION_MODE', 'ubuntu'), ('GTK_MODULES', 'gail:atk-bridge'), ('LC_MONETARY', 'th_TH.UTF-8'), ('SYSTEMD_EXEC_PID', '3046'), ('DBUS_SESSION_BUS_ADDRESS', 'unix:path=/run/user/1000/bus'), ('COLORTERM', 'truecolor'), ('IM_CONFIG_PHASE', '1'), ('WAYLAND_DISPLAY', 'wayland-0'), ('COLCON_PREFIX_PATH', '/home/lota/ros2_ws/install:/home/lota/install'), ('ROS_DISTRO', 'humble'), ('LOGNAME', 'lota'), ('_', '/usr/bin/colcon'), ('ROS_VERSION', '2'), ('XDG_SESSION_CLASS', 'user'), ('USERNAME', 'lota'), ('TERM', 'xterm-256color'), ('GNOME_DESKTOP_SESSION_ID', 'this-is-deprecated'), ('ROS_LOCALHOST_ONLY', '0'), ('PATH', '/opt/ros/humble/bin:/usr/local/sbin:/usr/local/bin:/usr/sbin:/usr/bin:/sbin:/bin:/usr/games:/usr/local/games:/snap/bin:/snap/bin'), ('SESSION_MANAGER', 'local/lota-virtual-machine:@/tmp/.ICE-unix/1967,unix/lota-virtual-machine:/tmp/.ICE-unix/1967'), ('XDG_MENU_PREFIX', 'gnome-'), ('LC_ADDRESS', 'th_TH.UTF-8'), ('GNOME_TERMINAL_SCREEN', '/org/gnome/Terminal/screen/d7bacb81_830e_43ca_b990_85ad42f32cb3'), ('GNOME_SETUP_DISPLAY', ':1'), ('XDG_RUNTIME_DIR', '/run/user/1000'), ('DISPLAY', ':0'), ('LANG', 'en_US.UTF-8'), ('XDG_CURRENT_DESKTOP', 'ubuntu:GNOME'), ('LC_TELEPHONE', 'th_TH.UTF-8'), ('XMODIFIERS', '@im=ibus'), ('XDG_SESSION_DESKTOP', 'ubuntu'), ('XAUTHORITY', '/run/user/1000/.mutter-Xwaylandauth.E9YLH3'), ('LS_COLORS', 'di=1;36:ln=1;33:ex=1;32:fi=0'), ('GNOME_TERMINAL_SERVICE', ':1.108'), ('SSH_AGENT_LAUNCHER', 'gnome-keyring'), ('SSH_AUTH_SOCK', '/run/user/1000/keyring/ssh'), ('AMENT_PREFIX_PATH', '/home/lota/ros2_ws/install/rplidar_ros:/home/lota/ros2_ws/install/my_robot_config:/home/lota/ros2_ws/install/imu_hwt911:/home/lota/ros2_ws/install/dual_lidar_tools:/home/lota/install/rrt_planner:/home/lota/install/rplidar_ros:/home/lota/install/my_robot_config:/home/lota/install/dynamixel_sdk:/opt/ros/humble'), ('SHELL', '/bin/bash'), ('LC_NAME', 'th_TH.UTF-8'), ('QT_ACCESSIBILITY', '1'), ('GDMSESSION', 'ubuntu'), ('LC_MEASUREMENT', 'th_TH.UTF-8'), ('LC_IDENTIFICATION', 'th_TH.UTF-8'), ('QT_IM_MODULE', 'ibus'), ('PWD', '/home/lota/ros2_ws/build/my_robot_config'), ('LC_ALL', 'en_US.UTF-8'), ('XDG_CONFIG_DIRS', '/etc/xdg/xdg-ubuntu:/etc/xdg'), ('XDG_DATA_DIRS', '/usr/share/ubuntu:/usr/local/share/:/usr/share/:/var/lib/snapd/desktop'), ('PYTHONPATH', '/home/lota/ros2_ws/build/imu_hwt911:/home/lota/ros2_ws/build/dual_lidar_tools:/home/lota/ros2_ws/install/imu_hwt911/lib/python3.10/site-packages:/home/lota/ros2_ws/install/dual_lidar_tools/lib/python3.10/site-packages:/home/lota/install/rrt_planner/lib/python3.10/site-packages:/opt/ros/humble/lib/python3.10/site-packages:/opt/ros/humble/local/lib/python3.10/dist-packages'), ('LC_NUMERIC', 'th_TH.UTF-8'), ('LC_PAPER', 'th_TH.UTF-8'), ('COLCON', '1'), ('VTE_VERSION', '6800'), ('CMAKE_PREFIX_PATH', '/home/lota/ros2_ws/install/rplidar_ros:/home/lota/ros2_ws/install/my_robot_config:/home/lota/install/rplidar_ros:/home/lota/install/my_robot_config:/home/lota/install/dynamixel_sdk:/home/lota/ros2_ws/install/imu_hwt911:/home/lota/ros2_ws/install/dual_lidar_tools:/home/lota/install/rrt_planner:/opt/ros/humble')]), 'shell': False}
[1.456454] (my_robot_config) StdoutLine: {'line': b'-- Install configuration: ""\n'}
[1.458294] (my_robot_config) StdoutLine: {'line': b'-- Execute custom install script\n'}
[1.459082] (my_robot_config) StdoutLine: {'line': b'-- Up-to-date symlink: /home/lota/ros2_ws/install/my_robot_config/share/my_robot_config//launch/bringup_localization.launch.py\n'}
[1.459984] (my_robot_config) StdoutLine: {'line': b'-- Up-to-date symlink: /home/lota/ros2_ws/install/my_robot_config/share/my_robot_config//launch/bringup_navigation.launch.py\n'}
[1.461329] (my_robot_config) StdoutLine: {'line': b'-- Up-to-date symlink: /home/lota/ros2_ws/install/my_robot_config/share/my_robot_config//launch/dual_lidar_with_merge.launch.py\n'}
[1.463723] (my_robot_config) StdoutLine: {'line': b'-- Up-to-date symlink: /home/lota/ros2_ws/install/my_robot_config/share/my_robot_config//launch/encoder_imu_odom.launch.py\n'}
[1.463806] (my_robot_config) StdoutLine: {'line': b'-- Up-to-date symlink: /home/lota/ros2_ws/install/my_robot_config/share/my_robot_config//launch/slam_2lidar.launch.py\n'}
[1.463873] (my_robot_config) StderrLine: {'line': b'\x1b[33mCMake Warning (dev) at ament_cmake_symlink_install/ament_cmake_symlink_install.cmake:62 (file):\n'}
[1.463955] (my_robot_config) StderrLine: {'line': b'  Policy CMP0009 is not set: FILE GLOB_RECURSE calls should not follow\n'}
[1.464015] (my_robot_config) StderrLine: {'line': b'  symlinks by default.  Run "cmake --help-policy CMP0009" for policy details.\n'}
[1.464063] (my_robot_config) StderrLine: {'line': b'  Use the cmake_policy command to set the policy and suppress this warning.\n'}
[1.464116] (my_robot_config) StderrLine: {'line': b'Call Stack (most recent call first):\n'}
[1.464175] (my_robot_config) StderrLine: {'line': b'  ament_cmake_symlink_install/ament_cmake_symlink_install.cmake:314 (ament_cmake_symlink_install_directory)\n'}
[1.464235] (my_robot_config) StderrLine: {'line': b'  cmake_install.cmake:46 (include)\n'}
[1.464295] (my_robot_config) StderrLine: {'line': b'This warning is for project developers.  Use -Wno-dev to suppress it.\n'}
[1.464355] (my_robot_config) StderrLine: {'line': b'\x1b[0m\n'}
[1.464410] (my_robot_config) StdoutLine: {'line': b'-- Up-to-date symlink: /home/lota/ros2_ws/install/my_robot_config/share/my_robot_config//config/amcl.yaml\n'}
[1.464473] (my_robot_config) StdoutLine: {'line': b'-- Up-to-date symlink: /home/lota/ros2_ws/install/my_robot_config/share/my_robot_config//config/build/.built_by\n'}
[1.464534] (my_robot_config) StdoutLine: {'line': b'-- Up-to-date symlink: /home/lota/ros2_ws/install/my_robot_config/share/my_robot_config//config/build/COLCON_IGNORE\n'}
[1.464594] (my_robot_config) StdoutLine: {'line': b'-- Up-to-date symlink: /home/lota/ros2_ws/install/my_robot_config/share/my_robot_config//config/dual_lidar_merge.yaml\n'}
[1.464663] (my_robot_config) StdoutLine: {'line': b'-- Up-to-date symlink: /home/lota/ros2_ws/install/my_robot_config/share/my_robot_config//config/install/.colcon_install_layout\n'}
[1.464725] (my_robot_config) StdoutLine: {'line': b'-- Up-to-date symlink: /home/lota/ros2_ws/install/my_robot_config/share/my_robot_config//config/install/COLCON_IGNORE\n'}
[1.464786] (my_robot_config) StdoutLine: {'line': b'-- Up-to-date symlink: /home/lota/ros2_ws/install/my_robot_config/share/my_robot_config//config/install/_local_setup_util_ps1.py\n'}
[1.464845] (my_robot_config) StdoutLine: {'line': b'-- Up-to-date symlink: /home/lota/ros2_ws/install/my_robot_config/share/my_robot_config//config/install/_local_setup_util_sh.py\n'}
[1.464908] (my_robot_config) StdoutLine: {'line': b'-- Up-to-date symlink: /home/lota/ros2_ws/install/my_robot_config/share/my_robot_config//config/install/local_setup.bash\n'}
[1.464967] (my_robot_config) StdoutLine: {'line': b'-- Up-to-date symlink: /home/lota/ros2_ws/install/my_robot_config/share/my_robot_config//config/install/local_setup.ps1\n'}
[1.465029] (my_robot_config) StdoutLine: {'line': b'-- Up-to-date symlink: /home/lota/ros2_ws/install/my_robot_config/share/my_robot_config//config/install/local_setup.sh\n'}
[1.465094] (my_robot_config) StdoutLine: {'line': b'-- Up-to-date symlink: /home/lota/ros2_ws/install/my_robot_config/share/my_robot_config//config/install/local_setup.zsh\n'}
[1.465154] (my_robot_config) StdoutLine: {'line': b'-- Up-to-date symlink: /home/lota/ros2_ws/install/my_robot_config/share/my_robot_config//config/install/setup.bash\n'}
[1.465215] (my_robot_config) StdoutLine: {'line': b'-- Up-to-date symlink: /home/lota/ros2_ws/install/my_robot_config/share/my_robot_config//config/install/setup.ps1\n'}
[1.465283] (my_robot_config) StdoutLine: {'line': b'-- Up-to-date symlink: /home/lota/ros2_ws/install/my_robot_config/share/my_robot_config//config/install/setup.sh\n'}
[1.465345] (my_robot_config) StdoutLine: {'line': b'-- Up-to-date symlink: /home/lota/ros2_ws/install/my_robot_config/share/my_robot_config//config/install/setup.zsh\n'}
[1.465405] (my_robot_config) StdoutLine: {'line': b'-- Up-to-date symlink: /home/lota/ros2_ws/install/my_robot_config/share/my_robot_config//config/log/COLCON_IGNORE\n'}
[1.465465] (my_robot_config) StdoutLine: {'line': b'-- Up-to-date symlink: /home/lota/ros2_ws/install/my_robot_config/share/my_robot_config//config/log/build_2025-12-26_21-04-28/events.log\n'}
[1.465527] (my_robot_config) StdoutLine: {'line': b'-- Up-to-date symlink: /home/lota/ros2_ws/install/my_robot_config/share/my_robot_config//config/log/build_2025-12-26_21-04-28/logger_all.log\n'}
[1.473881] (my_robot_config) StdoutLine: {'line': b'-- Up-to-date symlink: /home/lota/ros2_ws/install/my_robot_config/share/my_robot_config//config/log/latest/events.log\n'}
[1.473981] (my_robot_config) StdoutLine: {'line': b'-- Up-to-date symlink: /home/lota/ros2_ws/install/my_robot_config/share/my_robot_config//config/log/latest/logger_all.log\n'}
[1.474050] (my_robot_config) StdoutLine: {'line': b'-- Up-to-date symlink: /home/lota/ros2_ws/install/my_robot_config/share/my_robot_config//config/log/latest_build/events.log\n'}
[1.474116] (my_robot_config) StdoutLine: {'line': b'-- Up-to-date symlink: /home/lota/ros2_ws/install/my_robot_config/share/my_robot_config//config/log/latest_build/logger_all.log\n'}
[1.474181] (my_robot_config) StdoutLine: {'line': b'-- Up-to-date symlink: /home/lota/ros2_ws/install/my_robot_config/share/my_robot_config//config/nav2_controller_only.yaml\n'}
[1.474259] (my_robot_config) StdoutLine: {'line': b'-- Up-to-date symlink: /home/lota/ros2_ws/install/my_robot_config/share/my_robot_config//config/nav2_params.yaml\n'}
[1.474325] (my_robot_config) StdoutLine: {'line': b'-- Up-to-date symlink: /home/lota/ros2_ws/install/my_robot_config/share/my_robot_config//config/odom_ekf.yaml\n'}
[1.474389] (my_robot_config) StdoutLine: {'line': b'-- Up-to-date symlink: /home/lota/ros2_ws/install/my_robot_config/share/my_robot_config//config/slam_toolbox_merged.yaml\n'}
[1.474461] (my_robot_config) StdoutLine: {'line': b'-- Up-to-date symlink: /home/lota/ros2_ws/install/my_robot_config/lib/my_robot_config/imu_odom.py\n'}
[1.474526] (my_robot_config) StdoutLine: {'line': b'-- Up-to-date symlink: /home/lota/ros2_ws/install/my_robot_config/lib/my_robot_config/stm32_reader.py\n'}
[1.474598] (my_robot_config) StdoutLine: {'line': b'-- Up-to-date symlink: /home/lota/ros2_ws/install/my_robot_config/lib/my_robot_config/encoder_dep_trai.py\n'}
[1.474662] (my_robot_config) StdoutLine: {'line': b'-- Up-to-date symlink: /home/lota/ros2_ws/install/my_robot_config/lib/my_robot_config/wheel_tf_node.py\n'}
[1.474726] (my_robot_config) StdoutLine: {'line': b'-- Up-to-date symlink: /home/lota/ros2_ws/install/my_robot_config/share/ament_index/resource_index/package_run_dependencies/my_robot_config\n'}
[1.474793] (my_robot_config) StdoutLine: {'line': b'-- Up-to-date symlink: /home/lota/ros2_ws/install/my_robot_config/share/ament_index/resource_index/parent_prefix_path/my_robot_config\n'}
[1.474859] (my_robot_config) StdoutLine: {'line': b'-- Up-to-date symlink: /home/lota/ros2_ws/install/my_robot_config/share/my_robot_config/environment/ament_prefix_path.sh\n'}
[1.474925] (my_robot_config) StdoutLine: {'line': b'-- Up-to-date symlink: /home/lota/ros2_ws/install/my_robot_config/share/my_robot_config/environment/ament_prefix_path.dsv\n'}
[1.474994] (my_robot_config) StdoutLine: {'line': b'-- Up-to-date symlink: /home/lota/ros2_ws/install/my_robot_config/share/my_robot_config/environment/path.sh\n'}
[1.476303] (my_robot_config) StdoutLine: {'line': b'-- Up-to-date symlink: /home/lota/ros2_ws/install/my_robot_config/share/my_robot_config/environment/path.dsv\n'}
[1.476393] (my_robot_config) StdoutLine: {'line': b'-- Up-to-date symlink: /home/lota/ros2_ws/install/my_robot_config/share/my_robot_config/local_setup.bash\n'}
[1.476462] (my_robot_config) StdoutLine: {'line': b'-- Up-to-date symlink: /home/lota/ros2_ws/install/my_robot_config/share/my_robot_config/local_setup.sh\n'}
[1.476529] (my_robot_config) StdoutLine: {'line': b'-- Up-to-date symlink: /home/lota/ros2_ws/install/my_robot_config/share/my_robot_config/local_setup.zsh\n'}
[1.476597] (my_robot_config) StdoutLine: {'line': b'-- Up-to-date symlink: /home/lota/ros2_ws/install/my_robot_config/share/my_robot_config/local_setup.dsv\n'}
[1.476662] (my_robot_config) StdoutLine: {'line': b'-- Symlinking: /home/lota/ros2_ws/install/my_robot_config/share/my_robot_config/package.dsv\n'}
[1.476729] (rplidar_ros) JobProgress: {'identifier': 'rplidar_ros', 'progress': 'cmake'}
[1.476754] (rplidar_ros) JobProgress: {'identifier': 'rplidar_ros', 'progress': 'build'}
[1.476775] (rplidar_ros) Command: {'cmd': ['/usr/bin/cmake', '--build', '/home/lota/ros2_ws/build/rplidar_ros', '--', '-j2', '-l2'], 'cwd': '/home/lota/ros2_ws/build/rplidar_ros', 'env': OrderedDict([('LANGUAGE', 'en_US:'), ('USER', 'lota'), ('LC_TIME', 'th_TH.UTF-8'), ('XDG_SESSION_TYPE', 'wayland'), ('SHLVL', '1'), ('LD_LIBRARY_PATH', '/home/lota/install/dynamixel_sdk/lib:/usr/lib/x86_64-linux-gnu/gazebo-11/plugins:/opt/ros/humble/opt/rviz_ogre_vendor/lib:/opt/ros/humble/lib/x86_64-linux-gnu:/opt/ros/humble/lib'), ('HOME', '/home/lota'), ('OLDPWD', '/home/lota/ros2_ws'), ('DESKTOP_SESSION', 'ubuntu'), ('ROS_PYTHON_VERSION', '3'), ('GNOME_SHELL_SESSION_MODE', 'ubuntu'), ('GTK_MODULES', 'gail:atk-bridge'), ('LC_MONETARY', 'th_TH.UTF-8'), ('SYSTEMD_EXEC_PID', '3046'), ('DBUS_SESSION_BUS_ADDRESS', 'unix:path=/run/user/1000/bus'), ('COLORTERM', 'truecolor'), ('IM_CONFIG_PHASE', '1'), ('WAYLAND_DISPLAY', 'wayland-0'), ('COLCON_PREFIX_PATH', '/home/lota/ros2_ws/install:/home/lota/install'), ('ROS_DISTRO', 'humble'), ('LOGNAME', 'lota'), ('_', '/usr/bin/colcon'), ('ROS_VERSION', '2'), ('XDG_SESSION_CLASS', 'user'), ('USERNAME', 'lota'), ('TERM', 'xterm-256color'), ('GNOME_DESKTOP_SESSION_ID', 'this-is-deprecated'), ('ROS_LOCALHOST_ONLY', '0'), ('PATH', '/opt/ros/humble/bin:/usr/local/sbin:/usr/local/bin:/usr/sbin:/usr/bin:/sbin:/bin:/usr/games:/usr/local/games:/snap/bin:/snap/bin'), ('SESSION_MANAGER', 'local/lota-virtual-machine:@/tmp/.ICE-unix/1967,unix/lota-virtual-machine:/tmp/.ICE-unix/1967'), ('XDG_MENU_PREFIX', 'gnome-'), ('LC_ADDRESS', 'th_TH.UTF-8'), ('GNOME_TERMINAL_SCREEN', '/org/gnome/Terminal/screen/d7bacb81_830e_43ca_b990_85ad42f32cb3'), ('GNOME_SETUP_DISPLAY', ':1'), ('XDG_RUNTIME_DIR', '/run/user/1000'), ('DISPLAY', ':0'), ('LANG', 'en_US.UTF-8'), ('XDG_CURRENT_DESKTOP', 'ubuntu:GNOME'), ('LC_TELEPHONE', 'th_TH.UTF-8'), ('XMODIFIERS', '@im=ibus'), ('XDG_SESSION_DESKTOP', 'ubuntu'), ('XAUTHORITY', '/run/user/1000/.mutter-Xwaylandauth.E9YLH3'), ('LS_COLORS', 'di=1;36:ln=1;33:ex=1;32:fi=0'), ('GNOME_TERMINAL_SERVICE', ':1.108'), ('SSH_AGENT_LAUNCHER', 'gnome-keyring'), ('SSH_AUTH_SOCK', '/run/user/1000/keyring/ssh'), ('AMENT_PREFIX_PATH', '/home/lota/ros2_ws/install/rplidar_ros:/home/lota/ros2_ws/install/my_robot_config:/home/lota/ros2_ws/install/imu_hwt911:/home/lota/ros2_ws/install/dual_lidar_tools:/home/lota/install/rrt_planner:/home/lota/install/rplidar_ros:/home/lota/install/my_robot_config:/home/lota/install/dynamixel_sdk:/opt/ros/humble'), ('SHELL', '/bin/bash'), ('LC_NAME', 'th_TH.UTF-8'), ('QT_ACCESSIBILITY', '1'), ('GDMSESSION', 'ubuntu'), ('LC_MEASUREMENT', 'th_TH.UTF-8'), ('LC_IDENTIFICATION', 'th_TH.UTF-8'), ('QT_IM_MODULE', 'ibus'), ('PWD', '/home/lota/ros2_ws/build/rplidar_ros'), ('LC_ALL', 'en_US.UTF-8'), ('XDG_CONFIG_DIRS', '/etc/xdg/xdg-ubuntu:/etc/xdg'), ('XDG_DATA_DIRS', '/usr/share/ubuntu:/usr/local/share/:/usr/share/:/var/lib/snapd/desktop'), ('PYTHONPATH', '/home/lota/ros2_ws/build/imu_hwt911:/home/lota/ros2_ws/build/dual_lidar_tools:/home/lota/ros2_ws/install/imu_hwt911/lib/python3.10/site-packages:/home/lota/ros2_ws/install/dual_lidar_tools/lib/python3.10/site-packages:/home/lota/install/rrt_planner/lib/python3.10/site-packages:/opt/ros/humble/lib/python3.10/site-packages:/opt/ros/humble/local/lib/python3.10/dist-packages'), ('LC_NUMERIC', 'th_TH.UTF-8'), ('LC_PAPER', 'th_TH.UTF-8'), ('COLCON', '1'), ('VTE_VERSION', '6800'), ('CMAKE_PREFIX_PATH', '/home/lota/ros2_ws/install/rplidar_ros:/home/lota/ros2_ws/install/my_robot_config:/home/lota/install/rplidar_ros:/home/lota/install/my_robot_config:/home/lota/install/dynamixel_sdk:/home/lota/ros2_ws/install/imu_hwt911:/home/lota/ros2_ws/install/dual_lidar_tools:/home/lota/install/rrt_planner:/opt/ros/humble')]), 'shell': False}
[1.481173] (my_robot_config) StdoutLine: {'line': b'-- Up-to-date symlink: /home/lota/ros2_ws/install/my_robot_config/share/ament_index/resource_index/packages/my_robot_config\n'}
[1.481309] (my_robot_config) StdoutLine: {'line': b'-- Up-to-date symlink: /home/lota/ros2_ws/install/my_robot_config/share/my_robot_config/cmake/my_robot_configConfig.cmake\n'}
[1.481381] (my_robot_config) StdoutLine: {'line': b'-- Up-to-date symlink: /home/lota/ros2_ws/install/my_robot_config/share/my_robot_config/cmake/my_robot_configConfig-version.cmake\n'}
[1.481449] (my_robot_config) StdoutLine: {'line': b'-- Up-to-date symlink: /home/lota/ros2_ws/install/my_robot_config/share/my_robot_config/package.xml\n'}
[1.483151] (my_robot_config) CommandEnded: {'returncode': 0}
[1.500588] (my_robot_config) JobEnded: {'identifier': 'my_robot_config', 'rc': 0}
[1.524632] (-) TimerEvent: {}
[1.560118] (rplidar_ros) StdoutLine: {'line': b'[ 47%] Built target rplidar_node\n'}
[1.585900] (rplidar_ros) StdoutLine: {'line': b'[ 94%] Built target rplidar_composition\n'}
[1.609022] (rplidar_ros) StdoutLine: {'line': b'[100%] Built target rplidar_client\n'}
[1.625996] (-) TimerEvent: {}
[1.627071] (rplidar_ros) CommandEnded: {'returncode': 0}
[1.627883] (rplidar_ros) JobProgress: {'identifier': 'rplidar_ros', 'progress': 'install'}
[1.629177] (rplidar_ros) Command: {'cmd': ['/usr/bin/cmake', '--install', '/home/lota/ros2_ws/build/rplidar_ros'], 'cwd': '/home/lota/ros2_ws/build/rplidar_ros', 'env': OrderedDict([('LANGUAGE', 'en_US:'), ('USER', 'lota'), ('LC_TIME', 'th_TH.UTF-8'), ('XDG_SESSION_TYPE', 'wayland'), ('SHLVL', '1'), ('LD_LIBRARY_PATH', '/home/lota/install/dynamixel_sdk/lib:/usr/lib/x86_64-linux-gnu/gazebo-11/plugins:/opt/ros/humble/opt/rviz_ogre_vendor/lib:/opt/ros/humble/lib/x86_64-linux-gnu:/opt/ros/humble/lib'), ('HOME', '/home/lota'), ('OLDPWD', '/home/lota/ros2_ws'), ('DESKTOP_SESSION', 'ubuntu'), ('ROS_PYTHON_VERSION', '3'), ('GNOME_SHELL_SESSION_MODE', 'ubuntu'), ('GTK_MODULES', 'gail:atk-bridge'), ('LC_MONETARY', 'th_TH.UTF-8'), ('SYSTEMD_EXEC_PID', '3046'), ('DBUS_SESSION_BUS_ADDRESS', 'unix:path=/run/user/1000/bus'), ('COLORTERM', 'truecolor'), ('IM_CONFIG_PHASE', '1'), ('WAYLAND_DISPLAY', 'wayland-0'), ('COLCON_PREFIX_PATH', '/home/lota/ros2_ws/install:/home/lota/install'), ('ROS_DISTRO', 'humble'), ('LOGNAME', 'lota'), ('_', '/usr/bin/colcon'), ('ROS_VERSION', '2'), ('XDG_SESSION_CLASS', 'user'), ('USERNAME', 'lota'), ('TERM', 'xterm-256color'), ('GNOME_DESKTOP_SESSION_ID', 'this-is-deprecated'), ('ROS_LOCALHOST_ONLY', '0'), ('PATH', '/opt/ros/humble/bin:/usr/local/sbin:/usr/local/bin:/usr/sbin:/usr/bin:/sbin:/bin:/usr/games:/usr/local/games:/snap/bin:/snap/bin'), ('SESSION_MANAGER', 'local/lota-virtual-machine:@/tmp/.ICE-unix/1967,unix/lota-virtual-machine:/tmp/.ICE-unix/1967'), ('XDG_MENU_PREFIX', 'gnome-'), ('LC_ADDRESS', 'th_TH.UTF-8'), ('GNOME_TERMINAL_SCREEN', '/org/gnome/Terminal/screen/d7bacb81_830e_43ca_b990_85ad42f32cb3'), ('GNOME_SETUP_DISPLAY', ':1'), ('XDG_RUNTIME_DIR', '/run/user/1000'), ('DISPLAY', ':0'), ('LANG', 'en_US.UTF-8'), ('XDG_CURRENT_DESKTOP', 'ubuntu:GNOME'), ('LC_TELEPHONE', 'th_TH.UTF-8'), ('XMODIFIERS', '@im=ibus'), ('XDG_SESSION_DESKTOP', 'ubuntu'), ('XAUTHORITY', '/run/user/1000/.mutter-Xwaylandauth.E9YLH3'), ('LS_COLORS', 'di=1;36:ln=1;33:ex=1;32:fi=0'), ('GNOME_TERMINAL_SERVICE', ':1.108'), ('SSH_AGENT_LAUNCHER', 'gnome-keyring'), ('SSH_AUTH_SOCK', '/run/user/1000/keyring/ssh'), ('AMENT_PREFIX_PATH', '/home/lota/ros2_ws/install/rplidar_ros:/home/lota/ros2_ws/install/my_robot_config:/home/lota/ros2_ws/install/imu_hwt911:/home/lota/ros2_ws/install/dual_lidar_tools:/home/lota/install/rrt_planner:/home/lota/install/rplidar_ros:/home/lota/install/my_robot_config:/home/lota/install/dynamixel_sdk:/opt/ros/humble'), ('SHELL', '/bin/bash'), ('LC_NAME', 'th_TH.UTF-8'), ('QT_ACCESSIBILITY', '1'), ('GDMSESSION', 'ubuntu'), ('LC_MEASUREMENT', 'th_TH.UTF-8'), ('LC_IDENTIFICATION', 'th_TH.UTF-8'), ('QT_IM_MODULE', 'ibus'), ('PWD', '/home/lota/ros2_ws/build/rplidar_ros'), ('LC_ALL', 'en_US.UTF-8'), ('XDG_CONFIG_DIRS', '/etc/xdg/xdg-ubuntu:/etc/xdg'), ('XDG_DATA_DIRS', '/usr/share/ubuntu:/usr/local/share/:/usr/share/:/var/lib/snapd/desktop'), ('PYTHONPATH', '/home/lota/ros2_ws/build/imu_hwt911:/home/lota/ros2_ws/build/dual_lidar_tools:/home/lota/ros2_ws/install/imu_hwt911/lib/python3.10/site-packages:/home/lota/ros2_ws/install/dual_lidar_tools/lib/python3.10/site-packages:/home/lota/install/rrt_planner/lib/python3.10/site-packages:/opt/ros/humble/lib/python3.10/site-packages:/opt/ros/humble/local/lib/python3.10/dist-packages'), ('LC_NUMERIC', 'th_TH.UTF-8'), ('LC_PAPER', 'th_TH.UTF-8'), ('COLCON', '1'), ('VTE_VERSION', '6800'), ('CMAKE_PREFIX_PATH', '/home/lota/ros2_ws/install/rplidar_ros:/home/lota/ros2_ws/install/my_robot_config:/home/lota/install/rplidar_ros:/home/lota/install/my_robot_config:/home/lota/install/dynamixel_sdk:/home/lota/ros2_ws/install/imu_hwt911:/home/lota/ros2_ws/install/dual_lidar_tools:/home/lota/install/rrt_planner:/opt/ros/humble')]), 'shell': False}
[1.634923] (rplidar_ros) StdoutLine: {'line': b'-- Install configuration: ""\n'}
[1.635500] (rplidar_ros) StdoutLine: {'line': b'-- Execute custom install script\n'}
[1.636042] (rplidar_ros) StdoutLine: {'line': b'-- Up-to-date symlink: /home/lota/ros2_ws/install/rplidar_ros/share/rplidar_ros/launch/rplidar_a1_launch.py\n'}
[1.636277] (rplidar_ros) StdoutLine: {'line': b'-- Up-to-date symlink: /home/lota/ros2_ws/install/rplidar_ros/share/rplidar_ros/launch/rplidar_a2m12_launch.py\n'}
[1.636572] (rplidar_ros) StdoutLine: {'line': b'-- Up-to-date symlink: /home/lota/ros2_ws/install/rplidar_ros/share/rplidar_ros/launch/rplidar_a2m7_launch.py\n'}
[1.636647] (rplidar_ros) StdoutLine: {'line': b'-- Up-to-date symlink: /home/lota/ros2_ws/install/rplidar_ros/share/rplidar_ros/launch/rplidar_a2m8_launch.py\n'}
[1.636862] (rplidar_ros) StdoutLine: {'line': b'-- Up-to-date symlink: /home/lota/ros2_ws/install/rplidar_ros/share/rplidar_ros/launch/rplidar_a3_launch.py\n'}
[1.637069] (rplidar_ros) StdoutLine: {'line': b'-- Up-to-date symlink: /home/lota/ros2_ws/install/rplidar_ros/share/rplidar_ros/launch/rplidar_c1_launch.py\n'}
[1.637160] (rplidar_ros) StdoutLine: {'line': b'-- Up-to-date symlink: /home/lota/ros2_ws/install/rplidar_ros/share/rplidar_ros/launch/rplidar_s1_launch.py\n'}
[1.637360] (rplidar_ros) StdoutLine: {'line': b'-- Up-to-date symlink: /home/lota/ros2_ws/install/rplidar_ros/share/rplidar_ros/launch/rplidar_s1_tcp_launch.py\n'}
[1.637670] (rplidar_ros) StdoutLine: {'line': b'-- Up-to-date symlink: /home/lota/ros2_ws/install/rplidar_ros/share/rplidar_ros/launch/rplidar_s2_launch.py\n'}
[1.637760] (rplidar_ros) StdoutLine: {'line': b'-- Up-to-date symlink: /home/lota/ros2_ws/install/rplidar_ros/share/rplidar_ros/launch/rplidar_s2e_launch.py\n'}
[1.638059] (rplidar_ros) StdoutLine: {'line': b'-- Up-to-date symlink: /home/lota/ros2_ws/install/rplidar_ros/share/rplidar_ros/launch/rplidar_s3_launch.py\n'}
[1.638149] (rplidar_ros) StdoutLine: {'line': b'-- Up-to-date symlink: /home/lota/ros2_ws/install/rplidar_ros/share/rplidar_ros/launch/rplidar_t1_launch.py\n'}
[1.639049] (rplidar_ros) StdoutLine: {'line': b'-- Up-to-date symlink: /home/lota/ros2_ws/install/rplidar_ros/share/rplidar_ros/launch/view_rplidar_a1_launch.py\n'}
[1.639303] (rplidar_ros) StdoutLine: {'line': b'-- Up-to-date symlink: /home/lota/ros2_ws/install/rplidar_ros/share/rplidar_ros/launch/view_rplidar_a2m12_launch.py\n'}
[1.639403] (rplidar_ros) StdoutLine: {'line': b'-- Up-to-date symlink: /home/lota/ros2_ws/install/rplidar_ros/share/rplidar_ros/launch/view_rplidar_a2m7_launch.py\n'}
[1.639720] (rplidar_ros) StdoutLine: {'line': b'-- Up-to-date symlink: /home/lota/ros2_ws/install/rplidar_ros/share/rplidar_ros/launch/view_rplidar_a2m8_launch.py\n'}
[1.639816] (rplidar_ros) StdoutLine: {'line': b'-- Up-to-date symlink: /home/lota/ros2_ws/install/rplidar_ros/share/rplidar_ros/launch/view_rplidar_a3_launch.py\n'}
[1.640123] (rplidar_ros) StdoutLine: {'line': b'-- Up-to-date symlink: /home/lota/ros2_ws/install/rplidar_ros/share/rplidar_ros/launch/view_rplidar_c1_launch.py\n'}
[1.640217] (rplidar_ros) StdoutLine: {'line': b'-- Up-to-date symlink: /home/lota/ros2_ws/install/rplidar_ros/share/rplidar_ros/launch/view_rplidar_s1_launch.py\n'}
[1.640489] (rplidar_ros) StdoutLine: {'line': b'-- Up-to-date symlink: /home/lota/ros2_ws/install/rplidar_ros/share/rplidar_ros/launch/view_rplidar_s1_tcp_launch.py\n'}
[1.640841] (rplidar_ros) StdoutLine: {'line': b'-- Up-to-date symlink: /home/lota/ros2_ws/install/rplidar_ros/share/rplidar_ros/launch/view_rplidar_s2_launch.py\n'}
[1.640943] (rplidar_ros) StdoutLine: {'line': b'-- Up-to-date symlink: /home/lota/ros2_ws/install/rplidar_ros/share/rplidar_ros/launch/view_rplidar_s2e_launch.py\n'}
[1.641260] (rplidar_ros) StdoutLine: {'line': b'-- Up-to-date symlink: /home/lota/ros2_ws/install/rplidar_ros/share/rplidar_ros/launch/view_rplidar_s3_launch.py\n'}
[1.641356] (rplidar_ros) StdoutLine: {'line': b'-- Up-to-date symlink: /home/lota/ros2_ws/install/rplidar_ros/share/rplidar_ros/launch/view_rplidar_t1_launch.py\n'}
[1.641994] (rplidar_ros) StdoutLine: {'line': b'-- Up-to-date symlink: /home/lota/ros2_ws/install/rplidar_ros/share/rplidar_ros/rviz/rplidar_ros.rviz\n'}
[1.642137] (rplidar_ros) StdoutLine: {'line': b'-- Up-to-date symlink: /home/lota/ros2_ws/install/rplidar_ros/lib/rplidar_ros/rplidar_node\n'}
[1.642565] (rplidar_ros) StdoutLine: {'line': b'-- Up-to-date symlink: /home/lota/ros2_ws/install/rplidar_ros/lib/rplidar_ros/rplidar_composition\n'}
[1.643065] (rplidar_ros) StdoutLine: {'line': b'-- Up-to-date symlink: /home/lota/ros2_ws/install/rplidar_ros/lib/rplidar_ros/rplidar_client\n'}
[1.643181] (rplidar_ros) StdoutLine: {'line': b'-- Up-to-date symlink: /home/lota/ros2_ws/install/rplidar_ros/share/ament_index/resource_index/package_run_dependencies/rplidar_ros\n'}
[1.643488] (rplidar_ros) StdoutLine: {'line': b'-- Up-to-date symlink: /home/lota/ros2_ws/install/rplidar_ros/share/ament_index/resource_index/parent_prefix_path/rplidar_ros\n'}
[1.643942] (rplidar_ros) StdoutLine: {'line': b'-- Up-to-date symlink: /home/lota/ros2_ws/install/rplidar_ros/share/rplidar_ros/environment/ament_prefix_path.sh\n'}
[1.644053] (rplidar_ros) StdoutLine: {'line': b'-- Up-to-date symlink: /home/lota/ros2_ws/install/rplidar_ros/share/rplidar_ros/environment/ament_prefix_path.dsv\n'}
[1.644377] (rplidar_ros) StdoutLine: {'line': b'-- Up-to-date symlink: /home/lota/ros2_ws/install/rplidar_ros/share/rplidar_ros/environment/path.sh\n'}
[1.644845] (rplidar_ros) StdoutLine: {'line': b'-- Up-to-date symlink: /home/lota/ros2_ws/install/rplidar_ros/share/rplidar_ros/environment/path.dsv\n'}
[1.644955] (rplidar_ros) StdoutLine: {'line': b'-- Up-to-date symlink: /home/lota/ros2_ws/install/rplidar_ros/share/rplidar_ros/local_setup.bash\n'}
[1.645221] (rplidar_ros) StdoutLine: {'line': b'-- Up-to-date symlink: /home/lota/ros2_ws/install/rplidar_ros/share/rplidar_ros/local_setup.sh\n'}
[1.645669] (rplidar_ros) StdoutLine: {'line': b'-- Up-to-date symlink: /home/lota/ros2_ws/install/rplidar_ros/share/rplidar_ros/local_setup.zsh\n'}
[1.645775] (rplidar_ros) StdoutLine: {'line': b'-- Up-to-date symlink: /home/lota/ros2_ws/install/rplidar_ros/share/rplidar_ros/local_setup.dsv\n'}
[1.646312] (rplidar_ros) StdoutLine: {'line': b'-- Symlinking: /home/lota/ros2_ws/install/rplidar_ros/share/rplidar_ros/package.dsv\n'}
[1.656460] (rplidar_ros) StdoutLine: {'line': b'-- Up-to-date symlink: /home/lota/ros2_ws/install/rplidar_ros/share/ament_index/resource_index/packages/rplidar_ros\n'}
[1.656961] (rplidar_ros) StdoutLine: {'line': b'-- Up-to-date symlink: /home/lota/ros2_ws/install/rplidar_ros/share/rplidar_ros/cmake/ament_cmake_export_dependencies-extras.cmake\n'}
[1.657307] (rplidar_ros) StdoutLine: {'line': b'-- Up-to-date symlink: /home/lota/ros2_ws/install/rplidar_ros/share/rplidar_ros/cmake/ament_cmake_export_include_directories-extras.cmake\n'}
[1.657428] (rplidar_ros) StdoutLine: {'line': b'-- Up-to-date symlink: /home/lota/ros2_ws/install/rplidar_ros/share/rplidar_ros/cmake/rplidar_rosConfig.cmake\n'}
[1.657656] (rplidar_ros) StdoutLine: {'line': b'-- Up-to-date symlink: /home/lota/ros2_ws/install/rplidar_ros/share/rplidar_ros/cmake/rplidar_rosConfig-version.cmake\n'}
[1.657928] (rplidar_ros) StdoutLine: {'line': b'-- Up-to-date symlink: /home/lota/ros2_ws/install/rplidar_ros/share/rplidar_ros/package.xml\n'}
[1.665694] (rplidar_ros) CommandEnded: {'returncode': 0}
[1.680446] (rplidar_ros) JobEnded: {'identifier': 'rplidar_ros', 'rc': 0}
[1.681105] (-) EventReactorShutdown: {}
