[0.000000] (-) TimerEvent: {}
[0.001878] (dual_lidar_tools) JobQueued: {'identifier': 'dual_lidar_tools', 'dependencies': OrderedDict()}
[0.001955] (imu_hwt911) JobQueued: {'identifier': 'imu_hwt911', 'dependencies': OrderedDict()}
[0.001973] (my_robot_config) JobQueued: {'identifier': 'my_robot_config', 'dependencies': OrderedDict()}
[0.001985] (rplidar_ros) JobQueued: {'identifier': 'rplidar_ros', 'dependencies': OrderedDict()}
[0.001996] (dual_lidar_tools) JobStarted: {'identifier': 'dual_lidar_tools'}
[0.039369] (imu_hwt911) JobStarted: {'identifier': 'imu_hwt911'}
[0.095022] (-) TimerEvent: {}
[0.197547] (-) TimerEvent: {}
[0.302359] (-) TimerEvent: {}
[0.403603] (-) TimerEvent: {}
[0.504444] (-) TimerEvent: {}
[0.608372] (-) TimerEvent: {}
[0.711667] (-) TimerEvent: {}
[0.812586] (-) TimerEvent: {}
[0.914758] (-) TimerEvent: {}
[1.015895] (-) TimerEvent: {}
[1.117571] (-) TimerEvent: {}
[1.219930] (-) TimerEvent: {}
[1.320762] (-) TimerEvent: {}
[1.422989] (-) TimerEvent: {}
[1.528440] (-) TimerEvent: {}
[1.632808] (-) TimerEvent: {}
[1.734657] (-) TimerEvent: {}
[1.836515] (-) TimerEvent: {}
[1.943858] (-) TimerEvent: {}
[2.044581] (-) TimerEvent: {}
[2.146511] (-) TimerEvent: {}
[2.247876] (-) TimerEvent: {}
[2.351816] (-) TimerEvent: {}
[2.438011] (imu_hwt911) Command: {'cmd': ['/usr/bin/python3', '-W', 'ignore:setup.py install is deprecated', '-W', 'ignore:easy_install command is deprecated', 'setup.py', 'develop', '--editable', '--build-directory', '/home/lota/ros2_ws/build/imu_hwt911/build', '--no-deps', 'symlink_data'], 'cwd': '/home/lota/ros2_ws/build/imu_hwt911', 'env': {'LANGUAGE': 'en_US:', 'USER': 'lota', 'LC_TIME': 'th_TH.UTF-8', 'XDG_SESSION_TYPE': 'wayland', 'SHLVL': '1', 'LD_LIBRARY_PATH': '/home/lota/install/dynamixel_sdk/lib:/usr/lib/x86_64-linux-gnu/gazebo-11/plugins:/opt/ros/humble/opt/rviz_ogre_vendor/lib:/opt/ros/humble/lib/x86_64-linux-gnu:/opt/ros/humble/lib', 'HOME': '/home/lota', 'OLDPWD': '/home/lota/ros2_ws', 'DESKTOP_SESSION': 'ubuntu', 'ROS_PYTHON_VERSION': '3', 'GNOME_SHELL_SESSION_MODE': 'ubuntu', 'GTK_MODULES': 'gail:atk-bridge', 'LC_MONETARY': 'th_TH.UTF-8', 'SYSTEMD_EXEC_PID': '3046', 'DBUS_SESSION_BUS_ADDRESS': 'unix:path=/run/user/1000/bus', 'COLORTERM': 'truecolor', 'IM_CONFIG_PHASE': '1', 'WAYLAND_DISPLAY': 'wayland-0', 'COLCON_PREFIX_PATH': '/home/lota/ros2_ws/install:/home/lota/install', 'ROS_DISTRO': 'humble', 'LOGNAME': 'lota', '_': '/usr/bin/colcon', 'ROS_VERSION': '2', 'XDG_SESSION_CLASS': 'user', 'USERNAME': 'lota', 'TERM': 'xterm-256color', 'GNOME_DESKTOP_SESSION_ID': 'this-is-deprecated', 'ROS_LOCALHOST_ONLY': '0', 'PATH': '/opt/ros/humble/bin:/usr/local/sbin:/usr/local/bin:/usr/sbin:/usr/bin:/sbin:/bin:/usr/games:/usr/local/games:/snap/bin:/snap/bin', 'SESSION_MANAGER': 'local/lota-virtual-machine:@/tmp/.ICE-unix/1967,unix/lota-virtual-machine:/tmp/.ICE-unix/1967', 'XDG_MENU_PREFIX': 'gnome-', 'LC_ADDRESS': 'th_TH.UTF-8', 'GNOME_TERMINAL_SCREEN': '/org/gnome/Terminal/screen/afbb2abc_0231_4596_9572_985e0ddea6de', 'GNOME_SETUP_DISPLAY': ':1', 'XDG_RUNTIME_DIR': '/run/user/1000', 'DISPLAY': ':0', 'LANG': 'en_US.UTF-8', 'XDG_CURRENT_DESKTOP': 'ubuntu:GNOME', 'LC_TELEPHONE': 'th_TH.UTF-8', 'XMODIFIERS': '@im=ibus', 'XDG_SESSION_DESKTOP': 'ubuntu', 'XAUTHORITY': '/run/user/1000/.mutter-Xwaylandauth.E9YLH3', 'LS_COLORS': 'di=1;36:ln=1;33:ex=1;32:fi=0', 'GNOME_TERMINAL_SERVICE': ':1.108', 'SSH_AGENT_LAUNCHER': 'gnome-keyring', 'SSH_AUTH_SOCK': '/run/user/1000/keyring/ssh', 'AMENT_PREFIX_PATH': '/home/lota/ros2_ws/install/rplidar_ros:/home/lota/ros2_ws/install/my_robot_config:/home/lota/ros2_ws/install/imu_hwt911:/home/lota/ros2_ws/install/dual_lidar_tools:/home/lota/install/rrt_planner:/home/lota/install/rplidar_ros:/home/lota/install/my_robot_config:/home/lota/install/dynamixel_sdk:/opt/ros/humble', 'SHELL': '/bin/bash', 'LC_NAME': 'th_TH.UTF-8', 'QT_ACCESSIBILITY': '1', 'GDMSESSION': 'ubuntu', 'LC_MEASUREMENT': 'th_TH.UTF-8', 'LC_IDENTIFICATION': 'th_TH.UTF-8', 'QT_IM_MODULE': 'ibus', 'PWD': '/home/lota/ros2_ws/build/imu_hwt911', 'LC_ALL': 'en_US.UTF-8', 'XDG_CONFIG_DIRS': '/etc/xdg/xdg-ubuntu:/etc/xdg', 'XDG_DATA_DIRS': '/usr/share/ubuntu:/usr/local/share/:/usr/share/:/var/lib/snapd/desktop', 'PYTHONPATH': '/home/lota/ros2_ws/build/imu_hwt911/prefix_override:/usr/lib/python3/dist-packages/colcon_core/task/python/colcon_distutils_commands:/home/lota/ros2_ws/install/imu_hwt911/lib/python3.10/site-packages:/home/lota/ros2_ws/install/imu_hwt911/lib/python3.10/site-packages:/home/lota/ros2_ws/install/dual_lidar_tools/lib/python3.10/site-packages:/home/lota/install/rrt_planner/lib/python3.10/site-packages:/opt/ros/humble/lib/python3.10/site-packages:/opt/ros/humble/local/lib/python3.10/dist-packages', 'LC_NUMERIC': 'th_TH.UTF-8', 'LC_PAPER': 'th_TH.UTF-8', 'COLCON': '1', 'VTE_VERSION': '6800', 'CMAKE_PREFIX_PATH': '/home/lota/ros2_ws/install/rplidar_ros:/home/lota/ros2_ws/install/my_robot_config:/home/lota/install/rplidar_ros:/home/lota/install/my_robot_config:/home/lota/install/dynamixel_sdk'}, 'shell': False}
[2.455987] (-) TimerEvent: {}
[2.558888] (-) TimerEvent: {}
[2.666827] (-) TimerEvent: {}
[2.762138] (dual_lidar_tools) Command: {'cmd': ['/usr/bin/python3', '-W', 'ignore:setup.py install is deprecated', '-W', 'ignore:easy_install command is deprecated', 'setup.py', 'develop', '--editable', '--build-directory', '/home/lota/ros2_ws/build/dual_lidar_tools/build', '--no-deps', 'symlink_data'], 'cwd': '/home/lota/ros2_ws/build/dual_lidar_tools', 'env': {'LANGUAGE': 'en_US:', 'USER': 'lota', 'LC_TIME': 'th_TH.UTF-8', 'XDG_SESSION_TYPE': 'wayland', 'SHLVL': '1', 'LD_LIBRARY_PATH': '/home/lota/install/dynamixel_sdk/lib:/usr/lib/x86_64-linux-gnu/gazebo-11/plugins:/opt/ros/humble/opt/rviz_ogre_vendor/lib:/opt/ros/humble/lib/x86_64-linux-gnu:/opt/ros/humble/lib', 'HOME': '/home/lota', 'OLDPWD': '/home/lota/ros2_ws', 'DESKTOP_SESSION': 'ubuntu', 'ROS_PYTHON_VERSION': '3', 'GNOME_SHELL_SESSION_MODE': 'ubuntu', 'GTK_MODULES': 'gail:atk-bridge', 'LC_MONETARY': 'th_TH.UTF-8', 'SYSTEMD_EXEC_PID': '3046', 'DBUS_SESSION_BUS_ADDRESS': 'unix:path=/run/user/1000/bus', 'COLORTERM': 'truecolor', 'IM_CONFIG_PHASE': '1', 'WAYLAND_DISPLAY': 'wayland-0', 'COLCON_PREFIX_PATH': '/home/lota/ros2_ws/install:/home/lota/install', 'ROS_DISTRO': 'humble', 'LOGNAME': 'lota', '_': '/usr/bin/colcon', 'ROS_VERSION': '2', 'XDG_SESSION_CLASS': 'user', 'USERNAME': 'lota', 'TERM': 'xterm-256color', 'GNOME_DESKTOP_SESSION_ID': 'this-is-deprecated', 'ROS_LOCALHOST_ONLY': '0', 'PATH': '/opt/ros/humble/bin:/usr/local/sbin:/usr/local/bin:/usr/sbin:/usr/bin:/sbin:/bin:/usr/games:/usr/local/games:/snap/bin:/snap/bin', 'SESSION_MANAGER': 'local/lota-virtual-machine:@/tmp/.ICE-unix/1967,unix/lota-virtual-machine:/tmp/.ICE-unix/1967', 'XDG_MENU_PREFIX': 'gnome-', 'LC_ADDRESS': 'th_TH.UTF-8', 'GNOME_TERMINAL_SCREEN': '/org/gnome/Terminal/screen/afbb2abc_0231_4596_9572_985e0ddea6de', 'GNOME_SETUP_DISPLAY': ':1', 'XDG_RUNTIME_DIR': '/run/user/1000', 'DISPLAY': ':0', 'LANG': 'en_US.UTF-8', 'XDG_CURRENT_DESKTOP': 'ubuntu:GNOME', 'LC_TELEPHONE': 'th_TH.UTF-8', 'XMODIFIERS': '@im=ibus', 'XDG_SESSION_DESKTOP': 'ubuntu', 'XAUTHORITY': '/run/user/1000/.mutter-Xwaylandauth.E9YLH3', 'LS_COLORS': 'di=1;36:ln=1;33:ex=1;32:fi=0', 'GNOME_TERMINAL_SERVICE': ':1.108', 'SSH_AGENT_LAUNCHER': 'gnome-keyring', 'SSH_AUTH_SOCK': '/run/user/1000/keyring/ssh', 'AMENT_PREFIX_PATH': '/home/lota/ros2_ws/install/rplidar_ros:/home/lota/ros2_ws/install/my_robot_config:/home/lota/ros2_ws/install/imu_hwt911:/home/lota/ros2_ws/install/dual_lidar_tools:/home/lota/install/rrt_planner:/home/lota/install/rplidar_ros:/home/lota/install/my_robot_config:/home/lota/install/dynamixel_sdk:/opt/ros/humble', 'SHELL': '/bin/bash', 'LC_NAME': 'th_TH.UTF-8', 'QT_ACCESSIBILITY': '1', 'GDMSESSION': 'ubuntu', 'LC_MEASUREMENT': 'th_TH.UTF-8', 'LC_IDENTIFICATION': 'th_TH.UTF-8', 'QT_IM_MODULE': 'ibus', 'PWD': '/home/lota/ros2_ws/build/dual_lidar_tools', 'LC_ALL': 'en_US.UTF-8', 'XDG_CONFIG_DIRS': '/etc/xdg/xdg-ubuntu:/etc/xdg', 'XDG_DATA_DIRS': '/usr/share/ubuntu:/usr/local/share/:/usr/share/:/var/lib/snapd/desktop', 'PYTHONPATH': '/home/lota/ros2_ws/build/dual_lidar_tools/prefix_override:/usr/lib/python3/dist-packages/colcon_core/task/python/colcon_distutils_commands:/home/lota/ros2_ws/install/dual_lidar_tools/lib/python3.10/site-packages:/home/lota/ros2_ws/install/imu_hwt911/lib/python3.10/site-packages:/home/lota/ros2_ws/install/dual_lidar_tools/lib/python3.10/site-packages:/home/lota/install/rrt_planner/lib/python3.10/site-packages:/opt/ros/humble/lib/python3.10/site-packages:/opt/ros/humble/local/lib/python3.10/dist-packages', 'LC_NUMERIC': 'th_TH.UTF-8', 'LC_PAPER': 'th_TH.UTF-8', 'COLCON': '1', 'VTE_VERSION': '6800', 'CMAKE_PREFIX_PATH': '/home/lota/ros2_ws/install/rplidar_ros:/home/lota/ros2_ws/install/my_robot_config:/home/lota/install/rplidar_ros:/home/lota/install/my_robot_config:/home/lota/install/dynamixel_sdk'}, 'shell': False}
[2.769898] (-) TimerEvent: {}
[2.872367] (-) TimerEvent: {}
[2.974239] (-) TimerEvent: {}
[3.076441] (-) TimerEvent: {}
[3.179734] (-) TimerEvent: {}
[3.281875] (-) TimerEvent: {}
[3.385506] (-) TimerEvent: {}
[3.490969] (-) TimerEvent: {}
[3.592341] (-) TimerEvent: {}
[3.693193] (-) TimerEvent: {}
[3.695241] (imu_hwt911) StdoutLine: {'line': b'running develop\n'}
[3.794870] (-) TimerEvent: {}
[3.899457] (-) TimerEvent: {}
[3.977482] (dual_lidar_tools) StdoutLine: {'line': b'running develop\n'}
[4.000584] (-) TimerEvent: {}
[4.103797] (-) TimerEvent: {}
[4.204421] (-) TimerEvent: {}
[4.314157] (-) TimerEvent: {}
[4.417424] (-) TimerEvent: {}
[4.461136] (imu_hwt911) StdoutLine: {'line': b'running egg_info\n'}
[4.461409] (imu_hwt911) StdoutLine: {'line': b'writing imu_hwt911.egg-info/PKG-INFO\n'}
[4.461485] (imu_hwt911) StdoutLine: {'line': b'writing dependency_links to imu_hwt911.egg-info/dependency_links.txt\n'}
[4.461549] (imu_hwt911) StdoutLine: {'line': b'writing entry points to imu_hwt911.egg-info/entry_points.txt\n'}
[4.461615] (imu_hwt911) StdoutLine: {'line': b'writing requirements to imu_hwt911.egg-info/requires.txt\n'}
[4.461683] (imu_hwt911) StdoutLine: {'line': b'writing top-level names to imu_hwt911.egg-info/top_level.txt\n'}
[4.466340] (imu_hwt911) StdoutLine: {'line': b"reading manifest file 'imu_hwt911.egg-info/SOURCES.txt'\n"}
[4.468720] (imu_hwt911) StdoutLine: {'line': b"writing manifest file 'imu_hwt911.egg-info/SOURCES.txt'\n"}
[4.475634] (imu_hwt911) StdoutLine: {'line': b'running build_ext\n'}
[4.476957] (imu_hwt911) StdoutLine: {'line': b'Creating /home/lota/ros2_ws/install/imu_hwt911/lib/python3.10/site-packages/imu-hwt911.egg-link (link to .)\n'}
[4.483583] (imu_hwt911) StdoutLine: {'line': b'Installing hwt911_node script to /home/lota/ros2_ws/install/imu_hwt911/lib/imu_hwt911\n'}
[4.483865] (imu_hwt911) StdoutLine: {'line': b'\n'}
[4.484333] (imu_hwt911) StdoutLine: {'line': b'Installed /home/lota/ros2_ws/build/imu_hwt911\n'}
[4.484394] (imu_hwt911) StdoutLine: {'line': b'running symlink_data\n'}
[4.519300] (-) TimerEvent: {}
[4.601067] (imu_hwt911) CommandEnded: {'returncode': 0}
[4.619439] (-) TimerEvent: {}
[4.639889] (imu_hwt911) JobEnded: {'identifier': 'imu_hwt911', 'rc': 0}
[4.642902] (my_robot_config) JobStarted: {'identifier': 'my_robot_config'}
[4.672202] (my_robot_config) JobProgress: {'identifier': 'my_robot_config', 'progress': 'cmake'}
[4.674448] (my_robot_config) JobProgress: {'identifier': 'my_robot_config', 'progress': 'build'}
[4.676909] (my_robot_config) Command: {'cmd': ['/usr/bin/cmake', '--build', '/home/lota/ros2_ws/build/my_robot_config', '--', '-j2', '-l2'], 'cwd': '/home/lota/ros2_ws/build/my_robot_config', 'env': OrderedDict([('LANGUAGE', 'en_US:'), ('USER', 'lota'), ('LC_TIME', 'th_TH.UTF-8'), ('XDG_SESSION_TYPE', 'wayland'), ('SHLVL', '1'), ('LD_LIBRARY_PATH', '/home/lota/install/dynamixel_sdk/lib:/usr/lib/x86_64-linux-gnu/gazebo-11/plugins:/opt/ros/humble/opt/rviz_ogre_vendor/lib:/opt/ros/humble/lib/x86_64-linux-gnu:/opt/ros/humble/lib'), ('HOME', '/home/lota'), ('OLDPWD', '/home/lota/ros2_ws'), ('DESKTOP_SESSION', 'ubuntu'), ('ROS_PYTHON_VERSION', '3'), ('GNOME_SHELL_SESSION_MODE', 'ubuntu'), ('GTK_MODULES', 'gail:atk-bridge'), ('LC_MONETARY', 'th_TH.UTF-8'), ('SYSTEMD_EXEC_PID', '3046'), ('DBUS_SESSION_BUS_ADDRESS', 'unix:path=/run/user/1000/bus'), ('COLORTERM', 'truecolor'), ('IM_CONFIG_PHASE', '1'), ('WAYLAND_DISPLAY', 'wayland-0'), ('COLCON_PREFIX_PATH', '/home/lota/ros2_ws/install:/home/lota/install'), ('ROS_DISTRO', 'humble'), ('LOGNAME', 'lota'), ('_', '/usr/bin/colcon'), ('ROS_VERSION', '2'), ('XDG_SESSION_CLASS', 'user'), ('USERNAME', 'lota'), ('TERM', 'xterm-256color'), ('GNOME_DESKTOP_SESSION_ID', 'this-is-deprecated'), ('ROS_LOCALHOST_ONLY', '0'), ('PATH', '/opt/ros/humble/bin:/usr/local/sbin:/usr/local/bin:/usr/sbin:/usr/bin:/sbin:/bin:/usr/games:/usr/local/games:/snap/bin:/snap/bin'), ('SESSION_MANAGER', 'local/lota-virtual-machine:@/tmp/.ICE-unix/1967,unix/lota-virtual-machine:/tmp/.ICE-unix/1967'), ('XDG_MENU_PREFIX', 'gnome-'), ('LC_ADDRESS', 'th_TH.UTF-8'), ('GNOME_TERMINAL_SCREEN', '/org/gnome/Terminal/screen/afbb2abc_0231_4596_9572_985e0ddea6de'), ('GNOME_SETUP_DISPLAY', ':1'), ('XDG_RUNTIME_DIR', '/run/user/1000'), ('DISPLAY', ':0'), ('LANG', 'en_US.UTF-8'), ('XDG_CURRENT_DESKTOP', 'ubuntu:GNOME'), ('LC_TELEPHONE', 'th_TH.UTF-8'), ('XMODIFIERS', '@im=ibus'), ('XDG_SESSION_DESKTOP', 'ubuntu'), ('XAUTHORITY', '/run/user/1000/.mutter-Xwaylandauth.E9YLH3'), ('LS_COLORS', 'di=1;36:ln=1;33:ex=1;32:fi=0'), ('GNOME_TERMINAL_SERVICE', ':1.108'), ('SSH_AGENT_LAUNCHER', 'gnome-keyring'), ('SSH_AUTH_SOCK', '/run/user/1000/keyring/ssh'), ('AMENT_PREFIX_PATH', '/home/lota/ros2_ws/install/rplidar_ros:/home/lota/ros2_ws/install/my_robot_config:/home/lota/ros2_ws/install/imu_hwt911:/home/lota/ros2_ws/install/dual_lidar_tools:/home/lota/install/rrt_planner:/home/lota/install/rplidar_ros:/home/lota/install/my_robot_config:/home/lota/install/dynamixel_sdk:/opt/ros/humble'), ('SHELL', '/bin/bash'), ('LC_NAME', 'th_TH.UTF-8'), ('QT_ACCESSIBILITY', '1'), ('GDMSESSION', 'ubuntu'), ('LC_MEASUREMENT', 'th_TH.UTF-8'), ('LC_IDENTIFICATION', 'th_TH.UTF-8'), ('QT_IM_MODULE', 'ibus'), ('PWD', '/home/lota/ros2_ws/build/my_robot_config'), ('LC_ALL', 'en_US.UTF-8'), ('XDG_CONFIG_DIRS', '/etc/xdg/xdg-ubuntu:/etc/xdg'), ('XDG_DATA_DIRS', '/usr/share/ubuntu:/usr/local/share/:/usr/share/:/var/lib/snapd/desktop'), ('PYTHONPATH', '/home/lota/ros2_ws/install/imu_hwt911/lib/python3.10/site-packages:/home/lota/ros2_ws/install/dual_lidar_tools/lib/python3.10/site-packages:/home/lota/install/rrt_planner/lib/python3.10/site-packages:/opt/ros/humble/lib/python3.10/site-packages:/opt/ros/humble/local/lib/python3.10/dist-packages'), ('LC_NUMERIC', 'th_TH.UTF-8'), ('LC_PAPER', 'th_TH.UTF-8'), ('COLCON', '1'), ('VTE_VERSION', '6800'), ('CMAKE_PREFIX_PATH', '/home/lota/ros2_ws/install/rplidar_ros:/home/lota/ros2_ws/install/my_robot_config:/home/lota/install/rplidar_ros:/home/lota/install/my_robot_config:/home/lota/install/dynamixel_sdk:/home/lota/ros2_ws/install/imu_hwt911:/home/lota/ros2_ws/install/dual_lidar_tools:/home/lota/install/rrt_planner:/opt/ros/humble')]), 'shell': False}
[4.708078] (dual_lidar_tools) StdoutLine: {'line': b'running egg_info\n'}
[4.710784] (dual_lidar_tools) StdoutLine: {'line': b'writing dual_lidar_tools.egg-info/PKG-INFO\n'}
[4.713306] (dual_lidar_tools) StdoutLine: {'line': b'writing dependency_links to dual_lidar_tools.egg-info/dependency_links.txt\n'}
[4.715806] (dual_lidar_tools) StdoutLine: {'line': b'writing entry points to dual_lidar_tools.egg-info/entry_points.txt\n'}
[4.719303] (dual_lidar_tools) StdoutLine: {'line': b'writing requirements to dual_lidar_tools.egg-info/requires.txt\n'}
[4.721402] (-) TimerEvent: {}
[4.723673] (dual_lidar_tools) StdoutLine: {'line': b'writing top-level names to dual_lidar_tools.egg-info/top_level.txt\n'}
[4.736676] (dual_lidar_tools) StdoutLine: {'line': b"reading manifest file 'dual_lidar_tools.egg-info/SOURCES.txt'\n"}
[4.741141] (dual_lidar_tools) StdoutLine: {'line': b"writing manifest file 'dual_lidar_tools.egg-info/SOURCES.txt'\n"}
[4.762634] (dual_lidar_tools) StdoutLine: {'line': b'running build_ext\n'}
[4.768723] (dual_lidar_tools) StdoutLine: {'line': b'Creating /home/lota/ros2_ws/install/dual_lidar_tools/lib/python3.10/site-packages/dual-lidar-tools.egg-link (link to .)\n'}
[4.770670] (dual_lidar_tools) StdoutLine: {'line': b'Installing dual_lidar_merger script to /home/lota/ros2_ws/install/dual_lidar_tools/lib/dual_lidar_tools\n'}
[4.774618] (dual_lidar_tools) StdoutLine: {'line': b'\n'}
[4.775145] (dual_lidar_tools) StdoutLine: {'line': b'Installed /home/lota/ros2_ws/build/dual_lidar_tools\n'}
[4.779357] (my_robot_config) CommandEnded: {'returncode': 0}
[4.780833] (dual_lidar_tools) StdoutLine: {'line': b'running symlink_data\n'}
[4.783611] (my_robot_config) JobProgress: {'identifier': 'my_robot_config', 'progress': 'install'}
[4.806153] (my_robot_config) Command: {'cmd': ['/usr/bin/cmake', '--install', '/home/lota/ros2_ws/build/my_robot_config'], 'cwd': '/home/lota/ros2_ws/build/my_robot_config', 'env': OrderedDict([('LANGUAGE', 'en_US:'), ('USER', 'lota'), ('LC_TIME', 'th_TH.UTF-8'), ('XDG_SESSION_TYPE', 'wayland'), ('SHLVL', '1'), ('LD_LIBRARY_PATH', '/home/lota/install/dynamixel_sdk/lib:/usr/lib/x86_64-linux-gnu/gazebo-11/plugins:/opt/ros/humble/opt/rviz_ogre_vendor/lib:/opt/ros/humble/lib/x86_64-linux-gnu:/opt/ros/humble/lib'), ('HOME', '/home/lota'), ('OLDPWD', '/home/lota/ros2_ws'), ('DESKTOP_SESSION', 'ubuntu'), ('ROS_PYTHON_VERSION', '3'), ('GNOME_SHELL_SESSION_MODE', 'ubuntu'), ('GTK_MODULES', 'gail:atk-bridge'), ('LC_MONETARY', 'th_TH.UTF-8'), ('SYSTEMD_EXEC_PID', '3046'), ('DBUS_SESSION_BUS_ADDRESS', 'unix:path=/run/user/1000/bus'), ('COLORTERM', 'truecolor'), ('IM_CONFIG_PHASE', '1'), ('WAYLAND_DISPLAY', 'wayland-0'), ('COLCON_PREFIX_PATH', '/home/lota/ros2_ws/install:/home/lota/install'), ('ROS_DISTRO', 'humble'), ('LOGNAME', 'lota'), ('_', '/usr/bin/colcon'), ('ROS_VERSION', '2'), ('XDG_SESSION_CLASS', 'user'), ('USERNAME', 'lota'), ('TERM', 'xterm-256color'), ('GNOME_DESKTOP_SESSION_ID', 'this-is-deprecated'), ('ROS_LOCALHOST_ONLY', '0'), ('PATH', '/opt/ros/humble/bin:/usr/local/sbin:/usr/local/bin:/usr/sbin:/usr/bin:/sbin:/bin:/usr/games:/usr/local/games:/snap/bin:/snap/bin'), ('SESSION_MANAGER', 'local/lota-virtual-machine:@/tmp/.ICE-unix/1967,unix/lota-virtual-machine:/tmp/.ICE-unix/1967'), ('XDG_MENU_PREFIX', 'gnome-'), ('LC_ADDRESS', 'th_TH.UTF-8'), ('GNOME_TERMINAL_SCREEN', '/org/gnome/Terminal/screen/afbb2abc_0231_4596_9572_985e0ddea6de'), ('GNOME_SETUP_DISPLAY', ':1'), ('XDG_RUNTIME_DIR', '/run/user/1000'), ('DISPLAY', ':0'), ('LANG', 'en_US.UTF-8'), ('XDG_CURRENT_DESKTOP', 'ubuntu:GNOME'), ('LC_TELEPHONE', 'th_TH.UTF-8'), ('XMODIFIERS', '@im=ibus'), ('XDG_SESSION_DESKTOP', 'ubuntu'), ('XAUTHORITY', '/run/user/1000/.mutter-Xwaylandauth.E9YLH3'), ('LS_COLORS', 'di=1;36:ln=1;33:ex=1;32:fi=0'), ('GNOME_TERMINAL_SERVICE', ':1.108'), ('SSH_AGENT_LAUNCHER', 'gnome-keyring'), ('SSH_AUTH_SOCK', '/run/user/1000/keyring/ssh'), ('AMENT_PREFIX_PATH', '/home/lota/ros2_ws/install/rplidar_ros:/home/lota/ros2_ws/install/my_robot_config:/home/lota/ros2_ws/install/imu_hwt911:/home/lota/ros2_ws/install/dual_lidar_tools:/home/lota/install/rrt_planner:/home/lota/install/rplidar_ros:/home/lota/install/my_robot_config:/home/lota/install/dynamixel_sdk:/opt/ros/humble'), ('SHELL', '/bin/bash'), ('LC_NAME', 'th_TH.UTF-8'), ('QT_ACCESSIBILITY', '1'), ('GDMSESSION', 'ubuntu'), ('LC_MEASUREMENT', 'th_TH.UTF-8'), ('LC_IDENTIFICATION', 'th_TH.UTF-8'), ('QT_IM_MODULE', 'ibus'), ('PWD', '/home/lota/ros2_ws/build/my_robot_config'), ('LC_ALL', 'en_US.UTF-8'), ('XDG_CONFIG_DIRS', '/etc/xdg/xdg-ubuntu:/etc/xdg'), ('XDG_DATA_DIRS', '/usr/share/ubuntu:/usr/local/share/:/usr/share/:/var/lib/snapd/desktop'), ('PYTHONPATH', '/home/lota/ros2_ws/install/imu_hwt911/lib/python3.10/site-packages:/home/lota/ros2_ws/install/dual_lidar_tools/lib/python3.10/site-packages:/home/lota/install/rrt_planner/lib/python3.10/site-packages:/opt/ros/humble/lib/python3.10/site-packages:/opt/ros/humble/local/lib/python3.10/dist-packages'), ('LC_NUMERIC', 'th_TH.UTF-8'), ('LC_PAPER', 'th_TH.UTF-8'), ('COLCON', '1'), ('VTE_VERSION', '6800'), ('CMAKE_PREFIX_PATH', '/home/lota/ros2_ws/install/rplidar_ros:/home/lota/ros2_ws/install/my_robot_config:/home/lota/install/rplidar_ros:/home/lota/install/my_robot_config:/home/lota/install/dynamixel_sdk:/home/lota/ros2_ws/install/imu_hwt911:/home/lota/ros2_ws/install/dual_lidar_tools:/home/lota/install/rrt_planner:/opt/ros/humble')]), 'shell': False}
[4.827680] (-) TimerEvent: {}
[4.845359] (my_robot_config) StdoutLine: {'line': b'-- Install configuration: ""\n'}
[4.850226] (my_robot_config) StdoutLine: {'line': b'-- Execute custom install script\n'}
[4.853704] (my_robot_config) StdoutLine: {'line': b'-- Up-to-date symlink: /home/lota/ros2_ws/install/my_robot_config/share/my_robot_config//launch/bringup_localization.launch.py\n'}
[4.854103] (my_robot_config) StdoutLine: {'line': b'-- Up-to-date symlink: /home/lota/ros2_ws/install/my_robot_config/share/my_robot_config//launch/bringup_navigation.launch.py\n'}
[4.854181] (my_robot_config) StdoutLine: {'line': b'-- Up-to-date symlink: /home/lota/ros2_ws/install/my_robot_config/share/my_robot_config//launch/dual_lidar_with_merge.launch.py\n'}
[4.854246] (my_robot_config) StdoutLine: {'line': b'-- Up-to-date symlink: /home/lota/ros2_ws/install/my_robot_config/share/my_robot_config//launch/encoder_imu_odom.launch.py\n'}
[4.854310] (my_robot_config) StdoutLine: {'line': b'-- Up-to-date symlink: /home/lota/ros2_ws/install/my_robot_config/share/my_robot_config//launch/slam_2lidar.launch.py\n'}
[4.862992] (my_robot_config) StderrLine: {'line': b'\x1b[33mCMake Warning (dev) at ament_cmake_symlink_install/ament_cmake_symlink_install.cmake:62 (file):\n'}
[4.863265] (my_robot_config) StderrLine: {'line': b'  Policy CMP0009 is not set: FILE GLOB_RECURSE calls should not follow\n'}
[4.863414] (my_robot_config) StderrLine: {'line': b'  symlinks by default.  Run "cmake --help-policy CMP0009" for policy details.\n'}
[4.863495] (my_robot_config) StderrLine: {'line': b'  Use the cmake_policy command to set the policy and suppress this warning.\n'}
[4.863562] (my_robot_config) StderrLine: {'line': b'Call Stack (most recent call first):\n'}
[4.863631] (my_robot_config) StderrLine: {'line': b'  ament_cmake_symlink_install/ament_cmake_symlink_install.cmake:314 (ament_cmake_symlink_install_directory)\n'}
[4.863695] (my_robot_config) StderrLine: {'line': b'  cmake_install.cmake:46 (include)\n'}
[4.863758] (my_robot_config) StderrLine: {'line': b'This warning is for project developers.  Use -Wno-dev to suppress it.\n'}
[4.863858] (my_robot_config) StderrLine: {'line': b'\x1b[0m\n'}
[4.863926] (my_robot_config) StdoutLine: {'line': b'-- Up-to-date symlink: /home/lota/ros2_ws/install/my_robot_config/share/my_robot_config//config/amcl.yaml\n'}
[4.864002] (my_robot_config) StdoutLine: {'line': b'-- Up-to-date symlink: /home/lota/ros2_ws/install/my_robot_config/share/my_robot_config//config/build/.built_by\n'}
[4.867840] (my_robot_config) StdoutLine: {'line': b'-- Up-to-date symlink: /home/lota/ros2_ws/install/my_robot_config/share/my_robot_config//config/build/COLCON_IGNORE\n'}
[4.872222] (my_robot_config) StdoutLine: {'line': b'-- Up-to-date symlink: /home/lota/ros2_ws/install/my_robot_config/share/my_robot_config//config/dual_lidar_merge.yaml\n'}
[4.872395] (my_robot_config) StdoutLine: {'line': b'-- Up-to-date symlink: /home/lota/ros2_ws/install/my_robot_config/share/my_robot_config//config/install/.colcon_install_layout\n'}
[4.872467] (my_robot_config) StdoutLine: {'line': b'-- Up-to-date symlink: /home/lota/ros2_ws/install/my_robot_config/share/my_robot_config//config/install/COLCON_IGNORE\n'}
[4.872533] (my_robot_config) StdoutLine: {'line': b'-- Up-to-date symlink: /home/lota/ros2_ws/install/my_robot_config/share/my_robot_config//config/install/_local_setup_util_ps1.py\n'}
[4.872598] (my_robot_config) StdoutLine: {'line': b'-- Up-to-date symlink: /home/lota/ros2_ws/install/my_robot_config/share/my_robot_config//config/install/_local_setup_util_sh.py\n'}
[4.872660] (my_robot_config) StdoutLine: {'line': b'-- Up-to-date symlink: /home/lota/ros2_ws/install/my_robot_config/share/my_robot_config//config/install/local_setup.bash\n'}
[4.872720] (my_robot_config) StdoutLine: {'line': b'-- Up-to-date symlink: /home/lota/ros2_ws/install/my_robot_config/share/my_robot_config//config/install/local_setup.ps1\n'}
[4.872793] (my_robot_config) StdoutLine: {'line': b'-- Up-to-date symlink: /home/lota/ros2_ws/install/my_robot_config/share/my_robot_config//config/install/local_setup.sh\n'}
[4.872852] (my_robot_config) StdoutLine: {'line': b'-- Up-to-date symlink: /home/lota/ros2_ws/install/my_robot_config/share/my_robot_config//config/install/local_setup.zsh\n'}
[4.872913] (my_robot_config) StdoutLine: {'line': b'-- Up-to-date symlink: /home/lota/ros2_ws/install/my_robot_config/share/my_robot_config//config/install/setup.bash\n'}
[4.872973] (my_robot_config) StdoutLine: {'line': b'-- Up-to-date symlink: /home/lota/ros2_ws/install/my_robot_config/share/my_robot_config//config/install/setup.ps1\n'}
[4.873039] (my_robot_config) StdoutLine: {'line': b'-- Up-to-date symlink: /home/lota/ros2_ws/install/my_robot_config/share/my_robot_config//config/install/setup.sh\n'}
[4.873105] (my_robot_config) StdoutLine: {'line': b'-- Up-to-date symlink: /home/lota/ros2_ws/install/my_robot_config/share/my_robot_config//config/install/setup.zsh\n'}
[4.876554] (my_robot_config) StdoutLine: {'line': b'-- Up-to-date symlink: /home/lota/ros2_ws/install/my_robot_config/share/my_robot_config//config/log/COLCON_IGNORE\n'}
[4.876659] (my_robot_config) StdoutLine: {'line': b'-- Up-to-date symlink: /home/lota/ros2_ws/install/my_robot_config/share/my_robot_config//config/log/build_2025-12-26_21-04-28/events.log\n'}
[4.876731] (my_robot_config) StdoutLine: {'line': b'-- Up-to-date symlink: /home/lota/ros2_ws/install/my_robot_config/share/my_robot_config//config/log/build_2025-12-26_21-04-28/logger_all.log\n'}
[4.878167] (my_robot_config) StdoutLine: {'line': b'-- Up-to-date symlink: /home/lota/ros2_ws/install/my_robot_config/share/my_robot_config//config/log/latest/events.log\n'}
[4.878251] (my_robot_config) StdoutLine: {'line': b'-- Up-to-date symlink: /home/lota/ros2_ws/install/my_robot_config/share/my_robot_config//config/log/latest/logger_all.log\n'}
[4.878314] (my_robot_config) StdoutLine: {'line': b'-- Up-to-date symlink: /home/lota/ros2_ws/install/my_robot_config/share/my_robot_config//config/log/latest_build/events.log\n'}
[4.883618] (my_robot_config) StdoutLine: {'line': b'-- Up-to-date symlink: /home/lota/ros2_ws/install/my_robot_config/share/my_robot_config//config/log/latest_build/logger_all.log\n'}
[4.883802] (my_robot_config) StdoutLine: {'line': b'-- Up-to-date symlink: /home/lota/ros2_ws/install/my_robot_config/share/my_robot_config//config/nav2_controller_only.yaml\n'}
[4.883933] (my_robot_config) StdoutLine: {'line': b'-- Up-to-date symlink: /home/lota/ros2_ws/install/my_robot_config/share/my_robot_config//config/nav2_params.yaml\n'}
[4.884007] (my_robot_config) StdoutLine: {'line': b'-- Up-to-date symlink: /home/lota/ros2_ws/install/my_robot_config/share/my_robot_config//config/odom_ekf.yaml\n'}
[4.884071] (my_robot_config) StdoutLine: {'line': b'-- Up-to-date symlink: /home/lota/ros2_ws/install/my_robot_config/share/my_robot_config//config/slam_toolbox_merged.yaml\n'}
[4.886759] (my_robot_config) StdoutLine: {'line': b'-- Up-to-date symlink: /home/lota/ros2_ws/install/my_robot_config/lib/my_robot_config/imu_odom.py\n'}
[4.886837] (my_robot_config) StdoutLine: {'line': b'-- Up-to-date symlink: /home/lota/ros2_ws/install/my_robot_config/lib/my_robot_config/stm32_reader.py\n'}
[4.886899] (my_robot_config) StdoutLine: {'line': b'-- Up-to-date symlink: /home/lota/ros2_ws/install/my_robot_config/lib/my_robot_config/encoder_dep_trai.py\n'}
[4.886944] (my_robot_config) StdoutLine: {'line': b'-- Up-to-date symlink: /home/lota/ros2_ws/install/my_robot_config/lib/my_robot_config/wheel_tf_node.py\n'}
[4.886987] (my_robot_config) StdoutLine: {'line': b'-- Up-to-date symlink: /home/lota/ros2_ws/install/my_robot_config/share/ament_index/resource_index/package_run_dependencies/my_robot_config\n'}
[4.887031] (my_robot_config) StdoutLine: {'line': b'-- Up-to-date symlink: /home/lota/ros2_ws/install/my_robot_config/share/ament_index/resource_index/parent_prefix_path/my_robot_config\n'}
[4.888208] (my_robot_config) StdoutLine: {'line': b'-- Up-to-date symlink: /home/lota/ros2_ws/install/my_robot_config/share/my_robot_config/environment/ament_prefix_path.sh\n'}
[4.888342] (my_robot_config) StdoutLine: {'line': b'-- Up-to-date symlink: /home/lota/ros2_ws/install/my_robot_config/share/my_robot_config/environment/ament_prefix_path.dsv\n'}
[4.892134] (my_robot_config) StdoutLine: {'line': b'-- Up-to-date symlink: /home/lota/ros2_ws/install/my_robot_config/share/my_robot_config/environment/path.sh\n'}
[4.892253] (my_robot_config) StdoutLine: {'line': b'-- Up-to-date symlink: /home/lota/ros2_ws/install/my_robot_config/share/my_robot_config/environment/path.dsv\n'}
[4.892299] (my_robot_config) StdoutLine: {'line': b'-- Up-to-date symlink: /home/lota/ros2_ws/install/my_robot_config/share/my_robot_config/local_setup.bash\n'}
[4.892341] (my_robot_config) StdoutLine: {'line': b'-- Up-to-date symlink: /home/lota/ros2_ws/install/my_robot_config/share/my_robot_config/local_setup.sh\n'}
[4.892383] (my_robot_config) StdoutLine: {'line': b'-- Up-to-date symlink: /home/lota/ros2_ws/install/my_robot_config/share/my_robot_config/local_setup.zsh\n'}
[4.893485] (my_robot_config) StdoutLine: {'line': b'-- Up-to-date symlink: /home/lota/ros2_ws/install/my_robot_config/share/my_robot_config/local_setup.dsv\n'}
[4.894183] (my_robot_config) StdoutLine: {'line': b'-- Symlinking: /home/lota/ros2_ws/install/my_robot_config/share/my_robot_config/package.dsv\n'}
[4.930356] (-) TimerEvent: {}
[4.938994] (my_robot_config) StdoutLine: {'line': b'-- Up-to-date symlink: /home/lota/ros2_ws/install/my_robot_config/share/ament_index/resource_index/packages/my_robot_config\n'}
[4.940219] (my_robot_config) StdoutLine: {'line': b'-- Up-to-date symlink: /home/lota/ros2_ws/install/my_robot_config/share/my_robot_config/cmake/my_robot_configConfig.cmake\n'}
[4.944764] (my_robot_config) StdoutLine: {'line': b'-- Up-to-date symlink: /home/lota/ros2_ws/install/my_robot_config/share/my_robot_config/cmake/my_robot_configConfig-version.cmake\n'}
[4.944963] (my_robot_config) StdoutLine: {'line': b'-- Up-to-date symlink: /home/lota/ros2_ws/install/my_robot_config/share/my_robot_config/package.xml\n'}
[4.956432] (my_robot_config) CommandEnded: {'returncode': 0}
[5.003427] (my_robot_config) JobEnded: {'identifier': 'my_robot_config', 'rc': 0}
[5.005039] (rplidar_ros) JobStarted: {'identifier': 'rplidar_ros'}
[5.021902] (dual_lidar_tools) CommandEnded: {'returncode': 0}
[5.030505] (-) TimerEvent: {}
[5.033832] (dual_lidar_tools) JobEnded: {'identifier': 'dual_lidar_tools', 'rc': 0}
[5.035488] (rplidar_ros) JobProgress: {'identifier': 'rplidar_ros', 'progress': 'cmake'}
[5.036020] (rplidar_ros) JobProgress: {'identifier': 'rplidar_ros', 'progress': 'build'}
[5.039598] (rplidar_ros) Command: {'cmd': ['/usr/bin/cmake', '--build', '/home/lota/ros2_ws/build/rplidar_ros', '--', '-j2', '-l2'], 'cwd': '/home/lota/ros2_ws/build/rplidar_ros', 'env': OrderedDict([('LANGUAGE', 'en_US:'), ('USER', 'lota'), ('LC_TIME', 'th_TH.UTF-8'), ('XDG_SESSION_TYPE', 'wayland'), ('SHLVL', '1'), ('LD_LIBRARY_PATH', '/home/lota/install/dynamixel_sdk/lib:/usr/lib/x86_64-linux-gnu/gazebo-11/plugins:/opt/ros/humble/opt/rviz_ogre_vendor/lib:/opt/ros/humble/lib/x86_64-linux-gnu:/opt/ros/humble/lib'), ('HOME', '/home/lota'), ('OLDPWD', '/home/lota/ros2_ws'), ('DESKTOP_SESSION', 'ubuntu'), ('ROS_PYTHON_VERSION', '3'), ('GNOME_SHELL_SESSION_MODE', 'ubuntu'), ('GTK_MODULES', 'gail:atk-bridge'), ('LC_MONETARY', 'th_TH.UTF-8'), ('SYSTEMD_EXEC_PID', '3046'), ('DBUS_SESSION_BUS_ADDRESS', 'unix:path=/run/user/1000/bus'), ('COLORTERM', 'truecolor'), ('IM_CONFIG_PHASE', '1'), ('WAYLAND_DISPLAY', 'wayland-0'), ('COLCON_PREFIX_PATH', '/home/lota/ros2_ws/install:/home/lota/install'), ('ROS_DISTRO', 'humble'), ('LOGNAME', 'lota'), ('_', '/usr/bin/colcon'), ('ROS_VERSION', '2'), ('XDG_SESSION_CLASS', 'user'), ('USERNAME', 'lota'), ('TERM', 'xterm-256color'), ('GNOME_DESKTOP_SESSION_ID', 'this-is-deprecated'), ('ROS_LOCALHOST_ONLY', '0'), ('PATH', '/opt/ros/humble/bin:/usr/local/sbin:/usr/local/bin:/usr/sbin:/usr/bin:/sbin:/bin:/usr/games:/usr/local/games:/snap/bin:/snap/bin'), ('SESSION_MANAGER', 'local/lota-virtual-machine:@/tmp/.ICE-unix/1967,unix/lota-virtual-machine:/tmp/.ICE-unix/1967'), ('XDG_MENU_PREFIX', 'gnome-'), ('LC_ADDRESS', 'th_TH.UTF-8'), ('GNOME_TERMINAL_SCREEN', '/org/gnome/Terminal/screen/afbb2abc_0231_4596_9572_985e0ddea6de'), ('GNOME_SETUP_DISPLAY', ':1'), ('XDG_RUNTIME_DIR', '/run/user/1000'), ('DISPLAY', ':0'), ('LANG', 'en_US.UTF-8'), ('XDG_CURRENT_DESKTOP', 'ubuntu:GNOME'), ('LC_TELEPHONE', 'th_TH.UTF-8'), ('XMODIFIERS', '@im=ibus'), ('XDG_SESSION_DESKTOP', 'ubuntu'), ('XAUTHORITY', '/run/user/1000/.mutter-Xwaylandauth.E9YLH3'), ('LS_COLORS', 'di=1;36:ln=1;33:ex=1;32:fi=0'), ('GNOME_TERMINAL_SERVICE', ':1.108'), ('SSH_AGENT_LAUNCHER', 'gnome-keyring'), ('SSH_AUTH_SOCK', '/run/user/1000/keyring/ssh'), ('AMENT_PREFIX_PATH', '/home/lota/ros2_ws/install/rplidar_ros:/home/lota/ros2_ws/install/my_robot_config:/home/lota/ros2_ws/install/imu_hwt911:/home/lota/ros2_ws/install/dual_lidar_tools:/home/lota/install/rrt_planner:/home/lota/install/rplidar_ros:/home/lota/install/my_robot_config:/home/lota/install/dynamixel_sdk:/opt/ros/humble'), ('SHELL', '/bin/bash'), ('LC_NAME', 'th_TH.UTF-8'), ('QT_ACCESSIBILITY', '1'), ('GDMSESSION', 'ubuntu'), ('LC_MEASUREMENT', 'th_TH.UTF-8'), ('LC_IDENTIFICATION', 'th_TH.UTF-8'), ('QT_IM_MODULE', 'ibus'), ('PWD', '/home/lota/ros2_ws/build/rplidar_ros'), ('LC_ALL', 'en_US.UTF-8'), ('XDG_CONFIG_DIRS', '/etc/xdg/xdg-ubuntu:/etc/xdg'), ('XDG_DATA_DIRS', '/usr/share/ubuntu:/usr/local/share/:/usr/share/:/var/lib/snapd/desktop'), ('PYTHONPATH', '/home/lota/ros2_ws/install/imu_hwt911/lib/python3.10/site-packages:/home/lota/ros2_ws/install/dual_lidar_tools/lib/python3.10/site-packages:/home/lota/install/rrt_planner/lib/python3.10/site-packages:/opt/ros/humble/lib/python3.10/site-packages:/opt/ros/humble/local/lib/python3.10/dist-packages'), ('LC_NUMERIC', 'th_TH.UTF-8'), ('LC_PAPER', 'th_TH.UTF-8'), ('COLCON', '1'), ('VTE_VERSION', '6800'), ('CMAKE_PREFIX_PATH', '/home/lota/ros2_ws/install/rplidar_ros:/home/lota/ros2_ws/install/my_robot_config:/home/lota/install/rplidar_ros:/home/lota/install/my_robot_config:/home/lota/install/dynamixel_sdk:/home/lota/ros2_ws/install/imu_hwt911:/home/lota/ros2_ws/install/dual_lidar_tools:/home/lota/install/rrt_planner:/opt/ros/humble')]), 'shell': False}
[5.131310] (-) TimerEvent: {}
[5.194266] (rplidar_ros) StdoutLine: {'line': b'[ 47%] Built target rplidar_node\n'}
[5.231401] (-) TimerEvent: {}
[5.257396] (rplidar_ros) StdoutLine: {'line': b'[ 94%] Built target rplidar_composition\n'}
[5.338322] (-) TimerEvent: {}
[5.353234] (rplidar_ros) StdoutLine: {'line': b'[100%] Built target rplidar_client\n'}
[5.399691] (rplidar_ros) CommandEnded: {'returncode': 0}
[5.400334] (rplidar_ros) JobProgress: {'identifier': 'rplidar_ros', 'progress': 'install'}
[5.400367] (rplidar_ros) Command: {'cmd': ['/usr/bin/cmake', '--install', '/home/lota/ros2_ws/build/rplidar_ros'], 'cwd': '/home/lota/ros2_ws/build/rplidar_ros', 'env': OrderedDict([('LANGUAGE', 'en_US:'), ('USER', 'lota'), ('LC_TIME', 'th_TH.UTF-8'), ('XDG_SESSION_TYPE', 'wayland'), ('SHLVL', '1'), ('LD_LIBRARY_PATH', '/home/lota/install/dynamixel_sdk/lib:/usr/lib/x86_64-linux-gnu/gazebo-11/plugins:/opt/ros/humble/opt/rviz_ogre_vendor/lib:/opt/ros/humble/lib/x86_64-linux-gnu:/opt/ros/humble/lib'), ('HOME', '/home/lota'), ('OLDPWD', '/home/lota/ros2_ws'), ('DESKTOP_SESSION', 'ubuntu'), ('ROS_PYTHON_VERSION', '3'), ('GNOME_SHELL_SESSION_MODE', 'ubuntu'), ('GTK_MODULES', 'gail:atk-bridge'), ('LC_MONETARY', 'th_TH.UTF-8'), ('SYSTEMD_EXEC_PID', '3046'), ('DBUS_SESSION_BUS_ADDRESS', 'unix:path=/run/user/1000/bus'), ('COLORTERM', 'truecolor'), ('IM_CONFIG_PHASE', '1'), ('WAYLAND_DISPLAY', 'wayland-0'), ('COLCON_PREFIX_PATH', '/home/lota/ros2_ws/install:/home/lota/install'), ('ROS_DISTRO', 'humble'), ('LOGNAME', 'lota'), ('_', '/usr/bin/colcon'), ('ROS_VERSION', '2'), ('XDG_SESSION_CLASS', 'user'), ('USERNAME', 'lota'), ('TERM', 'xterm-256color'), ('GNOME_DESKTOP_SESSION_ID', 'this-is-deprecated'), ('ROS_LOCALHOST_ONLY', '0'), ('PATH', '/opt/ros/humble/bin:/usr/local/sbin:/usr/local/bin:/usr/sbin:/usr/bin:/sbin:/bin:/usr/games:/usr/local/games:/snap/bin:/snap/bin'), ('SESSION_MANAGER', 'local/lota-virtual-machine:@/tmp/.ICE-unix/1967,unix/lota-virtual-machine:/tmp/.ICE-unix/1967'), ('XDG_MENU_PREFIX', 'gnome-'), ('LC_ADDRESS', 'th_TH.UTF-8'), ('GNOME_TERMINAL_SCREEN', '/org/gnome/Terminal/screen/afbb2abc_0231_4596_9572_985e0ddea6de'), ('GNOME_SETUP_DISPLAY', ':1'), ('XDG_RUNTIME_DIR', '/run/user/1000'), ('DISPLAY', ':0'), ('LANG', 'en_US.UTF-8'), ('XDG_CURRENT_DESKTOP', 'ubuntu:GNOME'), ('LC_TELEPHONE', 'th_TH.UTF-8'), ('XMODIFIERS', '@im=ibus'), ('XDG_SESSION_DESKTOP', 'ubuntu'), ('XAUTHORITY', '/run/user/1000/.mutter-Xwaylandauth.E9YLH3'), ('LS_COLORS', 'di=1;36:ln=1;33:ex=1;32:fi=0'), ('GNOME_TERMINAL_SERVICE', ':1.108'), ('SSH_AGENT_LAUNCHER', 'gnome-keyring'), ('SSH_AUTH_SOCK', '/run/user/1000/keyring/ssh'), ('AMENT_PREFIX_PATH', '/home/lota/ros2_ws/install/rplidar_ros:/home/lota/ros2_ws/install/my_robot_config:/home/lota/ros2_ws/install/imu_hwt911:/home/lota/ros2_ws/install/dual_lidar_tools:/home/lota/install/rrt_planner:/home/lota/install/rplidar_ros:/home/lota/install/my_robot_config:/home/lota/install/dynamixel_sdk:/opt/ros/humble'), ('SHELL', '/bin/bash'), ('LC_NAME', 'th_TH.UTF-8'), ('QT_ACCESSIBILITY', '1'), ('GDMSESSION', 'ubuntu'), ('LC_MEASUREMENT', 'th_TH.UTF-8'), ('LC_IDENTIFICATION', 'th_TH.UTF-8'), ('QT_IM_MODULE', 'ibus'), ('PWD', '/home/lota/ros2_ws/build/rplidar_ros'), ('LC_ALL', 'en_US.UTF-8'), ('XDG_CONFIG_DIRS', '/etc/xdg/xdg-ubuntu:/etc/xdg'), ('XDG_DATA_DIRS', '/usr/share/ubuntu:/usr/local/share/:/usr/share/:/var/lib/snapd/desktop'), ('PYTHONPATH', '/home/lota/ros2_ws/install/imu_hwt911/lib/python3.10/site-packages:/home/lota/ros2_ws/install/dual_lidar_tools/lib/python3.10/site-packages:/home/lota/install/rrt_planner/lib/python3.10/site-packages:/opt/ros/humble/lib/python3.10/site-packages:/opt/ros/humble/local/lib/python3.10/dist-packages'), ('LC_NUMERIC', 'th_TH.UTF-8'), ('LC_PAPER', 'th_TH.UTF-8'), ('COLCON', '1'), ('VTE_VERSION', '6800'), ('CMAKE_PREFIX_PATH', '/home/lota/ros2_ws/install/rplidar_ros:/home/lota/ros2_ws/install/my_robot_config:/home/lota/install/rplidar_ros:/home/lota/install/my_robot_config:/home/lota/install/dynamixel_sdk:/home/lota/ros2_ws/install/imu_hwt911:/home/lota/ros2_ws/install/dual_lidar_tools:/home/lota/install/rrt_planner:/opt/ros/humble')]), 'shell': False}
[5.433583] (rplidar_ros) StdoutLine: {'line': b'-- Install configuration: ""\n'}
[5.436968] (rplidar_ros) StdoutLine: {'line': b'-- Execute custom install script\n'}
[5.437139] (rplidar_ros) StdoutLine: {'line': b'-- Up-to-date symlink: /home/lota/ros2_ws/install/rplidar_ros/share/rplidar_ros/launch/rplidar_a1_launch.py\n'}
[5.437188] (rplidar_ros) StdoutLine: {'line': b'-- Up-to-date symlink: /home/lota/ros2_ws/install/rplidar_ros/share/rplidar_ros/launch/rplidar_a2m12_launch.py\n'}
[5.437248] (rplidar_ros) StdoutLine: {'line': b'-- Up-to-date symlink: /home/lota/ros2_ws/install/rplidar_ros/share/rplidar_ros/launch/rplidar_a2m7_launch.py\n'}
[5.437310] (rplidar_ros) StdoutLine: {'line': b'-- Up-to-date symlink: /home/lota/ros2_ws/install/rplidar_ros/share/rplidar_ros/launch/rplidar_a2m8_launch.py\n'}
[5.437357] (rplidar_ros) StdoutLine: {'line': b'-- Up-to-date symlink: /home/lota/ros2_ws/install/rplidar_ros/share/rplidar_ros/launch/rplidar_a3_launch.py\n'}
[5.441317] (rplidar_ros) StdoutLine: {'line': b'-- Up-to-date symlink: /home/lota/ros2_ws/install/rplidar_ros/share/rplidar_ros/launch/rplidar_c1_launch.py\n'}
[5.441490] (-) TimerEvent: {}
[5.441620] (rplidar_ros) StdoutLine: {'line': b'-- Up-to-date symlink: /home/lota/ros2_ws/install/rplidar_ros/share/rplidar_ros/launch/rplidar_s1_launch.py\n'}
[5.441686] (rplidar_ros) StdoutLine: {'line': b'-- Up-to-date symlink: /home/lota/ros2_ws/install/rplidar_ros/share/rplidar_ros/launch/rplidar_s1_tcp_launch.py\n'}
[5.441727] (rplidar_ros) StdoutLine: {'line': b'-- Up-to-date symlink: /home/lota/ros2_ws/install/rplidar_ros/share/rplidar_ros/launch/rplidar_s2_launch.py\n'}
[5.441767] (rplidar_ros) StdoutLine: {'line': b'-- Up-to-date symlink: /home/lota/ros2_ws/install/rplidar_ros/share/rplidar_ros/launch/rplidar_s2e_launch.py\n'}
[5.441820] (rplidar_ros) StdoutLine: {'line': b'-- Up-to-date symlink: /home/lota/ros2_ws/install/rplidar_ros/share/rplidar_ros/launch/rplidar_s3_launch.py\n'}
[5.441858] (rplidar_ros) StdoutLine: {'line': b'-- Up-to-date symlink: /home/lota/ros2_ws/install/rplidar_ros/share/rplidar_ros/launch/rplidar_t1_launch.py\n'}
[5.441898] (rplidar_ros) StdoutLine: {'line': b'-- Up-to-date symlink: /home/lota/ros2_ws/install/rplidar_ros/share/rplidar_ros/launch/view_rplidar_a1_launch.py\n'}
[5.441936] (rplidar_ros) StdoutLine: {'line': b'-- Up-to-date symlink: /home/lota/ros2_ws/install/rplidar_ros/share/rplidar_ros/launch/view_rplidar_a2m12_launch.py\n'}
[5.441975] (rplidar_ros) StdoutLine: {'line': b'-- Up-to-date symlink: /home/lota/ros2_ws/install/rplidar_ros/share/rplidar_ros/launch/view_rplidar_a2m7_launch.py\n'}
[5.442013] (rplidar_ros) StdoutLine: {'line': b'-- Up-to-date symlink: /home/lota/ros2_ws/install/rplidar_ros/share/rplidar_ros/launch/view_rplidar_a2m8_launch.py\n'}
[5.442052] (rplidar_ros) StdoutLine: {'line': b'-- Up-to-date symlink: /home/lota/ros2_ws/install/rplidar_ros/share/rplidar_ros/launch/view_rplidar_a3_launch.py\n'}
[5.442090] (rplidar_ros) StdoutLine: {'line': b'-- Up-to-date symlink: /home/lota/ros2_ws/install/rplidar_ros/share/rplidar_ros/launch/view_rplidar_c1_launch.py\n'}
[5.442127] (rplidar_ros) StdoutLine: {'line': b'-- Up-to-date symlink: /home/lota/ros2_ws/install/rplidar_ros/share/rplidar_ros/launch/view_rplidar_s1_launch.py\n'}
[5.442165] (rplidar_ros) StdoutLine: {'line': b'-- Up-to-date symlink: /home/lota/ros2_ws/install/rplidar_ros/share/rplidar_ros/launch/view_rplidar_s1_tcp_launch.py\n'}
[5.442202] (rplidar_ros) StdoutLine: {'line': b'-- Up-to-date symlink: /home/lota/ros2_ws/install/rplidar_ros/share/rplidar_ros/launch/view_rplidar_s2_launch.py\n'}
[5.442238] (rplidar_ros) StdoutLine: {'line': b'-- Up-to-date symlink: /home/lota/ros2_ws/install/rplidar_ros/share/rplidar_ros/launch/view_rplidar_s2e_launch.py\n'}
[5.442274] (rplidar_ros) StdoutLine: {'line': b'-- Up-to-date symlink: /home/lota/ros2_ws/install/rplidar_ros/share/rplidar_ros/launch/view_rplidar_s3_launch.py\n'}
[5.442311] (rplidar_ros) StdoutLine: {'line': b'-- Up-to-date symlink: /home/lota/ros2_ws/install/rplidar_ros/share/rplidar_ros/launch/view_rplidar_t1_launch.py\n'}
[5.442348] (rplidar_ros) StdoutLine: {'line': b'-- Up-to-date symlink: /home/lota/ros2_ws/install/rplidar_ros/share/rplidar_ros/rviz/rplidar_ros.rviz\n'}
[5.442392] (rplidar_ros) StdoutLine: {'line': b'-- Up-to-date symlink: /home/lota/ros2_ws/install/rplidar_ros/lib/rplidar_ros/rplidar_node\n'}
[5.442438] (rplidar_ros) StdoutLine: {'line': b'-- Up-to-date symlink: /home/lota/ros2_ws/install/rplidar_ros/lib/rplidar_ros/rplidar_composition\n'}
[5.442476] (rplidar_ros) StdoutLine: {'line': b'-- Up-to-date symlink: /home/lota/ros2_ws/install/rplidar_ros/lib/rplidar_ros/rplidar_client\n'}
[5.442513] (rplidar_ros) StdoutLine: {'line': b'-- Up-to-date symlink: /home/lota/ros2_ws/install/rplidar_ros/share/ament_index/resource_index/package_run_dependencies/rplidar_ros\n'}
[5.442552] (rplidar_ros) StdoutLine: {'line': b'-- Up-to-date symlink: /home/lota/ros2_ws/install/rplidar_ros/share/ament_index/resource_index/parent_prefix_path/rplidar_ros\n'}
[5.442590] (rplidar_ros) StdoutLine: {'line': b'-- Up-to-date symlink: /home/lota/ros2_ws/install/rplidar_ros/share/rplidar_ros/environment/ament_prefix_path.sh\n'}
[5.442628] (rplidar_ros) StdoutLine: {'line': b'-- Up-to-date symlink: /home/lota/ros2_ws/install/rplidar_ros/share/rplidar_ros/environment/ament_prefix_path.dsv\n'}
[5.442667] (rplidar_ros) StdoutLine: {'line': b'-- Up-to-date symlink: /home/lota/ros2_ws/install/rplidar_ros/share/rplidar_ros/environment/path.sh\n'}
[5.442706] (rplidar_ros) StdoutLine: {'line': b'-- Up-to-date symlink: /home/lota/ros2_ws/install/rplidar_ros/share/rplidar_ros/environment/path.dsv\n'}
[5.442748] (rplidar_ros) StdoutLine: {'line': b'-- Up-to-date symlink: /home/lota/ros2_ws/install/rplidar_ros/share/rplidar_ros/local_setup.bash\n'}
[5.442789] (rplidar_ros) StdoutLine: {'line': b'-- Up-to-date symlink: /home/lota/ros2_ws/install/rplidar_ros/share/rplidar_ros/local_setup.sh\n'}
[5.442846] (rplidar_ros) StdoutLine: {'line': b'-- Up-to-date symlink: /home/lota/ros2_ws/install/rplidar_ros/share/rplidar_ros/local_setup.zsh\n'}
[5.442888] (rplidar_ros) StdoutLine: {'line': b'-- Up-to-date symlink: /home/lota/ros2_ws/install/rplidar_ros/share/rplidar_ros/local_setup.dsv\n'}
[5.442927] (rplidar_ros) StdoutLine: {'line': b'-- Symlinking: /home/lota/ros2_ws/install/rplidar_ros/share/rplidar_ros/package.dsv\n'}
[5.460051] (rplidar_ros) StdoutLine: {'line': b'-- Up-to-date symlink: /home/lota/ros2_ws/install/rplidar_ros/share/ament_index/resource_index/packages/rplidar_ros\n'}
[5.460493] (rplidar_ros) StdoutLine: {'line': b'-- Up-to-date symlink: /home/lota/ros2_ws/install/rplidar_ros/share/rplidar_ros/cmake/ament_cmake_export_dependencies-extras.cmake\n'}
[5.461316] (rplidar_ros) StdoutLine: {'line': b'-- Up-to-date symlink: /home/lota/ros2_ws/install/rplidar_ros/share/rplidar_ros/cmake/ament_cmake_export_include_directories-extras.cmake\n'}
[5.461405] (rplidar_ros) StdoutLine: {'line': b'-- Up-to-date symlink: /home/lota/ros2_ws/install/rplidar_ros/share/rplidar_ros/cmake/rplidar_rosConfig.cmake\n'}
[5.461475] (rplidar_ros) StdoutLine: {'line': b'-- Up-to-date symlink: /home/lota/ros2_ws/install/rplidar_ros/share/rplidar_ros/cmake/rplidar_rosConfig-version.cmake\n'}
[5.461672] (rplidar_ros) StdoutLine: {'line': b'-- Up-to-date symlink: /home/lota/ros2_ws/install/rplidar_ros/share/rplidar_ros/package.xml\n'}
[5.471099] (rplidar_ros) CommandEnded: {'returncode': 0}
[5.525333] (rplidar_ros) JobEnded: {'identifier': 'rplidar_ros', 'rc': 0}
[5.530384] (-) EventReactorShutdown: {}
