[0.245s] DEBUG:colcon:Command line arguments: ['/usr/bin/colcon', 'build', '--symlink-install']
[0.245s] DEBUG:colcon:Parsed command line arguments: Namespace(log_base=None, log_level=None, verb_name='build', build_base='build', install_base='install', merge_install=False, symlink_install=True, test_result_base=None, continue_on_error=False, executor='parallel', parallel_workers=2, event_handlers=None, ignore_user_meta=False, metas=['./colcon.meta'], base_paths=['.'], packages_ignore=None, packages_ignore_regex=None, paths=None, packages_up_to=None, packages_up_to_regex=None, packages_above=None, packages_above_and_dependencies=None, packages_above_depth=None, packages_select_by_dep=None, packages_skip_by_dep=None, packages_skip_up_to=None, packages_select_build_failed=False, packages_skip_build_finished=False, packages_select_test_failures=False, packages_skip_test_passed=False, packages_select=None, packages_skip=None, packages_select_regex=None, packages_skip_regex=None, packages_start=None, packages_end=None, allow_overriding=[], cmake_args=None, cmake_target=None, cmake_target_skip_unavailable=False, cmake_clean_cache=False, cmake_clean_first=False, cmake_force_configure=False, ament_cmake_args=None, catkin_cmake_args=None, catkin_skip_building_tests=False, verb_parser=<colcon_defaults.argument_parser.defaults.DefaultArgumentsDecorator object at 0x71e183b6e1d0>, verb_extension=<colcon_core.verb.build.BuildVerb object at 0x71e183b6dbd0>, main=<bound method BuildVerb.main of <colcon_core.verb.build.BuildVerb object at 0x71e183b6dbd0>>)
[0.637s] Level 1:colcon.colcon_core.package_discovery:discover_packages(colcon_meta) check parameters
[0.638s] Level 1:colcon.colcon_core.package_discovery:discover_packages(recursive) check parameters
[0.638s] Level 1:colcon.colcon_core.package_discovery:discover_packages(ignore) check parameters
[0.638s] Level 1:colcon.colcon_core.package_discovery:discover_packages(path) check parameters
[0.638s] Level 1:colcon.colcon_core.package_discovery:discover_packages(colcon_meta) discover
[0.639s] Level 1:colcon.colcon_core.package_discovery:discover_packages(recursive) discover
[0.639s] INFO:colcon.colcon_core.package_discovery:Crawling recursively for packages in '/home/lota/ros2_ws'
[0.639s] Level 1:colcon.colcon_core.package_identification:_identify(.) by extensions ['ignore', 'ignore_ament_install']
[0.639s] Level 1:colcon.colcon_core.package_identification:_identify(.) by extension 'ignore'
[0.639s] Level 1:colcon.colcon_core.package_identification:_identify(.) by extension 'ignore_ament_install'
[0.639s] Level 1:colcon.colcon_core.package_identification:_identify(.) by extensions ['colcon_pkg']
[0.639s] Level 1:colcon.colcon_core.package_identification:_identify(.) by extension 'colcon_pkg'
[0.639s] Level 1:colcon.colcon_core.package_identification:_identify(.) by extensions ['colcon_meta']
[0.639s] Level 1:colcon.colcon_core.package_identification:_identify(.) by extension 'colcon_meta'
[0.639s] Level 1:colcon.colcon_core.package_identification:_identify(.) by extensions ['ros']
[0.639s] Level 1:colcon.colcon_core.package_identification:_identify(.) by extension 'ros'
[0.662s] Level 1:colcon.colcon_core.package_identification:_identify(.) by extensions ['cmake', 'python']
[0.662s] Level 1:colcon.colcon_core.package_identification:_identify(.) by extension 'cmake'
[0.663s] Level 1:colcon.colcon_core.package_identification:_identify(.) by extension 'python'
[0.663s] Level 1:colcon.colcon_core.package_identification:_identify(.) by extensions ['python_setup_py']
[0.663s] Level 1:colcon.colcon_core.package_identification:_identify(.) by extension 'python_setup_py'
[0.663s] Level 1:colcon.colcon_core.package_identification:_identify(build) by extensions ['ignore', 'ignore_ament_install']
[0.663s] Level 1:colcon.colcon_core.package_identification:_identify(build) by extension 'ignore'
[0.663s] Level 1:colcon.colcon_core.package_identification:_identify(build) ignored
[0.664s] Level 1:colcon.colcon_core.package_identification:_identify(install) by extensions ['ignore', 'ignore_ament_install']
[0.664s] Level 1:colcon.colcon_core.package_identification:_identify(install) by extension 'ignore'
[0.664s] Level 1:colcon.colcon_core.package_identification:_identify(install) ignored
[0.665s] Level 1:colcon.colcon_core.package_identification:_identify(log) by extensions ['ignore', 'ignore_ament_install']
[0.665s] Level 1:colcon.colcon_core.package_identification:_identify(log) by extension 'ignore'
[0.665s] Level 1:colcon.colcon_core.package_identification:_identify(log) ignored
[0.665s] Level 1:colcon.colcon_core.package_identification:_identify(src) by extensions ['ignore', 'ignore_ament_install']
[0.666s] Level 1:colcon.colcon_core.package_identification:_identify(src) by extension 'ignore'
[0.666s] Level 1:colcon.colcon_core.package_identification:_identify(src) by extension 'ignore_ament_install'
[0.666s] Level 1:colcon.colcon_core.package_identification:_identify(src) by extensions ['colcon_pkg']
[0.666s] Level 1:colcon.colcon_core.package_identification:_identify(src) by extension 'colcon_pkg'
[0.666s] Level 1:colcon.colcon_core.package_identification:_identify(src) by extensions ['colcon_meta']
[0.666s] Level 1:colcon.colcon_core.package_identification:_identify(src) by extension 'colcon_meta'
[0.666s] Level 1:colcon.colcon_core.package_identification:_identify(src) by extensions ['ros']
[0.666s] Level 1:colcon.colcon_core.package_identification:_identify(src) by extension 'ros'
[0.667s] Level 1:colcon.colcon_core.package_identification:_identify(src) by extensions ['cmake', 'python']
[0.667s] Level 1:colcon.colcon_core.package_identification:_identify(src) by extension 'cmake'
[0.667s] Level 1:colcon.colcon_core.package_identification:_identify(src) by extension 'python'
[0.667s] Level 1:colcon.colcon_core.package_identification:_identify(src) by extensions ['python_setup_py']
[0.667s] Level 1:colcon.colcon_core.package_identification:_identify(src) by extension 'python_setup_py'
[0.667s] Level 1:colcon.colcon_core.package_identification:_identify(src/build) by extensions ['ignore', 'ignore_ament_install']
[0.667s] Level 1:colcon.colcon_core.package_identification:_identify(src/build) by extension 'ignore'
[0.667s] Level 1:colcon.colcon_core.package_identification:_identify(src/build) ignored
[0.668s] Level 1:colcon.colcon_core.package_identification:_identify(src/dual_lidar_tools) by extensions ['ignore', 'ignore_ament_install']
[0.668s] Level 1:colcon.colcon_core.package_identification:_identify(src/dual_lidar_tools) by extension 'ignore'
[0.668s] Level 1:colcon.colcon_core.package_identification:_identify(src/dual_lidar_tools) by extension 'ignore_ament_install'
[0.668s] Level 1:colcon.colcon_core.package_identification:_identify(src/dual_lidar_tools) by extensions ['colcon_pkg']
[0.668s] Level 1:colcon.colcon_core.package_identification:_identify(src/dual_lidar_tools) by extension 'colcon_pkg'
[0.668s] Level 1:colcon.colcon_core.package_identification:_identify(src/dual_lidar_tools) by extensions ['colcon_meta']
[0.668s] Level 1:colcon.colcon_core.package_identification:_identify(src/dual_lidar_tools) by extension 'colcon_meta'
[0.668s] Level 1:colcon.colcon_core.package_identification:_identify(src/dual_lidar_tools) by extensions ['ros']
[0.668s] Level 1:colcon.colcon_core.package_identification:_identify(src/dual_lidar_tools) by extension 'ros'
[0.671s] DEBUG:colcon.colcon_core.package_identification:Package 'src/dual_lidar_tools' with type 'ros.ament_python' and name 'dual_lidar_tools'
[0.671s] Level 1:colcon.colcon_core.package_identification:_identify(src/imu_hwt911) by extensions ['ignore', 'ignore_ament_install']
[0.671s] Level 1:colcon.colcon_core.package_identification:_identify(src/imu_hwt911) by extension 'ignore'
[0.671s] Level 1:colcon.colcon_core.package_identification:_identify(src/imu_hwt911) by extension 'ignore_ament_install'
[0.672s] Level 1:colcon.colcon_core.package_identification:_identify(src/imu_hwt911) by extensions ['colcon_pkg']
[0.672s] Level 1:colcon.colcon_core.package_identification:_identify(src/imu_hwt911) by extension 'colcon_pkg'
[0.672s] Level 1:colcon.colcon_core.package_identification:_identify(src/imu_hwt911) by extensions ['colcon_meta']
[0.672s] Level 1:colcon.colcon_core.package_identification:_identify(src/imu_hwt911) by extension 'colcon_meta'
[0.672s] Level 1:colcon.colcon_core.package_identification:_identify(src/imu_hwt911) by extensions ['ros']
[0.672s] Level 1:colcon.colcon_core.package_identification:_identify(src/imu_hwt911) by extension 'ros'
[0.691s] DEBUG:colcon.colcon_core.package_identification:Package 'src/imu_hwt911' with type 'ros.ament_python' and name 'imu_hwt911'
[0.692s] Level 1:colcon.colcon_core.package_identification:_identify(src/install) by extensions ['ignore', 'ignore_ament_install']
[0.692s] Level 1:colcon.colcon_core.package_identification:_identify(src/install) by extension 'ignore'
[0.693s] Level 1:colcon.colcon_core.package_identification:_identify(src/install) ignored
[0.693s] Level 1:colcon.colcon_core.package_identification:_identify(src/log) by extensions ['ignore', 'ignore_ament_install']
[0.694s] Level 1:colcon.colcon_core.package_identification:_identify(src/log) by extension 'ignore'
[0.694s] Level 1:colcon.colcon_core.package_identification:_identify(src/log) ignored
[0.694s] Level 1:colcon.colcon_core.package_identification:_identify(src/my_robot_config) by extensions ['ignore', 'ignore_ament_install']
[0.694s] Level 1:colcon.colcon_core.package_identification:_identify(src/my_robot_config) by extension 'ignore'
[0.694s] Level 1:colcon.colcon_core.package_identification:_identify(src/my_robot_config) by extension 'ignore_ament_install'
[0.694s] Level 1:colcon.colcon_core.package_identification:_identify(src/my_robot_config) by extensions ['colcon_pkg']
[0.694s] Level 1:colcon.colcon_core.package_identification:_identify(src/my_robot_config) by extension 'colcon_pkg'
[0.694s] Level 1:colcon.colcon_core.package_identification:_identify(src/my_robot_config) by extensions ['colcon_meta']
[0.694s] Level 1:colcon.colcon_core.package_identification:_identify(src/my_robot_config) by extension 'colcon_meta'
[0.694s] Level 1:colcon.colcon_core.package_identification:_identify(src/my_robot_config) by extensions ['ros']
[0.694s] Level 1:colcon.colcon_core.package_identification:_identify(src/my_robot_config) by extension 'ros'
[0.696s] DEBUG:colcon.colcon_core.package_identification:Package 'src/my_robot_config' with type 'ros.ament_cmake' and name 'my_robot_config'
[0.696s] Level 1:colcon.colcon_core.package_identification:_identify(src/rplidar_ros) by extensions ['ignore', 'ignore_ament_install']
[0.696s] Level 1:colcon.colcon_core.package_identification:_identify(src/rplidar_ros) by extension 'ignore'
[0.696s] Level 1:colcon.colcon_core.package_identification:_identify(src/rplidar_ros) by extension 'ignore_ament_install'
[0.697s] Level 1:colcon.colcon_core.package_identification:_identify(src/rplidar_ros) by extensions ['colcon_pkg']
[0.697s] Level 1:colcon.colcon_core.package_identification:_identify(src/rplidar_ros) by extension 'colcon_pkg'
[0.697s] Level 1:colcon.colcon_core.package_identification:_identify(src/rplidar_ros) by extensions ['colcon_meta']
[0.697s] Level 1:colcon.colcon_core.package_identification:_identify(src/rplidar_ros) by extension 'colcon_meta'
[0.697s] Level 1:colcon.colcon_core.package_identification:_identify(src/rplidar_ros) by extensions ['ros']
[0.697s] Level 1:colcon.colcon_core.package_identification:_identify(src/rplidar_ros) by extension 'ros'
[0.698s] DEBUG:colcon.colcon_core.package_identification:Package 'src/rplidar_ros' with type 'ros.ament_cmake' and name 'rplidar_ros'
[0.698s] Level 1:colcon.colcon_core.package_discovery:discover_packages(recursive) using defaults
[0.698s] Level 1:colcon.colcon_core.package_discovery:discover_packages(ignore) discover
[0.698s] Level 1:colcon.colcon_core.package_discovery:discover_packages(ignore) using defaults
[0.698s] Level 1:colcon.colcon_core.package_discovery:discover_packages(path) discover
[0.699s] Level 1:colcon.colcon_core.package_discovery:discover_packages(path) using defaults
[0.737s] Level 1:colcon.colcon_core.package_discovery:discover_packages(prefix_path) check parameters
[0.737s] Level 1:colcon.colcon_core.package_discovery:discover_packages(prefix_path) discover
[0.740s] DEBUG:colcon.colcon_installed_package_information.package_discovery:Found 4 installed packages in /home/lota/ros2_ws/install
[0.742s] DEBUG:colcon.colcon_installed_package_information.package_discovery:Found 4 installed packages in /home/lota/install
[0.744s] DEBUG:colcon.colcon_installed_package_information.package_discovery:Found 491 installed packages in /opt/ros/humble
[0.748s] Level 1:colcon.colcon_core.package_discovery:discover_packages(prefix_path) using defaults
[0.824s] Level 5:colcon.colcon_core.verb:set package 'dual_lidar_tools' build argument 'cmake_args' from command line to 'None'
[0.825s] Level 5:colcon.colcon_core.verb:set package 'dual_lidar_tools' build argument 'cmake_target' from command line to 'None'
[0.825s] Level 5:colcon.colcon_core.verb:set package 'dual_lidar_tools' build argument 'cmake_target_skip_unavailable' from command line to 'False'
[0.825s] Level 5:colcon.colcon_core.verb:set package 'dual_lidar_tools' build argument 'cmake_clean_cache' from command line to 'False'
[0.825s] Level 5:colcon.colcon_core.verb:set package 'dual_lidar_tools' build argument 'cmake_clean_first' from command line to 'False'
[0.825s] Level 5:colcon.colcon_core.verb:set package 'dual_lidar_tools' build argument 'cmake_force_configure' from command line to 'False'
[0.825s] Level 5:colcon.colcon_core.verb:set package 'dual_lidar_tools' build argument 'ament_cmake_args' from command line to 'None'
[0.825s] Level 5:colcon.colcon_core.verb:set package 'dual_lidar_tools' build argument 'catkin_cmake_args' from command line to 'None'
[0.825s] Level 5:colcon.colcon_core.verb:set package 'dual_lidar_tools' build argument 'catkin_skip_building_tests' from command line to 'False'
[0.825s] DEBUG:colcon.colcon_core.verb:Building package 'dual_lidar_tools' with the following arguments: {'ament_cmake_args': None, 'build_base': '/home/lota/ros2_ws/build/dual_lidar_tools', 'catkin_cmake_args': None, 'catkin_skip_building_tests': False, 'cmake_args': None, 'cmake_clean_cache': False, 'cmake_clean_first': False, 'cmake_force_configure': False, 'cmake_target': None, 'cmake_target_skip_unavailable': False, 'install_base': '/home/lota/ros2_ws/install/dual_lidar_tools', 'merge_install': False, 'path': '/home/lota/ros2_ws/src/dual_lidar_tools', 'symlink_install': True, 'test_result_base': None}
[0.828s] Level 5:colcon.colcon_core.verb:set package 'imu_hwt911' build argument 'cmake_args' from command line to 'None'
[0.829s] Level 5:colcon.colcon_core.verb:set package 'imu_hwt911' build argument 'cmake_target' from command line to 'None'
[0.829s] Level 5:colcon.colcon_core.verb:set package 'imu_hwt911' build argument 'cmake_target_skip_unavailable' from command line to 'False'
[0.829s] Level 5:colcon.colcon_core.verb:set package 'imu_hwt911' build argument 'cmake_clean_cache' from command line to 'False'
[0.829s] Level 5:colcon.colcon_core.verb:set package 'imu_hwt911' build argument 'cmake_clean_first' from command line to 'False'
[0.829s] Level 5:colcon.colcon_core.verb:set package 'imu_hwt911' build argument 'cmake_force_configure' from command line to 'False'
[0.829s] Level 5:colcon.colcon_core.verb:set package 'imu_hwt911' build argument 'ament_cmake_args' from command line to 'None'
[0.829s] Level 5:colcon.colcon_core.verb:set package 'imu_hwt911' build argument 'catkin_cmake_args' from command line to 'None'
[0.829s] Level 5:colcon.colcon_core.verb:set package 'imu_hwt911' build argument 'catkin_skip_building_tests' from command line to 'False'
[0.829s] DEBUG:colcon.colcon_core.verb:Building package 'imu_hwt911' with the following arguments: {'ament_cmake_args': None, 'build_base': '/home/lota/ros2_ws/build/imu_hwt911', 'catkin_cmake_args': None, 'catkin_skip_building_tests': False, 'cmake_args': None, 'cmake_clean_cache': False, 'cmake_clean_first': False, 'cmake_force_configure': False, 'cmake_target': None, 'cmake_target_skip_unavailable': False, 'install_base': '/home/lota/ros2_ws/install/imu_hwt911', 'merge_install': False, 'path': '/home/lota/ros2_ws/src/imu_hwt911', 'symlink_install': True, 'test_result_base': None}
[0.830s] Level 5:colcon.colcon_core.verb:set package 'my_robot_config' build argument 'cmake_args' from command line to 'None'
[0.830s] Level 5:colcon.colcon_core.verb:set package 'my_robot_config' build argument 'cmake_target' from command line to 'None'
[0.830s] Level 5:colcon.colcon_core.verb:set package 'my_robot_config' build argument 'cmake_target_skip_unavailable' from command line to 'False'
[0.830s] Level 5:colcon.colcon_core.verb:set package 'my_robot_config' build argument 'cmake_clean_cache' from command line to 'False'
[0.830s] Level 5:colcon.colcon_core.verb:set package 'my_robot_config' build argument 'cmake_clean_first' from command line to 'False'
[0.830s] Level 5:colcon.colcon_core.verb:set package 'my_robot_config' build argument 'cmake_force_configure' from command line to 'False'
[0.830s] Level 5:colcon.colcon_core.verb:set package 'my_robot_config' build argument 'ament_cmake_args' from command line to 'None'
[0.830s] Level 5:colcon.colcon_core.verb:set package 'my_robot_config' build argument 'catkin_cmake_args' from command line to 'None'
[0.830s] Level 5:colcon.colcon_core.verb:set package 'my_robot_config' build argument 'catkin_skip_building_tests' from command line to 'False'
[0.830s] DEBUG:colcon.colcon_core.verb:Building package 'my_robot_config' with the following arguments: {'ament_cmake_args': None, 'build_base': '/home/lota/ros2_ws/build/my_robot_config', 'catkin_cmake_args': None, 'catkin_skip_building_tests': False, 'cmake_args': None, 'cmake_clean_cache': False, 'cmake_clean_first': False, 'cmake_force_configure': False, 'cmake_target': None, 'cmake_target_skip_unavailable': False, 'install_base': '/home/lota/ros2_ws/install/my_robot_config', 'merge_install': False, 'path': '/home/lota/ros2_ws/src/my_robot_config', 'symlink_install': True, 'test_result_base': None}
[0.833s] Level 5:colcon.colcon_core.verb:set package 'rplidar_ros' build argument 'cmake_args' from command line to 'None'
[0.834s] Level 5:colcon.colcon_core.verb:set package 'rplidar_ros' build argument 'cmake_target' from command line to 'None'
[0.834s] Level 5:colcon.colcon_core.verb:set package 'rplidar_ros' build argument 'cmake_target_skip_unavailable' from command line to 'False'
[0.834s] Level 5:colcon.colcon_core.verb:set package 'rplidar_ros' build argument 'cmake_clean_cache' from command line to 'False'
[0.834s] Level 5:colcon.colcon_core.verb:set package 'rplidar_ros' build argument 'cmake_clean_first' from command line to 'False'
[0.834s] Level 5:colcon.colcon_core.verb:set package 'rplidar_ros' build argument 'cmake_force_configure' from command line to 'False'
[0.834s] Level 5:colcon.colcon_core.verb:set package 'rplidar_ros' build argument 'ament_cmake_args' from command line to 'None'
[0.834s] Level 5:colcon.colcon_core.verb:set package 'rplidar_ros' build argument 'catkin_cmake_args' from command line to 'None'
[0.834s] Level 5:colcon.colcon_core.verb:set package 'rplidar_ros' build argument 'catkin_skip_building_tests' from command line to 'False'
[0.834s] DEBUG:colcon.colcon_core.verb:Building package 'rplidar_ros' with the following arguments: {'ament_cmake_args': None, 'build_base': '/home/lota/ros2_ws/build/rplidar_ros', 'catkin_cmake_args': None, 'catkin_skip_building_tests': False, 'cmake_args': None, 'cmake_clean_cache': False, 'cmake_clean_first': False, 'cmake_force_configure': False, 'cmake_target': None, 'cmake_target_skip_unavailable': False, 'install_base': '/home/lota/ros2_ws/install/rplidar_ros', 'merge_install': False, 'path': '/home/lota/ros2_ws/src/rplidar_ros', 'symlink_install': True, 'test_result_base': None}
[0.834s] INFO:colcon.colcon_core.executor:Executing jobs using 'parallel' executor
[0.838s] DEBUG:colcon.colcon_parallel_executor.executor.parallel:run_until_complete
[0.838s] INFO:colcon.colcon_ros.task.ament_python.build:Building ROS package in '/home/lota/ros2_ws/src/dual_lidar_tools' with build type 'ament_python'
[0.838s] Level 1:colcon.colcon_core.shell:create_environment_hook('dual_lidar_tools', 'ament_prefix_path')
[0.848s] INFO:colcon.colcon_core.plugin_system:Skipping extension 'colcon_core.shell.bat': Not used on non-Windows systems
[0.849s] INFO:colcon.colcon_core.shell:Creating environment hook '/home/lota/ros2_ws/install/dual_lidar_tools/share/dual_lidar_tools/hook/ament_prefix_path.ps1'
[0.851s] INFO:colcon.colcon_core.shell:Creating environment descriptor '/home/lota/ros2_ws/install/dual_lidar_tools/share/dual_lidar_tools/hook/ament_prefix_path.dsv'
[0.856s] INFO:colcon.colcon_core.shell:Creating environment hook '/home/lota/ros2_ws/install/dual_lidar_tools/share/dual_lidar_tools/hook/ament_prefix_path.sh'
[0.862s] INFO:colcon.colcon_core.shell:Skip shell extension 'powershell' for command environment: Not usable outside of PowerShell
[0.862s] DEBUG:colcon.colcon_core.shell:Skip shell extension 'dsv' for command environment
[0.882s] INFO:colcon.colcon_ros.task.ament_python.build:Building ROS package in '/home/lota/ros2_ws/src/imu_hwt911' with build type 'ament_python'
[0.882s] Level 1:colcon.colcon_core.shell:create_environment_hook('imu_hwt911', 'ament_prefix_path')
[0.882s] INFO:colcon.colcon_core.shell:Creating environment hook '/home/lota/ros2_ws/install/imu_hwt911/share/imu_hwt911/hook/ament_prefix_path.ps1'
[0.887s] INFO:colcon.colcon_core.shell:Creating environment descriptor '/home/lota/ros2_ws/install/imu_hwt911/share/imu_hwt911/hook/ament_prefix_path.dsv'
[0.891s] INFO:colcon.colcon_core.shell:Creating environment hook '/home/lota/ros2_ws/install/imu_hwt911/share/imu_hwt911/hook/ament_prefix_path.sh'
[0.894s] INFO:colcon.colcon_core.shell:Skip shell extension 'powershell' for command environment: Not usable outside of PowerShell
[0.894s] DEBUG:colcon.colcon_core.shell:Skip shell extension 'dsv' for command environment
[1.612s] INFO:colcon.colcon_core.task.python.build:Building Python package in '/home/lota/ros2_ws/src/dual_lidar_tools'
[1.614s] INFO:colcon.colcon_core.shell:Skip shell extension 'powershell' for command environment: Not usable outside of PowerShell
[1.614s] DEBUG:colcon.colcon_core.shell:Skip shell extension 'dsv' for command environment
[2.067s] INFO:colcon.colcon_core.task.python.build:Building Python package in '/home/lota/ros2_ws/src/imu_hwt911'
[2.067s] INFO:colcon.colcon_core.shell:Skip shell extension 'powershell' for command environment: Not usable outside of PowerShell
[2.068s] DEBUG:colcon.colcon_core.shell:Skip shell extension 'dsv' for command environment
[3.281s] DEBUG:colcon.colcon_core.event_handler.log_command:Invoking command in '/home/lota/ros2_ws/build/imu_hwt911': PYTHONPATH=/home/lota/ros2_ws/build/imu_hwt911/prefix_override:/usr/lib/python3/dist-packages/colcon_core/task/python/colcon_distutils_commands:/home/lota/ros2_ws/install/imu_hwt911/lib/python3.10/site-packages:${PYTHONPATH} /usr/bin/python3 -W ignore:setup.py install is deprecated -W ignore:easy_install command is deprecated setup.py develop --editable --build-directory /home/lota/ros2_ws/build/imu_hwt911/build --no-deps symlink_data
[3.607s] DEBUG:colcon.colcon_core.event_handler.log_command:Invoking command in '/home/lota/ros2_ws/build/dual_lidar_tools': PYTHONPATH=/home/lota/ros2_ws/build/dual_lidar_tools/prefix_override:/usr/lib/python3/dist-packages/colcon_core/task/python/colcon_distutils_commands:/home/lota/ros2_ws/install/dual_lidar_tools/lib/python3.10/site-packages:${PYTHONPATH} /usr/bin/python3 -W ignore:setup.py install is deprecated -W ignore:easy_install command is deprecated setup.py develop --editable --build-directory /home/lota/ros2_ws/build/dual_lidar_tools/build --no-deps symlink_data
[5.442s] Level 1:colcon.colcon_core.shell:create_environment_hook('imu_hwt911', 'pythonpath_develop')
[5.444s] DEBUG:colcon.colcon_core.event_handler.log_command:Invoked command in '/home/lota/ros2_ws/build/imu_hwt911' returned '0': PYTHONPATH=/home/lota/ros2_ws/build/imu_hwt911/prefix_override:/usr/lib/python3/dist-packages/colcon_core/task/python/colcon_distutils_commands:/home/lota/ros2_ws/install/imu_hwt911/lib/python3.10/site-packages:${PYTHONPATH} /usr/bin/python3 -W ignore:setup.py install is deprecated -W ignore:easy_install command is deprecated setup.py develop --editable --build-directory /home/lota/ros2_ws/build/imu_hwt911/build --no-deps symlink_data
[5.444s] INFO:colcon.colcon_core.shell:Creating environment hook '/home/lota/ros2_ws/build/imu_hwt911/share/imu_hwt911/hook/pythonpath_develop.ps1'
[5.445s] INFO:colcon.colcon_core.shell:Creating environment descriptor '/home/lota/ros2_ws/build/imu_hwt911/share/imu_hwt911/hook/pythonpath_develop.dsv'
[5.446s] INFO:colcon.colcon_core.shell:Creating environment hook '/home/lota/ros2_ws/build/imu_hwt911/share/imu_hwt911/hook/pythonpath_develop.sh'
[5.452s] Level 1:colcon.colcon_core.environment:checking '/home/lota/ros2_ws/install/imu_hwt911' for CMake module files
[5.454s] Level 1:colcon.colcon_core.environment:checking '/home/lota/ros2_ws/install/imu_hwt911' for CMake config files
[5.455s] Level 1:colcon.colcon_core.environment:checking '/home/lota/ros2_ws/install/imu_hwt911/lib'
[5.455s] Level 1:colcon.colcon_core.environment:checking '/home/lota/ros2_ws/install/imu_hwt911/bin'
[5.455s] Level 1:colcon.colcon_core.environment:checking '/home/lota/ros2_ws/install/imu_hwt911/lib/pkgconfig/imu_hwt911.pc'
[5.455s] Level 1:colcon.colcon_core.environment:checking '/home/lota/ros2_ws/install/imu_hwt911/lib/python3.10/site-packages'
[5.456s] Level 1:colcon.colcon_core.shell:create_environment_hook('imu_hwt911', 'pythonpath')
[5.456s] INFO:colcon.colcon_core.shell:Creating environment hook '/home/lota/ros2_ws/install/imu_hwt911/share/imu_hwt911/hook/pythonpath.ps1'
[5.463s] INFO:colcon.colcon_core.shell:Creating environment descriptor '/home/lota/ros2_ws/install/imu_hwt911/share/imu_hwt911/hook/pythonpath.dsv'
[5.464s] INFO:colcon.colcon_core.shell:Creating environment hook '/home/lota/ros2_ws/install/imu_hwt911/share/imu_hwt911/hook/pythonpath.sh'
[5.466s] Level 1:colcon.colcon_core.environment:checking '/home/lota/ros2_ws/install/imu_hwt911/bin'
[5.466s] Level 1:colcon.colcon_core.environment:create_environment_scripts_only(imu_hwt911)
[5.467s] INFO:colcon.colcon_core.shell:Creating package script '/home/lota/ros2_ws/install/imu_hwt911/share/imu_hwt911/package.ps1'
[5.473s] INFO:colcon.colcon_core.shell:Creating package descriptor '/home/lota/ros2_ws/install/imu_hwt911/share/imu_hwt911/package.dsv'
[5.474s] INFO:colcon.colcon_core.shell:Creating package script '/home/lota/ros2_ws/install/imu_hwt911/share/imu_hwt911/package.sh'
[5.478s] INFO:colcon.colcon_core.shell:Creating package script '/home/lota/ros2_ws/install/imu_hwt911/share/imu_hwt911/package.bash'
[5.480s] INFO:colcon.colcon_core.shell:Creating package script '/home/lota/ros2_ws/install/imu_hwt911/share/imu_hwt911/package.zsh'
[5.481s] Level 1:colcon.colcon_core.environment:create_file_with_runtime_dependencies(/home/lota/ros2_ws/install/imu_hwt911/share/colcon-core/packages/imu_hwt911)
[5.483s] INFO:colcon.colcon_ros.task.ament_cmake.build:Building ROS package in '/home/lota/ros2_ws/src/my_robot_config' with build type 'ament_cmake'
[5.483s] INFO:colcon.colcon_cmake.task.cmake.build:Building CMake package in '/home/lota/ros2_ws/src/my_robot_config'
[5.484s] INFO:colcon.colcon_core.shell:Skip shell extension 'powershell' for command environment: Not usable outside of PowerShell
[5.486s] DEBUG:colcon.colcon_core.shell:Skip shell extension 'dsv' for command environment
[5.520s] DEBUG:colcon.colcon_core.event_handler.log_command:Invoking command in '/home/lota/ros2_ws/build/my_robot_config': CMAKE_PREFIX_PATH=${CMAKE_PREFIX_PATH}:/home/lota/ros2_ws/install/imu_hwt911:/home/lota/ros2_ws/install/dual_lidar_tools:/home/lota/install/rrt_planner:/opt/ros/humble /usr/bin/cmake --build /home/lota/ros2_ws/build/my_robot_config -- -j2 -l2
[5.622s] DEBUG:colcon.colcon_core.event_handler.log_command:Invoked command in '/home/lota/ros2_ws/build/my_robot_config' returned '0': CMAKE_PREFIX_PATH=${CMAKE_PREFIX_PATH}:/home/lota/ros2_ws/install/imu_hwt911:/home/lota/ros2_ws/install/dual_lidar_tools:/home/lota/install/rrt_planner:/opt/ros/humble /usr/bin/cmake --build /home/lota/ros2_ws/build/my_robot_config -- -j2 -l2
[5.649s] DEBUG:colcon.colcon_core.event_handler.log_command:Invoking command in '/home/lota/ros2_ws/build/my_robot_config': CMAKE_PREFIX_PATH=${CMAKE_PREFIX_PATH}:/home/lota/ros2_ws/install/imu_hwt911:/home/lota/ros2_ws/install/dual_lidar_tools:/home/lota/install/rrt_planner:/opt/ros/humble /usr/bin/cmake --install /home/lota/ros2_ws/build/my_robot_config
[5.794s] Level 1:colcon.colcon_core.environment:create_environment_scripts_only(my_robot_config)
[5.795s] Level 1:colcon.colcon_core.environment:checking '/home/lota/ros2_ws/install/my_robot_config' for CMake module files
[5.795s] Level 1:colcon.colcon_core.environment:checking '/home/lota/ros2_ws/install/my_robot_config' for CMake config files
[5.796s] Level 1:colcon.colcon_core.shell:create_environment_hook('my_robot_config', 'cmake_prefix_path')
[5.798s] INFO:colcon.colcon_core.shell:Creating environment hook '/home/lota/ros2_ws/install/my_robot_config/share/my_robot_config/hook/cmake_prefix_path.ps1'
[5.799s] DEBUG:colcon.colcon_core.event_handler.log_command:Invoked command in '/home/lota/ros2_ws/build/my_robot_config' returned '0': CMAKE_PREFIX_PATH=${CMAKE_PREFIX_PATH}:/home/lota/ros2_ws/install/imu_hwt911:/home/lota/ros2_ws/install/dual_lidar_tools:/home/lota/install/rrt_planner:/opt/ros/humble /usr/bin/cmake --install /home/lota/ros2_ws/build/my_robot_config
[5.804s] INFO:colcon.colcon_core.shell:Creating environment descriptor '/home/lota/ros2_ws/install/my_robot_config/share/my_robot_config/hook/cmake_prefix_path.dsv'
[5.805s] INFO:colcon.colcon_core.shell:Creating environment hook '/home/lota/ros2_ws/install/my_robot_config/share/my_robot_config/hook/cmake_prefix_path.sh'
[5.811s] Level 1:colcon.colcon_core.environment:checking '/home/lota/ros2_ws/install/my_robot_config/lib'
[5.812s] Level 1:colcon.colcon_core.environment:checking '/home/lota/ros2_ws/install/my_robot_config/bin'
[5.812s] Level 1:colcon.colcon_core.environment:checking '/home/lota/ros2_ws/install/my_robot_config/lib/pkgconfig/my_robot_config.pc'
[5.813s] Level 1:colcon.colcon_core.environment:checking '/home/lota/ros2_ws/install/my_robot_config/lib/python3.10/site-packages'
[5.813s] Level 1:colcon.colcon_core.environment:checking '/home/lota/ros2_ws/install/my_robot_config/bin'
[5.815s] INFO:colcon.colcon_core.shell:Creating package script '/home/lota/ros2_ws/install/my_robot_config/share/my_robot_config/package.ps1'
[5.817s] INFO:colcon.colcon_core.shell:Creating package descriptor '/home/lota/ros2_ws/install/my_robot_config/share/my_robot_config/package.dsv'
[5.822s] INFO:colcon.colcon_core.shell:Creating package script '/home/lota/ros2_ws/install/my_robot_config/share/my_robot_config/package.sh'
[5.826s] INFO:colcon.colcon_core.shell:Creating package script '/home/lota/ros2_ws/install/my_robot_config/share/my_robot_config/package.bash'
[5.827s] INFO:colcon.colcon_core.shell:Creating package script '/home/lota/ros2_ws/install/my_robot_config/share/my_robot_config/package.zsh'
[5.827s] Level 1:colcon.colcon_core.environment:create_file_with_runtime_dependencies(/home/lota/ros2_ws/install/my_robot_config/share/colcon-core/packages/my_robot_config)
[5.828s] Level 1:colcon.colcon_core.environment:create_environment_scripts_only(my_robot_config)
[5.828s] Level 1:colcon.colcon_core.environment:checking '/home/lota/ros2_ws/install/my_robot_config' for CMake module files
[5.829s] Level 1:colcon.colcon_core.environment:checking '/home/lota/ros2_ws/install/my_robot_config' for CMake config files
[5.831s] Level 1:colcon.colcon_core.shell:create_environment_hook('my_robot_config', 'cmake_prefix_path')
[5.831s] INFO:colcon.colcon_core.shell:Creating environment hook '/home/lota/ros2_ws/install/my_robot_config/share/my_robot_config/hook/cmake_prefix_path.ps1'
[5.833s] INFO:colcon.colcon_core.shell:Creating environment descriptor '/home/lota/ros2_ws/install/my_robot_config/share/my_robot_config/hook/cmake_prefix_path.dsv'
[5.834s] INFO:colcon.colcon_core.shell:Creating environment hook '/home/lota/ros2_ws/install/my_robot_config/share/my_robot_config/hook/cmake_prefix_path.sh'
[5.835s] Level 1:colcon.colcon_core.environment:checking '/home/lota/ros2_ws/install/my_robot_config/lib'
[5.835s] Level 1:colcon.colcon_core.environment:checking '/home/lota/ros2_ws/install/my_robot_config/bin'
[5.835s] Level 1:colcon.colcon_core.environment:checking '/home/lota/ros2_ws/install/my_robot_config/lib/pkgconfig/my_robot_config.pc'
[5.836s] Level 1:colcon.colcon_core.environment:checking '/home/lota/ros2_ws/install/my_robot_config/lib/python3.10/site-packages'
[5.837s] Level 1:colcon.colcon_core.environment:checking '/home/lota/ros2_ws/install/my_robot_config/bin'
[5.838s] INFO:colcon.colcon_core.shell:Creating package script '/home/lota/ros2_ws/install/my_robot_config/share/my_robot_config/package.ps1'
[5.839s] INFO:colcon.colcon_core.shell:Creating package descriptor '/home/lota/ros2_ws/install/my_robot_config/share/my_robot_config/package.dsv'
[5.841s] INFO:colcon.colcon_core.shell:Creating package script '/home/lota/ros2_ws/install/my_robot_config/share/my_robot_config/package.sh'
[5.841s] INFO:colcon.colcon_core.shell:Creating package script '/home/lota/ros2_ws/install/my_robot_config/share/my_robot_config/package.bash'
[5.843s] INFO:colcon.colcon_core.shell:Creating package script '/home/lota/ros2_ws/install/my_robot_config/share/my_robot_config/package.zsh'
[5.844s] Level 1:colcon.colcon_core.environment:create_file_with_runtime_dependencies(/home/lota/ros2_ws/install/my_robot_config/share/colcon-core/packages/my_robot_config)
[5.845s] INFO:colcon.colcon_ros.task.ament_cmake.build:Building ROS package in '/home/lota/ros2_ws/src/rplidar_ros' with build type 'ament_cmake'
[5.847s] INFO:colcon.colcon_cmake.task.cmake.build:Building CMake package in '/home/lota/ros2_ws/src/rplidar_ros'
[5.848s] INFO:colcon.colcon_core.shell:Skip shell extension 'powershell' for command environment: Not usable outside of PowerShell
[5.848s] DEBUG:colcon.colcon_core.shell:Skip shell extension 'dsv' for command environment
[5.863s] Level 1:colcon.colcon_core.shell:create_environment_hook('dual_lidar_tools', 'pythonpath_develop')
[5.863s] INFO:colcon.colcon_core.shell:Creating environment hook '/home/lota/ros2_ws/build/dual_lidar_tools/share/dual_lidar_tools/hook/pythonpath_develop.ps1'
[5.864s] INFO:colcon.colcon_core.shell:Creating environment descriptor '/home/lota/ros2_ws/build/dual_lidar_tools/share/dual_lidar_tools/hook/pythonpath_develop.dsv'
[5.864s] DEBUG:colcon.colcon_core.event_handler.log_command:Invoked command in '/home/lota/ros2_ws/build/dual_lidar_tools' returned '0': PYTHONPATH=/home/lota/ros2_ws/build/dual_lidar_tools/prefix_override:/usr/lib/python3/dist-packages/colcon_core/task/python/colcon_distutils_commands:/home/lota/ros2_ws/install/dual_lidar_tools/lib/python3.10/site-packages:${PYTHONPATH} /usr/bin/python3 -W ignore:setup.py install is deprecated -W ignore:easy_install command is deprecated setup.py develop --editable --build-directory /home/lota/ros2_ws/build/dual_lidar_tools/build --no-deps symlink_data
[5.865s] INFO:colcon.colcon_core.shell:Creating environment hook '/home/lota/ros2_ws/build/dual_lidar_tools/share/dual_lidar_tools/hook/pythonpath_develop.sh'
[5.866s] Level 1:colcon.colcon_core.environment:checking '/home/lota/ros2_ws/install/dual_lidar_tools' for CMake module files
[5.866s] Level 1:colcon.colcon_core.environment:checking '/home/lota/ros2_ws/install/dual_lidar_tools' for CMake config files
[5.867s] Level 1:colcon.colcon_core.environment:checking '/home/lota/ros2_ws/install/dual_lidar_tools/lib'
[5.867s] Level 1:colcon.colcon_core.environment:checking '/home/lota/ros2_ws/install/dual_lidar_tools/bin'
[5.867s] Level 1:colcon.colcon_core.environment:checking '/home/lota/ros2_ws/install/dual_lidar_tools/lib/pkgconfig/dual_lidar_tools.pc'
[5.867s] Level 1:colcon.colcon_core.environment:checking '/home/lota/ros2_ws/install/dual_lidar_tools/lib/python3.10/site-packages'
[5.867s] Level 1:colcon.colcon_core.shell:create_environment_hook('dual_lidar_tools', 'pythonpath')
[5.868s] INFO:colcon.colcon_core.shell:Creating environment hook '/home/lota/ros2_ws/install/dual_lidar_tools/share/dual_lidar_tools/hook/pythonpath.ps1'
[5.869s] INFO:colcon.colcon_core.shell:Creating environment descriptor '/home/lota/ros2_ws/install/dual_lidar_tools/share/dual_lidar_tools/hook/pythonpath.dsv'
[5.870s] INFO:colcon.colcon_core.shell:Creating environment hook '/home/lota/ros2_ws/install/dual_lidar_tools/share/dual_lidar_tools/hook/pythonpath.sh'
[5.871s] Level 1:colcon.colcon_core.environment:checking '/home/lota/ros2_ws/install/dual_lidar_tools/bin'
[5.871s] Level 1:colcon.colcon_core.environment:create_environment_scripts_only(dual_lidar_tools)
[5.872s] INFO:colcon.colcon_core.shell:Creating package script '/home/lota/ros2_ws/install/dual_lidar_tools/share/dual_lidar_tools/package.ps1'
[5.872s] INFO:colcon.colcon_core.shell:Creating package descriptor '/home/lota/ros2_ws/install/dual_lidar_tools/share/dual_lidar_tools/package.dsv'
[5.873s] INFO:colcon.colcon_core.shell:Creating package script '/home/lota/ros2_ws/install/dual_lidar_tools/share/dual_lidar_tools/package.sh'
[5.874s] INFO:colcon.colcon_core.shell:Creating package script '/home/lota/ros2_ws/install/dual_lidar_tools/share/dual_lidar_tools/package.bash'
[5.875s] INFO:colcon.colcon_core.shell:Creating package script '/home/lota/ros2_ws/install/dual_lidar_tools/share/dual_lidar_tools/package.zsh'
[5.876s] Level 1:colcon.colcon_core.environment:create_file_with_runtime_dependencies(/home/lota/ros2_ws/install/dual_lidar_tools/share/colcon-core/packages/dual_lidar_tools)
[5.883s] DEBUG:colcon.colcon_core.event_handler.log_command:Invoking command in '/home/lota/ros2_ws/build/rplidar_ros': CMAKE_PREFIX_PATH=${CMAKE_PREFIX_PATH}:/home/lota/ros2_ws/install/imu_hwt911:/home/lota/ros2_ws/install/dual_lidar_tools:/home/lota/install/rrt_planner:/opt/ros/humble /usr/bin/cmake --build /home/lota/ros2_ws/build/rplidar_ros -- -j2 -l2
[6.242s] DEBUG:colcon.colcon_core.event_handler.log_command:Invoked command in '/home/lota/ros2_ws/build/rplidar_ros' returned '0': CMAKE_PREFIX_PATH=${CMAKE_PREFIX_PATH}:/home/lota/ros2_ws/install/imu_hwt911:/home/lota/ros2_ws/install/dual_lidar_tools:/home/lota/install/rrt_planner:/opt/ros/humble /usr/bin/cmake --build /home/lota/ros2_ws/build/rplidar_ros -- -j2 -l2
[6.243s] DEBUG:colcon.colcon_core.event_handler.log_command:Invoking command in '/home/lota/ros2_ws/build/rplidar_ros': CMAKE_PREFIX_PATH=${CMAKE_PREFIX_PATH}:/home/lota/ros2_ws/install/imu_hwt911:/home/lota/ros2_ws/install/dual_lidar_tools:/home/lota/install/rrt_planner:/opt/ros/humble /usr/bin/cmake --install /home/lota/ros2_ws/build/rplidar_ros
[6.313s] Level 1:colcon.colcon_core.environment:create_environment_scripts_only(rplidar_ros)
[6.314s] DEBUG:colcon.colcon_core.event_handler.log_command:Invoked command in '/home/lota/ros2_ws/build/rplidar_ros' returned '0': CMAKE_PREFIX_PATH=${CMAKE_PREFIX_PATH}:/home/lota/ros2_ws/install/imu_hwt911:/home/lota/ros2_ws/install/dual_lidar_tools:/home/lota/install/rrt_planner:/opt/ros/humble /usr/bin/cmake --install /home/lota/ros2_ws/build/rplidar_ros
[6.315s] Level 1:colcon.colcon_core.environment:checking '/home/lota/ros2_ws/install/rplidar_ros' for CMake module files
[6.316s] Level 1:colcon.colcon_core.environment:checking '/home/lota/ros2_ws/install/rplidar_ros' for CMake config files
[6.316s] Level 1:colcon.colcon_core.shell:create_environment_hook('rplidar_ros', 'cmake_prefix_path')
[6.317s] INFO:colcon.colcon_core.shell:Creating environment hook '/home/lota/ros2_ws/install/rplidar_ros/share/rplidar_ros/hook/cmake_prefix_path.ps1'
[6.321s] INFO:colcon.colcon_core.shell:Creating environment descriptor '/home/lota/ros2_ws/install/rplidar_ros/share/rplidar_ros/hook/cmake_prefix_path.dsv'
[6.323s] INFO:colcon.colcon_core.shell:Creating environment hook '/home/lota/ros2_ws/install/rplidar_ros/share/rplidar_ros/hook/cmake_prefix_path.sh'
[6.330s] Level 1:colcon.colcon_core.environment:checking '/home/lota/ros2_ws/install/rplidar_ros/lib'
[6.330s] Level 1:colcon.colcon_core.environment:checking '/home/lota/ros2_ws/install/rplidar_ros/bin'
[6.330s] Level 1:colcon.colcon_core.environment:checking '/home/lota/ros2_ws/install/rplidar_ros/lib/pkgconfig/rplidar_ros.pc'
[6.331s] Level 1:colcon.colcon_core.environment:checking '/home/lota/ros2_ws/install/rplidar_ros/lib/python3.10/site-packages'
[6.333s] Level 1:colcon.colcon_core.environment:checking '/home/lota/ros2_ws/install/rplidar_ros/bin'
[6.334s] INFO:colcon.colcon_core.shell:Creating package script '/home/lota/ros2_ws/install/rplidar_ros/share/rplidar_ros/package.ps1'
[6.334s] INFO:colcon.colcon_core.shell:Creating package descriptor '/home/lota/ros2_ws/install/rplidar_ros/share/rplidar_ros/package.dsv'
[6.335s] INFO:colcon.colcon_core.shell:Creating package script '/home/lota/ros2_ws/install/rplidar_ros/share/rplidar_ros/package.sh'
[6.337s] INFO:colcon.colcon_core.shell:Creating package script '/home/lota/ros2_ws/install/rplidar_ros/share/rplidar_ros/package.bash'
[6.339s] INFO:colcon.colcon_core.shell:Creating package script '/home/lota/ros2_ws/install/rplidar_ros/share/rplidar_ros/package.zsh'
[6.340s] Level 1:colcon.colcon_core.environment:create_file_with_runtime_dependencies(/home/lota/ros2_ws/install/rplidar_ros/share/colcon-core/packages/rplidar_ros)
[6.341s] Level 1:colcon.colcon_core.environment:create_environment_scripts_only(rplidar_ros)
[6.342s] Level 1:colcon.colcon_core.environment:checking '/home/lota/ros2_ws/install/rplidar_ros' for CMake module files
[6.344s] Level 1:colcon.colcon_core.environment:checking '/home/lota/ros2_ws/install/rplidar_ros' for CMake config files
[6.344s] Level 1:colcon.colcon_core.shell:create_environment_hook('rplidar_ros', 'cmake_prefix_path')
[6.345s] INFO:colcon.colcon_core.shell:Creating environment hook '/home/lota/ros2_ws/install/rplidar_ros/share/rplidar_ros/hook/cmake_prefix_path.ps1'
[6.350s] INFO:colcon.colcon_core.shell:Creating environment descriptor '/home/lota/ros2_ws/install/rplidar_ros/share/rplidar_ros/hook/cmake_prefix_path.dsv'
[6.350s] INFO:colcon.colcon_core.shell:Creating environment hook '/home/lota/ros2_ws/install/rplidar_ros/share/rplidar_ros/hook/cmake_prefix_path.sh'
[6.352s] Level 1:colcon.colcon_core.environment:checking '/home/lota/ros2_ws/install/rplidar_ros/lib'
[6.352s] Level 1:colcon.colcon_core.environment:checking '/home/lota/ros2_ws/install/rplidar_ros/bin'
[6.352s] Level 1:colcon.colcon_core.environment:checking '/home/lota/ros2_ws/install/rplidar_ros/lib/pkgconfig/rplidar_ros.pc'
[6.353s] Level 1:colcon.colcon_core.environment:checking '/home/lota/ros2_ws/install/rplidar_ros/lib/python3.10/site-packages'
[6.354s] Level 1:colcon.colcon_core.environment:checking '/home/lota/ros2_ws/install/rplidar_ros/bin'
[6.356s] INFO:colcon.colcon_core.shell:Creating package script '/home/lota/ros2_ws/install/rplidar_ros/share/rplidar_ros/package.ps1'
[6.357s] INFO:colcon.colcon_core.shell:Creating package descriptor '/home/lota/ros2_ws/install/rplidar_ros/share/rplidar_ros/package.dsv'
[6.360s] INFO:colcon.colcon_core.shell:Creating package script '/home/lota/ros2_ws/install/rplidar_ros/share/rplidar_ros/package.sh'
[6.361s] INFO:colcon.colcon_core.shell:Creating package script '/home/lota/ros2_ws/install/rplidar_ros/share/rplidar_ros/package.bash'
[6.366s] INFO:colcon.colcon_core.shell:Creating package script '/home/lota/ros2_ws/install/rplidar_ros/share/rplidar_ros/package.zsh'
[6.367s] Level 1:colcon.colcon_core.environment:create_file_with_runtime_dependencies(/home/lota/ros2_ws/install/rplidar_ros/share/colcon-core/packages/rplidar_ros)
[6.367s] DEBUG:colcon.colcon_parallel_executor.executor.parallel:closing loop
[6.371s] DEBUG:colcon.colcon_parallel_executor.executor.parallel:loop closed
[6.371s] DEBUG:colcon.colcon_parallel_executor.executor.parallel:run_until_complete finished with '0'
[6.372s] DEBUG:colcon.colcon_core.event_reactor:joining thread
[6.404s] INFO:colcon.colcon_core.plugin_system:Skipping extension 'colcon_notification.desktop_notification.terminal_notifier': Not used on non-Darwin systems
[6.406s] INFO:colcon.colcon_core.plugin_system:Skipping extension 'colcon_notification.desktop_notification.win32': Not used on non-Windows systems
[6.406s] INFO:colcon.colcon_notification.desktop_notification:Sending desktop notification using 'notify2'
[6.448s] DEBUG:colcon.colcon_core.event_reactor:joined thread
[6.449s] INFO:colcon.colcon_core.shell:Creating prefix script '/home/lota/ros2_ws/install/local_setup.ps1'
[6.457s] INFO:colcon.colcon_core.shell:Creating prefix util module '/home/lota/ros2_ws/install/_local_setup_util_ps1.py'
[6.465s] INFO:colcon.colcon_core.shell:Creating prefix chain script '/home/lota/ros2_ws/install/setup.ps1'
[6.469s] INFO:colcon.colcon_core.shell:Creating prefix script '/home/lota/ros2_ws/install/local_setup.sh'
[6.474s] INFO:colcon.colcon_core.shell:Creating prefix util module '/home/lota/ros2_ws/install/_local_setup_util_sh.py'
[6.478s] INFO:colcon.colcon_core.shell:Creating prefix chain script '/home/lota/ros2_ws/install/setup.sh'
[6.484s] INFO:colcon.colcon_core.shell:Creating prefix script '/home/lota/ros2_ws/install/local_setup.bash'
[6.485s] INFO:colcon.colcon_core.shell:Creating prefix chain script '/home/lota/ros2_ws/install/setup.bash'
[6.491s] INFO:colcon.colcon_core.shell:Creating prefix script '/home/lota/ros2_ws/install/local_setup.zsh'
[6.492s] INFO:colcon.colcon_core.shell:Creating prefix chain script '/home/lota/ros2_ws/install/setup.zsh'
