[0.143s] DEBUG:colcon:Command line arguments: ['/usr/bin/colcon', 'build']
[0.143s] DEBUG:colcon:Parsed command line arguments: Namespace(log_base=None, log_level=None, verb_name='build', build_base='build', install_base='install', merge_install=False, symlink_install=False, test_result_base=None, continue_on_error=False, executor='parallel', parallel_workers=2, event_handlers=None, ignore_user_meta=False, metas=['./colcon.meta'], base_paths=['.'], packages_ignore=None, packages_ignore_regex=None, paths=None, packages_up_to=None, packages_up_to_regex=None, packages_above=None, packages_above_and_dependencies=None, packages_above_depth=None, packages_select_by_dep=None, packages_skip_by_dep=None, packages_skip_up_to=None, packages_select_build_failed=False, packages_skip_build_finished=False, packages_select_test_failures=False, packages_skip_test_passed=False, packages_select=None, packages_skip=None, packages_select_regex=None, packages_skip_regex=None, packages_start=None, packages_end=None, allow_overriding=[], cmake_args=None, cmake_target=None, cmake_target_skip_unavailable=False, cmake_clean_cache=False, cmake_clean_first=False, cmake_force_configure=False, ament_cmake_args=None, catkin_cmake_args=None, catkin_skip_building_tests=False, verb_parser=<colcon_defaults.argument_parser.defaults.DefaultArgumentsDecorator object at 0x7376077622f0>, verb_extension=<colcon_core.verb.build.BuildVerb object at 0x737607761cf0>, main=<bound method BuildVerb.main of <colcon_core.verb.build.BuildVerb object at 0x737607761cf0>>)
[0.407s] Level 1:colcon.colcon_core.package_discovery:discover_packages(colcon_meta) check parameters
[0.407s] Level 1:colcon.colcon_core.package_discovery:discover_packages(recursive) check parameters
[0.407s] Level 1:colcon.colcon_core.package_discovery:discover_packages(ignore) check parameters
[0.407s] Level 1:colcon.colcon_core.package_discovery:discover_packages(path) check parameters
[0.407s] Level 1:colcon.colcon_core.package_discovery:discover_packages(colcon_meta) discover
[0.407s] Level 1:colcon.colcon_core.package_discovery:discover_packages(recursive) discover
[0.407s] INFO:colcon.colcon_core.package_discovery:Crawling recursively for packages in '/home/lota/ros2_ws'
[0.407s] Level 1:colcon.colcon_core.package_identification:_identify(.) by extensions ['ignore', 'ignore_ament_install']
[0.407s] Level 1:colcon.colcon_core.package_identification:_identify(.) by extension 'ignore'
[0.407s] Level 1:colcon.colcon_core.package_identification:_identify(.) by extension 'ignore_ament_install'
[0.407s] Level 1:colcon.colcon_core.package_identification:_identify(.) by extensions ['colcon_pkg']
[0.407s] Level 1:colcon.colcon_core.package_identification:_identify(.) by extension 'colcon_pkg'
[0.407s] Level 1:colcon.colcon_core.package_identification:_identify(.) by extensions ['colcon_meta']
[0.407s] Level 1:colcon.colcon_core.package_identification:_identify(.) by extension 'colcon_meta'
[0.407s] Level 1:colcon.colcon_core.package_identification:_identify(.) by extensions ['ros']
[0.407s] Level 1:colcon.colcon_core.package_identification:_identify(.) by extension 'ros'
[0.424s] Level 1:colcon.colcon_core.package_identification:_identify(.) by extensions ['cmake', 'python']
[0.424s] Level 1:colcon.colcon_core.package_identification:_identify(.) by extension 'cmake'
[0.425s] Level 1:colcon.colcon_core.package_identification:_identify(.) by extension 'python'
[0.425s] Level 1:colcon.colcon_core.package_identification:_identify(.) by extensions ['python_setup_py']
[0.425s] Level 1:colcon.colcon_core.package_identification:_identify(.) by extension 'python_setup_py'
[0.425s] Level 1:colcon.colcon_core.package_identification:_identify(build) by extensions ['ignore', 'ignore_ament_install']
[0.427s] Level 1:colcon.colcon_core.package_identification:_identify(build) by extension 'ignore'
[0.427s] Level 1:colcon.colcon_core.package_identification:_identify(build) ignored
[0.427s] Level 1:colcon.colcon_core.package_identification:_identify(install) by extensions ['ignore', 'ignore_ament_install']
[0.427s] Level 1:colcon.colcon_core.package_identification:_identify(install) by extension 'ignore'
[0.427s] Level 1:colcon.colcon_core.package_identification:_identify(install) ignored
[0.427s] Level 1:colcon.colcon_core.package_identification:_identify(log) by extensions ['ignore', 'ignore_ament_install']
[0.428s] Level 1:colcon.colcon_core.package_identification:_identify(log) by extension 'ignore'
[0.428s] Level 1:colcon.colcon_core.package_identification:_identify(log) ignored
[0.428s] Level 1:colcon.colcon_core.package_identification:_identify(src) by extensions ['ignore', 'ignore_ament_install']
[0.428s] Level 1:colcon.colcon_core.package_identification:_identify(src) by extension 'ignore'
[0.428s] Level 1:colcon.colcon_core.package_identification:_identify(src) by extension 'ignore_ament_install'
[0.428s] Level 1:colcon.colcon_core.package_identification:_identify(src) by extensions ['colcon_pkg']
[0.428s] Level 1:colcon.colcon_core.package_identification:_identify(src) by extension 'colcon_pkg'
[0.428s] Level 1:colcon.colcon_core.package_identification:_identify(src) by extensions ['colcon_meta']
[0.428s] Level 1:colcon.colcon_core.package_identification:_identify(src) by extension 'colcon_meta'
[0.428s] Level 1:colcon.colcon_core.package_identification:_identify(src) by extensions ['ros']
[0.428s] Level 1:colcon.colcon_core.package_identification:_identify(src) by extension 'ros'
[0.428s] Level 1:colcon.colcon_core.package_identification:_identify(src) by extensions ['cmake', 'python']
[0.428s] Level 1:colcon.colcon_core.package_identification:_identify(src) by extension 'cmake'
[0.428s] Level 1:colcon.colcon_core.package_identification:_identify(src) by extension 'python'
[0.428s] Level 1:colcon.colcon_core.package_identification:_identify(src) by extensions ['python_setup_py']
[0.428s] Level 1:colcon.colcon_core.package_identification:_identify(src) by extension 'python_setup_py'
[0.428s] Level 1:colcon.colcon_core.package_identification:_identify(src/dual_lidar_tools) by extensions ['ignore', 'ignore_ament_install']
[0.428s] Level 1:colcon.colcon_core.package_identification:_identify(src/dual_lidar_tools) by extension 'ignore'
[0.428s] Level 1:colcon.colcon_core.package_identification:_identify(src/dual_lidar_tools) by extension 'ignore_ament_install'
[0.428s] Level 1:colcon.colcon_core.package_identification:_identify(src/dual_lidar_tools) by extensions ['colcon_pkg']
[0.428s] Level 1:colcon.colcon_core.package_identification:_identify(src/dual_lidar_tools) by extension 'colcon_pkg'
[0.429s] Level 1:colcon.colcon_core.package_identification:_identify(src/dual_lidar_tools) by extensions ['colcon_meta']
[0.429s] Level 1:colcon.colcon_core.package_identification:_identify(src/dual_lidar_tools) by extension 'colcon_meta'
[0.429s] Level 1:colcon.colcon_core.package_identification:_identify(src/dual_lidar_tools) by extensions ['ros']
[0.429s] Level 1:colcon.colcon_core.package_identification:_identify(src/dual_lidar_tools) by extension 'ros'
[0.431s] DEBUG:colcon.colcon_core.package_identification:Package 'src/dual_lidar_tools' with type 'ros.ament_python' and name 'dual_lidar_tools'
[0.432s] Level 1:colcon.colcon_core.package_identification:_identify(src/imu_hwt911) by extensions ['ignore', 'ignore_ament_install']
[0.432s] Level 1:colcon.colcon_core.package_identification:_identify(src/imu_hwt911) by extension 'ignore'
[0.432s] Level 1:colcon.colcon_core.package_identification:_identify(src/imu_hwt911) by extension 'ignore_ament_install'
[0.432s] Level 1:colcon.colcon_core.package_identification:_identify(src/imu_hwt911) by extensions ['colcon_pkg']
[0.432s] Level 1:colcon.colcon_core.package_identification:_identify(src/imu_hwt911) by extension 'colcon_pkg'
[0.432s] Level 1:colcon.colcon_core.package_identification:_identify(src/imu_hwt911) by extensions ['colcon_meta']
[0.432s] Level 1:colcon.colcon_core.package_identification:_identify(src/imu_hwt911) by extension 'colcon_meta'
[0.432s] Level 1:colcon.colcon_core.package_identification:_identify(src/imu_hwt911) by extensions ['ros']
[0.432s] Level 1:colcon.colcon_core.package_identification:_identify(src/imu_hwt911) by extension 'ros'
[0.434s] DEBUG:colcon.colcon_core.package_identification:Package 'src/imu_hwt911' with type 'ros.ament_python' and name 'imu_hwt911'
[0.434s] Level 1:colcon.colcon_core.package_identification:_identify(src/my_robot_config) by extensions ['ignore', 'ignore_ament_install']
[0.449s] Level 1:colcon.colcon_core.package_identification:_identify(src/my_robot_config) by extension 'ignore'
[0.450s] Level 1:colcon.colcon_core.package_identification:_identify(src/my_robot_config) by extension 'ignore_ament_install'
[0.450s] Level 1:colcon.colcon_core.package_identification:_identify(src/my_robot_config) by extensions ['colcon_pkg']
[0.450s] Level 1:colcon.colcon_core.package_identification:_identify(src/my_robot_config) by extension 'colcon_pkg'
[0.450s] Level 1:colcon.colcon_core.package_identification:_identify(src/my_robot_config) by extensions ['colcon_meta']
[0.450s] Level 1:colcon.colcon_core.package_identification:_identify(src/my_robot_config) by extension 'colcon_meta'
[0.450s] Level 1:colcon.colcon_core.package_identification:_identify(src/my_robot_config) by extensions ['ros']
[0.450s] Level 1:colcon.colcon_core.package_identification:_identify(src/my_robot_config) by extension 'ros'
[0.452s] DEBUG:colcon.colcon_core.package_identification:Package 'src/my_robot_config' with type 'ros.ament_cmake' and name 'my_robot_config'
[0.452s] Level 1:colcon.colcon_core.package_identification:_identify(src/rplidar_ros) by extensions ['ignore', 'ignore_ament_install']
[0.452s] Level 1:colcon.colcon_core.package_identification:_identify(src/rplidar_ros) by extension 'ignore'
[0.452s] Level 1:colcon.colcon_core.package_identification:_identify(src/rplidar_ros) by extension 'ignore_ament_install'
[0.452s] Level 1:colcon.colcon_core.package_identification:_identify(src/rplidar_ros) by extensions ['colcon_pkg']
[0.452s] Level 1:colcon.colcon_core.package_identification:_identify(src/rplidar_ros) by extension 'colcon_pkg'
[0.452s] Level 1:colcon.colcon_core.package_identification:_identify(src/rplidar_ros) by extensions ['colcon_meta']
[0.452s] Level 1:colcon.colcon_core.package_identification:_identify(src/rplidar_ros) by extension 'colcon_meta'
[0.452s] Level 1:colcon.colcon_core.package_identification:_identify(src/rplidar_ros) by extensions ['ros']
[0.452s] Level 1:colcon.colcon_core.package_identification:_identify(src/rplidar_ros) by extension 'ros'
[0.453s] DEBUG:colcon.colcon_core.package_identification:Package 'src/rplidar_ros' with type 'ros.ament_cmake' and name 'rplidar_ros'
[0.453s] Level 1:colcon.colcon_core.package_discovery:discover_packages(recursive) using defaults
[0.453s] Level 1:colcon.colcon_core.package_discovery:discover_packages(ignore) discover
[0.453s] Level 1:colcon.colcon_core.package_discovery:discover_packages(ignore) using defaults
[0.453s] Level 1:colcon.colcon_core.package_discovery:discover_packages(path) discover
[0.453s] Level 1:colcon.colcon_core.package_discovery:discover_packages(path) using defaults
[0.488s] Level 1:colcon.colcon_core.package_discovery:discover_packages(prefix_path) check parameters
[0.488s] Level 1:colcon.colcon_core.package_discovery:discover_packages(prefix_path) discover
[0.491s] DEBUG:colcon.colcon_installed_package_information.package_discovery:Found 4 installed packages in /home/lota/ros2_ws/install
[0.492s] DEBUG:colcon.colcon_installed_package_information.package_discovery:Found 6 installed packages in /home/lota/install
[0.497s] DEBUG:colcon.colcon_installed_package_information.package_discovery:Found 491 installed packages in /opt/ros/humble
[0.503s] Level 1:colcon.colcon_core.package_discovery:discover_packages(prefix_path) using defaults
[0.574s] Level 5:colcon.colcon_core.verb:set package 'dual_lidar_tools' build argument 'cmake_args' from command line to 'None'
[0.574s] Level 5:colcon.colcon_core.verb:set package 'dual_lidar_tools' build argument 'cmake_target' from command line to 'None'
[0.574s] Level 5:colcon.colcon_core.verb:set package 'dual_lidar_tools' build argument 'cmake_target_skip_unavailable' from command line to 'False'
[0.574s] Level 5:colcon.colcon_core.verb:set package 'dual_lidar_tools' build argument 'cmake_clean_cache' from command line to 'False'
[0.575s] Level 5:colcon.colcon_core.verb:set package 'dual_lidar_tools' build argument 'cmake_clean_first' from command line to 'False'
[0.575s] Level 5:colcon.colcon_core.verb:set package 'dual_lidar_tools' build argument 'cmake_force_configure' from command line to 'False'
[0.575s] Level 5:colcon.colcon_core.verb:set package 'dual_lidar_tools' build argument 'ament_cmake_args' from command line to 'None'
[0.575s] Level 5:colcon.colcon_core.verb:set package 'dual_lidar_tools' build argument 'catkin_cmake_args' from command line to 'None'
[0.575s] Level 5:colcon.colcon_core.verb:set package 'dual_lidar_tools' build argument 'catkin_skip_building_tests' from command line to 'False'
[0.575s] DEBUG:colcon.colcon_core.verb:Building package 'dual_lidar_tools' with the following arguments: {'ament_cmake_args': None, 'build_base': '/home/lota/ros2_ws/build/dual_lidar_tools', 'catkin_cmake_args': None, 'catkin_skip_building_tests': False, 'cmake_args': None, 'cmake_clean_cache': False, 'cmake_clean_first': False, 'cmake_force_configure': False, 'cmake_target': None, 'cmake_target_skip_unavailable': False, 'install_base': '/home/lota/ros2_ws/install/dual_lidar_tools', 'merge_install': False, 'path': '/home/lota/ros2_ws/src/dual_lidar_tools', 'symlink_install': False, 'test_result_base': None}
[0.575s] Level 5:colcon.colcon_core.verb:set package 'imu_hwt911' build argument 'cmake_args' from command line to 'None'
[0.575s] Level 5:colcon.colcon_core.verb:set package 'imu_hwt911' build argument 'cmake_target' from command line to 'None'
[0.575s] Level 5:colcon.colcon_core.verb:set package 'imu_hwt911' build argument 'cmake_target_skip_unavailable' from command line to 'False'
[0.575s] Level 5:colcon.colcon_core.verb:set package 'imu_hwt911' build argument 'cmake_clean_cache' from command line to 'False'
[0.575s] Level 5:colcon.colcon_core.verb:set package 'imu_hwt911' build argument 'cmake_clean_first' from command line to 'False'
[0.575s] Level 5:colcon.colcon_core.verb:set package 'imu_hwt911' build argument 'cmake_force_configure' from command line to 'False'
[0.575s] Level 5:colcon.colcon_core.verb:set package 'imu_hwt911' build argument 'ament_cmake_args' from command line to 'None'
[0.575s] Level 5:colcon.colcon_core.verb:set package 'imu_hwt911' build argument 'catkin_cmake_args' from command line to 'None'
[0.575s] Level 5:colcon.colcon_core.verb:set package 'imu_hwt911' build argument 'catkin_skip_building_tests' from command line to 'False'
[0.575s] DEBUG:colcon.colcon_core.verb:Building package 'imu_hwt911' with the following arguments: {'ament_cmake_args': None, 'build_base': '/home/lota/ros2_ws/build/imu_hwt911', 'catkin_cmake_args': None, 'catkin_skip_building_tests': False, 'cmake_args': None, 'cmake_clean_cache': False, 'cmake_clean_first': False, 'cmake_force_configure': False, 'cmake_target': None, 'cmake_target_skip_unavailable': False, 'install_base': '/home/lota/ros2_ws/install/imu_hwt911', 'merge_install': False, 'path': '/home/lota/ros2_ws/src/imu_hwt911', 'symlink_install': False, 'test_result_base': None}
[0.576s] Level 5:colcon.colcon_core.verb:set package 'my_robot_config' build argument 'cmake_args' from command line to 'None'
[0.576s] Level 5:colcon.colcon_core.verb:set package 'my_robot_config' build argument 'cmake_target' from command line to 'None'
[0.576s] Level 5:colcon.colcon_core.verb:set package 'my_robot_config' build argument 'cmake_target_skip_unavailable' from command line to 'False'
[0.576s] Level 5:colcon.colcon_core.verb:set package 'my_robot_config' build argument 'cmake_clean_cache' from command line to 'False'
[0.576s] Level 5:colcon.colcon_core.verb:set package 'my_robot_config' build argument 'cmake_clean_first' from command line to 'False'
[0.576s] Level 5:colcon.colcon_core.verb:set package 'my_robot_config' build argument 'cmake_force_configure' from command line to 'False'
[0.576s] Level 5:colcon.colcon_core.verb:set package 'my_robot_config' build argument 'ament_cmake_args' from command line to 'None'
[0.576s] Level 5:colcon.colcon_core.verb:set package 'my_robot_config' build argument 'catkin_cmake_args' from command line to 'None'
[0.576s] Level 5:colcon.colcon_core.verb:set package 'my_robot_config' build argument 'catkin_skip_building_tests' from command line to 'False'
[0.576s] DEBUG:colcon.colcon_core.verb:Building package 'my_robot_config' with the following arguments: {'ament_cmake_args': None, 'build_base': '/home/lota/ros2_ws/build/my_robot_config', 'catkin_cmake_args': None, 'catkin_skip_building_tests': False, 'cmake_args': None, 'cmake_clean_cache': False, 'cmake_clean_first': False, 'cmake_force_configure': False, 'cmake_target': None, 'cmake_target_skip_unavailable': False, 'install_base': '/home/lota/ros2_ws/install/my_robot_config', 'merge_install': False, 'path': '/home/lota/ros2_ws/src/my_robot_config', 'symlink_install': False, 'test_result_base': None}
[0.577s] Level 5:colcon.colcon_core.verb:set package 'rplidar_ros' build argument 'cmake_args' from command line to 'None'
[0.577s] Level 5:colcon.colcon_core.verb:set package 'rplidar_ros' build argument 'cmake_target' from command line to 'None'
[0.577s] Level 5:colcon.colcon_core.verb:set package 'rplidar_ros' build argument 'cmake_target_skip_unavailable' from command line to 'False'
[0.577s] Level 5:colcon.colcon_core.verb:set package 'rplidar_ros' build argument 'cmake_clean_cache' from command line to 'False'
[0.577s] Level 5:colcon.colcon_core.verb:set package 'rplidar_ros' build argument 'cmake_clean_first' from command line to 'False'
[0.577s] Level 5:colcon.colcon_core.verb:set package 'rplidar_ros' build argument 'cmake_force_configure' from command line to 'False'
[0.577s] Level 5:colcon.colcon_core.verb:set package 'rplidar_ros' build argument 'ament_cmake_args' from command line to 'None'
[0.577s] Level 5:colcon.colcon_core.verb:set package 'rplidar_ros' build argument 'catkin_cmake_args' from command line to 'None'
[0.577s] Level 5:colcon.colcon_core.verb:set package 'rplidar_ros' build argument 'catkin_skip_building_tests' from command line to 'False'
[0.577s] DEBUG:colcon.colcon_core.verb:Building package 'rplidar_ros' with the following arguments: {'ament_cmake_args': None, 'build_base': '/home/lota/ros2_ws/build/rplidar_ros', 'catkin_cmake_args': None, 'catkin_skip_building_tests': False, 'cmake_args': None, 'cmake_clean_cache': False, 'cmake_clean_first': False, 'cmake_force_configure': False, 'cmake_target': None, 'cmake_target_skip_unavailable': False, 'install_base': '/home/lota/ros2_ws/install/rplidar_ros', 'merge_install': False, 'path': '/home/lota/ros2_ws/src/rplidar_ros', 'symlink_install': False, 'test_result_base': None}
[0.577s] INFO:colcon.colcon_core.executor:Executing jobs using 'parallel' executor
[0.578s] DEBUG:colcon.colcon_parallel_executor.executor.parallel:run_until_complete
[0.579s] INFO:colcon.colcon_ros.task.ament_python.build:Building ROS package in '/home/lota/ros2_ws/src/dual_lidar_tools' with build type 'ament_python'
[0.579s] Level 1:colcon.colcon_core.shell:create_environment_hook('dual_lidar_tools', 'ament_prefix_path')
[0.582s] INFO:colcon.colcon_core.plugin_system:Skipping extension 'colcon_core.shell.bat': Not used on non-Windows systems
[0.582s] INFO:colcon.colcon_core.shell:Creating environment hook '/home/lota/ros2_ws/install/dual_lidar_tools/share/dual_lidar_tools/hook/ament_prefix_path.ps1'
[0.583s] INFO:colcon.colcon_core.shell:Creating environment descriptor '/home/lota/ros2_ws/install/dual_lidar_tools/share/dual_lidar_tools/hook/ament_prefix_path.dsv'
[0.584s] INFO:colcon.colcon_core.shell:Creating environment hook '/home/lota/ros2_ws/install/dual_lidar_tools/share/dual_lidar_tools/hook/ament_prefix_path.sh'
[0.585s] INFO:colcon.colcon_core.shell:Skip shell extension 'powershell' for command environment: Not usable outside of PowerShell
[0.586s] DEBUG:colcon.colcon_core.shell:Skip shell extension 'dsv' for command environment
[0.599s] INFO:colcon.colcon_ros.task.ament_python.build:Building ROS package in '/home/lota/ros2_ws/src/imu_hwt911' with build type 'ament_python'
[0.600s] Level 1:colcon.colcon_core.shell:create_environment_hook('imu_hwt911', 'ament_prefix_path')
[0.602s] INFO:colcon.colcon_core.shell:Creating environment hook '/home/lota/ros2_ws/install/imu_hwt911/share/imu_hwt911/hook/ament_prefix_path.ps1'
[0.604s] INFO:colcon.colcon_core.shell:Creating environment descriptor '/home/lota/ros2_ws/install/imu_hwt911/share/imu_hwt911/hook/ament_prefix_path.dsv'
[0.608s] INFO:colcon.colcon_core.shell:Creating environment hook '/home/lota/ros2_ws/install/imu_hwt911/share/imu_hwt911/hook/ament_prefix_path.sh'
[0.612s] INFO:colcon.colcon_core.shell:Skip shell extension 'powershell' for command environment: Not usable outside of PowerShell
[0.612s] DEBUG:colcon.colcon_core.shell:Skip shell extension 'dsv' for command environment
[1.076s] INFO:colcon.colcon_core.task.python.build:Building Python package in '/home/lota/ros2_ws/src/dual_lidar_tools'
[1.076s] INFO:colcon.colcon_core.shell:Skip shell extension 'powershell' for command environment: Not usable outside of PowerShell
[1.077s] DEBUG:colcon.colcon_core.shell:Skip shell extension 'dsv' for command environment
[1.453s] INFO:colcon.colcon_core.task.python.build:Building Python package in '/home/lota/ros2_ws/src/imu_hwt911'
[1.454s] INFO:colcon.colcon_core.shell:Skip shell extension 'powershell' for command environment: Not usable outside of PowerShell
[1.454s] DEBUG:colcon.colcon_core.shell:Skip shell extension 'dsv' for command environment
[2.431s] DEBUG:colcon.colcon_core.event_handler.log_command:Invoking command in '/home/lota/ros2_ws/src/dual_lidar_tools': PYTHONPATH=/home/lota/ros2_ws/build/dual_lidar_tools/prefix_override:/usr/lib/python3/dist-packages/colcon_core/task/python/colcon_distutils_commands:/home/lota/ros2_ws/install/dual_lidar_tools/lib/python3.10/site-packages:${PYTHONPATH} /usr/bin/python3 -W ignore:setup.py install is deprecated -W ignore:easy_install command is deprecated setup.py egg_info --egg-base ../../build/dual_lidar_tools build --build-base /home/lota/ros2_ws/build/dual_lidar_tools/build install --record /home/lota/ros2_ws/build/dual_lidar_tools/install.log --single-version-externally-managed install_data
[2.520s] DEBUG:colcon.colcon_core.event_handler.log_command:Invoking command in '/home/lota/ros2_ws/src/imu_hwt911': PYTHONPATH=/home/lota/ros2_ws/build/imu_hwt911/prefix_override:/usr/lib/python3/dist-packages/colcon_core/task/python/colcon_distutils_commands:/home/lota/ros2_ws/install/imu_hwt911/lib/python3.10/site-packages:${PYTHONPATH} /usr/bin/python3 -W ignore:setup.py install is deprecated -W ignore:easy_install command is deprecated setup.py egg_info --egg-base ../../build/imu_hwt911 build --build-base /home/lota/ros2_ws/build/imu_hwt911/build install --record /home/lota/ros2_ws/build/imu_hwt911/install.log --single-version-externally-managed install_data
[3.285s] DEBUG:colcon.colcon_core.event_handler.log_command:Invoked command in '/home/lota/ros2_ws/src/imu_hwt911' returned '0': PYTHONPATH=/home/lota/ros2_ws/build/imu_hwt911/prefix_override:/usr/lib/python3/dist-packages/colcon_core/task/python/colcon_distutils_commands:/home/lota/ros2_ws/install/imu_hwt911/lib/python3.10/site-packages:${PYTHONPATH} /usr/bin/python3 -W ignore:setup.py install is deprecated -W ignore:easy_install command is deprecated setup.py egg_info --egg-base ../../build/imu_hwt911 build --build-base /home/lota/ros2_ws/build/imu_hwt911/build install --record /home/lota/ros2_ws/build/imu_hwt911/install.log --single-version-externally-managed install_data
[3.286s] Level 1:colcon.colcon_core.environment:checking '/home/lota/ros2_ws/install/imu_hwt911' for CMake module files
[3.286s] Level 1:colcon.colcon_core.environment:checking '/home/lota/ros2_ws/install/imu_hwt911' for CMake config files
[3.286s] Level 1:colcon.colcon_core.environment:checking '/home/lota/ros2_ws/install/imu_hwt911/lib'
[3.287s] Level 1:colcon.colcon_core.environment:checking '/home/lota/ros2_ws/install/imu_hwt911/bin'
[3.287s] Level 1:colcon.colcon_core.environment:checking '/home/lota/ros2_ws/install/imu_hwt911/lib/pkgconfig/imu_hwt911.pc'
[3.287s] Level 1:colcon.colcon_core.environment:checking '/home/lota/ros2_ws/install/imu_hwt911/lib/python3.10/site-packages'
[3.287s] Level 1:colcon.colcon_core.shell:create_environment_hook('imu_hwt911', 'pythonpath')
[3.287s] INFO:colcon.colcon_core.shell:Creating environment hook '/home/lota/ros2_ws/install/imu_hwt911/share/imu_hwt911/hook/pythonpath.ps1'
[3.289s] INFO:colcon.colcon_core.shell:Creating environment descriptor '/home/lota/ros2_ws/install/imu_hwt911/share/imu_hwt911/hook/pythonpath.dsv'
[3.290s] INFO:colcon.colcon_core.shell:Creating environment hook '/home/lota/ros2_ws/install/imu_hwt911/share/imu_hwt911/hook/pythonpath.sh'
[3.292s] Level 1:colcon.colcon_core.environment:checking '/home/lota/ros2_ws/install/imu_hwt911/bin'
[3.292s] Level 1:colcon.colcon_core.environment:create_environment_scripts_only(imu_hwt911)
[3.293s] INFO:colcon.colcon_core.shell:Creating package script '/home/lota/ros2_ws/install/imu_hwt911/share/imu_hwt911/package.ps1'
[3.297s] INFO:colcon.colcon_core.shell:Creating package descriptor '/home/lota/ros2_ws/install/imu_hwt911/share/imu_hwt911/package.dsv'
[3.299s] INFO:colcon.colcon_core.shell:Creating package script '/home/lota/ros2_ws/install/imu_hwt911/share/imu_hwt911/package.sh'
[3.300s] INFO:colcon.colcon_core.shell:Creating package script '/home/lota/ros2_ws/install/imu_hwt911/share/imu_hwt911/package.bash'
[3.301s] INFO:colcon.colcon_core.shell:Creating package script '/home/lota/ros2_ws/install/imu_hwt911/share/imu_hwt911/package.zsh'
[3.302s] Level 1:colcon.colcon_core.environment:create_file_with_runtime_dependencies(/home/lota/ros2_ws/install/imu_hwt911/share/colcon-core/packages/imu_hwt911)
[3.303s] INFO:colcon.colcon_ros.task.ament_cmake.build:Building ROS package in '/home/lota/ros2_ws/src/my_robot_config' with build type 'ament_cmake'
[3.304s] INFO:colcon.colcon_cmake.task.cmake.build:Building CMake package in '/home/lota/ros2_ws/src/my_robot_config'
[3.304s] INFO:colcon.colcon_core.shell:Skip shell extension 'powershell' for command environment: Not usable outside of PowerShell
[3.305s] DEBUG:colcon.colcon_core.shell:Skip shell extension 'dsv' for command environment
[3.325s] DEBUG:colcon.colcon_core.event_handler.log_command:Invoking command in '/home/lota/ros2_ws/build/my_robot_config': CMAKE_PREFIX_PATH=${CMAKE_PREFIX_PATH}:/home/lota/ros2_ws/install/imu_hwt911:/home/lota/ros2_ws/install/dual_lidar_tools:/home/lota/install/rrt_planner:/opt/ros/humble /usr/bin/cmake --build /home/lota/ros2_ws/build/my_robot_config -- -j2 -l2
[3.356s] DEBUG:colcon.colcon_core.event_handler.log_command:Invoked command in '/home/lota/ros2_ws/src/dual_lidar_tools' returned '0': PYTHONPATH=/home/lota/ros2_ws/build/dual_lidar_tools/prefix_override:/usr/lib/python3/dist-packages/colcon_core/task/python/colcon_distutils_commands:/home/lota/ros2_ws/install/dual_lidar_tools/lib/python3.10/site-packages:${PYTHONPATH} /usr/bin/python3 -W ignore:setup.py install is deprecated -W ignore:easy_install command is deprecated setup.py egg_info --egg-base ../../build/dual_lidar_tools build --build-base /home/lota/ros2_ws/build/dual_lidar_tools/build install --record /home/lota/ros2_ws/build/dual_lidar_tools/install.log --single-version-externally-managed install_data
[3.356s] Level 1:colcon.colcon_core.environment:checking '/home/lota/ros2_ws/install/dual_lidar_tools' for CMake module files
[3.357s] Level 1:colcon.colcon_core.environment:checking '/home/lota/ros2_ws/install/dual_lidar_tools' for CMake config files
[3.357s] Level 1:colcon.colcon_core.environment:checking '/home/lota/ros2_ws/install/dual_lidar_tools/lib'
[3.360s] Level 1:colcon.colcon_core.environment:checking '/home/lota/ros2_ws/install/dual_lidar_tools/bin'
[3.360s] Level 1:colcon.colcon_core.environment:checking '/home/lota/ros2_ws/install/dual_lidar_tools/lib/pkgconfig/dual_lidar_tools.pc'
[3.360s] Level 1:colcon.colcon_core.environment:checking '/home/lota/ros2_ws/install/dual_lidar_tools/lib/python3.10/site-packages'
[3.360s] Level 1:colcon.colcon_core.shell:create_environment_hook('dual_lidar_tools', 'pythonpath')
[3.361s] INFO:colcon.colcon_core.shell:Creating environment hook '/home/lota/ros2_ws/install/dual_lidar_tools/share/dual_lidar_tools/hook/pythonpath.ps1'
[3.361s] INFO:colcon.colcon_core.shell:Creating environment descriptor '/home/lota/ros2_ws/install/dual_lidar_tools/share/dual_lidar_tools/hook/pythonpath.dsv'
[3.362s] INFO:colcon.colcon_core.shell:Creating environment hook '/home/lota/ros2_ws/install/dual_lidar_tools/share/dual_lidar_tools/hook/pythonpath.sh'
[3.365s] Level 1:colcon.colcon_core.environment:checking '/home/lota/ros2_ws/install/dual_lidar_tools/bin'
[3.367s] Level 1:colcon.colcon_core.environment:create_environment_scripts_only(dual_lidar_tools)
[3.368s] INFO:colcon.colcon_core.shell:Creating package script '/home/lota/ros2_ws/install/dual_lidar_tools/share/dual_lidar_tools/package.ps1'
[3.370s] INFO:colcon.colcon_core.shell:Creating package descriptor '/home/lota/ros2_ws/install/dual_lidar_tools/share/dual_lidar_tools/package.dsv'
[3.371s] INFO:colcon.colcon_core.shell:Creating package script '/home/lota/ros2_ws/install/dual_lidar_tools/share/dual_lidar_tools/package.sh'
[3.375s] INFO:colcon.colcon_core.shell:Creating package script '/home/lota/ros2_ws/install/dual_lidar_tools/share/dual_lidar_tools/package.bash'
[3.376s] INFO:colcon.colcon_core.shell:Creating package script '/home/lota/ros2_ws/install/dual_lidar_tools/share/dual_lidar_tools/package.zsh'
[3.379s] Level 1:colcon.colcon_core.environment:create_file_with_runtime_dependencies(/home/lota/ros2_ws/install/dual_lidar_tools/share/colcon-core/packages/dual_lidar_tools)
[3.385s] INFO:colcon.colcon_ros.task.ament_cmake.build:Building ROS package in '/home/lota/ros2_ws/src/rplidar_ros' with build type 'ament_cmake'
[3.387s] INFO:colcon.colcon_cmake.task.cmake.build:Building CMake package in '/home/lota/ros2_ws/src/rplidar_ros'
[3.393s] INFO:colcon.colcon_core.shell:Skip shell extension 'powershell' for command environment: Not usable outside of PowerShell
[3.394s] DEBUG:colcon.colcon_core.shell:Skip shell extension 'dsv' for command environment
[3.431s] DEBUG:colcon.colcon_core.event_handler.log_command:Invoking command in '/home/lota/ros2_ws/build/rplidar_ros': CMAKE_PREFIX_PATH=${CMAKE_PREFIX_PATH}:/home/lota/ros2_ws/install/imu_hwt911:/home/lota/ros2_ws/install/dual_lidar_tools:/home/lota/install/rrt_planner:/opt/ros/humble /usr/bin/cmake --build /home/lota/ros2_ws/build/rplidar_ros -- -j2 -l2
[3.557s] DEBUG:colcon.colcon_core.event_handler.log_command:Invoked command in '/home/lota/ros2_ws/build/my_robot_config' returned '0': CMAKE_PREFIX_PATH=${CMAKE_PREFIX_PATH}:/home/lota/ros2_ws/install/imu_hwt911:/home/lota/ros2_ws/install/dual_lidar_tools:/home/lota/install/rrt_planner:/opt/ros/humble /usr/bin/cmake --build /home/lota/ros2_ws/build/my_robot_config -- -j2 -l2
[3.586s] DEBUG:colcon.colcon_core.event_handler.log_command:Invoking command in '/home/lota/ros2_ws/build/my_robot_config': CMAKE_PREFIX_PATH=${CMAKE_PREFIX_PATH}:/home/lota/ros2_ws/install/imu_hwt911:/home/lota/ros2_ws/install/dual_lidar_tools:/home/lota/install/rrt_planner:/opt/ros/humble /usr/bin/cmake --install /home/lota/ros2_ws/build/my_robot_config
[3.659s] Level 1:colcon.colcon_core.environment:create_environment_scripts_only(my_robot_config)
[3.661s] Level 1:colcon.colcon_core.environment:checking '/home/lota/ros2_ws/install/my_robot_config' for CMake module files
[3.663s] DEBUG:colcon.colcon_core.event_handler.log_command:Invoked command in '/home/lota/ros2_ws/build/my_robot_config' returned '0': CMAKE_PREFIX_PATH=${CMAKE_PREFIX_PATH}:/home/lota/ros2_ws/install/imu_hwt911:/home/lota/ros2_ws/install/dual_lidar_tools:/home/lota/install/rrt_planner:/opt/ros/humble /usr/bin/cmake --install /home/lota/ros2_ws/build/my_robot_config
[3.664s] Level 1:colcon.colcon_core.environment:checking '/home/lota/ros2_ws/install/my_robot_config' for CMake config files
[3.665s] Level 1:colcon.colcon_core.shell:create_environment_hook('my_robot_config', 'cmake_prefix_path')
[3.665s] INFO:colcon.colcon_core.shell:Creating environment hook '/home/lota/ros2_ws/install/my_robot_config/share/my_robot_config/hook/cmake_prefix_path.ps1'
[3.667s] INFO:colcon.colcon_core.shell:Creating environment descriptor '/home/lota/ros2_ws/install/my_robot_config/share/my_robot_config/hook/cmake_prefix_path.dsv'
[3.668s] INFO:colcon.colcon_core.shell:Creating environment hook '/home/lota/ros2_ws/install/my_robot_config/share/my_robot_config/hook/cmake_prefix_path.sh'
[3.673s] Level 1:colcon.colcon_core.environment:checking '/home/lota/ros2_ws/install/my_robot_config/lib'
[3.673s] Level 1:colcon.colcon_core.environment:checking '/home/lota/ros2_ws/install/my_robot_config/bin'
[3.673s] Level 1:colcon.colcon_core.environment:checking '/home/lota/ros2_ws/install/my_robot_config/lib/pkgconfig/my_robot_config.pc'
[3.674s] Level 1:colcon.colcon_core.environment:checking '/home/lota/ros2_ws/install/my_robot_config/lib/python3.10/site-packages'
[3.674s] Level 1:colcon.colcon_core.environment:checking '/home/lota/ros2_ws/install/my_robot_config/bin'
[3.674s] INFO:colcon.colcon_core.shell:Creating package script '/home/lota/ros2_ws/install/my_robot_config/share/my_robot_config/package.ps1'
[3.684s] INFO:colcon.colcon_core.shell:Creating package descriptor '/home/lota/ros2_ws/install/my_robot_config/share/my_robot_config/package.dsv'
[3.684s] INFO:colcon.colcon_core.shell:Creating package script '/home/lota/ros2_ws/install/my_robot_config/share/my_robot_config/package.sh'
[3.685s] INFO:colcon.colcon_core.shell:Creating package script '/home/lota/ros2_ws/install/my_robot_config/share/my_robot_config/package.bash'
[3.693s] INFO:colcon.colcon_core.shell:Creating package script '/home/lota/ros2_ws/install/my_robot_config/share/my_robot_config/package.zsh'
[3.693s] Level 1:colcon.colcon_core.environment:create_file_with_runtime_dependencies(/home/lota/ros2_ws/install/my_robot_config/share/colcon-core/packages/my_robot_config)
[3.694s] Level 1:colcon.colcon_core.environment:create_environment_scripts_only(my_robot_config)
[3.694s] Level 1:colcon.colcon_core.environment:checking '/home/lota/ros2_ws/install/my_robot_config' for CMake module files
[3.695s] Level 1:colcon.colcon_core.environment:checking '/home/lota/ros2_ws/install/my_robot_config' for CMake config files
[3.697s] Level 1:colcon.colcon_core.shell:create_environment_hook('my_robot_config', 'cmake_prefix_path')
[3.698s] INFO:colcon.colcon_core.shell:Creating environment hook '/home/lota/ros2_ws/install/my_robot_config/share/my_robot_config/hook/cmake_prefix_path.ps1'
[3.698s] INFO:colcon.colcon_core.shell:Creating environment descriptor '/home/lota/ros2_ws/install/my_robot_config/share/my_robot_config/hook/cmake_prefix_path.dsv'
[3.699s] INFO:colcon.colcon_core.shell:Creating environment hook '/home/lota/ros2_ws/install/my_robot_config/share/my_robot_config/hook/cmake_prefix_path.sh'
[3.700s] Level 1:colcon.colcon_core.environment:checking '/home/lota/ros2_ws/install/my_robot_config/lib'
[3.701s] Level 1:colcon.colcon_core.environment:checking '/home/lota/ros2_ws/install/my_robot_config/bin'
[3.703s] Level 1:colcon.colcon_core.environment:checking '/home/lota/ros2_ws/install/my_robot_config/lib/pkgconfig/my_robot_config.pc'
[3.703s] Level 1:colcon.colcon_core.environment:checking '/home/lota/ros2_ws/install/my_robot_config/lib/python3.10/site-packages'
[3.703s] Level 1:colcon.colcon_core.environment:checking '/home/lota/ros2_ws/install/my_robot_config/bin'
[3.704s] INFO:colcon.colcon_core.shell:Creating package script '/home/lota/ros2_ws/install/my_robot_config/share/my_robot_config/package.ps1'
[3.707s] INFO:colcon.colcon_core.shell:Creating package descriptor '/home/lota/ros2_ws/install/my_robot_config/share/my_robot_config/package.dsv'
[3.710s] INFO:colcon.colcon_core.shell:Creating package script '/home/lota/ros2_ws/install/my_robot_config/share/my_robot_config/package.sh'
[3.713s] INFO:colcon.colcon_core.shell:Creating package script '/home/lota/ros2_ws/install/my_robot_config/share/my_robot_config/package.bash'
[3.714s] INFO:colcon.colcon_core.shell:Creating package script '/home/lota/ros2_ws/install/my_robot_config/share/my_robot_config/package.zsh'
[3.716s] Level 1:colcon.colcon_core.environment:create_file_with_runtime_dependencies(/home/lota/ros2_ws/install/my_robot_config/share/colcon-core/packages/my_robot_config)
[3.830s] DEBUG:colcon.colcon_core.event_handler.log_command:Invoked command in '/home/lota/ros2_ws/build/rplidar_ros' returned '0': CMAKE_PREFIX_PATH=${CMAKE_PREFIX_PATH}:/home/lota/ros2_ws/install/imu_hwt911:/home/lota/ros2_ws/install/dual_lidar_tools:/home/lota/install/rrt_planner:/opt/ros/humble /usr/bin/cmake --build /home/lota/ros2_ws/build/rplidar_ros -- -j2 -l2
[3.831s] DEBUG:colcon.colcon_core.event_handler.log_command:Invoking command in '/home/lota/ros2_ws/build/rplidar_ros': CMAKE_PREFIX_PATH=${CMAKE_PREFIX_PATH}:/home/lota/ros2_ws/install/imu_hwt911:/home/lota/ros2_ws/install/dual_lidar_tools:/home/lota/install/rrt_planner:/opt/ros/humble /usr/bin/cmake --install /home/lota/ros2_ws/build/rplidar_ros
[3.916s] Level 1:colcon.colcon_core.environment:create_environment_scripts_only(rplidar_ros)
[3.918s] Level 1:colcon.colcon_core.environment:checking '/home/lota/ros2_ws/install/rplidar_ros' for CMake module files
[3.919s] Level 1:colcon.colcon_core.environment:checking '/home/lota/ros2_ws/install/rplidar_ros' for CMake config files
[3.919s] DEBUG:colcon.colcon_core.event_handler.log_command:Invoked command in '/home/lota/ros2_ws/build/rplidar_ros' returned '0': CMAKE_PREFIX_PATH=${CMAKE_PREFIX_PATH}:/home/lota/ros2_ws/install/imu_hwt911:/home/lota/ros2_ws/install/dual_lidar_tools:/home/lota/install/rrt_planner:/opt/ros/humble /usr/bin/cmake --install /home/lota/ros2_ws/build/rplidar_ros
[3.920s] Level 1:colcon.colcon_core.shell:create_environment_hook('rplidar_ros', 'cmake_prefix_path')
[3.920s] INFO:colcon.colcon_core.shell:Creating environment hook '/home/lota/ros2_ws/install/rplidar_ros/share/rplidar_ros/hook/cmake_prefix_path.ps1'
[3.922s] INFO:colcon.colcon_core.shell:Creating environment descriptor '/home/lota/ros2_ws/install/rplidar_ros/share/rplidar_ros/hook/cmake_prefix_path.dsv'
[3.922s] INFO:colcon.colcon_core.shell:Creating environment hook '/home/lota/ros2_ws/install/rplidar_ros/share/rplidar_ros/hook/cmake_prefix_path.sh'
[3.924s] Level 1:colcon.colcon_core.environment:checking '/home/lota/ros2_ws/install/rplidar_ros/lib'
[3.925s] Level 1:colcon.colcon_core.environment:checking '/home/lota/ros2_ws/install/rplidar_ros/bin'
[3.925s] Level 1:colcon.colcon_core.environment:checking '/home/lota/ros2_ws/install/rplidar_ros/lib/pkgconfig/rplidar_ros.pc'
[3.925s] Level 1:colcon.colcon_core.environment:checking '/home/lota/ros2_ws/install/rplidar_ros/lib/python3.10/site-packages'
[3.925s] Level 1:colcon.colcon_core.environment:checking '/home/lota/ros2_ws/install/rplidar_ros/bin'
[3.926s] INFO:colcon.colcon_core.shell:Creating package script '/home/lota/ros2_ws/install/rplidar_ros/share/rplidar_ros/package.ps1'
[3.926s] INFO:colcon.colcon_core.shell:Creating package descriptor '/home/lota/ros2_ws/install/rplidar_ros/share/rplidar_ros/package.dsv'
[3.927s] INFO:colcon.colcon_core.shell:Creating package script '/home/lota/ros2_ws/install/rplidar_ros/share/rplidar_ros/package.sh'
[3.929s] INFO:colcon.colcon_core.shell:Creating package script '/home/lota/ros2_ws/install/rplidar_ros/share/rplidar_ros/package.bash'
[3.929s] INFO:colcon.colcon_core.shell:Creating package script '/home/lota/ros2_ws/install/rplidar_ros/share/rplidar_ros/package.zsh'
[3.930s] Level 1:colcon.colcon_core.environment:create_file_with_runtime_dependencies(/home/lota/ros2_ws/install/rplidar_ros/share/colcon-core/packages/rplidar_ros)
[3.932s] Level 1:colcon.colcon_core.environment:create_environment_scripts_only(rplidar_ros)
[3.933s] Level 1:colcon.colcon_core.environment:checking '/home/lota/ros2_ws/install/rplidar_ros' for CMake module files
[3.933s] Level 1:colcon.colcon_core.environment:checking '/home/lota/ros2_ws/install/rplidar_ros' for CMake config files
[3.934s] Level 1:colcon.colcon_core.shell:create_environment_hook('rplidar_ros', 'cmake_prefix_path')
[3.934s] INFO:colcon.colcon_core.shell:Creating environment hook '/home/lota/ros2_ws/install/rplidar_ros/share/rplidar_ros/hook/cmake_prefix_path.ps1'
[3.935s] INFO:colcon.colcon_core.shell:Creating environment descriptor '/home/lota/ros2_ws/install/rplidar_ros/share/rplidar_ros/hook/cmake_prefix_path.dsv'
[3.936s] INFO:colcon.colcon_core.shell:Creating environment hook '/home/lota/ros2_ws/install/rplidar_ros/share/rplidar_ros/hook/cmake_prefix_path.sh'
[3.936s] Level 1:colcon.colcon_core.environment:checking '/home/lota/ros2_ws/install/rplidar_ros/lib'
[3.939s] Level 1:colcon.colcon_core.environment:checking '/home/lota/ros2_ws/install/rplidar_ros/bin'
[3.939s] Level 1:colcon.colcon_core.environment:checking '/home/lota/ros2_ws/install/rplidar_ros/lib/pkgconfig/rplidar_ros.pc'
[3.939s] Level 1:colcon.colcon_core.environment:checking '/home/lota/ros2_ws/install/rplidar_ros/lib/python3.10/site-packages'
[3.939s] Level 1:colcon.colcon_core.environment:checking '/home/lota/ros2_ws/install/rplidar_ros/bin'
[3.940s] INFO:colcon.colcon_core.shell:Creating package script '/home/lota/ros2_ws/install/rplidar_ros/share/rplidar_ros/package.ps1'
[3.941s] INFO:colcon.colcon_core.shell:Creating package descriptor '/home/lota/ros2_ws/install/rplidar_ros/share/rplidar_ros/package.dsv'
[3.942s] INFO:colcon.colcon_core.shell:Creating package script '/home/lota/ros2_ws/install/rplidar_ros/share/rplidar_ros/package.sh'
[3.943s] INFO:colcon.colcon_core.shell:Creating package script '/home/lota/ros2_ws/install/rplidar_ros/share/rplidar_ros/package.bash'
[3.944s] INFO:colcon.colcon_core.shell:Creating package script '/home/lota/ros2_ws/install/rplidar_ros/share/rplidar_ros/package.zsh'
[3.944s] Level 1:colcon.colcon_core.environment:create_file_with_runtime_dependencies(/home/lota/ros2_ws/install/rplidar_ros/share/colcon-core/packages/rplidar_ros)
[3.946s] DEBUG:colcon.colcon_parallel_executor.executor.parallel:closing loop
[3.946s] DEBUG:colcon.colcon_parallel_executor.executor.parallel:loop closed
[3.949s] DEBUG:colcon.colcon_parallel_executor.executor.parallel:run_until_complete finished with '0'
[3.950s] DEBUG:colcon.colcon_core.event_reactor:joining thread
[3.986s] INFO:colcon.colcon_core.plugin_system:Skipping extension 'colcon_notification.desktop_notification.terminal_notifier': Not used on non-Darwin systems
[3.987s] INFO:colcon.colcon_core.plugin_system:Skipping extension 'colcon_notification.desktop_notification.win32': Not used on non-Windows systems
[3.987s] INFO:colcon.colcon_notification.desktop_notification:Sending desktop notification using 'notify2'
[4.198s] DEBUG:colcon.colcon_core.event_reactor:joined thread
[4.199s] INFO:colcon.colcon_core.shell:Creating prefix script '/home/lota/ros2_ws/install/local_setup.ps1'
[4.202s] INFO:colcon.colcon_core.shell:Creating prefix util module '/home/lota/ros2_ws/install/_local_setup_util_ps1.py'
[4.205s] INFO:colcon.colcon_core.shell:Creating prefix chain script '/home/lota/ros2_ws/install/setup.ps1'
[4.212s] INFO:colcon.colcon_core.shell:Creating prefix script '/home/lota/ros2_ws/install/local_setup.sh'
[4.214s] INFO:colcon.colcon_core.shell:Creating prefix util module '/home/lota/ros2_ws/install/_local_setup_util_sh.py'
[4.215s] INFO:colcon.colcon_core.shell:Creating prefix chain script '/home/lota/ros2_ws/install/setup.sh'
[4.223s] INFO:colcon.colcon_core.shell:Creating prefix script '/home/lota/ros2_ws/install/local_setup.bash'
[4.225s] INFO:colcon.colcon_core.shell:Creating prefix chain script '/home/lota/ros2_ws/install/setup.bash'
[4.227s] INFO:colcon.colcon_core.shell:Creating prefix script '/home/lota/ros2_ws/install/local_setup.zsh'
[4.233s] INFO:colcon.colcon_core.shell:Creating prefix chain script '/home/lota/ros2_ws/install/setup.zsh'
