[0.939s] Invoking command in '/home/lota/ros2_ws/src/dual_lidar_tools': PYTHONPATH=/home/lota/ros2_ws/build/dual_lidar_tools/prefix_override:/usr/lib/python3/dist-packages/colcon_core/task/python/colcon_distutils_commands:/home/lota/ros2_ws/install/dual_lidar_tools/lib/python3.10/site-packages:${PYTHONPATH} /usr/bin/python3 -W ignore:setup.py install is deprecated -W ignore:easy_install command is deprecated setup.py egg_info --egg-base ../../build/dual_lidar_tools build --build-base /home/lota/ros2_ws/build/dual_lidar_tools/build install --record /home/lota/ros2_ws/build/dual_lidar_tools/install.log --single-version-externally-managed install_data
[1.834s] running egg_info
[1.835s] creating ../../build/dual_lidar_tools/dual_lidar_tools.egg-info
[1.837s] writing ../../build/dual_lidar_tools/dual_lidar_tools.egg-info/PKG-INFO
[1.837s] writing dependency_links to ../../build/dual_lidar_tools/dual_lidar_tools.egg-info/dependency_links.txt
[1.837s] writing entry points to ../../build/dual_lidar_tools/dual_lidar_tools.egg-info/entry_points.txt
[1.837s] writing requirements to ../../build/dual_lidar_tools/dual_lidar_tools.egg-info/requires.txt
[1.837s] writing top-level names to ../../build/dual_lidar_tools/dual_lidar_tools.egg-info/top_level.txt
[1.837s] writing manifest file '../../build/dual_lidar_tools/dual_lidar_tools.egg-info/SOURCES.txt'
[1.847s] reading manifest file '../../build/dual_lidar_tools/dual_lidar_tools.egg-info/SOURCES.txt'
[1.847s] writing manifest file '../../build/dual_lidar_tools/dual_lidar_tools.egg-info/SOURCES.txt'
[1.853s] running build
[1.853s] running build_py
[1.853s] creating /home/lota/ros2_ws/build/dual_lidar_tools/build
[1.854s] creating /home/lota/ros2_ws/build/dual_lidar_tools/build/lib
[1.854s] creating /home/lota/ros2_ws/build/dual_lidar_tools/build/lib/dual_lidar_tools
[1.854s] copying dual_lidar_tools/dual_lidar_merger.py -> /home/lota/ros2_ws/build/dual_lidar_tools/build/lib/dual_lidar_tools
[1.854s] copying dual_lidar_tools/__init__.py -> /home/lota/ros2_ws/build/dual_lidar_tools/build/lib/dual_lidar_tools
[1.854s] running install
[1.854s] running install_lib
[1.854s] creating /home/lota/ros2_ws/install/dual_lidar_tools/lib/python3.10/site-packages/dual_lidar_tools
[1.854s] copying /home/lota/ros2_ws/build/dual_lidar_tools/build/lib/dual_lidar_tools/dual_lidar_merger.py -> /home/lota/ros2_ws/install/dual_lidar_tools/lib/python3.10/site-packages/dual_lidar_tools
[1.854s] copying /home/lota/ros2_ws/build/dual_lidar_tools/build/lib/dual_lidar_tools/__init__.py -> /home/lota/ros2_ws/install/dual_lidar_tools/lib/python3.10/site-packages/dual_lidar_tools
[1.854s] byte-compiling /home/lota/ros2_ws/install/dual_lidar_tools/lib/python3.10/site-packages/dual_lidar_tools/dual_lidar_merger.py to dual_lidar_merger.cpython-310.pyc
[1.854s] byte-compiling /home/lota/ros2_ws/install/dual_lidar_tools/lib/python3.10/site-packages/dual_lidar_tools/__init__.py to __init__.cpython-310.pyc
[1.854s] running install_data
[1.855s] creating /home/lota/ros2_ws/install/dual_lidar_tools/share/ament_index
[1.855s] creating /home/lota/ros2_ws/install/dual_lidar_tools/share/ament_index/resource_index
[1.855s] creating /home/lota/ros2_ws/install/dual_lidar_tools/share/ament_index/resource_index/packages
[1.855s] copying resource/dual_lidar_tools -> /home/lota/ros2_ws/install/dual_lidar_tools/share/ament_index/resource_index/packages
[1.855s] copying package.xml -> /home/lota/ros2_ws/install/dual_lidar_tools/share/dual_lidar_tools
[1.858s] running install_egg_info
[1.858s] Copying ../../build/dual_lidar_tools/dual_lidar_tools.egg-info to /home/lota/ros2_ws/install/dual_lidar_tools/lib/python3.10/site-packages/dual_lidar_tools-0.0.0-py3.10.egg-info
[1.861s] running install_scripts
[1.936s] Installing dual_lidar_merger script to /home/lota/ros2_ws/install/dual_lidar_tools/lib/dual_lidar_tools
[1.936s] writing list of installed files to '/home/lota/ros2_ws/build/dual_lidar_tools/install.log'
[2.010s] Invoked command in '/home/lota/ros2_ws/src/dual_lidar_tools' returned '0': PYTHONPATH=/home/lota/ros2_ws/build/dual_lidar_tools/prefix_override:/usr/lib/python3/dist-packages/colcon_core/task/python/colcon_distutils_commands:/home/lota/ros2_ws/install/dual_lidar_tools/lib/python3.10/site-packages:${PYTHONPATH} /usr/bin/python3 -W ignore:setup.py install is deprecated -W ignore:easy_install command is deprecated setup.py egg_info --egg-base ../../build/dual_lidar_tools build --build-base /home/lota/ros2_ws/build/dual_lidar_tools/build install --record /home/lota/ros2_ws/build/dual_lidar_tools/install.log --single-version-externally-managed install_data
