[0.000000] (-) TimerEvent: {}
[0.000191] (my_robot_config) JobQueued: {'identifier': 'my_robot_config', 'dependencies': OrderedDict()}
[0.000243] (my_robot_config) JobStarted: {'identifier': 'my_robot_config'}
[0.011528] (my_robot_config) JobProgress: {'identifier': 'my_robot_config', 'progress': 'cmake'}
[0.012134] (my_robot_config) Command: {'cmd': ['/usr/bin/cmake', '/home/lota/ros2_ws/src/my_robot_config', '-DAMENT_CMAKE_SYMLINK_INSTALL=1', '-DCMAKE_INSTALL_PREFIX=/home/lota/ros2_ws/src/my_robot_config/install/my_robot_config'], 'cwd': '/home/lota/ros2_ws/src/my_robot_config/build/my_robot_config', 'env': OrderedDict([('LANGUAGE', 'en_US:'), ('USER', 'lota'), ('LC_TIME', 'th_TH.UTF-8'), ('XDG_SESSION_TYPE', 'wayland'), ('SHLVL', '1'), ('LD_LIBRARY_PATH', '/usr/lib/x86_64-linux-gnu/gazebo-11/plugins:/opt/ros/humble/opt/rviz_ogre_vendor/lib:/opt/ros/humble/lib/x86_64-linux-gnu:/opt/ros/humble/lib'), ('HOME', '/home/lota'), ('OLDPWD', '/home/lota/ros2_ws'), ('DESKTOP_SESSION', 'ubuntu'), ('ROS_PYTHON_VERSION', '3'), ('GNOME_SHELL_SESSION_MODE', 'ubuntu'), ('GTK_MODULES', 'gail:atk-bridge'), ('LC_MONETARY', 'th_TH.UTF-8'), ('SYSTEMD_EXEC_PID', '2844'), ('DBUS_SESSION_BUS_ADDRESS', 'unix:path=/run/user/1000/bus'), ('COLORTERM', 'truecolor'), ('IM_CONFIG_PHASE', '1'), ('WAYLAND_DISPLAY', 'wayland-0'), ('COLCON_PREFIX_PATH', '/home/lota/ros2_ws/install'), ('ROS_DISTRO', 'humble'), ('LOGNAME', 'lota'), ('_', '/usr/bin/colcon'), ('ROS_VERSION', '2'), ('XDG_SESSION_CLASS', 'user'), ('USERNAME', 'lota'), ('TERM', 'xterm-256color'), ('GNOME_DESKTOP_SESSION_ID', 'this-is-deprecated'), ('ROS_LOCALHOST_ONLY', '0'), ('PATH', '/opt/ros/humble/bin:/usr/local/sbin:/usr/local/bin:/usr/sbin:/usr/bin:/sbin:/bin:/usr/games:/usr/local/games:/snap/bin:/snap/bin'), ('SESSION_MANAGER', 'local/lota-virtual-machine:@/tmp/.ICE-unix/2033,unix/lota-virtual-machine:/tmp/.ICE-unix/2033'), ('XDG_MENU_PREFIX', 'gnome-'), ('LC_ADDRESS', 'th_TH.UTF-8'), ('GNOME_TERMINAL_SCREEN', '/org/gnome/Terminal/screen/825ef92b_26ff_4ac6_b1fd_8b4e70f81964'), ('GNOME_SETUP_DISPLAY', ':1'), ('XDG_RUNTIME_DIR', '/run/user/1000'), ('DISPLAY', ':0'), ('LANG', 'en_US.UTF-8'), ('XDG_CURRENT_DESKTOP', 'ubuntu:GNOME'), ('LC_TELEPHONE', 'th_TH.UTF-8'), ('XMODIFIERS', '@im=ibus'), ('XDG_SESSION_DESKTOP', 'ubuntu'), ('XAUTHORITY', '/run/user/1000/.mutter-Xwaylandauth.D49RG3'), ('GNOME_TERMINAL_SERVICE', ':1.99'), ('SSH_AGENT_LAUNCHER', 'gnome-keyring'), ('SSH_AUTH_SOCK', '/run/user/1000/keyring/ssh'), ('AMENT_PREFIX_PATH', '/home/lota/ros2_ws/install/rplidar_ros:/home/lota/ros2_ws/install/rf2o_laser_odometry:/home/lota/ros2_ws/install/my_robot_config:/home/lota/ros2_ws/install/imu_hwt911:/home/lota/ros2_ws/install/dual_lidar_tools:/opt/ros/humble'), ('SHELL', '/bin/bash'), ('LC_NAME', 'th_TH.UTF-8'), ('QT_ACCESSIBILITY', '1'), ('GDMSESSION', 'ubuntu'), ('LC_MEASUREMENT', 'th_TH.UTF-8'), ('LC_IDENTIFICATION', 'th_TH.UTF-8'), ('QT_IM_MODULE', 'ibus'), ('PWD', '/home/lota/ros2_ws/src/my_robot_config/build/my_robot_config'), ('LC_ALL', 'en_US.UTF-8'), ('XDG_CONFIG_DIRS', '/etc/xdg/xdg-ubuntu:/etc/xdg'), ('XDG_DATA_DIRS', '/usr/share/ubuntu:/usr/local/share/:/usr/share/:/var/lib/snapd/desktop'), ('PYTHONPATH', '/home/lota/ros2_ws/build/imu_hwt911:/home/lota/ros2_ws/install/imu_hwt911/lib/python3.10/site-packages:/home/lota/ros2_ws/build/dual_lidar_tools:/home/lota/ros2_ws/install/dual_lidar_tools/lib/python3.10/site-packages:/opt/ros/humble/lib/python3.10/site-packages:/opt/ros/humble/local/lib/python3.10/dist-packages'), ('LC_NUMERIC', 'th_TH.UTF-8'), ('LC_PAPER', 'th_TH.UTF-8'), ('COLCON', '1'), ('VTE_VERSION', '6800'), ('CMAKE_PREFIX_PATH', '/home/lota/ros2_ws/install/rplidar_ros:/home/lota/ros2_ws/install/rf2o_laser_odometry:/home/lota/ros2_ws/install/my_robot_config:/home/lota/ros2_ws/install/imu_hwt911:/home/lota/ros2_ws/install/dual_lidar_tools:/opt/ros/humble')]), 'shell': False}
[0.080884] (my_robot_config) StdoutLine: {'line': b'-- The C compiler identification is GNU 11.4.0\n'}
[0.099208] (-) TimerEvent: {}
[0.151409] (my_robot_config) StdoutLine: {'line': b'-- The CXX compiler identification is GNU 11.4.0\n'}
[0.158667] (my_robot_config) StdoutLine: {'line': b'-- Detecting C compiler ABI info\n'}
[0.202044] (-) TimerEvent: {}
[0.240555] (my_robot_config) StdoutLine: {'line': b'-- Detecting C compiler ABI info - done\n'}
[0.247358] (my_robot_config) StdoutLine: {'line': b'-- Check for working C compiler: /usr/bin/cc - skipped\n'}
[0.247720] (my_robot_config) StdoutLine: {'line': b'-- Detecting C compile features\n'}
[0.250423] (my_robot_config) StdoutLine: {'line': b'-- Detecting C compile features - done\n'}
[0.253084] (my_robot_config) StdoutLine: {'line': b'-- Detecting CXX compiler ABI info\n'}
[0.304029] (-) TimerEvent: {}
[0.336258] (my_robot_config) StdoutLine: {'line': b'-- Detecting CXX compiler ABI info - done\n'}
[0.342892] (my_robot_config) StdoutLine: {'line': b'-- Check for working CXX compiler: /usr/bin/c++ - skipped\n'}
[0.343712] (my_robot_config) StdoutLine: {'line': b'-- Detecting CXX compile features\n'}
[0.343800] (my_robot_config) StdoutLine: {'line': b'-- Detecting CXX compile features - done\n'}
[0.345805] (my_robot_config) StdoutLine: {'line': b'-- Found ament_cmake: 1.3.12 (/opt/ros/humble/share/ament_cmake/cmake)\n'}
[0.404447] (-) TimerEvent: {}
[0.503896] (my_robot_config) StdoutLine: {'line': b'-- Found Python3: /usr/bin/python3 (found version "3.10.12") found components: Interpreter \n'}
[0.504724] (-) TimerEvent: {}
[0.572107] (my_robot_config) StdoutLine: {'line': b'-- Override CMake install command with custom implementation using symlinks instead of copying resources\n'}
[0.605582] (-) TimerEvent: {}
[0.696070] (my_robot_config) StdoutLine: {'line': b'-- Configuring done\n'}
[0.702811] (my_robot_config) StdoutLine: {'line': b'-- Generating done\n'}
[0.706749] (my_robot_config) StdoutLine: {'line': b'-- Build files have been written to: /home/lota/ros2_ws/src/my_robot_config/build/my_robot_config\n'}
[0.706950] (-) TimerEvent: {}
[0.709929] (my_robot_config) CommandEnded: {'returncode': 0}
[0.711226] (my_robot_config) JobProgress: {'identifier': 'my_robot_config', 'progress': 'build'}
[0.712732] (my_robot_config) Command: {'cmd': ['/usr/bin/cmake', '--build', '/home/lota/ros2_ws/src/my_robot_config/build/my_robot_config', '--', '-j2', '-l2'], 'cwd': '/home/lota/ros2_ws/src/my_robot_config/build/my_robot_config', 'env': OrderedDict([('LANGUAGE', 'en_US:'), ('USER', 'lota'), ('LC_TIME', 'th_TH.UTF-8'), ('XDG_SESSION_TYPE', 'wayland'), ('SHLVL', '1'), ('LD_LIBRARY_PATH', '/usr/lib/x86_64-linux-gnu/gazebo-11/plugins:/opt/ros/humble/opt/rviz_ogre_vendor/lib:/opt/ros/humble/lib/x86_64-linux-gnu:/opt/ros/humble/lib'), ('HOME', '/home/lota'), ('OLDPWD', '/home/lota/ros2_ws'), ('DESKTOP_SESSION', 'ubuntu'), ('ROS_PYTHON_VERSION', '3'), ('GNOME_SHELL_SESSION_MODE', 'ubuntu'), ('GTK_MODULES', 'gail:atk-bridge'), ('LC_MONETARY', 'th_TH.UTF-8'), ('SYSTEMD_EXEC_PID', '2844'), ('DBUS_SESSION_BUS_ADDRESS', 'unix:path=/run/user/1000/bus'), ('COLORTERM', 'truecolor'), ('IM_CONFIG_PHASE', '1'), ('WAYLAND_DISPLAY', 'wayland-0'), ('COLCON_PREFIX_PATH', '/home/lota/ros2_ws/install'), ('ROS_DISTRO', 'humble'), ('LOGNAME', 'lota'), ('_', '/usr/bin/colcon'), ('ROS_VERSION', '2'), ('XDG_SESSION_CLASS', 'user'), ('USERNAME', 'lota'), ('TERM', 'xterm-256color'), ('GNOME_DESKTOP_SESSION_ID', 'this-is-deprecated'), ('ROS_LOCALHOST_ONLY', '0'), ('PATH', '/opt/ros/humble/bin:/usr/local/sbin:/usr/local/bin:/usr/sbin:/usr/bin:/sbin:/bin:/usr/games:/usr/local/games:/snap/bin:/snap/bin'), ('SESSION_MANAGER', 'local/lota-virtual-machine:@/tmp/.ICE-unix/2033,unix/lota-virtual-machine:/tmp/.ICE-unix/2033'), ('XDG_MENU_PREFIX', 'gnome-'), ('LC_ADDRESS', 'th_TH.UTF-8'), ('GNOME_TERMINAL_SCREEN', '/org/gnome/Terminal/screen/825ef92b_26ff_4ac6_b1fd_8b4e70f81964'), ('GNOME_SETUP_DISPLAY', ':1'), ('XDG_RUNTIME_DIR', '/run/user/1000'), ('DISPLAY', ':0'), ('LANG', 'en_US.UTF-8'), ('XDG_CURRENT_DESKTOP', 'ubuntu:GNOME'), ('LC_TELEPHONE', 'th_TH.UTF-8'), ('XMODIFIERS', '@im=ibus'), ('XDG_SESSION_DESKTOP', 'ubuntu'), ('XAUTHORITY', '/run/user/1000/.mutter-Xwaylandauth.D49RG3'), ('GNOME_TERMINAL_SERVICE', ':1.99'), ('SSH_AGENT_LAUNCHER', 'gnome-keyring'), ('SSH_AUTH_SOCK', '/run/user/1000/keyring/ssh'), ('AMENT_PREFIX_PATH', '/home/lota/ros2_ws/install/rplidar_ros:/home/lota/ros2_ws/install/rf2o_laser_odometry:/home/lota/ros2_ws/install/my_robot_config:/home/lota/ros2_ws/install/imu_hwt911:/home/lota/ros2_ws/install/dual_lidar_tools:/opt/ros/humble'), ('SHELL', '/bin/bash'), ('LC_NAME', 'th_TH.UTF-8'), ('QT_ACCESSIBILITY', '1'), ('GDMSESSION', 'ubuntu'), ('LC_MEASUREMENT', 'th_TH.UTF-8'), ('LC_IDENTIFICATION', 'th_TH.UTF-8'), ('QT_IM_MODULE', 'ibus'), ('PWD', '/home/lota/ros2_ws/src/my_robot_config/build/my_robot_config'), ('LC_ALL', 'en_US.UTF-8'), ('XDG_CONFIG_DIRS', '/etc/xdg/xdg-ubuntu:/etc/xdg'), ('XDG_DATA_DIRS', '/usr/share/ubuntu:/usr/local/share/:/usr/share/:/var/lib/snapd/desktop'), ('PYTHONPATH', '/home/lota/ros2_ws/build/imu_hwt911:/home/lota/ros2_ws/install/imu_hwt911/lib/python3.10/site-packages:/home/lota/ros2_ws/build/dual_lidar_tools:/home/lota/ros2_ws/install/dual_lidar_tools/lib/python3.10/site-packages:/opt/ros/humble/lib/python3.10/site-packages:/opt/ros/humble/local/lib/python3.10/dist-packages'), ('LC_NUMERIC', 'th_TH.UTF-8'), ('LC_PAPER', 'th_TH.UTF-8'), ('COLCON', '1'), ('VTE_VERSION', '6800'), ('CMAKE_PREFIX_PATH', '/home/lota/ros2_ws/install/rplidar_ros:/home/lota/ros2_ws/install/rf2o_laser_odometry:/home/lota/ros2_ws/install/my_robot_config:/home/lota/ros2_ws/install/imu_hwt911:/home/lota/ros2_ws/install/dual_lidar_tools:/opt/ros/humble')]), 'shell': False}
[0.756409] (my_robot_config) CommandEnded: {'returncode': 0}
[0.757752] (my_robot_config) JobProgress: {'identifier': 'my_robot_config', 'progress': 'install'}
[0.770065] (my_robot_config) Command: {'cmd': ['/usr/bin/cmake', '--install', '/home/lota/ros2_ws/src/my_robot_config/build/my_robot_config'], 'cwd': '/home/lota/ros2_ws/src/my_robot_config/build/my_robot_config', 'env': OrderedDict([('LANGUAGE', 'en_US:'), ('USER', 'lota'), ('LC_TIME', 'th_TH.UTF-8'), ('XDG_SESSION_TYPE', 'wayland'), ('SHLVL', '1'), ('LD_LIBRARY_PATH', '/usr/lib/x86_64-linux-gnu/gazebo-11/plugins:/opt/ros/humble/opt/rviz_ogre_vendor/lib:/opt/ros/humble/lib/x86_64-linux-gnu:/opt/ros/humble/lib'), ('HOME', '/home/lota'), ('OLDPWD', '/home/lota/ros2_ws'), ('DESKTOP_SESSION', 'ubuntu'), ('ROS_PYTHON_VERSION', '3'), ('GNOME_SHELL_SESSION_MODE', 'ubuntu'), ('GTK_MODULES', 'gail:atk-bridge'), ('LC_MONETARY', 'th_TH.UTF-8'), ('SYSTEMD_EXEC_PID', '2844'), ('DBUS_SESSION_BUS_ADDRESS', 'unix:path=/run/user/1000/bus'), ('COLORTERM', 'truecolor'), ('IM_CONFIG_PHASE', '1'), ('WAYLAND_DISPLAY', 'wayland-0'), ('COLCON_PREFIX_PATH', '/home/lota/ros2_ws/install'), ('ROS_DISTRO', 'humble'), ('LOGNAME', 'lota'), ('_', '/usr/bin/colcon'), ('ROS_VERSION', '2'), ('XDG_SESSION_CLASS', 'user'), ('USERNAME', 'lota'), ('TERM', 'xterm-256color'), ('GNOME_DESKTOP_SESSION_ID', 'this-is-deprecated'), ('ROS_LOCALHOST_ONLY', '0'), ('PATH', '/opt/ros/humble/bin:/usr/local/sbin:/usr/local/bin:/usr/sbin:/usr/bin:/sbin:/bin:/usr/games:/usr/local/games:/snap/bin:/snap/bin'), ('SESSION_MANAGER', 'local/lota-virtual-machine:@/tmp/.ICE-unix/2033,unix/lota-virtual-machine:/tmp/.ICE-unix/2033'), ('XDG_MENU_PREFIX', 'gnome-'), ('LC_ADDRESS', 'th_TH.UTF-8'), ('GNOME_TERMINAL_SCREEN', '/org/gnome/Terminal/screen/825ef92b_26ff_4ac6_b1fd_8b4e70f81964'), ('GNOME_SETUP_DISPLAY', ':1'), ('XDG_RUNTIME_DIR', '/run/user/1000'), ('DISPLAY', ':0'), ('LANG', 'en_US.UTF-8'), ('XDG_CURRENT_DESKTOP', 'ubuntu:GNOME'), ('LC_TELEPHONE', 'th_TH.UTF-8'), ('XMODIFIERS', '@im=ibus'), ('XDG_SESSION_DESKTOP', 'ubuntu'), ('XAUTHORITY', '/run/user/1000/.mutter-Xwaylandauth.D49RG3'), ('GNOME_TERMINAL_SERVICE', ':1.99'), ('SSH_AGENT_LAUNCHER', 'gnome-keyring'), ('SSH_AUTH_SOCK', '/run/user/1000/keyring/ssh'), ('AMENT_PREFIX_PATH', '/home/lota/ros2_ws/install/rplidar_ros:/home/lota/ros2_ws/install/rf2o_laser_odometry:/home/lota/ros2_ws/install/my_robot_config:/home/lota/ros2_ws/install/imu_hwt911:/home/lota/ros2_ws/install/dual_lidar_tools:/opt/ros/humble'), ('SHELL', '/bin/bash'), ('LC_NAME', 'th_TH.UTF-8'), ('QT_ACCESSIBILITY', '1'), ('GDMSESSION', 'ubuntu'), ('LC_MEASUREMENT', 'th_TH.UTF-8'), ('LC_IDENTIFICATION', 'th_TH.UTF-8'), ('QT_IM_MODULE', 'ibus'), ('PWD', '/home/lota/ros2_ws/src/my_robot_config/build/my_robot_config'), ('LC_ALL', 'en_US.UTF-8'), ('XDG_CONFIG_DIRS', '/etc/xdg/xdg-ubuntu:/etc/xdg'), ('XDG_DATA_DIRS', '/usr/share/ubuntu:/usr/local/share/:/usr/share/:/var/lib/snapd/desktop'), ('PYTHONPATH', '/home/lota/ros2_ws/build/imu_hwt911:/home/lota/ros2_ws/install/imu_hwt911/lib/python3.10/site-packages:/home/lota/ros2_ws/build/dual_lidar_tools:/home/lota/ros2_ws/install/dual_lidar_tools/lib/python3.10/site-packages:/opt/ros/humble/lib/python3.10/site-packages:/opt/ros/humble/local/lib/python3.10/dist-packages'), ('LC_NUMERIC', 'th_TH.UTF-8'), ('LC_PAPER', 'th_TH.UTF-8'), ('COLCON', '1'), ('VTE_VERSION', '6800'), ('CMAKE_PREFIX_PATH', '/home/lota/ros2_ws/install/rplidar_ros:/home/lota/ros2_ws/install/rf2o_laser_odometry:/home/lota/ros2_ws/install/my_robot_config:/home/lota/ros2_ws/install/imu_hwt911:/home/lota/ros2_ws/install/dual_lidar_tools:/opt/ros/humble')]), 'shell': False}
[0.777688] (my_robot_config) StdoutLine: {'line': b'-- Install configuration: ""\n'}
[0.779149] (my_robot_config) StdoutLine: {'line': b'-- Execute custom install script\n'}
[0.780604] (my_robot_config) StdoutLine: {'line': b'-- Symlinking: /home/lota/ros2_ws/src/my_robot_config/install/my_robot_config/share/my_robot_config//launch/dual_lidar.launch.py\n'}
[0.790393] (my_robot_config) StdoutLine: {'line': b'-- Symlinking: /home/lota/ros2_ws/src/my_robot_config/install/my_robot_config/share/my_robot_config//launch/dual_lidar_merge.launch.py\n'}
[0.798504] (my_robot_config) StdoutLine: {'line': b'-- Symlinking: /home/lota/ros2_ws/src/my_robot_config/install/my_robot_config/share/my_robot_config//launch/dual_lidar_slam.launch.py\n'}
[0.808660] (-) TimerEvent: {}
[0.808925] (my_robot_config) StdoutLine: {'line': b'-- Symlinking: /home/lota/ros2_ws/src/my_robot_config/install/my_robot_config/share/my_robot_config//launch/dual_lidar_with_merge.launch.py\n'}
[0.822986] (my_robot_config) StdoutLine: {'line': b'-- Symlinking: /home/lota/ros2_ws/src/my_robot_config/install/my_robot_config/share/my_robot_config//launch/encoder_imu_odom.launch.py\n'}
[0.830400] (my_robot_config) StdoutLine: {'line': b'-- Symlinking: /home/lota/ros2_ws/src/my_robot_config/install/my_robot_config/share/my_robot_config//launch/imu.launch.py\n'}
[0.839782] (my_robot_config) StdoutLine: {'line': b'-- Symlinking: /home/lota/ros2_ws/src/my_robot_config/install/my_robot_config/share/my_robot_config//launch/imu_odom.launch.py\n'}
[0.848498] (my_robot_config) StdoutLine: {'line': b'-- Symlinking: /home/lota/ros2_ws/src/my_robot_config/install/my_robot_config/share/my_robot_config//launch/imu_rviz.launch.py\n'}
[0.857174] (my_robot_config) StdoutLine: {'line': b'-- Symlinking: /home/lota/ros2_ws/src/my_robot_config/install/my_robot_config/share/my_robot_config//launch/lidar_front.launch.py\n'}
[0.867802] (my_robot_config) StdoutLine: {'line': b'-- Symlinking: /home/lota/ros2_ws/src/my_robot_config/install/my_robot_config/share/my_robot_config//launch/lidar_merge.launch.py\n'}
[0.879285] (my_robot_config) StdoutLine: {'line': b'-- Symlinking: /home/lota/ros2_ws/src/my_robot_config/install/my_robot_config/share/my_robot_config//launch/lidar_rear.launch.py\n'}
[0.889237] (my_robot_config) StdoutLine: {'line': b'-- Symlinking: /home/lota/ros2_ws/src/my_robot_config/install/my_robot_config/share/my_robot_config//launch/lidar_tf.launch.py\n'}
[0.897766] (my_robot_config) StdoutLine: {'line': b'-- Symlinking: /home/lota/ros2_ws/src/my_robot_config/install/my_robot_config/share/my_robot_config//launch/slam_2lidar.launch.py\n'}
[0.907377] (my_robot_config) StdoutLine: {'line': b'-- Symlinking: /home/lota/ros2_ws/src/my_robot_config/install/my_robot_config/share/my_robot_config//launch/slam_launch.py\n'}
[0.909320] (-) TimerEvent: {}
[0.917111] (my_robot_config) StdoutLine: {'line': b'-- Symlinking: /home/lota/ros2_ws/src/my_robot_config/install/my_robot_config/share/my_robot_config//launch/static_slam_with_merged.launch.py\n'}
[0.924997] (my_robot_config) StdoutLine: {'line': b'-- Symlinking: /home/lota/ros2_ws/src/my_robot_config/install/my_robot_config/share/my_robot_config//config/dual_lidar_merge.yaml\n'}
[0.935287] (my_robot_config) StdoutLine: {'line': b'-- Symlinking: /home/lota/ros2_ws/src/my_robot_config/install/my_robot_config/share/my_robot_config//config/imu.yaml\n'}
[0.942699] (my_robot_config) StdoutLine: {'line': b'-- Symlinking: /home/lota/ros2_ws/src/my_robot_config/install/my_robot_config/share/my_robot_config//config/lidar_front.yaml\n'}
[0.954098] (my_robot_config) StdoutLine: {'line': b'-- Symlinking: /home/lota/ros2_ws/src/my_robot_config/install/my_robot_config/share/my_robot_config//config/lidar_rear.yaml\n'}
[0.965691] (my_robot_config) StdoutLine: {'line': b'-- Symlinking: /home/lota/ros2_ws/src/my_robot_config/install/my_robot_config/share/my_robot_config//config/slam_config.yaml\n'}
[0.974917] (my_robot_config) StdoutLine: {'line': b'-- Symlinking: /home/lota/ros2_ws/src/my_robot_config/install/my_robot_config/share/my_robot_config//config/slam_toolbox_merged.yaml\n'}
[0.985158] (my_robot_config) StdoutLine: {'line': b'-- Symlinking: /home/lota/ros2_ws/src/my_robot_config/install/my_robot_config/lib/my_robot_config/imu_odom.py\n'}
[0.993652] (my_robot_config) StdoutLine: {'line': b'-- Symlinking: /home/lota/ros2_ws/src/my_robot_config/install/my_robot_config/lib/my_robot_config/encoder_odom.py\n'}
[1.005659] (my_robot_config) StdoutLine: {'line': b'-- Symlinking: /home/lota/ros2_ws/src/my_robot_config/install/my_robot_config/lib/my_robot_config/odom_fusion.py\n'}
[1.009626] (-) TimerEvent: {}
[1.016326] (my_robot_config) StdoutLine: {'line': b'-- Symlinking: /home/lota/ros2_ws/src/my_robot_config/install/my_robot_config/lib/my_robot_config/wheel_tf_node.py\n'}
[1.022720] (my_robot_config) StdoutLine: {'line': b'-- Symlinking: /home/lota/ros2_ws/src/my_robot_config/install/my_robot_config/lib/my_robot_config/wheel_rotation_tf.py\n'}
[1.030910] (my_robot_config) StdoutLine: {'line': b'-- Symlinking: /home/lota/ros2_ws/src/my_robot_config/install/my_robot_config/share/ament_index/resource_index/package_run_dependencies/my_robot_config\n'}
[1.041872] (my_robot_config) StdoutLine: {'line': b'-- Symlinking: /home/lota/ros2_ws/src/my_robot_config/install/my_robot_config/share/ament_index/resource_index/parent_prefix_path/my_robot_config\n'}
[1.050502] (my_robot_config) StdoutLine: {'line': b'-- Symlinking: /home/lota/ros2_ws/src/my_robot_config/install/my_robot_config/share/my_robot_config/environment/ament_prefix_path.sh\n'}
[1.059682] (my_robot_config) StdoutLine: {'line': b'-- Symlinking: /home/lota/ros2_ws/src/my_robot_config/install/my_robot_config/share/my_robot_config/environment/ament_prefix_path.dsv\n'}
[1.067087] (my_robot_config) StdoutLine: {'line': b'-- Symlinking: /home/lota/ros2_ws/src/my_robot_config/install/my_robot_config/share/my_robot_config/environment/path.sh\n'}
[1.077495] (my_robot_config) StdoutLine: {'line': b'-- Symlinking: /home/lota/ros2_ws/src/my_robot_config/install/my_robot_config/share/my_robot_config/environment/path.dsv\n'}
[1.086603] (my_robot_config) StdoutLine: {'line': b'-- Symlinking: /home/lota/ros2_ws/src/my_robot_config/install/my_robot_config/share/my_robot_config/local_setup.bash\n'}
[1.094743] (my_robot_config) StdoutLine: {'line': b'-- Symlinking: /home/lota/ros2_ws/src/my_robot_config/install/my_robot_config/share/my_robot_config/local_setup.sh\n'}
[1.102622] (my_robot_config) StdoutLine: {'line': b'-- Symlinking: /home/lota/ros2_ws/src/my_robot_config/install/my_robot_config/share/my_robot_config/local_setup.zsh\n'}
[1.109837] (-) TimerEvent: {}
[1.112195] (my_robot_config) StdoutLine: {'line': b'-- Symlinking: /home/lota/ros2_ws/src/my_robot_config/install/my_robot_config/share/my_robot_config/local_setup.dsv\n'}
[1.119845] (my_robot_config) StdoutLine: {'line': b'-- Symlinking: /home/lota/ros2_ws/src/my_robot_config/install/my_robot_config/share/my_robot_config/package.dsv\n'}
[1.130331] (my_robot_config) StdoutLine: {'line': b'-- Symlinking: /home/lota/ros2_ws/src/my_robot_config/install/my_robot_config/share/ament_index/resource_index/packages/my_robot_config\n'}
[1.140688] (my_robot_config) StdoutLine: {'line': b'-- Symlinking: /home/lota/ros2_ws/src/my_robot_config/install/my_robot_config/share/my_robot_config/cmake/my_robot_configConfig.cmake\n'}
[1.147807] (my_robot_config) StdoutLine: {'line': b'-- Symlinking: /home/lota/ros2_ws/src/my_robot_config/install/my_robot_config/share/my_robot_config/cmake/my_robot_configConfig-version.cmake\n'}
[1.156147] (my_robot_config) StdoutLine: {'line': b'-- Symlinking: /home/lota/ros2_ws/src/my_robot_config/install/my_robot_config/share/my_robot_config/package.xml\n'}
[1.170144] (my_robot_config) CommandEnded: {'returncode': 0}
[1.193334] (my_robot_config) JobEnded: {'identifier': 'my_robot_config', 'rc': 0}
[1.194152] (-) EventReactorShutdown: {}
