[0.103s] DEBUG:colcon:Command line arguments: ['/usr/bin/colcon', 'build', '--symlink-install', '--packages-select', 'my_robot_config']
[0.103s] DEBUG:colcon:Parsed command line arguments: Namespace(log_base=None, log_level=None, verb_name='build', build_base='build', install_base='install', merge_install=False, symlink_install=True, test_result_base=None, continue_on_error=False, executor='parallel', parallel_workers=2, event_handlers=None, ignore_user_meta=False, metas=['./colcon.meta'], base_paths=['.'], packages_ignore=None, packages_ignore_regex=None, paths=None, packages_up_to=None, packages_up_to_regex=None, packages_above=None, packages_above_and_dependencies=None, packages_above_depth=None, packages_select_by_dep=None, packages_skip_by_dep=None, packages_skip_up_to=None, packages_select_build_failed=False, packages_skip_build_finished=False, packages_select_test_failures=False, packages_skip_test_passed=False, packages_select=['my_robot_config'], packages_skip=None, packages_select_regex=None, packages_skip_regex=None, packages_start=None, packages_end=None, allow_overriding=[], cmake_args=None, cmake_target=None, cmake_target_skip_unavailable=False, cmake_clean_cache=False, cmake_clean_first=False, cmake_force_configure=False, ament_cmake_args=None, catkin_cmake_args=None, catkin_skip_building_tests=False, verb_parser=<colcon_defaults.argument_parser.defaults.DefaultArgumentsDecorator object at 0x70c7b187a4d0>, verb_extension=<colcon_core.verb.build.BuildVerb object at 0x70c7b1879ed0>, main=<bound method BuildVerb.main of <colcon_core.verb.build.BuildVerb object at 0x70c7b1879ed0>>)
[0.273s] Level 1:colcon.colcon_core.package_discovery:discover_packages(colcon_meta) check parameters
[0.273s] Level 1:colcon.colcon_core.package_discovery:discover_packages(recursive) check parameters
[0.273s] Level 1:colcon.colcon_core.package_discovery:discover_packages(ignore) check parameters
[0.273s] Level 1:colcon.colcon_core.package_discovery:discover_packages(path) check parameters
[0.273s] Level 1:colcon.colcon_core.package_discovery:discover_packages(colcon_meta) discover
[0.273s] Level 1:colcon.colcon_core.package_discovery:discover_packages(recursive) discover
[0.273s] INFO:colcon.colcon_core.package_discovery:Crawling recursively for packages in '/home/lota/ros2_ws/src/my_robot_config'
[0.273s] Level 1:colcon.colcon_core.package_identification:_identify(.) by extensions ['ignore', 'ignore_ament_install']
[0.274s] Level 1:colcon.colcon_core.package_identification:_identify(.) by extension 'ignore'
[0.274s] Level 1:colcon.colcon_core.package_identification:_identify(.) by extension 'ignore_ament_install'
[0.274s] Level 1:colcon.colcon_core.package_identification:_identify(.) by extensions ['colcon_pkg']
[0.274s] Level 1:colcon.colcon_core.package_identification:_identify(.) by extension 'colcon_pkg'
[0.274s] Level 1:colcon.colcon_core.package_identification:_identify(.) by extensions ['colcon_meta']
[0.274s] Level 1:colcon.colcon_core.package_identification:_identify(.) by extension 'colcon_meta'
[0.274s] Level 1:colcon.colcon_core.package_identification:_identify(.) by extensions ['ros']
[0.274s] Level 1:colcon.colcon_core.package_identification:_identify(.) by extension 'ros'
[0.286s] DEBUG:colcon.colcon_core.package_identification:Package '.' with type 'ros.ament_cmake' and name 'my_robot_config'
[0.286s] Level 1:colcon.colcon_core.package_discovery:discover_packages(recursive) using defaults
[0.287s] Level 1:colcon.colcon_core.package_discovery:discover_packages(ignore) discover
[0.287s] Level 1:colcon.colcon_core.package_discovery:discover_packages(ignore) using defaults
[0.287s] Level 1:colcon.colcon_core.package_discovery:discover_packages(path) discover
[0.287s] Level 1:colcon.colcon_core.package_discovery:discover_packages(path) using defaults
[0.316s] Level 1:colcon.colcon_core.package_discovery:discover_packages(prefix_path) check parameters
[0.316s] Level 1:colcon.colcon_core.package_discovery:discover_packages(prefix_path) discover
[0.316s] WARNING:colcon.colcon_ros.prefix_path.ament:The path '/home/lota/ros2_ws/install/rplidar_ros' in the environment variable AMENT_PREFIX_PATH doesn't exist
[0.317s] WARNING:colcon.colcon_ros.prefix_path.ament:The path '/home/lota/ros2_ws/install/rf2o_laser_odometry' in the environment variable AMENT_PREFIX_PATH doesn't exist
[0.317s] WARNING:colcon.colcon_ros.prefix_path.catkin:The path '/home/lota/ros2_ws/install/rplidar_ros' in the environment variable CMAKE_PREFIX_PATH doesn't exist
[0.317s] WARNING:colcon.colcon_ros.prefix_path.catkin:The path '/home/lota/ros2_ws/install/rf2o_laser_odometry' in the environment variable CMAKE_PREFIX_PATH doesn't exist
[0.317s] DEBUG:colcon.colcon_installed_package_information.package_discovery:Found 3 installed packages in /home/lota/ros2_ws/install
[0.319s] DEBUG:colcon.colcon_installed_package_information.package_discovery:Found 490 installed packages in /opt/ros/humble
[0.322s] Level 1:colcon.colcon_core.package_discovery:discover_packages(prefix_path) using defaults
[0.378s] Level 5:colcon.colcon_core.verb:set package 'my_robot_config' build argument 'cmake_args' from command line to 'None'
[0.378s] Level 5:colcon.colcon_core.verb:set package 'my_robot_config' build argument 'cmake_target' from command line to 'None'
[0.378s] Level 5:colcon.colcon_core.verb:set package 'my_robot_config' build argument 'cmake_target_skip_unavailable' from command line to 'False'
[0.378s] Level 5:colcon.colcon_core.verb:set package 'my_robot_config' build argument 'cmake_clean_cache' from command line to 'False'
[0.378s] Level 5:colcon.colcon_core.verb:set package 'my_robot_config' build argument 'cmake_clean_first' from command line to 'False'
[0.378s] Level 5:colcon.colcon_core.verb:set package 'my_robot_config' build argument 'cmake_force_configure' from command line to 'False'
[0.378s] Level 5:colcon.colcon_core.verb:set package 'my_robot_config' build argument 'ament_cmake_args' from command line to 'None'
[0.378s] Level 5:colcon.colcon_core.verb:set package 'my_robot_config' build argument 'catkin_cmake_args' from command line to 'None'
[0.378s] Level 5:colcon.colcon_core.verb:set package 'my_robot_config' build argument 'catkin_skip_building_tests' from command line to 'False'
[0.378s] DEBUG:colcon.colcon_core.verb:Building package 'my_robot_config' with the following arguments: {'ament_cmake_args': None, 'build_base': '/home/lota/ros2_ws/src/my_robot_config/build/my_robot_config', 'catkin_cmake_args': None, 'catkin_skip_building_tests': False, 'cmake_args': None, 'cmake_clean_cache': False, 'cmake_clean_first': False, 'cmake_force_configure': False, 'cmake_target': None, 'cmake_target_skip_unavailable': False, 'install_base': '/home/lota/ros2_ws/src/my_robot_config/install/my_robot_config', 'merge_install': False, 'path': '/home/lota/ros2_ws/src/my_robot_config', 'symlink_install': True, 'test_result_base': None}
[0.379s] INFO:colcon.colcon_core.executor:Executing jobs using 'parallel' executor
[0.381s] DEBUG:colcon.colcon_parallel_executor.executor.parallel:run_until_complete
[0.382s] INFO:colcon.colcon_ros.task.ament_cmake.build:Building ROS package in '/home/lota/ros2_ws/src/my_robot_config' with build type 'ament_cmake'
[0.382s] INFO:colcon.colcon_cmake.task.cmake.build:Building CMake package in '/home/lota/ros2_ws/src/my_robot_config'
[0.383s] INFO:colcon.colcon_core.plugin_system:Skipping extension 'colcon_core.shell.bat': Not used on non-Windows systems
[0.383s] INFO:colcon.colcon_core.shell:Skip shell extension 'powershell' for command environment: Not usable outside of PowerShell
[0.383s] DEBUG:colcon.colcon_core.shell:Skip shell extension 'dsv' for command environment
[0.399s] DEBUG:colcon.colcon_core.event_handler.log_command:Invoking command in '/home/lota/ros2_ws/src/my_robot_config/build/my_robot_config': CMAKE_PREFIX_PATH=${CMAKE_PREFIX_PATH}:/home/lota/ros2_ws/install/imu_hwt911:/home/lota/ros2_ws/install/dual_lidar_tools:/opt/ros/humble /usr/bin/cmake /home/lota/ros2_ws/src/my_robot_config -DAMENT_CMAKE_SYMLINK_INSTALL=1 -DCMAKE_INSTALL_PREFIX=/home/lota/ros2_ws/src/my_robot_config/install/my_robot_config
[1.094s] DEBUG:colcon.colcon_core.event_handler.log_command:Invoked command in '/home/lota/ros2_ws/src/my_robot_config/build/my_robot_config' returned '0': CMAKE_PREFIX_PATH=${CMAKE_PREFIX_PATH}:/home/lota/ros2_ws/install/imu_hwt911:/home/lota/ros2_ws/install/dual_lidar_tools:/opt/ros/humble /usr/bin/cmake /home/lota/ros2_ws/src/my_robot_config -DAMENT_CMAKE_SYMLINK_INSTALL=1 -DCMAKE_INSTALL_PREFIX=/home/lota/ros2_ws/src/my_robot_config/install/my_robot_config
[1.097s] DEBUG:colcon.colcon_core.event_handler.log_command:Invoking command in '/home/lota/ros2_ws/src/my_robot_config/build/my_robot_config': CMAKE_PREFIX_PATH=${CMAKE_PREFIX_PATH}:/home/lota/ros2_ws/install/imu_hwt911:/home/lota/ros2_ws/install/dual_lidar_tools:/opt/ros/humble /usr/bin/cmake --build /home/lota/ros2_ws/src/my_robot_config/build/my_robot_config -- -j2 -l2
[1.140s] DEBUG:colcon.colcon_core.event_handler.log_command:Invoked command in '/home/lota/ros2_ws/src/my_robot_config/build/my_robot_config' returned '0': CMAKE_PREFIX_PATH=${CMAKE_PREFIX_PATH}:/home/lota/ros2_ws/install/imu_hwt911:/home/lota/ros2_ws/install/dual_lidar_tools:/opt/ros/humble /usr/bin/cmake --build /home/lota/ros2_ws/src/my_robot_config/build/my_robot_config -- -j2 -l2
[1.154s] DEBUG:colcon.colcon_core.event_handler.log_command:Invoking command in '/home/lota/ros2_ws/src/my_robot_config/build/my_robot_config': CMAKE_PREFIX_PATH=${CMAKE_PREFIX_PATH}:/home/lota/ros2_ws/install/imu_hwt911:/home/lota/ros2_ws/install/dual_lidar_tools:/opt/ros/humble /usr/bin/cmake --install /home/lota/ros2_ws/src/my_robot_config/build/my_robot_config
[1.554s] Level 1:colcon.colcon_core.environment:create_environment_scripts_only(my_robot_config)
[1.554s] DEBUG:colcon.colcon_core.event_handler.log_command:Invoked command in '/home/lota/ros2_ws/src/my_robot_config/build/my_robot_config' returned '0': CMAKE_PREFIX_PATH=${CMAKE_PREFIX_PATH}:/home/lota/ros2_ws/install/imu_hwt911:/home/lota/ros2_ws/install/dual_lidar_tools:/opt/ros/humble /usr/bin/cmake --install /home/lota/ros2_ws/src/my_robot_config/build/my_robot_config
[1.556s] Level 1:colcon.colcon_core.environment:checking '/home/lota/ros2_ws/src/my_robot_config/install/my_robot_config' for CMake module files
[1.557s] Level 1:colcon.colcon_core.environment:checking '/home/lota/ros2_ws/src/my_robot_config/install/my_robot_config' for CMake config files
[1.558s] Level 1:colcon.colcon_core.shell:create_environment_hook('my_robot_config', 'cmake_prefix_path')
[1.558s] INFO:colcon.colcon_core.shell:Creating environment hook '/home/lota/ros2_ws/src/my_robot_config/install/my_robot_config/share/my_robot_config/hook/cmake_prefix_path.ps1'
[1.559s] INFO:colcon.colcon_core.shell:Creating environment descriptor '/home/lota/ros2_ws/src/my_robot_config/install/my_robot_config/share/my_robot_config/hook/cmake_prefix_path.dsv'
[1.559s] INFO:colcon.colcon_core.shell:Creating environment hook '/home/lota/ros2_ws/src/my_robot_config/install/my_robot_config/share/my_robot_config/hook/cmake_prefix_path.sh'
[1.560s] Level 1:colcon.colcon_core.environment:checking '/home/lota/ros2_ws/src/my_robot_config/install/my_robot_config/lib'
[1.561s] Level 1:colcon.colcon_core.environment:checking '/home/lota/ros2_ws/src/my_robot_config/install/my_robot_config/bin'
[1.561s] Level 1:colcon.colcon_core.environment:checking '/home/lota/ros2_ws/src/my_robot_config/install/my_robot_config/lib/pkgconfig/my_robot_config.pc'
[1.561s] Level 1:colcon.colcon_core.environment:checking '/home/lota/ros2_ws/src/my_robot_config/install/my_robot_config/lib/python3.10/site-packages'
[1.561s] Level 1:colcon.colcon_core.environment:checking '/home/lota/ros2_ws/src/my_robot_config/install/my_robot_config/bin'
[1.561s] INFO:colcon.colcon_core.shell:Creating package script '/home/lota/ros2_ws/src/my_robot_config/install/my_robot_config/share/my_robot_config/package.ps1'
[1.563s] INFO:colcon.colcon_core.shell:Creating package descriptor '/home/lota/ros2_ws/src/my_robot_config/install/my_robot_config/share/my_robot_config/package.dsv'
[1.563s] INFO:colcon.colcon_core.shell:Creating package script '/home/lota/ros2_ws/src/my_robot_config/install/my_robot_config/share/my_robot_config/package.sh'
[1.565s] INFO:colcon.colcon_core.shell:Creating package script '/home/lota/ros2_ws/src/my_robot_config/install/my_robot_config/share/my_robot_config/package.bash'
[1.566s] INFO:colcon.colcon_core.shell:Creating package script '/home/lota/ros2_ws/src/my_robot_config/install/my_robot_config/share/my_robot_config/package.zsh'
[1.567s] Level 1:colcon.colcon_core.environment:create_file_with_runtime_dependencies(/home/lota/ros2_ws/src/my_robot_config/install/my_robot_config/share/colcon-core/packages/my_robot_config)
[1.567s] Level 1:colcon.colcon_core.environment:create_environment_scripts_only(my_robot_config)
[1.568s] Level 1:colcon.colcon_core.environment:checking '/home/lota/ros2_ws/src/my_robot_config/install/my_robot_config' for CMake module files
[1.568s] Level 1:colcon.colcon_core.environment:checking '/home/lota/ros2_ws/src/my_robot_config/install/my_robot_config' for CMake config files
[1.569s] Level 1:colcon.colcon_core.shell:create_environment_hook('my_robot_config', 'cmake_prefix_path')
[1.569s] INFO:colcon.colcon_core.shell:Creating environment hook '/home/lota/ros2_ws/src/my_robot_config/install/my_robot_config/share/my_robot_config/hook/cmake_prefix_path.ps1'
[1.569s] INFO:colcon.colcon_core.shell:Creating environment descriptor '/home/lota/ros2_ws/src/my_robot_config/install/my_robot_config/share/my_robot_config/hook/cmake_prefix_path.dsv'
[1.570s] INFO:colcon.colcon_core.shell:Creating environment hook '/home/lota/ros2_ws/src/my_robot_config/install/my_robot_config/share/my_robot_config/hook/cmake_prefix_path.sh'
[1.571s] Level 1:colcon.colcon_core.environment:checking '/home/lota/ros2_ws/src/my_robot_config/install/my_robot_config/lib'
[1.571s] Level 1:colcon.colcon_core.environment:checking '/home/lota/ros2_ws/src/my_robot_config/install/my_robot_config/bin'
[1.571s] Level 1:colcon.colcon_core.environment:checking '/home/lota/ros2_ws/src/my_robot_config/install/my_robot_config/lib/pkgconfig/my_robot_config.pc'
[1.571s] Level 1:colcon.colcon_core.environment:checking '/home/lota/ros2_ws/src/my_robot_config/install/my_robot_config/lib/python3.10/site-packages'
[1.571s] Level 1:colcon.colcon_core.environment:checking '/home/lota/ros2_ws/src/my_robot_config/install/my_robot_config/bin'
[1.571s] INFO:colcon.colcon_core.shell:Creating package script '/home/lota/ros2_ws/src/my_robot_config/install/my_robot_config/share/my_robot_config/package.ps1'
[1.572s] INFO:colcon.colcon_core.shell:Creating package descriptor '/home/lota/ros2_ws/src/my_robot_config/install/my_robot_config/share/my_robot_config/package.dsv'
[1.573s] INFO:colcon.colcon_core.shell:Creating package script '/home/lota/ros2_ws/src/my_robot_config/install/my_robot_config/share/my_robot_config/package.sh'
[1.574s] INFO:colcon.colcon_core.shell:Creating package script '/home/lota/ros2_ws/src/my_robot_config/install/my_robot_config/share/my_robot_config/package.bash'
[1.575s] INFO:colcon.colcon_core.shell:Creating package script '/home/lota/ros2_ws/src/my_robot_config/install/my_robot_config/share/my_robot_config/package.zsh'
[1.576s] Level 1:colcon.colcon_core.environment:create_file_with_runtime_dependencies(/home/lota/ros2_ws/src/my_robot_config/install/my_robot_config/share/colcon-core/packages/my_robot_config)
[1.577s] DEBUG:colcon.colcon_parallel_executor.executor.parallel:closing loop
[1.577s] DEBUG:colcon.colcon_parallel_executor.executor.parallel:loop closed
[1.577s] DEBUG:colcon.colcon_parallel_executor.executor.parallel:run_until_complete finished with '0'
[1.577s] DEBUG:colcon.colcon_core.event_reactor:joining thread
[1.582s] INFO:colcon.colcon_core.plugin_system:Skipping extension 'colcon_notification.desktop_notification.terminal_notifier': Not used on non-Darwin systems
[1.583s] INFO:colcon.colcon_core.plugin_system:Skipping extension 'colcon_notification.desktop_notification.win32': Not used on non-Windows systems
[1.583s] INFO:colcon.colcon_notification.desktop_notification:Sending desktop notification using 'notify2'
[1.596s] DEBUG:colcon.colcon_core.event_reactor:joined thread
[1.596s] INFO:colcon.colcon_core.shell:Creating prefix script '/home/lota/ros2_ws/src/my_robot_config/install/local_setup.ps1'
[1.597s] INFO:colcon.colcon_core.shell:Creating prefix util module '/home/lota/ros2_ws/src/my_robot_config/install/_local_setup_util_ps1.py'
[1.601s] INFO:colcon.colcon_core.shell:Creating prefix chain script '/home/lota/ros2_ws/src/my_robot_config/install/setup.ps1'
[1.602s] INFO:colcon.colcon_core.shell:Creating prefix script '/home/lota/ros2_ws/src/my_robot_config/install/local_setup.sh'
[1.603s] INFO:colcon.colcon_core.shell:Creating prefix util module '/home/lota/ros2_ws/src/my_robot_config/install/_local_setup_util_sh.py'
[1.604s] INFO:colcon.colcon_core.shell:Creating prefix chain script '/home/lota/ros2_ws/src/my_robot_config/install/setup.sh'
[1.605s] INFO:colcon.colcon_core.shell:Creating prefix script '/home/lota/ros2_ws/src/my_robot_config/install/local_setup.bash'
[1.606s] INFO:colcon.colcon_core.shell:Creating prefix chain script '/home/lota/ros2_ws/src/my_robot_config/install/setup.bash'
[1.607s] INFO:colcon.colcon_core.shell:Creating prefix script '/home/lota/ros2_ws/src/my_robot_config/install/local_setup.zsh'
[1.607s] INFO:colcon.colcon_core.shell:Creating prefix chain script '/home/lota/ros2_ws/src/my_robot_config/install/setup.zsh'
