[1.921s] Invoking command in '/home/lota/ros2_ws/src/imu_hwt911': PYTHONPATH=/home/lota/ros2_ws/build/imu_hwt911/prefix_override:/usr/lib/python3/dist-packages/colcon_core/task/python/colcon_distutils_commands:/home/lota/ros2_ws/install/imu_hwt911/lib/python3.10/site-packages:${PYTHONPATH} /usr/bin/python3 -W ignore:setup.py install is deprecated -W ignore:easy_install command is deprecated setup.py egg_info --egg-base ../../build/imu_hwt911 build --build-base /home/lota/ros2_ws/build/imu_hwt911/build install --record /home/lota/ros2_ws/build/imu_hwt911/install.log --single-version-externally-managed install_data
[2.537s] running egg_info
[2.540s] writing ../../build/imu_hwt911/imu_hwt911.egg-info/PKG-INFO
[2.540s] writing dependency_links to ../../build/imu_hwt911/imu_hwt911.egg-info/dependency_links.txt
[2.543s] writing entry points to ../../build/imu_hwt911/imu_hwt911.egg-info/entry_points.txt
[2.545s] writing requirements to ../../build/imu_hwt911/imu_hwt911.egg-info/requires.txt
[2.547s] writing top-level names to ../../build/imu_hwt911/imu_hwt911.egg-info/top_level.txt
[2.556s] reading manifest file '../../build/imu_hwt911/imu_hwt911.egg-info/SOURCES.txt'
[2.557s] writing manifest file '../../build/imu_hwt911/imu_hwt911.egg-info/SOURCES.txt'
[2.564s] running build
[2.564s] running build_py
[2.564s] running install
[2.565s] running install_lib
[2.572s] running install_data
[2.579s] running install_egg_info
[2.580s] removing '/home/lota/ros2_ws/install/imu_hwt911/lib/python3.10/site-packages/imu_hwt911-0.0.1-py3.10.egg-info' (and everything under it)
[2.583s] Copying ../../build/imu_hwt911/imu_hwt911.egg-info to /home/lota/ros2_ws/install/imu_hwt911/lib/python3.10/site-packages/imu_hwt911-0.0.1-py3.10.egg-info
[2.585s] running install_scripts
[2.624s] Installing hwt911_node script to /home/lota/ros2_ws/install/imu_hwt911/lib/imu_hwt911
[2.626s] writing list of installed files to '/home/lota/ros2_ws/build/imu_hwt911/install.log'
[2.685s] Invoked command in '/home/lota/ros2_ws/src/imu_hwt911' returned '0': PYTHONPATH=/home/lota/ros2_ws/build/imu_hwt911/prefix_override:/usr/lib/python3/dist-packages/colcon_core/task/python/colcon_distutils_commands:/home/lota/ros2_ws/install/imu_hwt911/lib/python3.10/site-packages:${PYTHONPATH} /usr/bin/python3 -W ignore:setup.py install is deprecated -W ignore:easy_install command is deprecated setup.py egg_info --egg-base ../../build/imu_hwt911 build --build-base /home/lota/ros2_ws/build/imu_hwt911/build install --record /home/lota/ros2_ws/build/imu_hwt911/install.log --single-version-externally-managed install_data
