[0.158s] DEBUG:colcon:Command line arguments: ['/usr/bin/colcon', 'build', '--symlink-install']
[0.159s] DEBUG:colcon:Parsed command line arguments: Namespace(log_base=None, log_level=None, verb_name='build', build_base='build', install_base='install', merge_install=False, symlink_install=True, test_result_base=None, continue_on_error=False, executor='parallel', parallel_workers=2, event_handlers=None, ignore_user_meta=False, metas=['./colcon.meta'], base_paths=['.'], packages_ignore=None, packages_ignore_regex=None, paths=None, packages_up_to=None, packages_up_to_regex=None, packages_above=None, packages_above_and_dependencies=None, packages_above_depth=None, packages_select_by_dep=None, packages_skip_by_dep=None, packages_skip_up_to=None, packages_select_build_failed=False, packages_skip_build_finished=False, packages_select_test_failures=False, packages_skip_test_passed=False, packages_select=None, packages_skip=None, packages_select_regex=None, packages_skip_regex=None, packages_start=None, packages_end=None, allow_overriding=[], cmake_args=None, cmake_target=None, cmake_target_skip_unavailable=False, cmake_clean_cache=False, cmake_clean_first=False, cmake_force_configure=False, ament_cmake_args=None, catkin_cmake_args=None, catkin_skip_building_tests=False, verb_parser=<colcon_defaults.argument_parser.defaults.DefaultArgumentsDecorator object at 0x7c5736a7a1d0>, verb_extension=<colcon_core.verb.build.BuildVerb object at 0x7c5736a79bd0>, main=<bound method BuildVerb.main of <colcon_core.verb.build.BuildVerb object at 0x7c5736a79bd0>>)
[0.371s] Level 1:colcon.colcon_core.package_discovery:discover_packages(colcon_meta) check parameters
[0.372s] Level 1:colcon.colcon_core.package_discovery:discover_packages(recursive) check parameters
[0.372s] Level 1:colcon.colcon_core.package_discovery:discover_packages(ignore) check parameters
[0.372s] Level 1:colcon.colcon_core.package_discovery:discover_packages(path) check parameters
[0.372s] Level 1:colcon.colcon_core.package_discovery:discover_packages(colcon_meta) discover
[0.372s] Level 1:colcon.colcon_core.package_discovery:discover_packages(recursive) discover
[0.372s] INFO:colcon.colcon_core.package_discovery:Crawling recursively for packages in '/home/lota/ros2_ws'
[0.372s] Level 1:colcon.colcon_core.package_identification:_identify(.) by extensions ['ignore', 'ignore_ament_install']
[0.372s] Level 1:colcon.colcon_core.package_identification:_identify(.) by extension 'ignore'
[0.372s] Level 1:colcon.colcon_core.package_identification:_identify(.) by extension 'ignore_ament_install'
[0.372s] Level 1:colcon.colcon_core.package_identification:_identify(.) by extensions ['colcon_pkg']
[0.372s] Level 1:colcon.colcon_core.package_identification:_identify(.) by extension 'colcon_pkg'
[0.372s] Level 1:colcon.colcon_core.package_identification:_identify(.) by extensions ['colcon_meta']
[0.372s] Level 1:colcon.colcon_core.package_identification:_identify(.) by extension 'colcon_meta'
[0.372s] Level 1:colcon.colcon_core.package_identification:_identify(.) by extensions ['ros']
[0.372s] Level 1:colcon.colcon_core.package_identification:_identify(.) by extension 'ros'
[0.384s] Level 1:colcon.colcon_core.package_identification:_identify(.) by extensions ['cmake', 'python']
[0.384s] Level 1:colcon.colcon_core.package_identification:_identify(.) by extension 'cmake'
[0.384s] Level 1:colcon.colcon_core.package_identification:_identify(.) by extension 'python'
[0.384s] Level 1:colcon.colcon_core.package_identification:_identify(.) by extensions ['python_setup_py']
[0.384s] Level 1:colcon.colcon_core.package_identification:_identify(.) by extension 'python_setup_py'
[0.385s] Level 1:colcon.colcon_core.package_identification:_identify(build) by extensions ['ignore', 'ignore_ament_install']
[0.385s] Level 1:colcon.colcon_core.package_identification:_identify(build) by extension 'ignore'
[0.385s] Level 1:colcon.colcon_core.package_identification:_identify(build) ignored
[0.385s] Level 1:colcon.colcon_core.package_identification:_identify(install) by extensions ['ignore', 'ignore_ament_install']
[0.385s] Level 1:colcon.colcon_core.package_identification:_identify(install) by extension 'ignore'
[0.385s] Level 1:colcon.colcon_core.package_identification:_identify(install) ignored
[0.385s] Level 1:colcon.colcon_core.package_identification:_identify(log) by extensions ['ignore', 'ignore_ament_install']
[0.385s] Level 1:colcon.colcon_core.package_identification:_identify(log) by extension 'ignore'
[0.385s] Level 1:colcon.colcon_core.package_identification:_identify(log) ignored
[0.385s] Level 1:colcon.colcon_core.package_identification:_identify(src) by extensions ['ignore', 'ignore_ament_install']
[0.386s] Level 1:colcon.colcon_core.package_identification:_identify(src) by extension 'ignore'
[0.386s] Level 1:colcon.colcon_core.package_identification:_identify(src) by extension 'ignore_ament_install'
[0.386s] Level 1:colcon.colcon_core.package_identification:_identify(src) by extensions ['colcon_pkg']
[0.386s] Level 1:colcon.colcon_core.package_identification:_identify(src) by extension 'colcon_pkg'
[0.386s] Level 1:colcon.colcon_core.package_identification:_identify(src) by extensions ['colcon_meta']
[0.386s] Level 1:colcon.colcon_core.package_identification:_identify(src) by extension 'colcon_meta'
[0.386s] Level 1:colcon.colcon_core.package_identification:_identify(src) by extensions ['ros']
[0.386s] Level 1:colcon.colcon_core.package_identification:_identify(src) by extension 'ros'
[0.386s] Level 1:colcon.colcon_core.package_identification:_identify(src) by extensions ['cmake', 'python']
[0.386s] Level 1:colcon.colcon_core.package_identification:_identify(src) by extension 'cmake'
[0.386s] Level 1:colcon.colcon_core.package_identification:_identify(src) by extension 'python'
[0.386s] Level 1:colcon.colcon_core.package_identification:_identify(src) by extensions ['python_setup_py']
[0.386s] Level 1:colcon.colcon_core.package_identification:_identify(src) by extension 'python_setup_py'
[0.386s] Level 1:colcon.colcon_core.package_identification:_identify(src/build) by extensions ['ignore', 'ignore_ament_install']
[0.386s] Level 1:colcon.colcon_core.package_identification:_identify(src/build) by extension 'ignore'
[0.386s] Level 1:colcon.colcon_core.package_identification:_identify(src/build) ignored
[0.386s] Level 1:colcon.colcon_core.package_identification:_identify(src/dual_lidar_tools) by extensions ['ignore', 'ignore_ament_install']
[0.386s] Level 1:colcon.colcon_core.package_identification:_identify(src/dual_lidar_tools) by extension 'ignore'
[0.386s] Level 1:colcon.colcon_core.package_identification:_identify(src/dual_lidar_tools) by extension 'ignore_ament_install'
[0.386s] Level 1:colcon.colcon_core.package_identification:_identify(src/dual_lidar_tools) by extensions ['colcon_pkg']
[0.386s] Level 1:colcon.colcon_core.package_identification:_identify(src/dual_lidar_tools) by extension 'colcon_pkg'
[0.386s] Level 1:colcon.colcon_core.package_identification:_identify(src/dual_lidar_tools) by extensions ['colcon_meta']
[0.387s] Level 1:colcon.colcon_core.package_identification:_identify(src/dual_lidar_tools) by extension 'colcon_meta'
[0.387s] Level 1:colcon.colcon_core.package_identification:_identify(src/dual_lidar_tools) by extensions ['ros']
[0.387s] Level 1:colcon.colcon_core.package_identification:_identify(src/dual_lidar_tools) by extension 'ros'
[0.389s] DEBUG:colcon.colcon_core.package_identification:Package 'src/dual_lidar_tools' with type 'ros.ament_python' and name 'dual_lidar_tools'
[0.389s] Level 1:colcon.colcon_core.package_identification:_identify(src/imu_hwt911) by extensions ['ignore', 'ignore_ament_install']
[0.389s] Level 1:colcon.colcon_core.package_identification:_identify(src/imu_hwt911) by extension 'ignore'
[0.389s] Level 1:colcon.colcon_core.package_identification:_identify(src/imu_hwt911) by extension 'ignore_ament_install'
[0.389s] Level 1:colcon.colcon_core.package_identification:_identify(src/imu_hwt911) by extensions ['colcon_pkg']
[0.389s] Level 1:colcon.colcon_core.package_identification:_identify(src/imu_hwt911) by extension 'colcon_pkg'
[0.389s] Level 1:colcon.colcon_core.package_identification:_identify(src/imu_hwt911) by extensions ['colcon_meta']
[0.389s] Level 1:colcon.colcon_core.package_identification:_identify(src/imu_hwt911) by extension 'colcon_meta'
[0.389s] Level 1:colcon.colcon_core.package_identification:_identify(src/imu_hwt911) by extensions ['ros']
[0.389s] Level 1:colcon.colcon_core.package_identification:_identify(src/imu_hwt911) by extension 'ros'
[0.403s] DEBUG:colcon.colcon_core.package_identification:Package 'src/imu_hwt911' with type 'ros.ament_python' and name 'imu_hwt911'
[0.403s] Level 1:colcon.colcon_core.package_identification:_identify(src/install) by extensions ['ignore', 'ignore_ament_install']
[0.403s] Level 1:colcon.colcon_core.package_identification:_identify(src/install) by extension 'ignore'
[0.403s] Level 1:colcon.colcon_core.package_identification:_identify(src/install) ignored
[0.403s] Level 1:colcon.colcon_core.package_identification:_identify(src/log) by extensions ['ignore', 'ignore_ament_install']
[0.403s] Level 1:colcon.colcon_core.package_identification:_identify(src/log) by extension 'ignore'
[0.403s] Level 1:colcon.colcon_core.package_identification:_identify(src/log) ignored
[0.403s] Level 1:colcon.colcon_core.package_identification:_identify(src/my_robot_config) by extensions ['ignore', 'ignore_ament_install']
[0.403s] Level 1:colcon.colcon_core.package_identification:_identify(src/my_robot_config) by extension 'ignore'
[0.403s] Level 1:colcon.colcon_core.package_identification:_identify(src/my_robot_config) by extension 'ignore_ament_install'
[0.403s] Level 1:colcon.colcon_core.package_identification:_identify(src/my_robot_config) by extensions ['colcon_pkg']
[0.403s] Level 1:colcon.colcon_core.package_identification:_identify(src/my_robot_config) by extension 'colcon_pkg'
[0.404s] Level 1:colcon.colcon_core.package_identification:_identify(src/my_robot_config) by extensions ['colcon_meta']
[0.404s] Level 1:colcon.colcon_core.package_identification:_identify(src/my_robot_config) by extension 'colcon_meta'
[0.404s] Level 1:colcon.colcon_core.package_identification:_identify(src/my_robot_config) by extensions ['ros']
[0.404s] Level 1:colcon.colcon_core.package_identification:_identify(src/my_robot_config) by extension 'ros'
[0.404s] DEBUG:colcon.colcon_core.package_identification:Package 'src/my_robot_config' with type 'ros.ament_cmake' and name 'my_robot_config'
[0.404s] Level 1:colcon.colcon_core.package_identification:_identify(src/rplidar_ros) by extensions ['ignore', 'ignore_ament_install']
[0.404s] Level 1:colcon.colcon_core.package_identification:_identify(src/rplidar_ros) by extension 'ignore'
[0.404s] Level 1:colcon.colcon_core.package_identification:_identify(src/rplidar_ros) by extension 'ignore_ament_install'
[0.404s] Level 1:colcon.colcon_core.package_identification:_identify(src/rplidar_ros) by extensions ['colcon_pkg']
[0.404s] Level 1:colcon.colcon_core.package_identification:_identify(src/rplidar_ros) by extension 'colcon_pkg'
[0.404s] Level 1:colcon.colcon_core.package_identification:_identify(src/rplidar_ros) by extensions ['colcon_meta']
[0.404s] Level 1:colcon.colcon_core.package_identification:_identify(src/rplidar_ros) by extension 'colcon_meta'
[0.404s] Level 1:colcon.colcon_core.package_identification:_identify(src/rplidar_ros) by extensions ['ros']
[0.404s] Level 1:colcon.colcon_core.package_identification:_identify(src/rplidar_ros) by extension 'ros'
[0.405s] DEBUG:colcon.colcon_core.package_identification:Package 'src/rplidar_ros' with type 'ros.ament_cmake' and name 'rplidar_ros'
[0.405s] Level 1:colcon.colcon_core.package_discovery:discover_packages(recursive) using defaults
[0.405s] Level 1:colcon.colcon_core.package_discovery:discover_packages(ignore) discover
[0.405s] Level 1:colcon.colcon_core.package_discovery:discover_packages(ignore) using defaults
[0.405s] Level 1:colcon.colcon_core.package_discovery:discover_packages(path) discover
[0.405s] Level 1:colcon.colcon_core.package_discovery:discover_packages(path) using defaults
[0.427s] Level 1:colcon.colcon_core.package_discovery:discover_packages(prefix_path) check parameters
[0.427s] Level 1:colcon.colcon_core.package_discovery:discover_packages(prefix_path) discover
[0.429s] DEBUG:colcon.colcon_installed_package_information.package_discovery:Found 4 installed packages in /home/lota/ros2_ws/install
[0.429s] DEBUG:colcon.colcon_installed_package_information.package_discovery:Found 4 installed packages in /home/lota/install
[0.431s] DEBUG:colcon.colcon_installed_package_information.package_discovery:Found 491 installed packages in /opt/ros/humble
[0.434s] Level 1:colcon.colcon_core.package_discovery:discover_packages(prefix_path) using defaults
[0.502s] Level 5:colcon.colcon_core.verb:set package 'dual_lidar_tools' build argument 'cmake_args' from command line to 'None'
[0.502s] Level 5:colcon.colcon_core.verb:set package 'dual_lidar_tools' build argument 'cmake_target' from command line to 'None'
[0.502s] Level 5:colcon.colcon_core.verb:set package 'dual_lidar_tools' build argument 'cmake_target_skip_unavailable' from command line to 'False'
[0.502s] Level 5:colcon.colcon_core.verb:set package 'dual_lidar_tools' build argument 'cmake_clean_cache' from command line to 'False'
[0.502s] Level 5:colcon.colcon_core.verb:set package 'dual_lidar_tools' build argument 'cmake_clean_first' from command line to 'False'
[0.502s] Level 5:colcon.colcon_core.verb:set package 'dual_lidar_tools' build argument 'cmake_force_configure' from command line to 'False'
[0.502s] Level 5:colcon.colcon_core.verb:set package 'dual_lidar_tools' build argument 'ament_cmake_args' from command line to 'None'
[0.502s] Level 5:colcon.colcon_core.verb:set package 'dual_lidar_tools' build argument 'catkin_cmake_args' from command line to 'None'
[0.502s] Level 5:colcon.colcon_core.verb:set package 'dual_lidar_tools' build argument 'catkin_skip_building_tests' from command line to 'False'
[0.502s] DEBUG:colcon.colcon_core.verb:Building package 'dual_lidar_tools' with the following arguments: {'ament_cmake_args': None, 'build_base': '/home/lota/ros2_ws/build/dual_lidar_tools', 'catkin_cmake_args': None, 'catkin_skip_building_tests': False, 'cmake_args': None, 'cmake_clean_cache': False, 'cmake_clean_first': False, 'cmake_force_configure': False, 'cmake_target': None, 'cmake_target_skip_unavailable': False, 'install_base': '/home/lota/ros2_ws/install/dual_lidar_tools', 'merge_install': False, 'path': '/home/lota/ros2_ws/src/dual_lidar_tools', 'symlink_install': True, 'test_result_base': None}
[0.503s] Level 5:colcon.colcon_core.verb:set package 'imu_hwt911' build argument 'cmake_args' from command line to 'None'
[0.503s] Level 5:colcon.colcon_core.verb:set package 'imu_hwt911' build argument 'cmake_target' from command line to 'None'
[0.503s] Level 5:colcon.colcon_core.verb:set package 'imu_hwt911' build argument 'cmake_target_skip_unavailable' from command line to 'False'
[0.503s] Level 5:colcon.colcon_core.verb:set package 'imu_hwt911' build argument 'cmake_clean_cache' from command line to 'False'
[0.503s] Level 5:colcon.colcon_core.verb:set package 'imu_hwt911' build argument 'cmake_clean_first' from command line to 'False'
[0.503s] Level 5:colcon.colcon_core.verb:set package 'imu_hwt911' build argument 'cmake_force_configure' from command line to 'False'
[0.503s] Level 5:colcon.colcon_core.verb:set package 'imu_hwt911' build argument 'ament_cmake_args' from command line to 'None'
[0.503s] Level 5:colcon.colcon_core.verb:set package 'imu_hwt911' build argument 'catkin_cmake_args' from command line to 'None'
[0.503s] Level 5:colcon.colcon_core.verb:set package 'imu_hwt911' build argument 'catkin_skip_building_tests' from command line to 'False'
[0.503s] DEBUG:colcon.colcon_core.verb:Building package 'imu_hwt911' with the following arguments: {'ament_cmake_args': None, 'build_base': '/home/lota/ros2_ws/build/imu_hwt911', 'catkin_cmake_args': None, 'catkin_skip_building_tests': False, 'cmake_args': None, 'cmake_clean_cache': False, 'cmake_clean_first': False, 'cmake_force_configure': False, 'cmake_target': None, 'cmake_target_skip_unavailable': False, 'install_base': '/home/lota/ros2_ws/install/imu_hwt911', 'merge_install': False, 'path': '/home/lota/ros2_ws/src/imu_hwt911', 'symlink_install': True, 'test_result_base': None}
[0.504s] Level 5:colcon.colcon_core.verb:set package 'my_robot_config' build argument 'cmake_args' from command line to 'None'
[0.504s] Level 5:colcon.colcon_core.verb:set package 'my_robot_config' build argument 'cmake_target' from command line to 'None'
[0.504s] Level 5:colcon.colcon_core.verb:set package 'my_robot_config' build argument 'cmake_target_skip_unavailable' from command line to 'False'
[0.504s] Level 5:colcon.colcon_core.verb:set package 'my_robot_config' build argument 'cmake_clean_cache' from command line to 'False'
[0.504s] Level 5:colcon.colcon_core.verb:set package 'my_robot_config' build argument 'cmake_clean_first' from command line to 'False'
[0.504s] Level 5:colcon.colcon_core.verb:set package 'my_robot_config' build argument 'cmake_force_configure' from command line to 'False'
[0.504s] Level 5:colcon.colcon_core.verb:set package 'my_robot_config' build argument 'ament_cmake_args' from command line to 'None'
[0.504s] Level 5:colcon.colcon_core.verb:set package 'my_robot_config' build argument 'catkin_cmake_args' from command line to 'None'
[0.504s] Level 5:colcon.colcon_core.verb:set package 'my_robot_config' build argument 'catkin_skip_building_tests' from command line to 'False'
[0.505s] DEBUG:colcon.colcon_core.verb:Building package 'my_robot_config' with the following arguments: {'ament_cmake_args': None, 'build_base': '/home/lota/ros2_ws/build/my_robot_config', 'catkin_cmake_args': None, 'catkin_skip_building_tests': False, 'cmake_args': None, 'cmake_clean_cache': False, 'cmake_clean_first': False, 'cmake_force_configure': False, 'cmake_target': None, 'cmake_target_skip_unavailable': False, 'install_base': '/home/lota/ros2_ws/install/my_robot_config', 'merge_install': False, 'path': '/home/lota/ros2_ws/src/my_robot_config', 'symlink_install': True, 'test_result_base': None}
[0.505s] Level 5:colcon.colcon_core.verb:set package 'rplidar_ros' build argument 'cmake_args' from command line to 'None'
[0.505s] Level 5:colcon.colcon_core.verb:set package 'rplidar_ros' build argument 'cmake_target' from command line to 'None'
[0.505s] Level 5:colcon.colcon_core.verb:set package 'rplidar_ros' build argument 'cmake_target_skip_unavailable' from command line to 'False'
[0.505s] Level 5:colcon.colcon_core.verb:set package 'rplidar_ros' build argument 'cmake_clean_cache' from command line to 'False'
[0.506s] Level 5:colcon.colcon_core.verb:set package 'rplidar_ros' build argument 'cmake_clean_first' from command line to 'False'
[0.506s] Level 5:colcon.colcon_core.verb:set package 'rplidar_ros' build argument 'cmake_force_configure' from command line to 'False'
[0.506s] Level 5:colcon.colcon_core.verb:set package 'rplidar_ros' build argument 'ament_cmake_args' from command line to 'None'
[0.506s] Level 5:colcon.colcon_core.verb:set package 'rplidar_ros' build argument 'catkin_cmake_args' from command line to 'None'
[0.506s] Level 5:colcon.colcon_core.verb:set package 'rplidar_ros' build argument 'catkin_skip_building_tests' from command line to 'False'
[0.506s] DEBUG:colcon.colcon_core.verb:Building package 'rplidar_ros' with the following arguments: {'ament_cmake_args': None, 'build_base': '/home/lota/ros2_ws/build/rplidar_ros', 'catkin_cmake_args': None, 'catkin_skip_building_tests': False, 'cmake_args': None, 'cmake_clean_cache': False, 'cmake_clean_first': False, 'cmake_force_configure': False, 'cmake_target': None, 'cmake_target_skip_unavailable': False, 'install_base': '/home/lota/ros2_ws/install/rplidar_ros', 'merge_install': False, 'path': '/home/lota/ros2_ws/src/rplidar_ros', 'symlink_install': True, 'test_result_base': None}
[0.506s] INFO:colcon.colcon_core.executor:Executing jobs using 'parallel' executor
[0.507s] DEBUG:colcon.colcon_parallel_executor.executor.parallel:run_until_complete
[0.508s] INFO:colcon.colcon_ros.task.ament_python.build:Building ROS package in '/home/lota/ros2_ws/src/dual_lidar_tools' with build type 'ament_python'
[0.508s] Level 1:colcon.colcon_core.shell:create_environment_hook('dual_lidar_tools', 'ament_prefix_path')
[0.510s] INFO:colcon.colcon_core.plugin_system:Skipping extension 'colcon_core.shell.bat': Not used on non-Windows systems
[0.511s] INFO:colcon.colcon_core.shell:Creating environment hook '/home/lota/ros2_ws/install/dual_lidar_tools/share/dual_lidar_tools/hook/ament_prefix_path.ps1'
[0.512s] INFO:colcon.colcon_core.shell:Creating environment descriptor '/home/lota/ros2_ws/install/dual_lidar_tools/share/dual_lidar_tools/hook/ament_prefix_path.dsv'
[0.513s] INFO:colcon.colcon_core.shell:Creating environment hook '/home/lota/ros2_ws/install/dual_lidar_tools/share/dual_lidar_tools/hook/ament_prefix_path.sh'
[0.514s] INFO:colcon.colcon_core.shell:Skip shell extension 'powershell' for command environment: Not usable outside of PowerShell
[0.514s] DEBUG:colcon.colcon_core.shell:Skip shell extension 'dsv' for command environment
[0.526s] INFO:colcon.colcon_ros.task.ament_python.build:Building ROS package in '/home/lota/ros2_ws/src/imu_hwt911' with build type 'ament_python'
[0.526s] Level 1:colcon.colcon_core.shell:create_environment_hook('imu_hwt911', 'ament_prefix_path')
[0.527s] INFO:colcon.colcon_core.shell:Creating environment hook '/home/lota/ros2_ws/install/imu_hwt911/share/imu_hwt911/hook/ament_prefix_path.ps1'
[0.528s] INFO:colcon.colcon_core.shell:Creating environment descriptor '/home/lota/ros2_ws/install/imu_hwt911/share/imu_hwt911/hook/ament_prefix_path.dsv'
[0.529s] INFO:colcon.colcon_core.shell:Creating environment hook '/home/lota/ros2_ws/install/imu_hwt911/share/imu_hwt911/hook/ament_prefix_path.sh'
[0.531s] INFO:colcon.colcon_core.shell:Skip shell extension 'powershell' for command environment: Not usable outside of PowerShell
[0.531s] DEBUG:colcon.colcon_core.shell:Skip shell extension 'dsv' for command environment
[0.917s] INFO:colcon.colcon_core.task.python.build:Building Python package in '/home/lota/ros2_ws/src/dual_lidar_tools'
[0.919s] INFO:colcon.colcon_core.shell:Skip shell extension 'powershell' for command environment: Not usable outside of PowerShell
[0.919s] DEBUG:colcon.colcon_core.shell:Skip shell extension 'dsv' for command environment
[1.295s] INFO:colcon.colcon_core.task.python.build:Building Python package in '/home/lota/ros2_ws/src/imu_hwt911'
[1.296s] INFO:colcon.colcon_core.shell:Skip shell extension 'powershell' for command environment: Not usable outside of PowerShell
[1.296s] DEBUG:colcon.colcon_core.shell:Skip shell extension 'dsv' for command environment
[2.286s] DEBUG:colcon.colcon_core.event_handler.log_command:Invoking command in '/home/lota/ros2_ws/build/dual_lidar_tools': PYTHONPATH=/home/lota/ros2_ws/build/dual_lidar_tools/prefix_override:/usr/lib/python3/dist-packages/colcon_core/task/python/colcon_distutils_commands:/home/lota/ros2_ws/install/dual_lidar_tools/lib/python3.10/site-packages:${PYTHONPATH} /usr/bin/python3 -W ignore:setup.py install is deprecated -W ignore:easy_install command is deprecated setup.py develop --editable --build-directory /home/lota/ros2_ws/build/dual_lidar_tools/build --no-deps symlink_data
[2.452s] DEBUG:colcon.colcon_core.event_handler.log_command:Invoking command in '/home/lota/ros2_ws/build/imu_hwt911': PYTHONPATH=/home/lota/ros2_ws/build/imu_hwt911/prefix_override:/usr/lib/python3/dist-packages/colcon_core/task/python/colcon_distutils_commands:/home/lota/ros2_ws/install/imu_hwt911/lib/python3.10/site-packages:${PYTHONPATH} /usr/bin/python3 -W ignore:setup.py install is deprecated -W ignore:easy_install command is deprecated setup.py develop --editable --build-directory /home/lota/ros2_ws/build/imu_hwt911/build --no-deps symlink_data
[3.511s] Level 1:colcon.colcon_core.shell:create_environment_hook('dual_lidar_tools', 'pythonpath_develop')
[3.511s] INFO:colcon.colcon_core.shell:Creating environment hook '/home/lota/ros2_ws/build/dual_lidar_tools/share/dual_lidar_tools/hook/pythonpath_develop.ps1'
[3.513s] DEBUG:colcon.colcon_core.event_handler.log_command:Invoked command in '/home/lota/ros2_ws/build/dual_lidar_tools' returned '0': PYTHONPATH=/home/lota/ros2_ws/build/dual_lidar_tools/prefix_override:/usr/lib/python3/dist-packages/colcon_core/task/python/colcon_distutils_commands:/home/lota/ros2_ws/install/dual_lidar_tools/lib/python3.10/site-packages:${PYTHONPATH} /usr/bin/python3 -W ignore:setup.py install is deprecated -W ignore:easy_install command is deprecated setup.py develop --editable --build-directory /home/lota/ros2_ws/build/dual_lidar_tools/build --no-deps symlink_data
[3.516s] INFO:colcon.colcon_core.shell:Creating environment descriptor '/home/lota/ros2_ws/build/dual_lidar_tools/share/dual_lidar_tools/hook/pythonpath_develop.dsv'
[3.519s] INFO:colcon.colcon_core.shell:Creating environment hook '/home/lota/ros2_ws/build/dual_lidar_tools/share/dual_lidar_tools/hook/pythonpath_develop.sh'
[3.529s] Level 1:colcon.colcon_core.environment:checking '/home/lota/ros2_ws/install/dual_lidar_tools' for CMake module files
[3.530s] Level 1:colcon.colcon_core.environment:checking '/home/lota/ros2_ws/install/dual_lidar_tools' for CMake config files
[3.531s] Level 1:colcon.colcon_core.environment:checking '/home/lota/ros2_ws/install/dual_lidar_tools/lib'
[3.531s] Level 1:colcon.colcon_core.environment:checking '/home/lota/ros2_ws/install/dual_lidar_tools/bin'
[3.532s] Level 1:colcon.colcon_core.environment:checking '/home/lota/ros2_ws/install/dual_lidar_tools/lib/pkgconfig/dual_lidar_tools.pc'
[3.532s] Level 1:colcon.colcon_core.environment:checking '/home/lota/ros2_ws/install/dual_lidar_tools/lib/python3.10/site-packages'
[3.532s] Level 1:colcon.colcon_core.shell:create_environment_hook('dual_lidar_tools', 'pythonpath')
[3.533s] INFO:colcon.colcon_core.shell:Creating environment hook '/home/lota/ros2_ws/install/dual_lidar_tools/share/dual_lidar_tools/hook/pythonpath.ps1'
[3.535s] INFO:colcon.colcon_core.shell:Creating environment descriptor '/home/lota/ros2_ws/install/dual_lidar_tools/share/dual_lidar_tools/hook/pythonpath.dsv'
[3.535s] INFO:colcon.colcon_core.shell:Creating environment hook '/home/lota/ros2_ws/install/dual_lidar_tools/share/dual_lidar_tools/hook/pythonpath.sh'
[3.540s] Level 1:colcon.colcon_core.environment:checking '/home/lota/ros2_ws/install/dual_lidar_tools/bin'
[3.541s] Level 1:colcon.colcon_core.environment:create_environment_scripts_only(dual_lidar_tools)
[3.541s] INFO:colcon.colcon_core.shell:Creating package script '/home/lota/ros2_ws/install/dual_lidar_tools/share/dual_lidar_tools/package.ps1'
[3.545s] INFO:colcon.colcon_core.shell:Creating package descriptor '/home/lota/ros2_ws/install/dual_lidar_tools/share/dual_lidar_tools/package.dsv'
[3.550s] INFO:colcon.colcon_core.shell:Creating package script '/home/lota/ros2_ws/install/dual_lidar_tools/share/dual_lidar_tools/package.sh'
[3.556s] INFO:colcon.colcon_core.shell:Creating package script '/home/lota/ros2_ws/install/dual_lidar_tools/share/dual_lidar_tools/package.bash'
[3.560s] INFO:colcon.colcon_core.shell:Creating package script '/home/lota/ros2_ws/install/dual_lidar_tools/share/dual_lidar_tools/package.zsh'
[3.564s] Level 1:colcon.colcon_core.environment:create_file_with_runtime_dependencies(/home/lota/ros2_ws/install/dual_lidar_tools/share/colcon-core/packages/dual_lidar_tools)
[3.567s] INFO:colcon.colcon_ros.task.ament_cmake.build:Building ROS package in '/home/lota/ros2_ws/src/my_robot_config' with build type 'ament_cmake'
[3.567s] INFO:colcon.colcon_cmake.task.cmake.build:Building CMake package in '/home/lota/ros2_ws/src/my_robot_config'
[3.568s] INFO:colcon.colcon_core.shell:Skip shell extension 'powershell' for command environment: Not usable outside of PowerShell
[3.568s] DEBUG:colcon.colcon_core.shell:Skip shell extension 'dsv' for command environment
[3.609s] DEBUG:colcon.colcon_core.event_handler.log_command:Invoking command in '/home/lota/ros2_ws/build/my_robot_config': CMAKE_PREFIX_PATH=${CMAKE_PREFIX_PATH}:/home/lota/ros2_ws/install/imu_hwt911:/home/lota/ros2_ws/install/dual_lidar_tools:/home/lota/install/rrt_planner:/opt/ros/humble /usr/bin/cmake --build /home/lota/ros2_ws/build/my_robot_config -- -j2 -l2
[3.752s] DEBUG:colcon.colcon_core.event_handler.log_command:Invoked command in '/home/lota/ros2_ws/build/my_robot_config' returned '0': CMAKE_PREFIX_PATH=${CMAKE_PREFIX_PATH}:/home/lota/ros2_ws/install/imu_hwt911:/home/lota/ros2_ws/install/dual_lidar_tools:/home/lota/install/rrt_planner:/opt/ros/humble /usr/bin/cmake --build /home/lota/ros2_ws/build/my_robot_config -- -j2 -l2
[3.780s] DEBUG:colcon.colcon_core.event_handler.log_command:Invoking command in '/home/lota/ros2_ws/build/my_robot_config': CMAKE_PREFIX_PATH=${CMAKE_PREFIX_PATH}:/home/lota/ros2_ws/install/imu_hwt911:/home/lota/ros2_ws/install/dual_lidar_tools:/home/lota/install/rrt_planner:/opt/ros/humble /usr/bin/cmake --install /home/lota/ros2_ws/build/my_robot_config
[3.839s] Level 1:colcon.colcon_core.environment:create_environment_scripts_only(my_robot_config)
[3.839s] Level 1:colcon.colcon_core.environment:checking '/home/lota/ros2_ws/install/my_robot_config' for CMake module files
[3.839s] Level 1:colcon.colcon_core.environment:checking '/home/lota/ros2_ws/install/my_robot_config' for CMake config files
[3.842s] DEBUG:colcon.colcon_core.event_handler.log_command:Invoked command in '/home/lota/ros2_ws/build/my_robot_config' returned '0': CMAKE_PREFIX_PATH=${CMAKE_PREFIX_PATH}:/home/lota/ros2_ws/install/imu_hwt911:/home/lota/ros2_ws/install/dual_lidar_tools:/home/lota/install/rrt_planner:/opt/ros/humble /usr/bin/cmake --install /home/lota/ros2_ws/build/my_robot_config
[3.842s] Level 1:colcon.colcon_core.shell:create_environment_hook('my_robot_config', 'cmake_prefix_path')
[3.843s] INFO:colcon.colcon_core.shell:Creating environment hook '/home/lota/ros2_ws/install/my_robot_config/share/my_robot_config/hook/cmake_prefix_path.ps1'
[3.847s] INFO:colcon.colcon_core.shell:Creating environment descriptor '/home/lota/ros2_ws/install/my_robot_config/share/my_robot_config/hook/cmake_prefix_path.dsv'
[3.848s] INFO:colcon.colcon_core.shell:Creating environment hook '/home/lota/ros2_ws/install/my_robot_config/share/my_robot_config/hook/cmake_prefix_path.sh'
[3.849s] Level 1:colcon.colcon_core.environment:checking '/home/lota/ros2_ws/install/my_robot_config/lib'
[3.849s] Level 1:colcon.colcon_core.environment:checking '/home/lota/ros2_ws/install/my_robot_config/bin'
[3.849s] Level 1:colcon.colcon_core.environment:checking '/home/lota/ros2_ws/install/my_robot_config/lib/pkgconfig/my_robot_config.pc'
[3.849s] Level 1:colcon.colcon_core.environment:checking '/home/lota/ros2_ws/install/my_robot_config/lib/python3.10/site-packages'
[3.851s] Level 1:colcon.colcon_core.environment:checking '/home/lota/ros2_ws/install/my_robot_config/bin'
[3.852s] INFO:colcon.colcon_core.shell:Creating package script '/home/lota/ros2_ws/install/my_robot_config/share/my_robot_config/package.ps1'
[3.852s] INFO:colcon.colcon_core.shell:Creating package descriptor '/home/lota/ros2_ws/install/my_robot_config/share/my_robot_config/package.dsv'
[3.853s] INFO:colcon.colcon_core.shell:Creating package script '/home/lota/ros2_ws/install/my_robot_config/share/my_robot_config/package.sh'
[3.855s] INFO:colcon.colcon_core.shell:Creating package script '/home/lota/ros2_ws/install/my_robot_config/share/my_robot_config/package.bash'
[3.855s] INFO:colcon.colcon_core.shell:Creating package script '/home/lota/ros2_ws/install/my_robot_config/share/my_robot_config/package.zsh'
[3.857s] Level 1:colcon.colcon_core.environment:create_file_with_runtime_dependencies(/home/lota/ros2_ws/install/my_robot_config/share/colcon-core/packages/my_robot_config)
[3.858s] Level 1:colcon.colcon_core.environment:create_environment_scripts_only(my_robot_config)
[3.859s] Level 1:colcon.colcon_core.environment:checking '/home/lota/ros2_ws/install/my_robot_config' for CMake module files
[3.860s] Level 1:colcon.colcon_core.environment:checking '/home/lota/ros2_ws/install/my_robot_config' for CMake config files
[3.863s] Level 1:colcon.colcon_core.shell:create_environment_hook('my_robot_config', 'cmake_prefix_path')
[3.863s] INFO:colcon.colcon_core.shell:Creating environment hook '/home/lota/ros2_ws/install/my_robot_config/share/my_robot_config/hook/cmake_prefix_path.ps1'
[3.868s] INFO:colcon.colcon_core.shell:Creating environment descriptor '/home/lota/ros2_ws/install/my_robot_config/share/my_robot_config/hook/cmake_prefix_path.dsv'
[3.869s] INFO:colcon.colcon_core.shell:Creating environment hook '/home/lota/ros2_ws/install/my_robot_config/share/my_robot_config/hook/cmake_prefix_path.sh'
[3.871s] Level 1:colcon.colcon_core.environment:checking '/home/lota/ros2_ws/install/my_robot_config/lib'
[3.871s] Level 1:colcon.colcon_core.environment:checking '/home/lota/ros2_ws/install/my_robot_config/bin'
[3.872s] Level 1:colcon.colcon_core.environment:checking '/home/lota/ros2_ws/install/my_robot_config/lib/pkgconfig/my_robot_config.pc'
[3.872s] Level 1:colcon.colcon_core.environment:checking '/home/lota/ros2_ws/install/my_robot_config/lib/python3.10/site-packages'
[3.873s] Level 1:colcon.colcon_core.environment:checking '/home/lota/ros2_ws/install/my_robot_config/bin'
[3.874s] INFO:colcon.colcon_core.shell:Creating package script '/home/lota/ros2_ws/install/my_robot_config/share/my_robot_config/package.ps1'
[3.875s] INFO:colcon.colcon_core.shell:Creating package descriptor '/home/lota/ros2_ws/install/my_robot_config/share/my_robot_config/package.dsv'
[3.876s] INFO:colcon.colcon_core.shell:Creating package script '/home/lota/ros2_ws/install/my_robot_config/share/my_robot_config/package.sh'
[3.877s] INFO:colcon.colcon_core.shell:Creating package script '/home/lota/ros2_ws/install/my_robot_config/share/my_robot_config/package.bash'
[3.879s] INFO:colcon.colcon_core.shell:Creating package script '/home/lota/ros2_ws/install/my_robot_config/share/my_robot_config/package.zsh'
[3.879s] Level 1:colcon.colcon_core.environment:create_file_with_runtime_dependencies(/home/lota/ros2_ws/install/my_robot_config/share/colcon-core/packages/my_robot_config)
[3.881s] INFO:colcon.colcon_ros.task.ament_cmake.build:Building ROS package in '/home/lota/ros2_ws/src/rplidar_ros' with build type 'ament_cmake'
[3.882s] INFO:colcon.colcon_cmake.task.cmake.build:Building CMake package in '/home/lota/ros2_ws/src/rplidar_ros'
[3.883s] INFO:colcon.colcon_core.shell:Skip shell extension 'powershell' for command environment: Not usable outside of PowerShell
[3.884s] DEBUG:colcon.colcon_core.shell:Skip shell extension 'dsv' for command environment
[3.925s] DEBUG:colcon.colcon_core.event_handler.log_command:Invoking command in '/home/lota/ros2_ws/build/rplidar_ros': CMAKE_PREFIX_PATH=${CMAKE_PREFIX_PATH}:/home/lota/ros2_ws/install/imu_hwt911:/home/lota/ros2_ws/install/dual_lidar_tools:/home/lota/install/rrt_planner:/opt/ros/humble /usr/bin/cmake --build /home/lota/ros2_ws/build/rplidar_ros -- -j2 -l2
[3.963s] Level 1:colcon.colcon_core.shell:create_environment_hook('imu_hwt911', 'pythonpath_develop')
[3.965s] INFO:colcon.colcon_core.shell:Creating environment hook '/home/lota/ros2_ws/build/imu_hwt911/share/imu_hwt911/hook/pythonpath_develop.ps1'
[3.967s] DEBUG:colcon.colcon_core.event_handler.log_command:Invoked command in '/home/lota/ros2_ws/build/imu_hwt911' returned '0': PYTHONPATH=/home/lota/ros2_ws/build/imu_hwt911/prefix_override:/usr/lib/python3/dist-packages/colcon_core/task/python/colcon_distutils_commands:/home/lota/ros2_ws/install/imu_hwt911/lib/python3.10/site-packages:${PYTHONPATH} /usr/bin/python3 -W ignore:setup.py install is deprecated -W ignore:easy_install command is deprecated setup.py develop --editable --build-directory /home/lota/ros2_ws/build/imu_hwt911/build --no-deps symlink_data
[3.973s] INFO:colcon.colcon_core.shell:Creating environment descriptor '/home/lota/ros2_ws/build/imu_hwt911/share/imu_hwt911/hook/pythonpath_develop.dsv'
[3.974s] INFO:colcon.colcon_core.shell:Creating environment hook '/home/lota/ros2_ws/build/imu_hwt911/share/imu_hwt911/hook/pythonpath_develop.sh'
[3.981s] Level 1:colcon.colcon_core.environment:checking '/home/lota/ros2_ws/install/imu_hwt911' for CMake module files
[3.986s] Level 1:colcon.colcon_core.environment:checking '/home/lota/ros2_ws/install/imu_hwt911' for CMake config files
[4.000s] Level 1:colcon.colcon_core.environment:checking '/home/lota/ros2_ws/install/imu_hwt911/lib'
[4.000s] Level 1:colcon.colcon_core.environment:checking '/home/lota/ros2_ws/install/imu_hwt911/bin'
[4.000s] Level 1:colcon.colcon_core.environment:checking '/home/lota/ros2_ws/install/imu_hwt911/lib/pkgconfig/imu_hwt911.pc'
[4.014s] Level 1:colcon.colcon_core.environment:checking '/home/lota/ros2_ws/install/imu_hwt911/lib/python3.10/site-packages'
[4.015s] Level 1:colcon.colcon_core.shell:create_environment_hook('imu_hwt911', 'pythonpath')
[4.015s] INFO:colcon.colcon_core.shell:Creating environment hook '/home/lota/ros2_ws/install/imu_hwt911/share/imu_hwt911/hook/pythonpath.ps1'
[4.027s] INFO:colcon.colcon_core.shell:Creating environment descriptor '/home/lota/ros2_ws/install/imu_hwt911/share/imu_hwt911/hook/pythonpath.dsv'
[4.037s] INFO:colcon.colcon_core.shell:Creating environment hook '/home/lota/ros2_ws/install/imu_hwt911/share/imu_hwt911/hook/pythonpath.sh'
[4.042s] Level 1:colcon.colcon_core.environment:checking '/home/lota/ros2_ws/install/imu_hwt911/bin'
[4.043s] Level 1:colcon.colcon_core.environment:create_environment_scripts_only(imu_hwt911)
[4.046s] INFO:colcon.colcon_core.shell:Creating package script '/home/lota/ros2_ws/install/imu_hwt911/share/imu_hwt911/package.ps1'
[4.054s] INFO:colcon.colcon_core.shell:Creating package descriptor '/home/lota/ros2_ws/install/imu_hwt911/share/imu_hwt911/package.dsv'
[4.060s] INFO:colcon.colcon_core.shell:Creating package script '/home/lota/ros2_ws/install/imu_hwt911/share/imu_hwt911/package.sh'
[4.066s] INFO:colcon.colcon_core.shell:Creating package script '/home/lota/ros2_ws/install/imu_hwt911/share/imu_hwt911/package.bash'
[4.068s] INFO:colcon.colcon_core.shell:Creating package script '/home/lota/ros2_ws/install/imu_hwt911/share/imu_hwt911/package.zsh'
[4.072s] Level 1:colcon.colcon_core.environment:create_file_with_runtime_dependencies(/home/lota/ros2_ws/install/imu_hwt911/share/colcon-core/packages/imu_hwt911)
[4.197s] DEBUG:colcon.colcon_core.event_handler.log_command:Invoked command in '/home/lota/ros2_ws/build/rplidar_ros' returned '0': CMAKE_PREFIX_PATH=${CMAKE_PREFIX_PATH}:/home/lota/ros2_ws/install/imu_hwt911:/home/lota/ros2_ws/install/dual_lidar_tools:/home/lota/install/rrt_planner:/opt/ros/humble /usr/bin/cmake --build /home/lota/ros2_ws/build/rplidar_ros -- -j2 -l2
[4.200s] DEBUG:colcon.colcon_core.event_handler.log_command:Invoking command in '/home/lota/ros2_ws/build/rplidar_ros': CMAKE_PREFIX_PATH=${CMAKE_PREFIX_PATH}:/home/lota/ros2_ws/install/imu_hwt911:/home/lota/ros2_ws/install/dual_lidar_tools:/home/lota/install/rrt_planner:/opt/ros/humble /usr/bin/cmake --install /home/lota/ros2_ws/build/rplidar_ros
[4.241s] Level 1:colcon.colcon_core.environment:create_environment_scripts_only(rplidar_ros)
[4.241s] Level 1:colcon.colcon_core.environment:checking '/home/lota/ros2_ws/install/rplidar_ros' for CMake module files
[4.243s] DEBUG:colcon.colcon_core.event_handler.log_command:Invoked command in '/home/lota/ros2_ws/build/rplidar_ros' returned '0': CMAKE_PREFIX_PATH=${CMAKE_PREFIX_PATH}:/home/lota/ros2_ws/install/imu_hwt911:/home/lota/ros2_ws/install/dual_lidar_tools:/home/lota/install/rrt_planner:/opt/ros/humble /usr/bin/cmake --install /home/lota/ros2_ws/build/rplidar_ros
[4.245s] Level 1:colcon.colcon_core.environment:checking '/home/lota/ros2_ws/install/rplidar_ros' for CMake config files
[4.245s] Level 1:colcon.colcon_core.shell:create_environment_hook('rplidar_ros', 'cmake_prefix_path')
[4.246s] INFO:colcon.colcon_core.shell:Creating environment hook '/home/lota/ros2_ws/install/rplidar_ros/share/rplidar_ros/hook/cmake_prefix_path.ps1'
[4.249s] INFO:colcon.colcon_core.shell:Creating environment descriptor '/home/lota/ros2_ws/install/rplidar_ros/share/rplidar_ros/hook/cmake_prefix_path.dsv'
[4.250s] INFO:colcon.colcon_core.shell:Creating environment hook '/home/lota/ros2_ws/install/rplidar_ros/share/rplidar_ros/hook/cmake_prefix_path.sh'
[4.255s] Level 1:colcon.colcon_core.environment:checking '/home/lota/ros2_ws/install/rplidar_ros/lib'
[4.255s] Level 1:colcon.colcon_core.environment:checking '/home/lota/ros2_ws/install/rplidar_ros/bin'
[4.255s] Level 1:colcon.colcon_core.environment:checking '/home/lota/ros2_ws/install/rplidar_ros/lib/pkgconfig/rplidar_ros.pc'
[4.255s] Level 1:colcon.colcon_core.environment:checking '/home/lota/ros2_ws/install/rplidar_ros/lib/python3.10/site-packages'
[4.256s] Level 1:colcon.colcon_core.environment:checking '/home/lota/ros2_ws/install/rplidar_ros/bin'
[4.256s] INFO:colcon.colcon_core.shell:Creating package script '/home/lota/ros2_ws/install/rplidar_ros/share/rplidar_ros/package.ps1'
[4.260s] INFO:colcon.colcon_core.shell:Creating package descriptor '/home/lota/ros2_ws/install/rplidar_ros/share/rplidar_ros/package.dsv'
[4.260s] INFO:colcon.colcon_core.shell:Creating package script '/home/lota/ros2_ws/install/rplidar_ros/share/rplidar_ros/package.sh'
[4.262s] INFO:colcon.colcon_core.shell:Creating package script '/home/lota/ros2_ws/install/rplidar_ros/share/rplidar_ros/package.bash'
[4.263s] INFO:colcon.colcon_core.shell:Creating package script '/home/lota/ros2_ws/install/rplidar_ros/share/rplidar_ros/package.zsh'
[4.265s] Level 1:colcon.colcon_core.environment:create_file_with_runtime_dependencies(/home/lota/ros2_ws/install/rplidar_ros/share/colcon-core/packages/rplidar_ros)
[4.266s] Level 1:colcon.colcon_core.environment:create_environment_scripts_only(rplidar_ros)
[4.267s] Level 1:colcon.colcon_core.environment:checking '/home/lota/ros2_ws/install/rplidar_ros' for CMake module files
[4.267s] Level 1:colcon.colcon_core.environment:checking '/home/lota/ros2_ws/install/rplidar_ros' for CMake config files
[4.268s] Level 1:colcon.colcon_core.shell:create_environment_hook('rplidar_ros', 'cmake_prefix_path')
[4.269s] INFO:colcon.colcon_core.shell:Creating environment hook '/home/lota/ros2_ws/install/rplidar_ros/share/rplidar_ros/hook/cmake_prefix_path.ps1'
[4.270s] INFO:colcon.colcon_core.shell:Creating environment descriptor '/home/lota/ros2_ws/install/rplidar_ros/share/rplidar_ros/hook/cmake_prefix_path.dsv'
[4.271s] INFO:colcon.colcon_core.shell:Creating environment hook '/home/lota/ros2_ws/install/rplidar_ros/share/rplidar_ros/hook/cmake_prefix_path.sh'
[4.273s] Level 1:colcon.colcon_core.environment:checking '/home/lota/ros2_ws/install/rplidar_ros/lib'
[4.273s] Level 1:colcon.colcon_core.environment:checking '/home/lota/ros2_ws/install/rplidar_ros/bin'
[4.273s] Level 1:colcon.colcon_core.environment:checking '/home/lota/ros2_ws/install/rplidar_ros/lib/pkgconfig/rplidar_ros.pc'
[4.273s] Level 1:colcon.colcon_core.environment:checking '/home/lota/ros2_ws/install/rplidar_ros/lib/python3.10/site-packages'
[4.274s] Level 1:colcon.colcon_core.environment:checking '/home/lota/ros2_ws/install/rplidar_ros/bin'
[4.274s] INFO:colcon.colcon_core.shell:Creating package script '/home/lota/ros2_ws/install/rplidar_ros/share/rplidar_ros/package.ps1'
[4.275s] INFO:colcon.colcon_core.shell:Creating package descriptor '/home/lota/ros2_ws/install/rplidar_ros/share/rplidar_ros/package.dsv'
[4.275s] INFO:colcon.colcon_core.shell:Creating package script '/home/lota/ros2_ws/install/rplidar_ros/share/rplidar_ros/package.sh'
[4.276s] INFO:colcon.colcon_core.shell:Creating package script '/home/lota/ros2_ws/install/rplidar_ros/share/rplidar_ros/package.bash'
[4.277s] INFO:colcon.colcon_core.shell:Creating package script '/home/lota/ros2_ws/install/rplidar_ros/share/rplidar_ros/package.zsh'
[4.279s] Level 1:colcon.colcon_core.environment:create_file_with_runtime_dependencies(/home/lota/ros2_ws/install/rplidar_ros/share/colcon-core/packages/rplidar_ros)
[4.280s] DEBUG:colcon.colcon_parallel_executor.executor.parallel:closing loop
[4.280s] DEBUG:colcon.colcon_parallel_executor.executor.parallel:loop closed
[4.281s] DEBUG:colcon.colcon_parallel_executor.executor.parallel:run_until_complete finished with '0'
[4.281s] DEBUG:colcon.colcon_core.event_reactor:joining thread
[4.290s] INFO:colcon.colcon_core.plugin_system:Skipping extension 'colcon_notification.desktop_notification.terminal_notifier': Not used on non-Darwin systems
[4.290s] INFO:colcon.colcon_core.plugin_system:Skipping extension 'colcon_notification.desktop_notification.win32': Not used on non-Windows systems
[4.290s] INFO:colcon.colcon_notification.desktop_notification:Sending desktop notification using 'notify2'
[4.330s] DEBUG:colcon.colcon_core.event_reactor:joined thread
[4.331s] INFO:colcon.colcon_core.shell:Creating prefix script '/home/lota/ros2_ws/install/local_setup.ps1'
[4.334s] INFO:colcon.colcon_core.shell:Creating prefix util module '/home/lota/ros2_ws/install/_local_setup_util_ps1.py'
[4.337s] INFO:colcon.colcon_core.shell:Creating prefix chain script '/home/lota/ros2_ws/install/setup.ps1'
[4.340s] INFO:colcon.colcon_core.shell:Creating prefix script '/home/lota/ros2_ws/install/local_setup.sh'
[4.342s] INFO:colcon.colcon_core.shell:Creating prefix util module '/home/lota/ros2_ws/install/_local_setup_util_sh.py'
[4.344s] INFO:colcon.colcon_core.shell:Creating prefix chain script '/home/lota/ros2_ws/install/setup.sh'
[4.348s] INFO:colcon.colcon_core.shell:Creating prefix script '/home/lota/ros2_ws/install/local_setup.bash'
[4.349s] INFO:colcon.colcon_core.shell:Creating prefix chain script '/home/lota/ros2_ws/install/setup.bash'
[4.352s] INFO:colcon.colcon_core.shell:Creating prefix script '/home/lota/ros2_ws/install/local_setup.zsh'
[4.354s] INFO:colcon.colcon_core.shell:Creating prefix chain script '/home/lota/ros2_ws/install/setup.zsh'
