[1.889s] Invoking command in '/home/lota/ros2_ws/build/imu_hwt911': PYTHONPATH=/home/lota/ros2_ws/build/imu_hwt911/prefix_override:/usr/lib/python3/dist-packages/colcon_core/task/python/colcon_distutils_commands:/home/lota/ros2_ws/install/imu_hwt911/lib/python3.10/site-packages:${PYTHONPATH} /usr/bin/python3 -W ignore:setup.py install is deprecated -W ignore:easy_install command is deprecated setup.py develop --editable --build-directory /home/lota/ros2_ws/build/imu_hwt911/build --no-deps symlink_data --force
[2.560s] running develop
[3.031s] running egg_info
[3.031s] writing imu_hwt911.egg-info/PKG-INFO
[3.039s] writing dependency_links to imu_hwt911.egg-info/dependency_links.txt
[3.039s] writing entry points to imu_hwt911.egg-info/entry_points.txt
[3.040s] writing requirements to imu_hwt911.egg-info/requires.txt
[3.040s] writing top-level names to imu_hwt911.egg-info/top_level.txt
[3.042s] reading manifest file 'imu_hwt911.egg-info/SOURCES.txt'
[3.042s] writing manifest file 'imu_hwt911.egg-info/SOURCES.txt'
[3.048s] running build_ext
[3.048s] Creating /home/lota/ros2_ws/install/imu_hwt911/lib/python3.10/site-packages/imu-hwt911.egg-link (link to .)
[3.052s] Installing hwt911_node script to /home/lota/ros2_ws/install/imu_hwt911/lib/imu_hwt911
[3.053s] 
[3.053s] Installed /home/lota/ros2_ws/build/imu_hwt911
[3.053s] running symlink_data
[3.053s] symbolically linking /home/lota/ros2_ws/build/imu_hwt911/resource/imu_hwt911 -> /home/lota/ros2_ws/install/imu_hwt911/share/ament_index/resource_index/packages
[3.055s] symbolically linking /home/lota/ros2_ws/build/imu_hwt911/package.xml -> /home/lota/ros2_ws/install/imu_hwt911/share/imu_hwt911
[3.055s] symbolically linking /home/lota/ros2_ws/build/imu_hwt911/launch/imu_bringup.launch.py -> /home/lota/ros2_ws/install/imu_hwt911/share/imu_hwt911/launch
[3.210s] Invoked command in '/home/lota/ros2_ws/build/imu_hwt911' returned '0': PYTHONPATH=/home/lota/ros2_ws/build/imu_hwt911/prefix_override:/usr/lib/python3/dist-packages/colcon_core/task/python/colcon_distutils_commands:/home/lota/ros2_ws/install/imu_hwt911/lib/python3.10/site-packages:${PYTHONPATH} /usr/bin/python3 -W ignore:setup.py install is deprecated -W ignore:easy_install command is deprecated setup.py develop --editable --build-directory /home/lota/ros2_ws/build/imu_hwt911/build --no-deps symlink_data --force
