[2.948s] Invoking command in '/home/lota/ros2_ws/src/imu_hwt911': PYTHONPATH=/home/lota/ros2_ws/build/imu_hwt911/prefix_override:/usr/lib/python3/dist-packages/colcon_core/task/python/colcon_distutils_commands:/home/lota/ros2_ws/install/imu_hwt911/lib/python3.10/site-packages:${PYTHONPATH} /usr/bin/python3 -W ignore:setup.py install is deprecated -W ignore:easy_install command is deprecated setup.py egg_info --egg-base ../../build/imu_hwt911 build --build-base /home/lota/ros2_ws/build/imu_hwt911/build install --record /home/lota/ros2_ws/build/imu_hwt911/install.log --single-version-externally-managed install_data
[3.987s] running egg_info
[3.989s] writing ../../build/imu_hwt911/imu_hwt911.egg-info/PKG-INFO
[3.990s] writing dependency_links to ../../build/imu_hwt911/imu_hwt911.egg-info/dependency_links.txt
[3.992s] writing entry points to ../../build/imu_hwt911/imu_hwt911.egg-info/entry_points.txt
[3.992s] writing requirements to ../../build/imu_hwt911/imu_hwt911.egg-info/requires.txt
[3.994s] writing top-level names to ../../build/imu_hwt911/imu_hwt911.egg-info/top_level.txt
[3.998s] reading manifest file '../../build/imu_hwt911/imu_hwt911.egg-info/SOURCES.txt'
[4.005s] writing manifest file '../../build/imu_hwt911/imu_hwt911.egg-info/SOURCES.txt'
[4.006s] running build
[4.006s] running build_py
[4.006s] running install
[4.006s] running install_lib
[4.008s] running install_data
[4.009s] running install_egg_info
[4.018s] removing '/home/lota/ros2_ws/install/imu_hwt911/lib/python3.10/site-packages/imu_hwt911-0.0.1-py3.10.egg-info' (and everything under it)
[4.021s] Copying ../../build/imu_hwt911/imu_hwt911.egg-info to /home/lota/ros2_ws/install/imu_hwt911/lib/python3.10/site-packages/imu_hwt911-0.0.1-py3.10.egg-info
[4.028s] running install_scripts
[4.093s] Installing hwt911_node script to /home/lota/ros2_ws/install/imu_hwt911/lib/imu_hwt911
[4.093s] writing list of installed files to '/home/lota/ros2_ws/build/imu_hwt911/install.log'
[4.277s] Invoked command in '/home/lota/ros2_ws/src/imu_hwt911' returned '0': PYTHONPATH=/home/lota/ros2_ws/build/imu_hwt911/prefix_override:/usr/lib/python3/dist-packages/colcon_core/task/python/colcon_distutils_commands:/home/lota/ros2_ws/install/imu_hwt911/lib/python3.10/site-packages:${PYTHONPATH} /usr/bin/python3 -W ignore:setup.py install is deprecated -W ignore:easy_install command is deprecated setup.py egg_info --egg-base ../../build/imu_hwt911 build --build-base /home/lota/ros2_ws/build/imu_hwt911/build install --record /home/lota/ros2_ws/build/imu_hwt911/install.log --single-version-externally-managed install_data
