[0.948s] Invoking command in '/home/lota/ros2_ws/build/imu_hwt911': PYTHONPATH=/home/lota/ros2_ws/build/imu_hwt911/prefix_override:/usr/lib/python3/dist-packages/colcon_core/task/python/colcon_distutils_commands:/home/lota/ros2_ws/install/imu_hwt911/lib/python3.10/site-packages:${PYTHONPATH} /usr/bin/python3 -W ignore:setup.py install is deprecated -W ignore:easy_install command is deprecated setup.py develop --uninstall --editable --build-directory /home/lota/ros2_ws/build/imu_hwt911/build
[1.304s] running develop
[1.563s] Removing /home/lota/ros2_ws/install/imu_hwt911/lib/python3.10/site-packages/imu-hwt911.egg-link (link to .)
[1.601s] Invoked command in '/home/lota/ros2_ws/build/imu_hwt911' returned '0': PYTHONPATH=/home/lota/ros2_ws/build/imu_hwt911/prefix_override:/usr/lib/python3/dist-packages/colcon_core/task/python/colcon_distutils_commands:/home/lota/ros2_ws/install/imu_hwt911/lib/python3.10/site-packages:${PYTHONPATH} /usr/bin/python3 -W ignore:setup.py install is deprecated -W ignore:easy_install command is deprecated setup.py develop --uninstall --editable --build-directory /home/lota/ros2_ws/build/imu_hwt911/build
[1.602s] Invoking command in '/home/lota/ros2_ws/src/imu_hwt911': PYTHONPATH=/home/lota/ros2_ws/build/imu_hwt911/prefix_override:/usr/lib/python3/dist-packages/colcon_core/task/python/colcon_distutils_commands:/home/lota/ros2_ws/install/imu_hwt911/lib/python3.10/site-packages:${PYTHONPATH} /usr/bin/python3 -W ignore:setup.py install is deprecated -W ignore:easy_install command is deprecated setup.py egg_info --egg-base ../../build/imu_hwt911 build --build-base /home/lota/ros2_ws/build/imu_hwt911/build install --record /home/lota/ros2_ws/build/imu_hwt911/install.log --single-version-externally-managed install_data --force
[1.873s] running egg_info
[1.873s] writing ../../build/imu_hwt911/imu_hwt911.egg-info/PKG-INFO
[1.874s] writing dependency_links to ../../build/imu_hwt911/imu_hwt911.egg-info/dependency_links.txt
[1.875s] writing entry points to ../../build/imu_hwt911/imu_hwt911.egg-info/entry_points.txt
[1.880s] writing requirements to ../../build/imu_hwt911/imu_hwt911.egg-info/requires.txt
[1.881s] writing top-level names to ../../build/imu_hwt911/imu_hwt911.egg-info/top_level.txt
[1.881s] reading manifest file '../../build/imu_hwt911/imu_hwt911.egg-info/SOURCES.txt'
[1.881s] writing manifest file '../../build/imu_hwt911/imu_hwt911.egg-info/SOURCES.txt'
[1.882s] running build
[1.882s] running build_py
[1.882s] running install
[1.882s] running install_lib
[1.883s] creating /home/lota/ros2_ws/install/imu_hwt911/lib/python3.10/site-packages/imu_hwt911
[1.883s] copying /home/lota/ros2_ws/build/imu_hwt911/build/lib/imu_hwt911/hwt911_node.py -> /home/lota/ros2_ws/install/imu_hwt911/lib/python3.10/site-packages/imu_hwt911
[1.884s] copying /home/lota/ros2_ws/build/imu_hwt911/build/lib/imu_hwt911/__init__.py -> /home/lota/ros2_ws/install/imu_hwt911/lib/python3.10/site-packages/imu_hwt911
[1.884s] byte-compiling /home/lota/ros2_ws/install/imu_hwt911/lib/python3.10/site-packages/imu_hwt911/hwt911_node.py to hwt911_node.cpython-310.pyc
[1.885s] byte-compiling /home/lota/ros2_ws/install/imu_hwt911/lib/python3.10/site-packages/imu_hwt911/__init__.py to __init__.cpython-310.pyc
[1.885s] running install_data
[1.885s] copying resource/imu_hwt911 -> /home/lota/ros2_ws/install/imu_hwt911/share/ament_index/resource_index/packages
[1.886s] copying package.xml -> /home/lota/ros2_ws/install/imu_hwt911/share/imu_hwt911
[1.886s] copying launch/imu_bringup.launch.py -> /home/lota/ros2_ws/install/imu_hwt911/share/imu_hwt911/launch
[1.886s] running install_egg_info
[1.888s] Copying ../../build/imu_hwt911/imu_hwt911.egg-info to /home/lota/ros2_ws/install/imu_hwt911/lib/python3.10/site-packages/imu_hwt911-0.0.1-py3.10.egg-info
[1.889s] running install_scripts
[1.914s] Installing hwt911_node script to /home/lota/ros2_ws/install/imu_hwt911/lib/imu_hwt911
[1.917s] writing list of installed files to '/home/lota/ros2_ws/build/imu_hwt911/install.log'
[1.959s] Invoked command in '/home/lota/ros2_ws/src/imu_hwt911' returned '0': PYTHONPATH=/home/lota/ros2_ws/build/imu_hwt911/prefix_override:/usr/lib/python3/dist-packages/colcon_core/task/python/colcon_distutils_commands:/home/lota/ros2_ws/install/imu_hwt911/lib/python3.10/site-packages:${PYTHONPATH} /usr/bin/python3 -W ignore:setup.py install is deprecated -W ignore:easy_install command is deprecated setup.py egg_info --egg-base ../../build/imu_hwt911 build --build-base /home/lota/ros2_ws/build/imu_hwt911/build install --record /home/lota/ros2_ws/build/imu_hwt911/install.log --single-version-externally-managed install_data --force
