[2.506s] Invoking command in '/home/lota/ros2_ws/src/imu_hwt911': PYTHONPATH=/home/lota/ros2_ws/build/imu_hwt911/prefix_override:/usr/lib/python3/dist-packages/colcon_core/task/python/colcon_distutils_commands:/home/lota/ros2_ws/install/imu_hwt911/lib/python3.10/site-packages:${PYTHONPATH} /usr/bin/python3 -W ignore:setup.py install is deprecated -W ignore:easy_install command is deprecated setup.py egg_info --egg-base ../../build/imu_hwt911 build --build-base /home/lota/ros2_ws/build/imu_hwt911/build install --record /home/lota/ros2_ws/build/imu_hwt911/install.log --single-version-externally-managed install_data
[3.533s] running egg_info
[3.534s] writing ../../build/imu_hwt911/imu_hwt911.egg-info/PKG-INFO
[3.535s] writing dependency_links to ../../build/imu_hwt911/imu_hwt911.egg-info/dependency_links.txt
[3.535s] writing entry points to ../../build/imu_hwt911/imu_hwt911.egg-info/entry_points.txt
[3.535s] writing requirements to ../../build/imu_hwt911/imu_hwt911.egg-info/requires.txt
[3.535s] writing top-level names to ../../build/imu_hwt911/imu_hwt911.egg-info/top_level.txt
[3.542s] reading manifest file '../../build/imu_hwt911/imu_hwt911.egg-info/SOURCES.txt'
[3.543s] writing manifest file '../../build/imu_hwt911/imu_hwt911.egg-info/SOURCES.txt'
[3.544s] running build
[3.544s] running build_py
[3.549s] running install
[3.549s] running install_lib
[3.549s] running install_data
[3.549s] running install_egg_info
[3.555s] removing '/home/lota/ros2_ws/install/imu_hwt911/lib/python3.10/site-packages/imu_hwt911-0.0.1-py3.10.egg-info' (and everything under it)
[3.556s] Copying ../../build/imu_hwt911/imu_hwt911.egg-info to /home/lota/ros2_ws/install/imu_hwt911/lib/python3.10/site-packages/imu_hwt911-0.0.1-py3.10.egg-info
[3.559s] running install_scripts
[3.657s] Installing hwt911_node script to /home/lota/ros2_ws/install/imu_hwt911/lib/imu_hwt911
[3.659s] writing list of installed files to '/home/lota/ros2_ws/build/imu_hwt911/install.log'
[3.735s] Invoked command in '/home/lota/ros2_ws/src/imu_hwt911' returned '0': PYTHONPATH=/home/lota/ros2_ws/build/imu_hwt911/prefix_override:/usr/lib/python3/dist-packages/colcon_core/task/python/colcon_distutils_commands:/home/lota/ros2_ws/install/imu_hwt911/lib/python3.10/site-packages:${PYTHONPATH} /usr/bin/python3 -W ignore:setup.py install is deprecated -W ignore:easy_install command is deprecated setup.py egg_info --egg-base ../../build/imu_hwt911 build --build-base /home/lota/ros2_ws/build/imu_hwt911/build install --record /home/lota/ros2_ws/build/imu_hwt911/install.log --single-version-externally-managed install_data
