running develop
Removing /home/lota/ros2_ws/install/dual_lidar_tools/lib/python3.10/site-packages/dual-lidar-tools.egg-link (link to .)
running egg_info
writing ../../build/dual_lidar_tools/dual_lidar_tools.egg-info/PKG-INFO
writing dependency_links to ../../build/dual_lidar_tools/dual_lidar_tools.egg-info/dependency_links.txt
writing entry points to ../../build/dual_lidar_tools/dual_lidar_tools.egg-info/entry_points.txt
writing requirements to ../../build/dual_lidar_tools/dual_lidar_tools.egg-info/requires.txt
writing top-level names to ../../build/dual_lidar_tools/dual_lidar_tools.egg-info/top_level.txt
reading manifest file '../../build/dual_lidar_tools/dual_lidar_tools.egg-info/SOURCES.txt'
writing manifest file '../../build/dual_lidar_tools/dual_lidar_tools.egg-info/SOURCES.txt'
running build
running build_py
running install
running install_lib
creating /home/lota/ros2_ws/install/dual_lidar_tools/lib/python3.10/site-packages/dual_lidar_tools
copying /home/lota/ros2_ws/build/dual_lidar_tools/build/lib/dual_lidar_tools/dual_lidar_merger.py -> /home/lota/ros2_ws/install/dual_lidar_tools/lib/python3.10/site-packages/dual_lidar_tools
copying /home/lota/ros2_ws/build/dual_lidar_tools/build/lib/dual_lidar_tools/__init__.py -> /home/lota/ros2_ws/install/dual_lidar_tools/lib/python3.10/site-packages/dual_lidar_tools
byte-compiling /home/lota/ros2_ws/install/dual_lidar_tools/lib/python3.10/site-packages/dual_lidar_tools/dual_lidar_merger.py to dual_lidar_merger.cpython-310.pyc
byte-compiling /home/lota/ros2_ws/install/dual_lidar_tools/lib/python3.10/site-packages/dual_lidar_tools/__init__.py to __init__.cpython-310.pyc
running install_data
copying resource/dual_lidar_tools -> /home/lota/ros2_ws/install/dual_lidar_tools/share/ament_index/resource_index/packages
copying package.xml -> /home/lota/ros2_ws/install/dual_lidar_tools/share/dual_lidar_tools
running install_egg_info
Copying ../../build/dual_lidar_tools/dual_lidar_tools.egg-info to /home/lota/ros2_ws/install/dual_lidar_tools/lib/python3.10/site-packages/dual_lidar_tools-0.0.0-py3.10.egg-info
running install_scripts
Installing dual_lidar_merger script to /home/lota/ros2_ws/install/dual_lidar_tools/lib/dual_lidar_tools
writing list of installed files to '/home/lota/ros2_ws/build/dual_lidar_tools/install.log'
