[0.032s] Invoking command in '/home/lota/ros2_ws/build/rplidar_ros': CMAKE_PREFIX_PATH=${CMAKE_PREFIX_PATH}:/home/lota/ros2_ws/install/imu_hwt911:/home/lota/ros2_ws/install/dual_lidar_tools:/home/lota/install/rrt_planner:/opt/ros/humble /usr/bin/cmake --build /home/lota/ros2_ws/build/rplidar_ros -- -j2 -l2
[0.083s] [35m[1mConsolidate compiler generated dependencies of target rplidar_node[0m
[0.156s] [ 47%] Built target rplidar_node
[0.173s] [35m[1mConsolidate compiler generated dependencies of target rplidar_composition[0m
[0.202s] [ 94%] Built target rplidar_composition
[0.215s] [35m[1mConsolidate compiler generated dependencies of target rplidar_client[0m
[0.230s] [100%] Built target rplidar_client
[0.248s] Invoked command in '/home/lota/ros2_ws/build/rplidar_ros' returned '0': CMAKE_PREFIX_PATH=${CMAKE_PREFIX_PATH}:/home/lota/ros2_ws/install/imu_hwt911:/home/lota/ros2_ws/install/dual_lidar_tools:/home/lota/install/rrt_planner:/opt/ros/humble /usr/bin/cmake --build /home/lota/ros2_ws/build/rplidar_ros -- -j2 -l2
[0.252s] Invoking command in '/home/lota/ros2_ws/build/rplidar_ros': CMAKE_PREFIX_PATH=${CMAKE_PREFIX_PATH}:/home/lota/ros2_ws/install/imu_hwt911:/home/lota/ros2_ws/install/dual_lidar_tools:/home/lota/install/rrt_planner:/opt/ros/humble /usr/bin/cmake --install /home/lota/ros2_ws/build/rplidar_ros
[0.259s] -- Install configuration: ""
[0.259s] -- Up-to-date: /home/lota/ros2_ws/install/rplidar_ros/share/rplidar_ros/launch
[0.259s] -- Up-to-date: /home/lota/ros2_ws/install/rplidar_ros/share/rplidar_ros/launch/rplidar_a2m12_launch.py
[0.259s] -- Up-to-date: /home/lota/ros2_ws/install/rplidar_ros/share/rplidar_ros/launch/view_rplidar_s1_launch.py
[0.259s] -- Up-to-date: /home/lota/ros2_ws/install/rplidar_ros/share/rplidar_ros/launch/rplidar_s2e_launch.py
[0.259s] -- Up-to-date: /home/lota/ros2_ws/install/rplidar_ros/share/rplidar_ros/launch/rplidar_a2m8_launch.py
[0.262s] -- Up-to-date: /home/lota/ros2_ws/install/rplidar_ros/share/rplidar_ros/launch/view_rplidar_a1_launch.py
[0.262s] -- Up-to-date: /home/lota/ros2_ws/install/rplidar_ros/share/rplidar_ros/launch/rplidar_a3_launch.py
[0.262s] -- Up-to-date: /home/lota/ros2_ws/install/rplidar_ros/share/rplidar_ros/launch/view_rplidar_a2m12_launch.py
[0.262s] -- Up-to-date: /home/lota/ros2_ws/install/rplidar_ros/share/rplidar_ros/launch/view_rplidar_a2m7_launch.py
[0.262s] -- Up-to-date: /home/lota/ros2_ws/install/rplidar_ros/share/rplidar_ros/launch/rplidar_a2m7_launch.py
[0.262s] -- Up-to-date: /home/lota/ros2_ws/install/rplidar_ros/share/rplidar_ros/launch/view_rplidar_s1_tcp_launch.py
[0.262s] -- Up-to-date: /home/lota/ros2_ws/install/rplidar_ros/share/rplidar_ros/launch/rplidar_a1_launch.py
[0.262s] -- Up-to-date: /home/lota/ros2_ws/install/rplidar_ros/share/rplidar_ros/launch/view_rplidar_c1_launch.py
[0.262s] -- Up-to-date: /home/lota/ros2_ws/install/rplidar_ros/share/rplidar_ros/launch/view_rplidar_s3_launch.py
[0.262s] -- Up-to-date: /home/lota/ros2_ws/install/rplidar_ros/share/rplidar_ros/launch/view_rplidar_s2_launch.py
[0.262s] -- Up-to-date: /home/lota/ros2_ws/install/rplidar_ros/share/rplidar_ros/launch/rplidar_s1_tcp_launch.py
[0.262s] -- Up-to-date: /home/lota/ros2_ws/install/rplidar_ros/share/rplidar_ros/launch/rplidar_s3_launch.py
[0.262s] -- Up-to-date: /home/lota/ros2_ws/install/rplidar_ros/share/rplidar_ros/launch/view_rplidar_a3_launch.py
[0.262s] -- Up-to-date: /home/lota/ros2_ws/install/rplidar_ros/share/rplidar_ros/launch/view_rplidar_t1_launch.py
[0.263s] -- Up-to-date: /home/lota/ros2_ws/install/rplidar_ros/share/rplidar_ros/launch/rplidar_s1_launch.py
[0.263s] -- Up-to-date: /home/lota/ros2_ws/install/rplidar_ros/share/rplidar_ros/launch/view_rplidar_s2e_launch.py
[0.263s] -- Up-to-date: /home/lota/ros2_ws/install/rplidar_ros/share/rplidar_ros/launch/rplidar_s2_launch.py
[0.263s] -- Up-to-date: /home/lota/ros2_ws/install/rplidar_ros/share/rplidar_ros/launch/rplidar_c1_launch.py
[0.263s] -- Up-to-date: /home/lota/ros2_ws/install/rplidar_ros/share/rplidar_ros/launch/view_rplidar_a2m8_launch.py
[0.263s] -- Up-to-date: /home/lota/ros2_ws/install/rplidar_ros/share/rplidar_ros/launch/rplidar_t1_launch.py
[0.263s] -- Up-to-date: /home/lota/ros2_ws/install/rplidar_ros/share/rplidar_ros/rviz
[0.263s] -- Up-to-date: /home/lota/ros2_ws/install/rplidar_ros/share/rplidar_ros/rviz/rplidar_ros.rviz
[0.263s] -- Up-to-date: /home/lota/ros2_ws/install/rplidar_ros/lib/rplidar_ros/rplidar_node
[0.263s] -- Up-to-date: /home/lota/ros2_ws/install/rplidar_ros/lib/rplidar_ros/rplidar_composition
[0.265s] -- Up-to-date: /home/lota/ros2_ws/install/rplidar_ros/lib/rplidar_ros/rplidar_client
[0.265s] -- Up-to-date: /home/lota/ros2_ws/install/rplidar_ros/share/ament_index/resource_index/package_run_dependencies/rplidar_ros
[0.265s] -- Up-to-date: /home/lota/ros2_ws/install/rplidar_ros/share/ament_index/resource_index/parent_prefix_path/rplidar_ros
[0.265s] -- Up-to-date: /home/lota/ros2_ws/install/rplidar_ros/share/rplidar_ros/environment/ament_prefix_path.sh
[0.265s] -- Up-to-date: /home/lota/ros2_ws/install/rplidar_ros/share/rplidar_ros/environment/ament_prefix_path.dsv
[0.265s] -- Up-to-date: /home/lota/ros2_ws/install/rplidar_ros/share/rplidar_ros/environment/path.sh
[0.265s] -- Up-to-date: /home/lota/ros2_ws/install/rplidar_ros/share/rplidar_ros/environment/path.dsv
[0.265s] -- Up-to-date: /home/lota/ros2_ws/install/rplidar_ros/share/rplidar_ros/local_setup.bash
[0.265s] -- Up-to-date: /home/lota/ros2_ws/install/rplidar_ros/share/rplidar_ros/local_setup.sh
[0.265s] -- Up-to-date: /home/lota/ros2_ws/install/rplidar_ros/share/rplidar_ros/local_setup.zsh
[0.265s] -- Up-to-date: /home/lota/ros2_ws/install/rplidar_ros/share/rplidar_ros/local_setup.dsv
[0.266s] -- Installing: /home/lota/ros2_ws/install/rplidar_ros/share/rplidar_ros/package.dsv
[0.266s] -- Up-to-date: /home/lota/ros2_ws/install/rplidar_ros/share/ament_index/resource_index/packages/rplidar_ros
[0.266s] -- Up-to-date: /home/lota/ros2_ws/install/rplidar_ros/share/rplidar_ros/cmake/ament_cmake_export_dependencies-extras.cmake
[0.266s] -- Up-to-date: /home/lota/ros2_ws/install/rplidar_ros/share/rplidar_ros/cmake/ament_cmake_export_include_directories-extras.cmake
[0.266s] -- Up-to-date: /home/lota/ros2_ws/install/rplidar_ros/share/rplidar_ros/cmake/rplidar_rosConfig.cmake
[0.266s] -- Up-to-date: /home/lota/ros2_ws/install/rplidar_ros/share/rplidar_ros/cmake/rplidar_rosConfig-version.cmake
[0.266s] -- Up-to-date: /home/lota/ros2_ws/install/rplidar_ros/share/rplidar_ros/package.xml
[0.270s] Invoked command in '/home/lota/ros2_ws/build/rplidar_ros' returned '0': CMAKE_PREFIX_PATH=${CMAKE_PREFIX_PATH}:/home/lota/ros2_ws/install/imu_hwt911:/home/lota/ros2_ws/install/dual_lidar_tools:/home/lota/install/rrt_planner:/opt/ros/humble /usr/bin/cmake --install /home/lota/ros2_ws/build/rplidar_ros
