[0.019s] Invoking command in '/home/lota/ros2_ws/src/my_robot_config/build/my_robot_config': CMAKE_PREFIX_PATH=${CMAKE_PREFIX_PATH}:/home/lota/ros2_ws/install/imu_hwt911:/home/lota/ros2_ws/install/dual_lidar_tools:/home/lota/install/rrt_planner:/opt/ros/humble /usr/bin/cmake --build /home/lota/ros2_ws/src/my_robot_config/build/my_robot_config -- -j2 -l2
[0.046s] -- Found ament_cmake: 1.3.12 (/opt/ros/humble/share/ament_cmake/cmake)
[0.145s] -- Override CMake install command with custom implementation using symlinks instead of copying resources
[0.209s] -- Configuring done
[0.215s] -- Generating done
[0.219s] -- Build files have been written to: /home/lota/ros2_ws/src/my_robot_config/build/my_robot_config
[0.238s] Invoked command in '/home/lota/ros2_ws/src/my_robot_config/build/my_robot_config' returned '0': CMAKE_PREFIX_PATH=${CMAKE_PREFIX_PATH}:/home/lota/ros2_ws/install/imu_hwt911:/home/lota/ros2_ws/install/dual_lidar_tools:/home/lota/install/rrt_planner:/opt/ros/humble /usr/bin/cmake --build /home/lota/ros2_ws/src/my_robot_config/build/my_robot_config -- -j2 -l2
[0.247s] Invoking command in '/home/lota/ros2_ws/src/my_robot_config/build/my_robot_config': CMAKE_PREFIX_PATH=${CMAKE_PREFIX_PATH}:/home/lota/ros2_ws/install/imu_hwt911:/home/lota/ros2_ws/install/dual_lidar_tools:/home/lota/install/rrt_planner:/opt/ros/humble /usr/bin/cmake --install /home/lota/ros2_ws/src/my_robot_config/build/my_robot_config
[0.253s] -- Install configuration: ""
[0.254s] -- Execute custom install script
[0.254s] -- Symlinking: /home/lota/ros2_ws/src/my_robot_config/install/my_robot_config/share/my_robot_config//launch/bringup_localization.launch.py
[0.262s] -- Symlinking: /home/lota/ros2_ws/src/my_robot_config/install/my_robot_config/share/my_robot_config//launch/bringup_navigation.launch.py
[0.269s] -- Up-to-date symlink: /home/lota/ros2_ws/src/my_robot_config/install/my_robot_config/share/my_robot_config//launch/dual_lidar_with_merge.launch.py
[0.269s] -- Up-to-date symlink: /home/lota/ros2_ws/src/my_robot_config/install/my_robot_config/share/my_robot_config//launch/encoder_imu_odom.launch.py
[0.269s] -- Up-to-date symlink: /home/lota/ros2_ws/src/my_robot_config/install/my_robot_config/share/my_robot_config//launch/slam_2lidar.launch.py
[0.270s] [33mCMake Warning (dev) at ament_cmake_symlink_install/ament_cmake_symlink_install.cmake:62 (file):
[0.270s]   Policy CMP0009 is not set: FILE GLOB_RECURSE calls should not follow
[0.270s]   symlinks by default.  Run "cmake --help-policy CMP0009" for policy details.
[0.270s]   Use the cmake_policy command to set the policy and suppress this warning.
[0.270s] Call Stack (most recent call first):
[0.270s]   ament_cmake_symlink_install/ament_cmake_symlink_install.cmake:314 (ament_cmake_symlink_install_directory)
[0.270s]   cmake_install.cmake:46 (include)
[0.270s] This warning is for project developers.  Use -Wno-dev to suppress it.
[0.277s] -- Symlinking: /home/lota/ros2_ws/src/my_robot_config/install/my_robot_config/share/my_robot_config//config/amcl.yaml
[0.277s] [0m
[0.284s] -- Symlinking: /home/lota/ros2_ws/src/my_robot_config/install/my_robot_config/share/my_robot_config//config/build/.built_by
[0.291s] -- Symlinking: /home/lota/ros2_ws/src/my_robot_config/install/my_robot_config/share/my_robot_config//config/build/COLCON_IGNORE
[0.298s] -- Up-to-date symlink: /home/lota/ros2_ws/src/my_robot_config/install/my_robot_config/share/my_robot_config//config/dual_lidar_merge.yaml
[0.298s] -- Symlinking: /home/lota/ros2_ws/src/my_robot_config/install/my_robot_config/share/my_robot_config//config/install/.colcon_install_layout
[0.306s] -- Symlinking: /home/lota/ros2_ws/src/my_robot_config/install/my_robot_config/share/my_robot_config//config/install/COLCON_IGNORE
[0.313s] -- Symlinking: /home/lota/ros2_ws/src/my_robot_config/install/my_robot_config/share/my_robot_config//config/install/_local_setup_util_ps1.py
[0.319s] -- Symlinking: /home/lota/ros2_ws/src/my_robot_config/install/my_robot_config/share/my_robot_config//config/install/_local_setup_util_sh.py
[0.327s] -- Symlinking: /home/lota/ros2_ws/src/my_robot_config/install/my_robot_config/share/my_robot_config//config/install/local_setup.bash
[0.338s] -- Symlinking: /home/lota/ros2_ws/src/my_robot_config/install/my_robot_config/share/my_robot_config//config/install/local_setup.ps1
[0.346s] -- Symlinking: /home/lota/ros2_ws/src/my_robot_config/install/my_robot_config/share/my_robot_config//config/install/local_setup.sh
[0.353s] -- Symlinking: /home/lota/ros2_ws/src/my_robot_config/install/my_robot_config/share/my_robot_config//config/install/local_setup.zsh
[0.360s] -- Symlinking: /home/lota/ros2_ws/src/my_robot_config/install/my_robot_config/share/my_robot_config//config/install/setup.bash
[0.366s] -- Symlinking: /home/lota/ros2_ws/src/my_robot_config/install/my_robot_config/share/my_robot_config//config/install/setup.ps1
[0.373s] -- Symlinking: /home/lota/ros2_ws/src/my_robot_config/install/my_robot_config/share/my_robot_config//config/install/setup.sh
[0.380s] -- Symlinking: /home/lota/ros2_ws/src/my_robot_config/install/my_robot_config/share/my_robot_config//config/install/setup.zsh
[0.387s] -- Symlinking: /home/lota/ros2_ws/src/my_robot_config/install/my_robot_config/share/my_robot_config//config/log/COLCON_IGNORE
[0.394s] -- Symlinking: /home/lota/ros2_ws/src/my_robot_config/install/my_robot_config/share/my_robot_config//config/log/build_2025-12-26_21-04-28/events.log
[0.401s] -- Symlinking: /home/lota/ros2_ws/src/my_robot_config/install/my_robot_config/share/my_robot_config//config/log/build_2025-12-26_21-04-28/logger_all.log
[0.408s] -- Symlinking: /home/lota/ros2_ws/src/my_robot_config/install/my_robot_config/share/my_robot_config//config/log/latest/events.log
[0.415s] -- Symlinking: /home/lota/ros2_ws/src/my_robot_config/install/my_robot_config/share/my_robot_config//config/log/latest/logger_all.log
[0.421s] -- Symlinking: /home/lota/ros2_ws/src/my_robot_config/install/my_robot_config/share/my_robot_config//config/log/latest_build/events.log
[0.431s] -- Symlinking: /home/lota/ros2_ws/src/my_robot_config/install/my_robot_config/share/my_robot_config//config/log/latest_build/logger_all.log
[0.441s] -- Symlinking: /home/lota/ros2_ws/src/my_robot_config/install/my_robot_config/share/my_robot_config//config/nav2_params.yaml
[0.448s] -- Symlinking: /home/lota/ros2_ws/src/my_robot_config/install/my_robot_config/share/my_robot_config//config/odom_ekf.yaml
[0.454s] -- Up-to-date symlink: /home/lota/ros2_ws/src/my_robot_config/install/my_robot_config/share/my_robot_config//config/slam_toolbox_merged.yaml
[0.455s] -- Up-to-date symlink: /home/lota/ros2_ws/src/my_robot_config/install/my_robot_config/lib/my_robot_config/imu_odom.py
[0.455s] -- Symlinking: /home/lota/ros2_ws/src/my_robot_config/install/my_robot_config/lib/my_robot_config/stm32_reader.py
[0.462s] -- Symlinking: /home/lota/ros2_ws/src/my_robot_config/install/my_robot_config/lib/my_robot_config/encoder_dep_trai.py
[0.469s] -- Up-to-date symlink: /home/lota/ros2_ws/src/my_robot_config/install/my_robot_config/lib/my_robot_config/wheel_tf_node.py
[0.470s] -- Up-to-date symlink: /home/lota/ros2_ws/src/my_robot_config/install/my_robot_config/share/ament_index/resource_index/package_run_dependencies/my_robot_config
[0.471s] -- Up-to-date symlink: /home/lota/ros2_ws/src/my_robot_config/install/my_robot_config/share/ament_index/resource_index/parent_prefix_path/my_robot_config
[0.471s] -- Up-to-date symlink: /home/lota/ros2_ws/src/my_robot_config/install/my_robot_config/share/my_robot_config/environment/ament_prefix_path.sh
[0.471s] -- Up-to-date symlink: /home/lota/ros2_ws/src/my_robot_config/install/my_robot_config/share/my_robot_config/environment/ament_prefix_path.dsv
[0.471s] -- Up-to-date symlink: /home/lota/ros2_ws/src/my_robot_config/install/my_robot_config/share/my_robot_config/environment/path.sh
[0.471s] -- Up-to-date symlink: /home/lota/ros2_ws/src/my_robot_config/install/my_robot_config/share/my_robot_config/environment/path.dsv
[0.471s] -- Up-to-date symlink: /home/lota/ros2_ws/src/my_robot_config/install/my_robot_config/share/my_robot_config/local_setup.bash
[0.471s] -- Up-to-date symlink: /home/lota/ros2_ws/src/my_robot_config/install/my_robot_config/share/my_robot_config/local_setup.sh
[0.473s] -- Up-to-date symlink: /home/lota/ros2_ws/src/my_robot_config/install/my_robot_config/share/my_robot_config/local_setup.zsh
[0.473s] -- Up-to-date symlink: /home/lota/ros2_ws/src/my_robot_config/install/my_robot_config/share/my_robot_config/local_setup.dsv
[0.473s] -- Symlinking: /home/lota/ros2_ws/src/my_robot_config/install/my_robot_config/share/my_robot_config/package.dsv
[0.479s] -- Up-to-date symlink: /home/lota/ros2_ws/src/my_robot_config/install/my_robot_config/share/ament_index/resource_index/packages/my_robot_config
[0.480s] -- Up-to-date symlink: /home/lota/ros2_ws/src/my_robot_config/install/my_robot_config/share/my_robot_config/cmake/my_robot_configConfig.cmake
[0.480s] -- Up-to-date symlink: /home/lota/ros2_ws/src/my_robot_config/install/my_robot_config/share/my_robot_config/cmake/my_robot_configConfig-version.cmake
[0.480s] -- Up-to-date symlink: /home/lota/ros2_ws/src/my_robot_config/install/my_robot_config/share/my_robot_config/package.xml
[0.482s] Invoked command in '/home/lota/ros2_ws/src/my_robot_config/build/my_robot_config' returned '0': CMAKE_PREFIX_PATH=${CMAKE_PREFIX_PATH}:/home/lota/ros2_ws/install/imu_hwt911:/home/lota/ros2_ws/install/dual_lidar_tools:/home/lota/install/rrt_planner:/opt/ros/humble /usr/bin/cmake --install /home/lota/ros2_ws/src/my_robot_config/build/my_robot_config
