running egg_info
creating ../../build/imu_hwt911/imu_hwt911.egg-info
writing ../../build/imu_hwt911/imu_hwt911.egg-info/PKG-INFO
writing dependency_links to ../../build/imu_hwt911/imu_hwt911.egg-info/dependency_links.txt
writing entry points to ../../build/imu_hwt911/imu_hwt911.egg-info/entry_points.txt
writing requirements to ../../build/imu_hwt911/imu_hwt911.egg-info/requires.txt
writing top-level names to ../../build/imu_hwt911/imu_hwt911.egg-info/top_level.txt
writing manifest file '../../build/imu_hwt911/imu_hwt911.egg-info/SOURCES.txt'
reading manifest file '../../build/imu_hwt911/imu_hwt911.egg-info/SOURCES.txt'
writing manifest file '../../build/imu_hwt911/imu_hwt911.egg-info/SOURCES.txt'
running build
running build_py
creating /home/lota/ros2_ws/build/imu_hwt911/build
creating /home/lota/ros2_ws/build/imu_hwt911/build/lib
creating /home/lota/ros2_ws/build/imu_hwt911/build/lib/imu_hwt911
copying imu_hwt911/hwt911_node.py -> /home/lota/ros2_ws/build/imu_hwt911/build/lib/imu_hwt911
copying imu_hwt911/__init__.py -> /home/lota/ros2_ws/build/imu_hwt911/build/lib/imu_hwt911
running install
running install_lib
creating /home/lota/ros2_ws/install/imu_hwt911/lib/python3.10/site-packages/imu_hwt911
copying /home/lota/ros2_ws/build/imu_hwt911/build/lib/imu_hwt911/hwt911_node.py -> /home/lota/ros2_ws/install/imu_hwt911/lib/python3.10/site-packages/imu_hwt911
copying /home/lota/ros2_ws/build/imu_hwt911/build/lib/imu_hwt911/__init__.py -> /home/lota/ros2_ws/install/imu_hwt911/lib/python3.10/site-packages/imu_hwt911
byte-compiling /home/lota/ros2_ws/install/imu_hwt911/lib/python3.10/site-packages/imu_hwt911/hwt911_node.py to hwt911_node.cpython-310.pyc
byte-compiling /home/lota/ros2_ws/install/imu_hwt911/lib/python3.10/site-packages/imu_hwt911/__init__.py to __init__.cpython-310.pyc
running install_data
creating /home/lota/ros2_ws/install/imu_hwt911/share/ament_index
creating /home/lota/ros2_ws/install/imu_hwt911/share/ament_index/resource_index
creating /home/lota/ros2_ws/install/imu_hwt911/share/ament_index/resource_index/packages
copying resource/imu_hwt911 -> /home/lota/ros2_ws/install/imu_hwt911/share/ament_index/resource_index/packages
copying package.xml -> /home/lota/ros2_ws/install/imu_hwt911/share/imu_hwt911
creating /home/lota/ros2_ws/install/imu_hwt911/share/imu_hwt911/launch
copying launch/imu_bringup.launch.py -> /home/lota/ros2_ws/install/imu_hwt911/share/imu_hwt911/launch
running install_egg_info
Copying ../../build/imu_hwt911/imu_hwt911.egg-info to /home/lota/ros2_ws/install/imu_hwt911/lib/python3.10/site-packages/imu_hwt911-0.0.1-py3.10.egg-info
running install_scripts
Installing hwt911_node script to /home/lota/ros2_ws/install/imu_hwt911/lib/imu_hwt911
writing list of installed files to '/home/lota/ros2_ws/build/imu_hwt911/install.log'
