[1.129s] Invoking command in '/home/lota/ros2_ws/src/imu_hwt911': PYTHONPATH=/home/lota/ros2_ws/build/imu_hwt911/prefix_override:/usr/lib/python3/dist-packages/colcon_core/task/python/colcon_distutils_commands:/home/lota/ros2_ws/install/imu_hwt911/lib/python3.10/site-packages:${PYTHONPATH} /usr/bin/python3 -W ignore:setup.py install is deprecated -W ignore:easy_install command is deprecated setup.py egg_info --egg-base ../../build/imu_hwt911 build --build-base /home/lota/ros2_ws/build/imu_hwt911/build install --record /home/lota/ros2_ws/build/imu_hwt911/install.log --single-version-externally-managed install_data
[1.953s] running egg_info
[1.953s] creating ../../build/imu_hwt911/imu_hwt911.egg-info
[1.953s] writing ../../build/imu_hwt911/imu_hwt911.egg-info/PKG-INFO
[1.954s] writing dependency_links to ../../build/imu_hwt911/imu_hwt911.egg-info/dependency_links.txt
[1.954s] writing entry points to ../../build/imu_hwt911/imu_hwt911.egg-info/entry_points.txt
[1.955s] writing requirements to ../../build/imu_hwt911/imu_hwt911.egg-info/requires.txt
[1.955s] writing top-level names to ../../build/imu_hwt911/imu_hwt911.egg-info/top_level.txt
[1.955s] writing manifest file '../../build/imu_hwt911/imu_hwt911.egg-info/SOURCES.txt'
[1.961s] reading manifest file '../../build/imu_hwt911/imu_hwt911.egg-info/SOURCES.txt'
[1.961s] writing manifest file '../../build/imu_hwt911/imu_hwt911.egg-info/SOURCES.txt'
[1.964s] running build
[1.964s] running build_py
[1.965s] creating /home/lota/ros2_ws/build/imu_hwt911/build
[1.965s] creating /home/lota/ros2_ws/build/imu_hwt911/build/lib
[1.965s] creating /home/lota/ros2_ws/build/imu_hwt911/build/lib/imu_hwt911
[1.965s] copying imu_hwt911/hwt911_node.py -> /home/lota/ros2_ws/build/imu_hwt911/build/lib/imu_hwt911
[1.966s] copying imu_hwt911/__init__.py -> /home/lota/ros2_ws/build/imu_hwt911/build/lib/imu_hwt911
[1.966s] running install
[1.966s] running install_lib
[1.968s] creating /home/lota/ros2_ws/install/imu_hwt911/lib/python3.10/site-packages/imu_hwt911
[1.968s] copying /home/lota/ros2_ws/build/imu_hwt911/build/lib/imu_hwt911/hwt911_node.py -> /home/lota/ros2_ws/install/imu_hwt911/lib/python3.10/site-packages/imu_hwt911
[1.968s] copying /home/lota/ros2_ws/build/imu_hwt911/build/lib/imu_hwt911/__init__.py -> /home/lota/ros2_ws/install/imu_hwt911/lib/python3.10/site-packages/imu_hwt911
[1.968s] byte-compiling /home/lota/ros2_ws/install/imu_hwt911/lib/python3.10/site-packages/imu_hwt911/hwt911_node.py to hwt911_node.cpython-310.pyc
[1.977s] byte-compiling /home/lota/ros2_ws/install/imu_hwt911/lib/python3.10/site-packages/imu_hwt911/__init__.py to __init__.cpython-310.pyc
[1.978s] running install_data
[1.978s] creating /home/lota/ros2_ws/install/imu_hwt911/share/ament_index
[1.978s] creating /home/lota/ros2_ws/install/imu_hwt911/share/ament_index/resource_index
[1.978s] creating /home/lota/ros2_ws/install/imu_hwt911/share/ament_index/resource_index/packages
[1.978s] copying resource/imu_hwt911 -> /home/lota/ros2_ws/install/imu_hwt911/share/ament_index/resource_index/packages
[1.980s] copying package.xml -> /home/lota/ros2_ws/install/imu_hwt911/share/imu_hwt911
[1.980s] creating /home/lota/ros2_ws/install/imu_hwt911/share/imu_hwt911/launch
[1.980s] copying launch/imu_bringup.launch.py -> /home/lota/ros2_ws/install/imu_hwt911/share/imu_hwt911/launch
[1.980s] running install_egg_info
[1.987s] Copying ../../build/imu_hwt911/imu_hwt911.egg-info to /home/lota/ros2_ws/install/imu_hwt911/lib/python3.10/site-packages/imu_hwt911-0.0.1-py3.10.egg-info
[1.990s] running install_scripts
[2.042s] Installing hwt911_node script to /home/lota/ros2_ws/install/imu_hwt911/lib/imu_hwt911
[2.042s] writing list of installed files to '/home/lota/ros2_ws/build/imu_hwt911/install.log'
[2.137s] Invoked command in '/home/lota/ros2_ws/src/imu_hwt911' returned '0': PYTHONPATH=/home/lota/ros2_ws/build/imu_hwt911/prefix_override:/usr/lib/python3/dist-packages/colcon_core/task/python/colcon_distutils_commands:/home/lota/ros2_ws/install/imu_hwt911/lib/python3.10/site-packages:${PYTHONPATH} /usr/bin/python3 -W ignore:setup.py install is deprecated -W ignore:easy_install command is deprecated setup.py egg_info --egg-base ../../build/imu_hwt911 build --build-base /home/lota/ros2_ws/build/imu_hwt911/build install --record /home/lota/ros2_ws/build/imu_hwt911/install.log --single-version-externally-managed install_data
