[0.000000] (-) TimerEvent: {}
[0.000245] (dual_lidar_tools) JobQueued: {'identifier': 'dual_lidar_tools', 'dependencies': OrderedDict()}
[0.000322] (imu_hwt911) JobQueued: {'identifier': 'imu_hwt911', 'dependencies': OrderedDict()}
[0.000343] (my_robot_config) JobQueued: {'identifier': 'my_robot_config', 'dependencies': OrderedDict()}
[0.000358] (rplidar_ros) JobQueued: {'identifier': 'rplidar_ros', 'dependencies': OrderedDict()}
[0.000372] (dual_lidar_tools) JobStarted: {'identifier': 'dual_lidar_tools'}
[0.014820] (imu_hwt911) JobStarted: {'identifier': 'imu_hwt911'}
[0.100286] (-) TimerEvent: {}
[0.200752] (-) TimerEvent: {}
[0.301180] (-) TimerEvent: {}
[0.402582] (-) TimerEvent: {}
[0.502990] (-) TimerEvent: {}
[0.603561] (-) TimerEvent: {}
[0.704653] (-) TimerEvent: {}
[0.806013] (-) TimerEvent: {}
[0.908131] (-) TimerEvent: {}
[1.008989] (-) TimerEvent: {}
[1.110339] (-) TimerEvent: {}
[1.211520] (-) TimerEvent: {}
[1.313063] (-) TimerEvent: {}
[1.413689] (-) TimerEvent: {}
[1.514024] (-) TimerEvent: {}
[1.614602] (-) TimerEvent: {}
[1.716935] (-) TimerEvent: {}
[1.766151] (imu_hwt911) Command: {'cmd': ['/usr/bin/python3', '-W', 'ignore:setup.py install is deprecated', '-W', 'ignore:easy_install command is deprecated', 'setup.py', 'develop', '--editable', '--build-directory', '/home/lota/ros2_ws/build/imu_hwt911/build', '--no-deps', 'symlink_data', '--force'], 'cwd': '/home/lota/ros2_ws/build/imu_hwt911', 'env': {'LANGUAGE': 'en_US:', 'USER': 'lota', 'LC_TIME': 'th_TH.UTF-8', 'XDG_SESSION_TYPE': 'wayland', 'SHLVL': '1', 'LD_LIBRARY_PATH': '/home/lota/install/dynamixel_sdk/lib:/usr/lib/x86_64-linux-gnu/gazebo-11/plugins:/opt/ros/humble/opt/rviz_ogre_vendor/lib:/opt/ros/humble/lib/x86_64-linux-gnu:/opt/ros/humble/lib', 'HOME': '/home/lota', 'OLDPWD': '/home/lota/ros2_ws', 'DESKTOP_SESSION': 'ubuntu', 'ROS_PYTHON_VERSION': '3', 'GNOME_SHELL_SESSION_MODE': 'ubuntu', 'GTK_MODULES': 'gail:atk-bridge', 'LC_MONETARY': 'th_TH.UTF-8', 'SYSTEMD_EXEC_PID': '3046', 'DBUS_SESSION_BUS_ADDRESS': 'unix:path=/run/user/1000/bus', 'COLORTERM': 'truecolor', 'IM_CONFIG_PHASE': '1', 'WAYLAND_DISPLAY': 'wayland-0', 'COLCON_PREFIX_PATH': '/home/lota/ros2_ws/install:/home/lota/install', 'ROS_DISTRO': 'humble', 'LOGNAME': 'lota', '_': '/usr/bin/colcon', 'ROS_VERSION': '2', 'XDG_SESSION_CLASS': 'user', 'USERNAME': 'lota', 'TERM': 'xterm-256color', 'GNOME_DESKTOP_SESSION_ID': 'this-is-deprecated', 'ROS_LOCALHOST_ONLY': '0', 'PATH': '/opt/ros/humble/bin:/usr/local/sbin:/usr/local/bin:/usr/sbin:/usr/bin:/sbin:/bin:/usr/games:/usr/local/games:/snap/bin:/snap/bin', 'SESSION_MANAGER': 'local/lota-virtual-machine:@/tmp/.ICE-unix/1967,unix/lota-virtual-machine:/tmp/.ICE-unix/1967', 'XDG_MENU_PREFIX': 'gnome-', 'LC_ADDRESS': 'th_TH.UTF-8', 'GNOME_TERMINAL_SCREEN': '/org/gnome/Terminal/screen/d7bacb81_830e_43ca_b990_85ad42f32cb3', 'GNOME_SETUP_DISPLAY': ':1', 'XDG_RUNTIME_DIR': '/run/user/1000', 'DISPLAY': ':0', 'LANG': 'en_US.UTF-8', 'XDG_CURRENT_DESKTOP': 'ubuntu:GNOME', 'LC_TELEPHONE': 'th_TH.UTF-8', 'XMODIFIERS': '@im=ibus', 'XDG_SESSION_DESKTOP': 'ubuntu', 'XAUTHORITY': '/run/user/1000/.mutter-Xwaylandauth.E9YLH3', 'LS_COLORS': 'di=1;36:ln=1;33:ex=1;32:fi=0', 'GNOME_TERMINAL_SERVICE': ':1.108', 'SSH_AGENT_LAUNCHER': 'gnome-keyring', 'SSH_AUTH_SOCK': '/run/user/1000/keyring/ssh', 'AMENT_PREFIX_PATH': '/home/lota/ros2_ws/install/rplidar_ros:/home/lota/ros2_ws/install/my_robot_config:/home/lota/ros2_ws/install/imu_hwt911:/home/lota/ros2_ws/install/dual_lidar_tools:/home/lota/install/rrt_planner:/home/lota/install/rplidar_ros:/home/lota/install/my_robot_config:/home/lota/install/dynamixel_sdk:/opt/ros/humble', 'SHELL': '/bin/bash', 'LC_NAME': 'th_TH.UTF-8', 'QT_ACCESSIBILITY': '1', 'GDMSESSION': 'ubuntu', 'LC_MEASUREMENT': 'th_TH.UTF-8', 'LC_IDENTIFICATION': 'th_TH.UTF-8', 'QT_IM_MODULE': 'ibus', 'PWD': '/home/lota/ros2_ws/build/imu_hwt911', 'LC_ALL': 'en_US.UTF-8', 'XDG_CONFIG_DIRS': '/etc/xdg/xdg-ubuntu:/etc/xdg', 'XDG_DATA_DIRS': '/usr/share/ubuntu:/usr/local/share/:/usr/share/:/var/lib/snapd/desktop', 'PYTHONPATH': '/home/lota/ros2_ws/build/imu_hwt911/prefix_override:/usr/lib/python3/dist-packages/colcon_core/task/python/colcon_distutils_commands:/home/lota/ros2_ws/install/imu_hwt911/lib/python3.10/site-packages:/home/lota/ros2_ws/build/imu_hwt911:/home/lota/ros2_ws/build/dual_lidar_tools:/home/lota/ros2_ws/install/imu_hwt911/lib/python3.10/site-packages:/home/lota/ros2_ws/install/dual_lidar_tools/lib/python3.10/site-packages:/home/lota/install/rrt_planner/lib/python3.10/site-packages:/opt/ros/humble/lib/python3.10/site-packages:/opt/ros/humble/local/lib/python3.10/dist-packages', 'LC_NUMERIC': 'th_TH.UTF-8', 'LC_PAPER': 'th_TH.UTF-8', 'COLCON': '1', 'VTE_VERSION': '6800', 'CMAKE_PREFIX_PATH': '/home/lota/ros2_ws/install/rplidar_ros:/home/lota/ros2_ws/install/my_robot_config:/home/lota/install/rplidar_ros:/home/lota/install/my_robot_config:/home/lota/install/dynamixel_sdk'}, 'shell': False}
[1.817060] (-) TimerEvent: {}
[1.825003] (dual_lidar_tools) Command: {'cmd': ['/usr/bin/python3', '-W', 'ignore:setup.py install is deprecated', '-W', 'ignore:easy_install command is deprecated', 'setup.py', 'develop', '--editable', '--build-directory', '/home/lota/ros2_ws/build/dual_lidar_tools/build', '--no-deps', 'symlink_data', '--force'], 'cwd': '/home/lota/ros2_ws/build/dual_lidar_tools', 'env': {'LANGUAGE': 'en_US:', 'USER': 'lota', 'LC_TIME': 'th_TH.UTF-8', 'XDG_SESSION_TYPE': 'wayland', 'SHLVL': '1', 'LD_LIBRARY_PATH': '/home/lota/install/dynamixel_sdk/lib:/usr/lib/x86_64-linux-gnu/gazebo-11/plugins:/opt/ros/humble/opt/rviz_ogre_vendor/lib:/opt/ros/humble/lib/x86_64-linux-gnu:/opt/ros/humble/lib', 'HOME': '/home/lota', 'OLDPWD': '/home/lota/ros2_ws', 'DESKTOP_SESSION': 'ubuntu', 'ROS_PYTHON_VERSION': '3', 'GNOME_SHELL_SESSION_MODE': 'ubuntu', 'GTK_MODULES': 'gail:atk-bridge', 'LC_MONETARY': 'th_TH.UTF-8', 'SYSTEMD_EXEC_PID': '3046', 'DBUS_SESSION_BUS_ADDRESS': 'unix:path=/run/user/1000/bus', 'COLORTERM': 'truecolor', 'IM_CONFIG_PHASE': '1', 'WAYLAND_DISPLAY': 'wayland-0', 'COLCON_PREFIX_PATH': '/home/lota/ros2_ws/install:/home/lota/install', 'ROS_DISTRO': 'humble', 'LOGNAME': 'lota', '_': '/usr/bin/colcon', 'ROS_VERSION': '2', 'XDG_SESSION_CLASS': 'user', 'USERNAME': 'lota', 'TERM': 'xterm-256color', 'GNOME_DESKTOP_SESSION_ID': 'this-is-deprecated', 'ROS_LOCALHOST_ONLY': '0', 'PATH': '/opt/ros/humble/bin:/usr/local/sbin:/usr/local/bin:/usr/sbin:/usr/bin:/sbin:/bin:/usr/games:/usr/local/games:/snap/bin:/snap/bin', 'SESSION_MANAGER': 'local/lota-virtual-machine:@/tmp/.ICE-unix/1967,unix/lota-virtual-machine:/tmp/.ICE-unix/1967', 'XDG_MENU_PREFIX': 'gnome-', 'LC_ADDRESS': 'th_TH.UTF-8', 'GNOME_TERMINAL_SCREEN': '/org/gnome/Terminal/screen/d7bacb81_830e_43ca_b990_85ad42f32cb3', 'GNOME_SETUP_DISPLAY': ':1', 'XDG_RUNTIME_DIR': '/run/user/1000', 'DISPLAY': ':0', 'LANG': 'en_US.UTF-8', 'XDG_CURRENT_DESKTOP': 'ubuntu:GNOME', 'LC_TELEPHONE': 'th_TH.UTF-8', 'XMODIFIERS': '@im=ibus', 'XDG_SESSION_DESKTOP': 'ubuntu', 'XAUTHORITY': '/run/user/1000/.mutter-Xwaylandauth.E9YLH3', 'LS_COLORS': 'di=1;36:ln=1;33:ex=1;32:fi=0', 'GNOME_TERMINAL_SERVICE': ':1.108', 'SSH_AGENT_LAUNCHER': 'gnome-keyring', 'SSH_AUTH_SOCK': '/run/user/1000/keyring/ssh', 'AMENT_PREFIX_PATH': '/home/lota/ros2_ws/install/rplidar_ros:/home/lota/ros2_ws/install/my_robot_config:/home/lota/ros2_ws/install/imu_hwt911:/home/lota/ros2_ws/install/dual_lidar_tools:/home/lota/install/rrt_planner:/home/lota/install/rplidar_ros:/home/lota/install/my_robot_config:/home/lota/install/dynamixel_sdk:/opt/ros/humble', 'SHELL': '/bin/bash', 'LC_NAME': 'th_TH.UTF-8', 'QT_ACCESSIBILITY': '1', 'GDMSESSION': 'ubuntu', 'LC_MEASUREMENT': 'th_TH.UTF-8', 'LC_IDENTIFICATION': 'th_TH.UTF-8', 'QT_IM_MODULE': 'ibus', 'PWD': '/home/lota/ros2_ws/build/dual_lidar_tools', 'LC_ALL': 'en_US.UTF-8', 'XDG_CONFIG_DIRS': '/etc/xdg/xdg-ubuntu:/etc/xdg', 'XDG_DATA_DIRS': '/usr/share/ubuntu:/usr/local/share/:/usr/share/:/var/lib/snapd/desktop', 'PYTHONPATH': '/home/lota/ros2_ws/build/dual_lidar_tools/prefix_override:/usr/lib/python3/dist-packages/colcon_core/task/python/colcon_distutils_commands:/home/lota/ros2_ws/install/dual_lidar_tools/lib/python3.10/site-packages:/home/lota/ros2_ws/build/imu_hwt911:/home/lota/ros2_ws/build/dual_lidar_tools:/home/lota/ros2_ws/install/imu_hwt911/lib/python3.10/site-packages:/home/lota/ros2_ws/install/dual_lidar_tools/lib/python3.10/site-packages:/home/lota/install/rrt_planner/lib/python3.10/site-packages:/opt/ros/humble/lib/python3.10/site-packages:/opt/ros/humble/local/lib/python3.10/dist-packages', 'LC_NUMERIC': 'th_TH.UTF-8', 'LC_PAPER': 'th_TH.UTF-8', 'COLCON': '1', 'VTE_VERSION': '6800', 'CMAKE_PREFIX_PATH': '/home/lota/ros2_ws/install/rplidar_ros:/home/lota/ros2_ws/install/my_robot_config:/home/lota/install/rplidar_ros:/home/lota/install/my_robot_config:/home/lota/install/dynamixel_sdk'}, 'shell': False}
[1.917484] (-) TimerEvent: {}
[2.019843] (-) TimerEvent: {}
[2.124390] (-) TimerEvent: {}
[2.142302] (imu_hwt911) StdoutLine: {'line': b'running develop\n'}
[2.224837] (-) TimerEvent: {}
[2.276142] (dual_lidar_tools) StdoutLine: {'line': b'running develop\n'}
[2.324912] (-) TimerEvent: {}
[2.348617] (imu_hwt911) StdoutLine: {'line': b'running egg_info\n'}
[2.351043] (imu_hwt911) StdoutLine: {'line': b'writing imu_hwt911.egg-info/PKG-INFO\n'}
[2.355179] (imu_hwt911) StdoutLine: {'line': b'writing dependency_links to imu_hwt911.egg-info/dependency_links.txt\n'}
[2.355358] (imu_hwt911) StdoutLine: {'line': b'writing entry points to imu_hwt911.egg-info/entry_points.txt\n'}
[2.358887] (imu_hwt911) StdoutLine: {'line': b'writing requirements to imu_hwt911.egg-info/requires.txt\n'}
[2.359024] (imu_hwt911) StdoutLine: {'line': b'writing top-level names to imu_hwt911.egg-info/top_level.txt\n'}
[2.370927] (imu_hwt911) StdoutLine: {'line': b"reading manifest file 'imu_hwt911.egg-info/SOURCES.txt'\n"}
[2.371103] (imu_hwt911) StdoutLine: {'line': b"writing manifest file 'imu_hwt911.egg-info/SOURCES.txt'\n"}
[2.373687] (imu_hwt911) StdoutLine: {'line': b'running build_ext\n'}
[2.374360] (imu_hwt911) StdoutLine: {'line': b'Creating /home/lota/ros2_ws/install/imu_hwt911/lib/python3.10/site-packages/imu-hwt911.egg-link (link to .)\n'}
[2.375604] (imu_hwt911) StdoutLine: {'line': b'Installing hwt911_node script to /home/lota/ros2_ws/install/imu_hwt911/lib/imu_hwt911\n'}
[2.377175] (imu_hwt911) StdoutLine: {'line': b'\n'}
[2.377377] (imu_hwt911) StdoutLine: {'line': b'Installed /home/lota/ros2_ws/build/imu_hwt911\n'}
[2.378355] (imu_hwt911) StdoutLine: {'line': b'running symlink_data\n'}
[2.378456] (imu_hwt911) StdoutLine: {'line': b'symbolically linking /home/lota/ros2_ws/build/imu_hwt911/resource/imu_hwt911 -> /home/lota/ros2_ws/install/imu_hwt911/share/ament_index/resource_index/packages\n'}
[2.378608] (imu_hwt911) StdoutLine: {'line': b'symbolically linking /home/lota/ros2_ws/build/imu_hwt911/package.xml -> /home/lota/ros2_ws/install/imu_hwt911/share/imu_hwt911\n'}
[2.378690] (imu_hwt911) StdoutLine: {'line': b'symbolically linking /home/lota/ros2_ws/build/imu_hwt911/launch/imu_bringup.launch.py -> /home/lota/ros2_ws/install/imu_hwt911/share/imu_hwt911/launch\n'}
[2.426708] (-) TimerEvent: {}
[2.430702] (imu_hwt911) CommandEnded: {'returncode': 0}
[2.450987] (imu_hwt911) JobEnded: {'identifier': 'imu_hwt911', 'rc': 0}
[2.451999] (my_robot_config) JobStarted: {'identifier': 'my_robot_config'}
[2.474851] (my_robot_config) JobProgress: {'identifier': 'my_robot_config', 'progress': 'cmake'}
[2.476738] (my_robot_config) Command: {'cmd': ['/usr/bin/cmake', '/home/lota/ros2_ws/src/my_robot_config', '-DAMENT_CMAKE_SYMLINK_INSTALL=1', '-DCMAKE_INSTALL_PREFIX=/home/lota/ros2_ws/install/my_robot_config'], 'cwd': '/home/lota/ros2_ws/build/my_robot_config', 'env': OrderedDict([('LANGUAGE', 'en_US:'), ('USER', 'lota'), ('LC_TIME', 'th_TH.UTF-8'), ('XDG_SESSION_TYPE', 'wayland'), ('SHLVL', '1'), ('LD_LIBRARY_PATH', '/home/lota/install/dynamixel_sdk/lib:/usr/lib/x86_64-linux-gnu/gazebo-11/plugins:/opt/ros/humble/opt/rviz_ogre_vendor/lib:/opt/ros/humble/lib/x86_64-linux-gnu:/opt/ros/humble/lib'), ('HOME', '/home/lota'), ('OLDPWD', '/home/lota/ros2_ws'), ('DESKTOP_SESSION', 'ubuntu'), ('ROS_PYTHON_VERSION', '3'), ('GNOME_SHELL_SESSION_MODE', 'ubuntu'), ('GTK_MODULES', 'gail:atk-bridge'), ('LC_MONETARY', 'th_TH.UTF-8'), ('SYSTEMD_EXEC_PID', '3046'), ('DBUS_SESSION_BUS_ADDRESS', 'unix:path=/run/user/1000/bus'), ('COLORTERM', 'truecolor'), ('IM_CONFIG_PHASE', '1'), ('WAYLAND_DISPLAY', 'wayland-0'), ('COLCON_PREFIX_PATH', '/home/lota/ros2_ws/install:/home/lota/install'), ('ROS_DISTRO', 'humble'), ('LOGNAME', 'lota'), ('_', '/usr/bin/colcon'), ('ROS_VERSION', '2'), ('XDG_SESSION_CLASS', 'user'), ('USERNAME', 'lota'), ('TERM', 'xterm-256color'), ('GNOME_DESKTOP_SESSION_ID', 'this-is-deprecated'), ('ROS_LOCALHOST_ONLY', '0'), ('PATH', '/opt/ros/humble/bin:/usr/local/sbin:/usr/local/bin:/usr/sbin:/usr/bin:/sbin:/bin:/usr/games:/usr/local/games:/snap/bin:/snap/bin'), ('SESSION_MANAGER', 'local/lota-virtual-machine:@/tmp/.ICE-unix/1967,unix/lota-virtual-machine:/tmp/.ICE-unix/1967'), ('XDG_MENU_PREFIX', 'gnome-'), ('LC_ADDRESS', 'th_TH.UTF-8'), ('GNOME_TERMINAL_SCREEN', '/org/gnome/Terminal/screen/d7bacb81_830e_43ca_b990_85ad42f32cb3'), ('GNOME_SETUP_DISPLAY', ':1'), ('XDG_RUNTIME_DIR', '/run/user/1000'), ('DISPLAY', ':0'), ('LANG', 'en_US.UTF-8'), ('XDG_CURRENT_DESKTOP', 'ubuntu:GNOME'), ('LC_TELEPHONE', 'th_TH.UTF-8'), ('XMODIFIERS', '@im=ibus'), ('XDG_SESSION_DESKTOP', 'ubuntu'), ('XAUTHORITY', '/run/user/1000/.mutter-Xwaylandauth.E9YLH3'), ('LS_COLORS', 'di=1;36:ln=1;33:ex=1;32:fi=0'), ('GNOME_TERMINAL_SERVICE', ':1.108'), ('SSH_AGENT_LAUNCHER', 'gnome-keyring'), ('SSH_AUTH_SOCK', '/run/user/1000/keyring/ssh'), ('AMENT_PREFIX_PATH', '/home/lota/ros2_ws/install/rplidar_ros:/home/lota/ros2_ws/install/my_robot_config:/home/lota/ros2_ws/install/imu_hwt911:/home/lota/ros2_ws/install/dual_lidar_tools:/home/lota/install/rrt_planner:/home/lota/install/rplidar_ros:/home/lota/install/my_robot_config:/home/lota/install/dynamixel_sdk:/opt/ros/humble'), ('SHELL', '/bin/bash'), ('LC_NAME', 'th_TH.UTF-8'), ('QT_ACCESSIBILITY', '1'), ('GDMSESSION', 'ubuntu'), ('LC_MEASUREMENT', 'th_TH.UTF-8'), ('LC_IDENTIFICATION', 'th_TH.UTF-8'), ('QT_IM_MODULE', 'ibus'), ('PWD', '/home/lota/ros2_ws/build/my_robot_config'), ('LC_ALL', 'en_US.UTF-8'), ('XDG_CONFIG_DIRS', '/etc/xdg/xdg-ubuntu:/etc/xdg'), ('XDG_DATA_DIRS', '/usr/share/ubuntu:/usr/local/share/:/usr/share/:/var/lib/snapd/desktop'), ('PYTHONPATH', '/home/lota/ros2_ws/build/imu_hwt911:/home/lota/ros2_ws/build/dual_lidar_tools:/home/lota/ros2_ws/install/imu_hwt911/lib/python3.10/site-packages:/home/lota/ros2_ws/install/dual_lidar_tools/lib/python3.10/site-packages:/home/lota/install/rrt_planner/lib/python3.10/site-packages:/opt/ros/humble/lib/python3.10/site-packages:/opt/ros/humble/local/lib/python3.10/dist-packages'), ('LC_NUMERIC', 'th_TH.UTF-8'), ('LC_PAPER', 'th_TH.UTF-8'), ('COLCON', '1'), ('VTE_VERSION', '6800'), ('CMAKE_PREFIX_PATH', '/home/lota/ros2_ws/install/rplidar_ros:/home/lota/ros2_ws/install/my_robot_config:/home/lota/install/rplidar_ros:/home/lota/install/my_robot_config:/home/lota/install/dynamixel_sdk:/home/lota/ros2_ws/install/imu_hwt911:/home/lota/ros2_ws/install/dual_lidar_tools:/home/lota/install/rrt_planner:/opt/ros/humble')]), 'shell': False}
[2.527396] (-) TimerEvent: {}
[2.530920] (dual_lidar_tools) StdoutLine: {'line': b'running egg_info\n'}
[2.531576] (dual_lidar_tools) StdoutLine: {'line': b'writing dual_lidar_tools.egg-info/PKG-INFO\n'}
[2.532916] (dual_lidar_tools) StdoutLine: {'line': b'writing dependency_links to dual_lidar_tools.egg-info/dependency_links.txt\n'}
[2.533215] (dual_lidar_tools) StdoutLine: {'line': b'writing entry points to dual_lidar_tools.egg-info/entry_points.txt\n'}
[2.533508] (dual_lidar_tools) StdoutLine: {'line': b'writing requirements to dual_lidar_tools.egg-info/requires.txt\n'}
[2.533780] (dual_lidar_tools) StdoutLine: {'line': b'writing top-level names to dual_lidar_tools.egg-info/top_level.txt\n'}
[2.536795] (dual_lidar_tools) StdoutLine: {'line': b"reading manifest file 'dual_lidar_tools.egg-info/SOURCES.txt'\n"}
[2.537488] (dual_lidar_tools) StdoutLine: {'line': b"writing manifest file 'dual_lidar_tools.egg-info/SOURCES.txt'\n"}
[2.541298] (dual_lidar_tools) StdoutLine: {'line': b'running build_ext\n'}
[2.541584] (dual_lidar_tools) StdoutLine: {'line': b'Creating /home/lota/ros2_ws/install/dual_lidar_tools/lib/python3.10/site-packages/dual-lidar-tools.egg-link (link to .)\n'}
[2.541655] (dual_lidar_tools) StdoutLine: {'line': b'Installing dual_lidar_merger script to /home/lota/ros2_ws/install/dual_lidar_tools/lib/dual_lidar_tools\n'}
[2.541713] (dual_lidar_tools) StdoutLine: {'line': b'\n'}
[2.541770] (dual_lidar_tools) StdoutLine: {'line': b'Installed /home/lota/ros2_ws/build/dual_lidar_tools\n'}
[2.541825] (dual_lidar_tools) StdoutLine: {'line': b'running symlink_data\n'}
[2.542006] (dual_lidar_tools) StdoutLine: {'line': b'symbolically linking /home/lota/ros2_ws/build/dual_lidar_tools/resource/dual_lidar_tools -> /home/lota/ros2_ws/install/dual_lidar_tools/share/ament_index/resource_index/packages\n'}
[2.543078] (dual_lidar_tools) StdoutLine: {'line': b'symbolically linking /home/lota/ros2_ws/build/dual_lidar_tools/package.xml -> /home/lota/ros2_ws/install/dual_lidar_tools/share/dual_lidar_tools\n'}
[2.585008] (my_robot_config) StdoutLine: {'line': b'-- Found ament_cmake: 1.3.12 (/opt/ros/humble/share/ament_cmake/cmake)\n'}
[2.591893] (dual_lidar_tools) CommandEnded: {'returncode': 0}
[2.610231] (dual_lidar_tools) JobEnded: {'identifier': 'dual_lidar_tools', 'rc': 0}
[2.616823] (rplidar_ros) JobStarted: {'identifier': 'rplidar_ros'}
[2.628183] (-) TimerEvent: {}
[2.666985] (rplidar_ros) JobProgress: {'identifier': 'rplidar_ros', 'progress': 'cmake'}
[2.672898] (rplidar_ros) Command: {'cmd': ['/usr/bin/cmake', '/home/lota/ros2_ws/src/rplidar_ros', '-DAMENT_CMAKE_SYMLINK_INSTALL=1', '-DCMAKE_INSTALL_PREFIX=/home/lota/ros2_ws/install/rplidar_ros'], 'cwd': '/home/lota/ros2_ws/build/rplidar_ros', 'env': OrderedDict([('LANGUAGE', 'en_US:'), ('USER', 'lota'), ('LC_TIME', 'th_TH.UTF-8'), ('XDG_SESSION_TYPE', 'wayland'), ('SHLVL', '1'), ('LD_LIBRARY_PATH', '/home/lota/install/dynamixel_sdk/lib:/usr/lib/x86_64-linux-gnu/gazebo-11/plugins:/opt/ros/humble/opt/rviz_ogre_vendor/lib:/opt/ros/humble/lib/x86_64-linux-gnu:/opt/ros/humble/lib'), ('HOME', '/home/lota'), ('OLDPWD', '/home/lota/ros2_ws'), ('DESKTOP_SESSION', 'ubuntu'), ('ROS_PYTHON_VERSION', '3'), ('GNOME_SHELL_SESSION_MODE', 'ubuntu'), ('GTK_MODULES', 'gail:atk-bridge'), ('LC_MONETARY', 'th_TH.UTF-8'), ('SYSTEMD_EXEC_PID', '3046'), ('DBUS_SESSION_BUS_ADDRESS', 'unix:path=/run/user/1000/bus'), ('COLORTERM', 'truecolor'), ('IM_CONFIG_PHASE', '1'), ('WAYLAND_DISPLAY', 'wayland-0'), ('COLCON_PREFIX_PATH', '/home/lota/ros2_ws/install:/home/lota/install'), ('ROS_DISTRO', 'humble'), ('LOGNAME', 'lota'), ('_', '/usr/bin/colcon'), ('ROS_VERSION', '2'), ('XDG_SESSION_CLASS', 'user'), ('USERNAME', 'lota'), ('TERM', 'xterm-256color'), ('GNOME_DESKTOP_SESSION_ID', 'this-is-deprecated'), ('ROS_LOCALHOST_ONLY', '0'), ('PATH', '/opt/ros/humble/bin:/usr/local/sbin:/usr/local/bin:/usr/sbin:/usr/bin:/sbin:/bin:/usr/games:/usr/local/games:/snap/bin:/snap/bin'), ('SESSION_MANAGER', 'local/lota-virtual-machine:@/tmp/.ICE-unix/1967,unix/lota-virtual-machine:/tmp/.ICE-unix/1967'), ('XDG_MENU_PREFIX', 'gnome-'), ('LC_ADDRESS', 'th_TH.UTF-8'), ('GNOME_TERMINAL_SCREEN', '/org/gnome/Terminal/screen/d7bacb81_830e_43ca_b990_85ad42f32cb3'), ('GNOME_SETUP_DISPLAY', ':1'), ('XDG_RUNTIME_DIR', '/run/user/1000'), ('DISPLAY', ':0'), ('LANG', 'en_US.UTF-8'), ('XDG_CURRENT_DESKTOP', 'ubuntu:GNOME'), ('LC_TELEPHONE', 'th_TH.UTF-8'), ('XMODIFIERS', '@im=ibus'), ('XDG_SESSION_DESKTOP', 'ubuntu'), ('XAUTHORITY', '/run/user/1000/.mutter-Xwaylandauth.E9YLH3'), ('LS_COLORS', 'di=1;36:ln=1;33:ex=1;32:fi=0'), ('GNOME_TERMINAL_SERVICE', ':1.108'), ('SSH_AGENT_LAUNCHER', 'gnome-keyring'), ('SSH_AUTH_SOCK', '/run/user/1000/keyring/ssh'), ('AMENT_PREFIX_PATH', '/home/lota/ros2_ws/install/rplidar_ros:/home/lota/ros2_ws/install/my_robot_config:/home/lota/ros2_ws/install/imu_hwt911:/home/lota/ros2_ws/install/dual_lidar_tools:/home/lota/install/rrt_planner:/home/lota/install/rplidar_ros:/home/lota/install/my_robot_config:/home/lota/install/dynamixel_sdk:/opt/ros/humble'), ('SHELL', '/bin/bash'), ('LC_NAME', 'th_TH.UTF-8'), ('QT_ACCESSIBILITY', '1'), ('GDMSESSION', 'ubuntu'), ('LC_MEASUREMENT', 'th_TH.UTF-8'), ('LC_IDENTIFICATION', 'th_TH.UTF-8'), ('QT_IM_MODULE', 'ibus'), ('PWD', '/home/lota/ros2_ws/build/rplidar_ros'), ('LC_ALL', 'en_US.UTF-8'), ('XDG_CONFIG_DIRS', '/etc/xdg/xdg-ubuntu:/etc/xdg'), ('XDG_DATA_DIRS', '/usr/share/ubuntu:/usr/local/share/:/usr/share/:/var/lib/snapd/desktop'), ('PYTHONPATH', '/home/lota/ros2_ws/build/imu_hwt911:/home/lota/ros2_ws/build/dual_lidar_tools:/home/lota/ros2_ws/install/imu_hwt911/lib/python3.10/site-packages:/home/lota/ros2_ws/install/dual_lidar_tools/lib/python3.10/site-packages:/home/lota/install/rrt_planner/lib/python3.10/site-packages:/opt/ros/humble/lib/python3.10/site-packages:/opt/ros/humble/local/lib/python3.10/dist-packages'), ('LC_NUMERIC', 'th_TH.UTF-8'), ('LC_PAPER', 'th_TH.UTF-8'), ('COLCON', '1'), ('VTE_VERSION', '6800'), ('CMAKE_PREFIX_PATH', '/home/lota/ros2_ws/install/rplidar_ros:/home/lota/ros2_ws/install/my_robot_config:/home/lota/install/rplidar_ros:/home/lota/install/my_robot_config:/home/lota/install/dynamixel_sdk:/home/lota/ros2_ws/install/imu_hwt911:/home/lota/ros2_ws/install/dual_lidar_tools:/home/lota/install/rrt_planner:/opt/ros/humble')]), 'shell': False}
[2.715145] (rplidar_ros) StdoutLine: {'line': b'-- Found ament_cmake: 1.3.12 (/opt/ros/humble/share/ament_cmake/cmake)\n'}
[2.728326] (-) TimerEvent: {}
[2.831301] (-) TimerEvent: {}
[2.896361] (my_robot_config) StdoutLine: {'line': b'-- Override CMake install command with custom implementation using symlinks instead of copying resources\n'}
[2.933012] (-) TimerEvent: {}
[2.996205] (rplidar_ros) StdoutLine: {'line': b'-- Override CMake install command with custom implementation using symlinks instead of copying resources\n'}
[3.019246] (rplidar_ros) StdoutLine: {'line': b'-- Found rclcpp: 16.0.15 (/opt/ros/humble/share/rclcpp/cmake)\n'}
[3.034780] (-) TimerEvent: {}
[3.137186] (-) TimerEvent: {}
[3.157979] (my_robot_config) StdoutLine: {'line': b'-- Configuring done\n'}
[3.195194] (rplidar_ros) StdoutLine: {'line': b'-- Found rosidl_generator_c: 3.1.7 (/opt/ros/humble/share/rosidl_generator_c/cmake)\n'}
[3.208447] (my_robot_config) StdoutLine: {'line': b'-- Generating done\n'}
[3.210345] (rplidar_ros) StdoutLine: {'line': b'-- Found rosidl_adapter: 3.1.7 (/opt/ros/humble/share/rosidl_adapter/cmake)\n'}
[3.226882] (my_robot_config) StdoutLine: {'line': b'-- Build files have been written to: /home/lota/ros2_ws/build/my_robot_config\n'}
[3.238068] (-) TimerEvent: {}
[3.242572] (my_robot_config) CommandEnded: {'returncode': 0}
[3.242968] (my_robot_config) JobProgress: {'identifier': 'my_robot_config', 'progress': 'build'}
[3.243004] (my_robot_config) Command: {'cmd': ['/usr/bin/cmake', '--build', '/home/lota/ros2_ws/build/my_robot_config', '--', '-j2', '-l2'], 'cwd': '/home/lota/ros2_ws/build/my_robot_config', 'env': OrderedDict([('LANGUAGE', 'en_US:'), ('USER', 'lota'), ('LC_TIME', 'th_TH.UTF-8'), ('XDG_SESSION_TYPE', 'wayland'), ('SHLVL', '1'), ('LD_LIBRARY_PATH', '/home/lota/install/dynamixel_sdk/lib:/usr/lib/x86_64-linux-gnu/gazebo-11/plugins:/opt/ros/humble/opt/rviz_ogre_vendor/lib:/opt/ros/humble/lib/x86_64-linux-gnu:/opt/ros/humble/lib'), ('HOME', '/home/lota'), ('OLDPWD', '/home/lota/ros2_ws'), ('DESKTOP_SESSION', 'ubuntu'), ('ROS_PYTHON_VERSION', '3'), ('GNOME_SHELL_SESSION_MODE', 'ubuntu'), ('GTK_MODULES', 'gail:atk-bridge'), ('LC_MONETARY', 'th_TH.UTF-8'), ('SYSTEMD_EXEC_PID', '3046'), ('DBUS_SESSION_BUS_ADDRESS', 'unix:path=/run/user/1000/bus'), ('COLORTERM', 'truecolor'), ('IM_CONFIG_PHASE', '1'), ('WAYLAND_DISPLAY', 'wayland-0'), ('COLCON_PREFIX_PATH', '/home/lota/ros2_ws/install:/home/lota/install'), ('ROS_DISTRO', 'humble'), ('LOGNAME', 'lota'), ('_', '/usr/bin/colcon'), ('ROS_VERSION', '2'), ('XDG_SESSION_CLASS', 'user'), ('USERNAME', 'lota'), ('TERM', 'xterm-256color'), ('GNOME_DESKTOP_SESSION_ID', 'this-is-deprecated'), ('ROS_LOCALHOST_ONLY', '0'), ('PATH', '/opt/ros/humble/bin:/usr/local/sbin:/usr/local/bin:/usr/sbin:/usr/bin:/sbin:/bin:/usr/games:/usr/local/games:/snap/bin:/snap/bin'), ('SESSION_MANAGER', 'local/lota-virtual-machine:@/tmp/.ICE-unix/1967,unix/lota-virtual-machine:/tmp/.ICE-unix/1967'), ('XDG_MENU_PREFIX', 'gnome-'), ('LC_ADDRESS', 'th_TH.UTF-8'), ('GNOME_TERMINAL_SCREEN', '/org/gnome/Terminal/screen/d7bacb81_830e_43ca_b990_85ad42f32cb3'), ('GNOME_SETUP_DISPLAY', ':1'), ('XDG_RUNTIME_DIR', '/run/user/1000'), ('DISPLAY', ':0'), ('LANG', 'en_US.UTF-8'), ('XDG_CURRENT_DESKTOP', 'ubuntu:GNOME'), ('LC_TELEPHONE', 'th_TH.UTF-8'), ('XMODIFIERS', '@im=ibus'), ('XDG_SESSION_DESKTOP', 'ubuntu'), ('XAUTHORITY', '/run/user/1000/.mutter-Xwaylandauth.E9YLH3'), ('LS_COLORS', 'di=1;36:ln=1;33:ex=1;32:fi=0'), ('GNOME_TERMINAL_SERVICE', ':1.108'), ('SSH_AGENT_LAUNCHER', 'gnome-keyring'), ('SSH_AUTH_SOCK', '/run/user/1000/keyring/ssh'), ('AMENT_PREFIX_PATH', '/home/lota/ros2_ws/install/rplidar_ros:/home/lota/ros2_ws/install/my_robot_config:/home/lota/ros2_ws/install/imu_hwt911:/home/lota/ros2_ws/install/dual_lidar_tools:/home/lota/install/rrt_planner:/home/lota/install/rplidar_ros:/home/lota/install/my_robot_config:/home/lota/install/dynamixel_sdk:/opt/ros/humble'), ('SHELL', '/bin/bash'), ('LC_NAME', 'th_TH.UTF-8'), ('QT_ACCESSIBILITY', '1'), ('GDMSESSION', 'ubuntu'), ('LC_MEASUREMENT', 'th_TH.UTF-8'), ('LC_IDENTIFICATION', 'th_TH.UTF-8'), ('QT_IM_MODULE', 'ibus'), ('PWD', '/home/lota/ros2_ws/build/my_robot_config'), ('LC_ALL', 'en_US.UTF-8'), ('XDG_CONFIG_DIRS', '/etc/xdg/xdg-ubuntu:/etc/xdg'), ('XDG_DATA_DIRS', '/usr/share/ubuntu:/usr/local/share/:/usr/share/:/var/lib/snapd/desktop'), ('PYTHONPATH', '/home/lota/ros2_ws/build/imu_hwt911:/home/lota/ros2_ws/build/dual_lidar_tools:/home/lota/ros2_ws/install/imu_hwt911/lib/python3.10/site-packages:/home/lota/ros2_ws/install/dual_lidar_tools/lib/python3.10/site-packages:/home/lota/install/rrt_planner/lib/python3.10/site-packages:/opt/ros/humble/lib/python3.10/site-packages:/opt/ros/humble/local/lib/python3.10/dist-packages'), ('LC_NUMERIC', 'th_TH.UTF-8'), ('LC_PAPER', 'th_TH.UTF-8'), ('COLCON', '1'), ('VTE_VERSION', '6800'), ('CMAKE_PREFIX_PATH', '/home/lota/ros2_ws/install/rplidar_ros:/home/lota/ros2_ws/install/my_robot_config:/home/lota/install/rplidar_ros:/home/lota/install/my_robot_config:/home/lota/install/dynamixel_sdk:/home/lota/ros2_ws/install/imu_hwt911:/home/lota/ros2_ws/install/dual_lidar_tools:/home/lota/install/rrt_planner:/opt/ros/humble')]), 'shell': False}
[3.246912] (rplidar_ros) StdoutLine: {'line': b'-- Found rosidl_generator_cpp: 3.1.7 (/opt/ros/humble/share/rosidl_generator_cpp/cmake)\n'}
[3.279866] (rplidar_ros) StdoutLine: {'line': b'-- Using all available rosidl_typesupport_c: rosidl_typesupport_fastrtps_c;rosidl_typesupport_introspection_c\n'}
[3.326351] (rplidar_ros) StdoutLine: {'line': b'-- Using all available rosidl_typesupport_cpp: rosidl_typesupport_fastrtps_cpp;rosidl_typesupport_introspection_cpp\n'}
[3.340319] (-) TimerEvent: {}
[3.359339] (my_robot_config) CommandEnded: {'returncode': 0}
[3.360466] (my_robot_config) JobProgress: {'identifier': 'my_robot_config', 'progress': 'install'}
[3.389449] (my_robot_config) Command: {'cmd': ['/usr/bin/cmake', '--install', '/home/lota/ros2_ws/build/my_robot_config'], 'cwd': '/home/lota/ros2_ws/build/my_robot_config', 'env': OrderedDict([('LANGUAGE', 'en_US:'), ('USER', 'lota'), ('LC_TIME', 'th_TH.UTF-8'), ('XDG_SESSION_TYPE', 'wayland'), ('SHLVL', '1'), ('LD_LIBRARY_PATH', '/home/lota/install/dynamixel_sdk/lib:/usr/lib/x86_64-linux-gnu/gazebo-11/plugins:/opt/ros/humble/opt/rviz_ogre_vendor/lib:/opt/ros/humble/lib/x86_64-linux-gnu:/opt/ros/humble/lib'), ('HOME', '/home/lota'), ('OLDPWD', '/home/lota/ros2_ws'), ('DESKTOP_SESSION', 'ubuntu'), ('ROS_PYTHON_VERSION', '3'), ('GNOME_SHELL_SESSION_MODE', 'ubuntu'), ('GTK_MODULES', 'gail:atk-bridge'), ('LC_MONETARY', 'th_TH.UTF-8'), ('SYSTEMD_EXEC_PID', '3046'), ('DBUS_SESSION_BUS_ADDRESS', 'unix:path=/run/user/1000/bus'), ('COLORTERM', 'truecolor'), ('IM_CONFIG_PHASE', '1'), ('WAYLAND_DISPLAY', 'wayland-0'), ('COLCON_PREFIX_PATH', '/home/lota/ros2_ws/install:/home/lota/install'), ('ROS_DISTRO', 'humble'), ('LOGNAME', 'lota'), ('_', '/usr/bin/colcon'), ('ROS_VERSION', '2'), ('XDG_SESSION_CLASS', 'user'), ('USERNAME', 'lota'), ('TERM', 'xterm-256color'), ('GNOME_DESKTOP_SESSION_ID', 'this-is-deprecated'), ('ROS_LOCALHOST_ONLY', '0'), ('PATH', '/opt/ros/humble/bin:/usr/local/sbin:/usr/local/bin:/usr/sbin:/usr/bin:/sbin:/bin:/usr/games:/usr/local/games:/snap/bin:/snap/bin'), ('SESSION_MANAGER', 'local/lota-virtual-machine:@/tmp/.ICE-unix/1967,unix/lota-virtual-machine:/tmp/.ICE-unix/1967'), ('XDG_MENU_PREFIX', 'gnome-'), ('LC_ADDRESS', 'th_TH.UTF-8'), ('GNOME_TERMINAL_SCREEN', '/org/gnome/Terminal/screen/d7bacb81_830e_43ca_b990_85ad42f32cb3'), ('GNOME_SETUP_DISPLAY', ':1'), ('XDG_RUNTIME_DIR', '/run/user/1000'), ('DISPLAY', ':0'), ('LANG', 'en_US.UTF-8'), ('XDG_CURRENT_DESKTOP', 'ubuntu:GNOME'), ('LC_TELEPHONE', 'th_TH.UTF-8'), ('XMODIFIERS', '@im=ibus'), ('XDG_SESSION_DESKTOP', 'ubuntu'), ('XAUTHORITY', '/run/user/1000/.mutter-Xwaylandauth.E9YLH3'), ('LS_COLORS', 'di=1;36:ln=1;33:ex=1;32:fi=0'), ('GNOME_TERMINAL_SERVICE', ':1.108'), ('SSH_AGENT_LAUNCHER', 'gnome-keyring'), ('SSH_AUTH_SOCK', '/run/user/1000/keyring/ssh'), ('AMENT_PREFIX_PATH', '/home/lota/ros2_ws/install/rplidar_ros:/home/lota/ros2_ws/install/my_robot_config:/home/lota/ros2_ws/install/imu_hwt911:/home/lota/ros2_ws/install/dual_lidar_tools:/home/lota/install/rrt_planner:/home/lota/install/rplidar_ros:/home/lota/install/my_robot_config:/home/lota/install/dynamixel_sdk:/opt/ros/humble'), ('SHELL', '/bin/bash'), ('LC_NAME', 'th_TH.UTF-8'), ('QT_ACCESSIBILITY', '1'), ('GDMSESSION', 'ubuntu'), ('LC_MEASUREMENT', 'th_TH.UTF-8'), ('LC_IDENTIFICATION', 'th_TH.UTF-8'), ('QT_IM_MODULE', 'ibus'), ('PWD', '/home/lota/ros2_ws/build/my_robot_config'), ('LC_ALL', 'en_US.UTF-8'), ('XDG_CONFIG_DIRS', '/etc/xdg/xdg-ubuntu:/etc/xdg'), ('XDG_DATA_DIRS', '/usr/share/ubuntu:/usr/local/share/:/usr/share/:/var/lib/snapd/desktop'), ('PYTHONPATH', '/home/lota/ros2_ws/build/imu_hwt911:/home/lota/ros2_ws/build/dual_lidar_tools:/home/lota/ros2_ws/install/imu_hwt911/lib/python3.10/site-packages:/home/lota/ros2_ws/install/dual_lidar_tools/lib/python3.10/site-packages:/home/lota/install/rrt_planner/lib/python3.10/site-packages:/opt/ros/humble/lib/python3.10/site-packages:/opt/ros/humble/local/lib/python3.10/dist-packages'), ('LC_NUMERIC', 'th_TH.UTF-8'), ('LC_PAPER', 'th_TH.UTF-8'), ('COLCON', '1'), ('VTE_VERSION', '6800'), ('CMAKE_PREFIX_PATH', '/home/lota/ros2_ws/install/rplidar_ros:/home/lota/ros2_ws/install/my_robot_config:/home/lota/install/rplidar_ros:/home/lota/install/my_robot_config:/home/lota/install/dynamixel_sdk:/home/lota/ros2_ws/install/imu_hwt911:/home/lota/ros2_ws/install/dual_lidar_tools:/home/lota/install/rrt_planner:/opt/ros/humble')]), 'shell': False}
[3.416317] (my_robot_config) StdoutLine: {'line': b'-- Install configuration: ""\n'}
[3.418832] (my_robot_config) StdoutLine: {'line': b'-- Execute custom install script\n'}
[3.426489] (my_robot_config) StdoutLine: {'line': b'-- Up-to-date symlink: /home/lota/ros2_ws/install/my_robot_config/share/my_robot_config//launch/bringup_localization.launch.py\n'}
[3.426900] (my_robot_config) StdoutLine: {'line': b'-- Up-to-date symlink: /home/lota/ros2_ws/install/my_robot_config/share/my_robot_config//launch/bringup_navigation.launch.py\n'}
[3.426979] (my_robot_config) StdoutLine: {'line': b'-- Up-to-date symlink: /home/lota/ros2_ws/install/my_robot_config/share/my_robot_config//launch/dual_lidar_with_merge.launch.py\n'}
[3.427025] (my_robot_config) StdoutLine: {'line': b'-- Up-to-date symlink: /home/lota/ros2_ws/install/my_robot_config/share/my_robot_config//launch/encoder_imu_odom.launch.py\n'}
[3.427077] (my_robot_config) StdoutLine: {'line': b'-- Up-to-date symlink: /home/lota/ros2_ws/install/my_robot_config/share/my_robot_config//launch/slam_2lidar.launch.py\n'}
[3.427128] (my_robot_config) StderrLine: {'line': b'\x1b[33mCMake Warning (dev) at ament_cmake_symlink_install/ament_cmake_symlink_install.cmake:62 (file):\n'}
[3.427212] (my_robot_config) StderrLine: {'line': b'  Policy CMP0009 is not set: FILE GLOB_RECURSE calls should not follow\n'}
[3.427264] (my_robot_config) StderrLine: {'line': b'  symlinks by default.  Run "cmake --help-policy CMP0009" for policy details.\n'}
[3.427319] (my_robot_config) StderrLine: {'line': b'  Use the cmake_policy command to set the policy and suppress this warning.\n'}
[3.427362] (my_robot_config) StderrLine: {'line': b'Call Stack (most recent call first):\n'}
[3.427396] (my_robot_config) StderrLine: {'line': b'  ament_cmake_symlink_install/ament_cmake_symlink_install.cmake:314 (ament_cmake_symlink_install_directory)\n'}
[3.427429] (my_robot_config) StderrLine: {'line': b'  cmake_install.cmake:46 (include)\n'}
[3.427461] (my_robot_config) StderrLine: {'line': b'This warning is for project developers.  Use -Wno-dev to suppress it.\n'}
[3.427492] (my_robot_config) StderrLine: {'line': b'\x1b[0m\n'}
[3.433767] (my_robot_config) StdoutLine: {'line': b'-- Up-to-date symlink: /home/lota/ros2_ws/install/my_robot_config/share/my_robot_config//config/amcl.yaml\n'}
[3.434033] (my_robot_config) StdoutLine: {'line': b'-- Up-to-date symlink: /home/lota/ros2_ws/install/my_robot_config/share/my_robot_config//config/build/.built_by\n'}
[3.434097] (my_robot_config) StdoutLine: {'line': b'-- Up-to-date symlink: /home/lota/ros2_ws/install/my_robot_config/share/my_robot_config//config/build/COLCON_IGNORE\n'}
[3.434146] (my_robot_config) StdoutLine: {'line': b'-- Up-to-date symlink: /home/lota/ros2_ws/install/my_robot_config/share/my_robot_config//config/dual_lidar_merge.yaml\n'}
[3.434199] (my_robot_config) StdoutLine: {'line': b'-- Up-to-date symlink: /home/lota/ros2_ws/install/my_robot_config/share/my_robot_config//config/install/.colcon_install_layout\n'}
[3.434452] (my_robot_config) StdoutLine: {'line': b'-- Up-to-date symlink: /home/lota/ros2_ws/install/my_robot_config/share/my_robot_config//config/install/COLCON_IGNORE\n'}
[3.434704] (my_robot_config) StdoutLine: {'line': b'-- Up-to-date symlink: /home/lota/ros2_ws/install/my_robot_config/share/my_robot_config//config/install/_local_setup_util_ps1.py\n'}
[3.438727] (my_robot_config) StdoutLine: {'line': b'-- Up-to-date symlink: /home/lota/ros2_ws/install/my_robot_config/share/my_robot_config//config/install/_local_setup_util_sh.py\n'}
[3.438968] (my_robot_config) StdoutLine: {'line': b'-- Up-to-date symlink: /home/lota/ros2_ws/install/my_robot_config/share/my_robot_config//config/install/local_setup.bash\n'}
[3.439193] (my_robot_config) StdoutLine: {'line': b'-- Up-to-date symlink: /home/lota/ros2_ws/install/my_robot_config/share/my_robot_config//config/install/local_setup.ps1\n'}
[3.439278] (my_robot_config) StdoutLine: {'line': b'-- Up-to-date symlink: /home/lota/ros2_ws/install/my_robot_config/share/my_robot_config//config/install/local_setup.sh\n'}
[3.439327] (my_robot_config) StdoutLine: {'line': b'-- Up-to-date symlink: /home/lota/ros2_ws/install/my_robot_config/share/my_robot_config//config/install/local_setup.zsh\n'}
[3.439375] (my_robot_config) StdoutLine: {'line': b'-- Up-to-date symlink: /home/lota/ros2_ws/install/my_robot_config/share/my_robot_config//config/install/setup.bash\n'}
[3.439423] (my_robot_config) StdoutLine: {'line': b'-- Up-to-date symlink: /home/lota/ros2_ws/install/my_robot_config/share/my_robot_config//config/install/setup.ps1\n'}
[3.439720] (my_robot_config) StdoutLine: {'line': b'-- Up-to-date symlink: /home/lota/ros2_ws/install/my_robot_config/share/my_robot_config//config/install/setup.sh\n'}
[3.440151] (my_robot_config) StdoutLine: {'line': b'-- Up-to-date symlink: /home/lota/ros2_ws/install/my_robot_config/share/my_robot_config//config/install/setup.zsh\n'}
[3.440408] (-) TimerEvent: {}
[3.447234] (my_robot_config) StdoutLine: {'line': b'-- Up-to-date symlink: /home/lota/ros2_ws/install/my_robot_config/share/my_robot_config//config/log/COLCON_IGNORE\n'}
[3.447400] (my_robot_config) StdoutLine: {'line': b'-- Up-to-date symlink: /home/lota/ros2_ws/install/my_robot_config/share/my_robot_config//config/log/build_2025-12-26_21-04-28/events.log\n'}
[3.447457] (my_robot_config) StdoutLine: {'line': b'-- Up-to-date symlink: /home/lota/ros2_ws/install/my_robot_config/share/my_robot_config//config/log/build_2025-12-26_21-04-28/logger_all.log\n'}
[3.447521] (my_robot_config) StdoutLine: {'line': b'-- Up-to-date symlink: /home/lota/ros2_ws/install/my_robot_config/share/my_robot_config//config/log/latest/events.log\n'}
[3.447570] (my_robot_config) StdoutLine: {'line': b'-- Up-to-date symlink: /home/lota/ros2_ws/install/my_robot_config/share/my_robot_config//config/log/latest/logger_all.log\n'}
[3.447617] (my_robot_config) StdoutLine: {'line': b'-- Up-to-date symlink: /home/lota/ros2_ws/install/my_robot_config/share/my_robot_config//config/log/latest_build/events.log\n'}
[3.447678] (my_robot_config) StdoutLine: {'line': b'-- Up-to-date symlink: /home/lota/ros2_ws/install/my_robot_config/share/my_robot_config//config/log/latest_build/logger_all.log\n'}
[3.447724] (my_robot_config) StdoutLine: {'line': b'-- Up-to-date symlink: /home/lota/ros2_ws/install/my_robot_config/share/my_robot_config//config/nav2_controller_only.yaml\n'}
[3.447771] (my_robot_config) StdoutLine: {'line': b'-- Up-to-date symlink: /home/lota/ros2_ws/install/my_robot_config/share/my_robot_config//config/nav2_params.yaml\n'}
[3.447819] (my_robot_config) StdoutLine: {'line': b'-- Up-to-date symlink: /home/lota/ros2_ws/install/my_robot_config/share/my_robot_config//config/odom_ekf.yaml\n'}
[3.447869] (my_robot_config) StdoutLine: {'line': b'-- Up-to-date symlink: /home/lota/ros2_ws/install/my_robot_config/share/my_robot_config//config/slam_toolbox_merged.yaml\n'}
[3.447926] (my_robot_config) StdoutLine: {'line': b'-- Up-to-date symlink: /home/lota/ros2_ws/install/my_robot_config/lib/my_robot_config/imu_odom.py\n'}
[3.447962] (my_robot_config) StdoutLine: {'line': b'-- Up-to-date symlink: /home/lota/ros2_ws/install/my_robot_config/lib/my_robot_config/stm32_reader.py\n'}
[3.447994] (my_robot_config) StdoutLine: {'line': b'-- Up-to-date symlink: /home/lota/ros2_ws/install/my_robot_config/lib/my_robot_config/encoder_dep_trai.py\n'}
[3.448027] (my_robot_config) StdoutLine: {'line': b'-- Up-to-date symlink: /home/lota/ros2_ws/install/my_robot_config/lib/my_robot_config/wheel_tf_node.py\n'}
[3.448613] (my_robot_config) StdoutLine: {'line': b'-- Up-to-date symlink: /home/lota/ros2_ws/install/my_robot_config/share/ament_index/resource_index/package_run_dependencies/my_robot_config\n'}
[3.448686] (my_robot_config) StdoutLine: {'line': b'-- Up-to-date symlink: /home/lota/ros2_ws/install/my_robot_config/share/ament_index/resource_index/parent_prefix_path/my_robot_config\n'}
[3.448739] (my_robot_config) StdoutLine: {'line': b'-- Up-to-date symlink: /home/lota/ros2_ws/install/my_robot_config/share/my_robot_config/environment/ament_prefix_path.sh\n'}
[3.448787] (my_robot_config) StdoutLine: {'line': b'-- Up-to-date symlink: /home/lota/ros2_ws/install/my_robot_config/share/my_robot_config/environment/ament_prefix_path.dsv\n'}
[3.453117] (my_robot_config) StdoutLine: {'line': b'-- Up-to-date symlink: /home/lota/ros2_ws/install/my_robot_config/share/my_robot_config/environment/path.sh\n'}
[3.453232] (my_robot_config) StdoutLine: {'line': b'-- Up-to-date symlink: /home/lota/ros2_ws/install/my_robot_config/share/my_robot_config/environment/path.dsv\n'}
[3.453316] (my_robot_config) StdoutLine: {'line': b'-- Up-to-date symlink: /home/lota/ros2_ws/install/my_robot_config/share/my_robot_config/local_setup.bash\n'}
[3.453370] (my_robot_config) StdoutLine: {'line': b'-- Up-to-date symlink: /home/lota/ros2_ws/install/my_robot_config/share/my_robot_config/local_setup.sh\n'}
[3.453417] (my_robot_config) StdoutLine: {'line': b'-- Up-to-date symlink: /home/lota/ros2_ws/install/my_robot_config/share/my_robot_config/local_setup.zsh\n'}
[3.453464] (my_robot_config) StdoutLine: {'line': b'-- Up-to-date symlink: /home/lota/ros2_ws/install/my_robot_config/share/my_robot_config/local_setup.dsv\n'}
[3.453510] (my_robot_config) StdoutLine: {'line': b'-- Symlinking: /home/lota/ros2_ws/install/my_robot_config/share/my_robot_config/package.dsv\n'}
[3.490844] (my_robot_config) StdoutLine: {'line': b'-- Up-to-date symlink: /home/lota/ros2_ws/install/my_robot_config/share/ament_index/resource_index/packages/my_robot_config\n'}
[3.491019] (my_robot_config) StdoutLine: {'line': b'-- Up-to-date symlink: /home/lota/ros2_ws/install/my_robot_config/share/my_robot_config/cmake/my_robot_configConfig.cmake\n'}
[3.491084] (my_robot_config) StdoutLine: {'line': b'-- Up-to-date symlink: /home/lota/ros2_ws/install/my_robot_config/share/my_robot_config/cmake/my_robot_configConfig-version.cmake\n'}
[3.491136] (my_robot_config) StdoutLine: {'line': b'-- Up-to-date symlink: /home/lota/ros2_ws/install/my_robot_config/share/my_robot_config/package.xml\n'}
[3.494832] (my_robot_config) CommandEnded: {'returncode': 0}
[3.524705] (rplidar_ros) StdoutLine: {'line': b'-- Found rmw_implementation_cmake: 6.1.2 (/opt/ros/humble/share/rmw_implementation_cmake/cmake)\n'}
[3.532957] (rplidar_ros) StdoutLine: {'line': b'-- Found rmw_fastrtps_cpp: 6.2.8 (/opt/ros/humble/share/rmw_fastrtps_cpp/cmake)\n'}
[3.538879] (my_robot_config) JobEnded: {'identifier': 'my_robot_config', 'rc': 0}
[3.543673] (-) TimerEvent: {}
[3.644963] (-) TimerEvent: {}
[3.745281] (-) TimerEvent: {}
[3.794493] (rplidar_ros) StdoutLine: {'line': b"-- Using RMW implementation 'rmw_fastrtps_cpp' as default\n"}
[3.846715] (-) TimerEvent: {}
[3.920777] (rplidar_ros) StdoutLine: {'line': b'-- Found sensor_msgs: 4.9.0 (/opt/ros/humble/share/sensor_msgs/cmake)\n'}
[3.946858] (-) TimerEvent: {}
[4.009721] (rplidar_ros) StdoutLine: {'line': b'-- Found std_srvs: 4.9.0 (/opt/ros/humble/share/std_srvs/cmake)\n'}
[4.047188] (-) TimerEvent: {}
[4.136598] (rplidar_ros) StdoutLine: {'line': b'-- Configuring done\n'}
[4.147323] (-) TimerEvent: {}
[4.202232] (rplidar_ros) StdoutLine: {'line': b'-- Generating done\n'}
[4.221869] (rplidar_ros) StdoutLine: {'line': b'-- Build files have been written to: /home/lota/ros2_ws/build/rplidar_ros\n'}
[4.237875] (rplidar_ros) CommandEnded: {'returncode': 0}
[4.238315] (rplidar_ros) JobProgress: {'identifier': 'rplidar_ros', 'progress': 'build'}
[4.238345] (rplidar_ros) Command: {'cmd': ['/usr/bin/cmake', '--build', '/home/lota/ros2_ws/build/rplidar_ros', '--', '-j2', '-l2'], 'cwd': '/home/lota/ros2_ws/build/rplidar_ros', 'env': OrderedDict([('LANGUAGE', 'en_US:'), ('USER', 'lota'), ('LC_TIME', 'th_TH.UTF-8'), ('XDG_SESSION_TYPE', 'wayland'), ('SHLVL', '1'), ('LD_LIBRARY_PATH', '/home/lota/install/dynamixel_sdk/lib:/usr/lib/x86_64-linux-gnu/gazebo-11/plugins:/opt/ros/humble/opt/rviz_ogre_vendor/lib:/opt/ros/humble/lib/x86_64-linux-gnu:/opt/ros/humble/lib'), ('HOME', '/home/lota'), ('OLDPWD', '/home/lota/ros2_ws'), ('DESKTOP_SESSION', 'ubuntu'), ('ROS_PYTHON_VERSION', '3'), ('GNOME_SHELL_SESSION_MODE', 'ubuntu'), ('GTK_MODULES', 'gail:atk-bridge'), ('LC_MONETARY', 'th_TH.UTF-8'), ('SYSTEMD_EXEC_PID', '3046'), ('DBUS_SESSION_BUS_ADDRESS', 'unix:path=/run/user/1000/bus'), ('COLORTERM', 'truecolor'), ('IM_CONFIG_PHASE', '1'), ('WAYLAND_DISPLAY', 'wayland-0'), ('COLCON_PREFIX_PATH', '/home/lota/ros2_ws/install:/home/lota/install'), ('ROS_DISTRO', 'humble'), ('LOGNAME', 'lota'), ('_', '/usr/bin/colcon'), ('ROS_VERSION', '2'), ('XDG_SESSION_CLASS', 'user'), ('USERNAME', 'lota'), ('TERM', 'xterm-256color'), ('GNOME_DESKTOP_SESSION_ID', 'this-is-deprecated'), ('ROS_LOCALHOST_ONLY', '0'), ('PATH', '/opt/ros/humble/bin:/usr/local/sbin:/usr/local/bin:/usr/sbin:/usr/bin:/sbin:/bin:/usr/games:/usr/local/games:/snap/bin:/snap/bin'), ('SESSION_MANAGER', 'local/lota-virtual-machine:@/tmp/.ICE-unix/1967,unix/lota-virtual-machine:/tmp/.ICE-unix/1967'), ('XDG_MENU_PREFIX', 'gnome-'), ('LC_ADDRESS', 'th_TH.UTF-8'), ('GNOME_TERMINAL_SCREEN', '/org/gnome/Terminal/screen/d7bacb81_830e_43ca_b990_85ad42f32cb3'), ('GNOME_SETUP_DISPLAY', ':1'), ('XDG_RUNTIME_DIR', '/run/user/1000'), ('DISPLAY', ':0'), ('LANG', 'en_US.UTF-8'), ('XDG_CURRENT_DESKTOP', 'ubuntu:GNOME'), ('LC_TELEPHONE', 'th_TH.UTF-8'), ('XMODIFIERS', '@im=ibus'), ('XDG_SESSION_DESKTOP', 'ubuntu'), ('XAUTHORITY', '/run/user/1000/.mutter-Xwaylandauth.E9YLH3'), ('LS_COLORS', 'di=1;36:ln=1;33:ex=1;32:fi=0'), ('GNOME_TERMINAL_SERVICE', ':1.108'), ('SSH_AGENT_LAUNCHER', 'gnome-keyring'), ('SSH_AUTH_SOCK', '/run/user/1000/keyring/ssh'), ('AMENT_PREFIX_PATH', '/home/lota/ros2_ws/install/rplidar_ros:/home/lota/ros2_ws/install/my_robot_config:/home/lota/ros2_ws/install/imu_hwt911:/home/lota/ros2_ws/install/dual_lidar_tools:/home/lota/install/rrt_planner:/home/lota/install/rplidar_ros:/home/lota/install/my_robot_config:/home/lota/install/dynamixel_sdk:/opt/ros/humble'), ('SHELL', '/bin/bash'), ('LC_NAME', 'th_TH.UTF-8'), ('QT_ACCESSIBILITY', '1'), ('GDMSESSION', 'ubuntu'), ('LC_MEASUREMENT', 'th_TH.UTF-8'), ('LC_IDENTIFICATION', 'th_TH.UTF-8'), ('QT_IM_MODULE', 'ibus'), ('PWD', '/home/lota/ros2_ws/build/rplidar_ros'), ('LC_ALL', 'en_US.UTF-8'), ('XDG_CONFIG_DIRS', '/etc/xdg/xdg-ubuntu:/etc/xdg'), ('XDG_DATA_DIRS', '/usr/share/ubuntu:/usr/local/share/:/usr/share/:/var/lib/snapd/desktop'), ('PYTHONPATH', '/home/lota/ros2_ws/build/imu_hwt911:/home/lota/ros2_ws/build/dual_lidar_tools:/home/lota/ros2_ws/install/imu_hwt911/lib/python3.10/site-packages:/home/lota/ros2_ws/install/dual_lidar_tools/lib/python3.10/site-packages:/home/lota/install/rrt_planner/lib/python3.10/site-packages:/opt/ros/humble/lib/python3.10/site-packages:/opt/ros/humble/local/lib/python3.10/dist-packages'), ('LC_NUMERIC', 'th_TH.UTF-8'), ('LC_PAPER', 'th_TH.UTF-8'), ('COLCON', '1'), ('VTE_VERSION', '6800'), ('CMAKE_PREFIX_PATH', '/home/lota/ros2_ws/install/rplidar_ros:/home/lota/ros2_ws/install/my_robot_config:/home/lota/install/rplidar_ros:/home/lota/install/my_robot_config:/home/lota/install/dynamixel_sdk:/home/lota/ros2_ws/install/imu_hwt911:/home/lota/ros2_ws/install/dual_lidar_tools:/home/lota/install/rrt_planner:/opt/ros/humble')]), 'shell': False}
[4.247753] (-) TimerEvent: {}
[4.351090] (-) TimerEvent: {}
[4.391070] (rplidar_ros) StdoutLine: {'line': b'\x1b[35m\x1b[1mConsolidate compiler generated dependencies of target rplidar_composition\x1b[0m\n'}
[4.393897] (rplidar_ros) StdoutLine: {'line': b'\x1b[35m\x1b[1mConsolidate compiler generated dependencies of target rplidar_node\x1b[0m\n'}
[4.451354] (-) TimerEvent: {}
[4.486800] (rplidar_ros) StdoutLine: {'line': b'[ 89%] Built target rplidar_node\n'}
[4.493988] (rplidar_ros) StdoutLine: {'line': b'[ 94%] Built target rplidar_composition\n'}
[4.503658] (rplidar_ros) StdoutLine: {'line': b'\x1b[35m\x1b[1mConsolidate compiler generated dependencies of target rplidar_client\x1b[0m\n'}
[4.530330] (rplidar_ros) StdoutLine: {'line': b'[100%] Built target rplidar_client\n'}
[4.550883] (rplidar_ros) CommandEnded: {'returncode': 0}
[4.551280] (rplidar_ros) JobProgress: {'identifier': 'rplidar_ros', 'progress': 'install'}
[4.551298] (rplidar_ros) Command: {'cmd': ['/usr/bin/cmake', '--install', '/home/lota/ros2_ws/build/rplidar_ros'], 'cwd': '/home/lota/ros2_ws/build/rplidar_ros', 'env': OrderedDict([('LANGUAGE', 'en_US:'), ('USER', 'lota'), ('LC_TIME', 'th_TH.UTF-8'), ('XDG_SESSION_TYPE', 'wayland'), ('SHLVL', '1'), ('LD_LIBRARY_PATH', '/home/lota/install/dynamixel_sdk/lib:/usr/lib/x86_64-linux-gnu/gazebo-11/plugins:/opt/ros/humble/opt/rviz_ogre_vendor/lib:/opt/ros/humble/lib/x86_64-linux-gnu:/opt/ros/humble/lib'), ('HOME', '/home/lota'), ('OLDPWD', '/home/lota/ros2_ws'), ('DESKTOP_SESSION', 'ubuntu'), ('ROS_PYTHON_VERSION', '3'), ('GNOME_SHELL_SESSION_MODE', 'ubuntu'), ('GTK_MODULES', 'gail:atk-bridge'), ('LC_MONETARY', 'th_TH.UTF-8'), ('SYSTEMD_EXEC_PID', '3046'), ('DBUS_SESSION_BUS_ADDRESS', 'unix:path=/run/user/1000/bus'), ('COLORTERM', 'truecolor'), ('IM_CONFIG_PHASE', '1'), ('WAYLAND_DISPLAY', 'wayland-0'), ('COLCON_PREFIX_PATH', '/home/lota/ros2_ws/install:/home/lota/install'), ('ROS_DISTRO', 'humble'), ('LOGNAME', 'lota'), ('_', '/usr/bin/colcon'), ('ROS_VERSION', '2'), ('XDG_SESSION_CLASS', 'user'), ('USERNAME', 'lota'), ('TERM', 'xterm-256color'), ('GNOME_DESKTOP_SESSION_ID', 'this-is-deprecated'), ('ROS_LOCALHOST_ONLY', '0'), ('PATH', '/opt/ros/humble/bin:/usr/local/sbin:/usr/local/bin:/usr/sbin:/usr/bin:/sbin:/bin:/usr/games:/usr/local/games:/snap/bin:/snap/bin'), ('SESSION_MANAGER', 'local/lota-virtual-machine:@/tmp/.ICE-unix/1967,unix/lota-virtual-machine:/tmp/.ICE-unix/1967'), ('XDG_MENU_PREFIX', 'gnome-'), ('LC_ADDRESS', 'th_TH.UTF-8'), ('GNOME_TERMINAL_SCREEN', '/org/gnome/Terminal/screen/d7bacb81_830e_43ca_b990_85ad42f32cb3'), ('GNOME_SETUP_DISPLAY', ':1'), ('XDG_RUNTIME_DIR', '/run/user/1000'), ('DISPLAY', ':0'), ('LANG', 'en_US.UTF-8'), ('XDG_CURRENT_DESKTOP', 'ubuntu:GNOME'), ('LC_TELEPHONE', 'th_TH.UTF-8'), ('XMODIFIERS', '@im=ibus'), ('XDG_SESSION_DESKTOP', 'ubuntu'), ('XAUTHORITY', '/run/user/1000/.mutter-Xwaylandauth.E9YLH3'), ('LS_COLORS', 'di=1;36:ln=1;33:ex=1;32:fi=0'), ('GNOME_TERMINAL_SERVICE', ':1.108'), ('SSH_AGENT_LAUNCHER', 'gnome-keyring'), ('SSH_AUTH_SOCK', '/run/user/1000/keyring/ssh'), ('AMENT_PREFIX_PATH', '/home/lota/ros2_ws/install/rplidar_ros:/home/lota/ros2_ws/install/my_robot_config:/home/lota/ros2_ws/install/imu_hwt911:/home/lota/ros2_ws/install/dual_lidar_tools:/home/lota/install/rrt_planner:/home/lota/install/rplidar_ros:/home/lota/install/my_robot_config:/home/lota/install/dynamixel_sdk:/opt/ros/humble'), ('SHELL', '/bin/bash'), ('LC_NAME', 'th_TH.UTF-8'), ('QT_ACCESSIBILITY', '1'), ('GDMSESSION', 'ubuntu'), ('LC_MEASUREMENT', 'th_TH.UTF-8'), ('LC_IDENTIFICATION', 'th_TH.UTF-8'), ('QT_IM_MODULE', 'ibus'), ('PWD', '/home/lota/ros2_ws/build/rplidar_ros'), ('LC_ALL', 'en_US.UTF-8'), ('XDG_CONFIG_DIRS', '/etc/xdg/xdg-ubuntu:/etc/xdg'), ('XDG_DATA_DIRS', '/usr/share/ubuntu:/usr/local/share/:/usr/share/:/var/lib/snapd/desktop'), ('PYTHONPATH', '/home/lota/ros2_ws/build/imu_hwt911:/home/lota/ros2_ws/build/dual_lidar_tools:/home/lota/ros2_ws/install/imu_hwt911/lib/python3.10/site-packages:/home/lota/ros2_ws/install/dual_lidar_tools/lib/python3.10/site-packages:/home/lota/install/rrt_planner/lib/python3.10/site-packages:/opt/ros/humble/lib/python3.10/site-packages:/opt/ros/humble/local/lib/python3.10/dist-packages'), ('LC_NUMERIC', 'th_TH.UTF-8'), ('LC_PAPER', 'th_TH.UTF-8'), ('COLCON', '1'), ('VTE_VERSION', '6800'), ('CMAKE_PREFIX_PATH', '/home/lota/ros2_ws/install/rplidar_ros:/home/lota/ros2_ws/install/my_robot_config:/home/lota/install/rplidar_ros:/home/lota/install/my_robot_config:/home/lota/install/dynamixel_sdk:/home/lota/ros2_ws/install/imu_hwt911:/home/lota/ros2_ws/install/dual_lidar_tools:/home/lota/install/rrt_planner:/opt/ros/humble')]), 'shell': False}
[4.551506] (-) TimerEvent: {}
[4.558792] (rplidar_ros) StdoutLine: {'line': b'-- Install configuration: ""\n'}
[4.560448] (rplidar_ros) StdoutLine: {'line': b'-- Execute custom install script\n'}
[4.561521] (rplidar_ros) StdoutLine: {'line': b'-- Up-to-date symlink: /home/lota/ros2_ws/install/rplidar_ros/share/rplidar_ros/launch/rplidar_a1_launch.py\n'}
[4.561598] (rplidar_ros) StdoutLine: {'line': b'-- Up-to-date symlink: /home/lota/ros2_ws/install/rplidar_ros/share/rplidar_ros/launch/rplidar_a2m12_launch.py\n'}
[4.561655] (rplidar_ros) StdoutLine: {'line': b'-- Up-to-date symlink: /home/lota/ros2_ws/install/rplidar_ros/share/rplidar_ros/launch/rplidar_a2m7_launch.py\n'}
[4.561827] (rplidar_ros) StdoutLine: {'line': b'-- Up-to-date symlink: /home/lota/ros2_ws/install/rplidar_ros/share/rplidar_ros/launch/rplidar_a2m8_launch.py\n'}
[4.561970] (rplidar_ros) StdoutLine: {'line': b'-- Up-to-date symlink: /home/lota/ros2_ws/install/rplidar_ros/share/rplidar_ros/launch/rplidar_a3_launch.py\n'}
[4.562216] (rplidar_ros) StdoutLine: {'line': b'-- Up-to-date symlink: /home/lota/ros2_ws/install/rplidar_ros/share/rplidar_ros/launch/rplidar_c1_launch.py\n'}
[4.562426] (rplidar_ros) StdoutLine: {'line': b'-- Up-to-date symlink: /home/lota/ros2_ws/install/rplidar_ros/share/rplidar_ros/launch/rplidar_s1_launch.py\n'}
[4.562630] (rplidar_ros) StdoutLine: {'line': b'-- Up-to-date symlink: /home/lota/ros2_ws/install/rplidar_ros/share/rplidar_ros/launch/rplidar_s1_tcp_launch.py\n'}
[4.562826] (rplidar_ros) StdoutLine: {'line': b'-- Up-to-date symlink: /home/lota/ros2_ws/install/rplidar_ros/share/rplidar_ros/launch/rplidar_s2_launch.py\n'}
[4.563019] (rplidar_ros) StdoutLine: {'line': b'-- Up-to-date symlink: /home/lota/ros2_ws/install/rplidar_ros/share/rplidar_ros/launch/rplidar_s2e_launch.py\n'}
[4.563223] (rplidar_ros) StdoutLine: {'line': b'-- Up-to-date symlink: /home/lota/ros2_ws/install/rplidar_ros/share/rplidar_ros/launch/rplidar_s3_launch.py\n'}
[4.563426] (rplidar_ros) StdoutLine: {'line': b'-- Up-to-date symlink: /home/lota/ros2_ws/install/rplidar_ros/share/rplidar_ros/launch/rplidar_t1_launch.py\n'}
[4.563623] (rplidar_ros) StdoutLine: {'line': b'-- Up-to-date symlink: /home/lota/ros2_ws/install/rplidar_ros/share/rplidar_ros/launch/view_rplidar_a1_launch.py\n'}
[4.563862] (rplidar_ros) StdoutLine: {'line': b'-- Up-to-date symlink: /home/lota/ros2_ws/install/rplidar_ros/share/rplidar_ros/launch/view_rplidar_a2m12_launch.py\n'}
[4.564072] (rplidar_ros) StdoutLine: {'line': b'-- Up-to-date symlink: /home/lota/ros2_ws/install/rplidar_ros/share/rplidar_ros/launch/view_rplidar_a2m7_launch.py\n'}
[4.564275] (rplidar_ros) StdoutLine: {'line': b'-- Up-to-date symlink: /home/lota/ros2_ws/install/rplidar_ros/share/rplidar_ros/launch/view_rplidar_a2m8_launch.py\n'}
[4.564464] (rplidar_ros) StdoutLine: {'line': b'-- Up-to-date symlink: /home/lota/ros2_ws/install/rplidar_ros/share/rplidar_ros/launch/view_rplidar_a3_launch.py\n'}
[4.565667] (rplidar_ros) StdoutLine: {'line': b'-- Up-to-date symlink: /home/lota/ros2_ws/install/rplidar_ros/share/rplidar_ros/launch/view_rplidar_c1_launch.py\n'}
[4.565740] (rplidar_ros) StdoutLine: {'line': b'-- Up-to-date symlink: /home/lota/ros2_ws/install/rplidar_ros/share/rplidar_ros/launch/view_rplidar_s1_launch.py\n'}
[4.565777] (rplidar_ros) StdoutLine: {'line': b'-- Up-to-date symlink: /home/lota/ros2_ws/install/rplidar_ros/share/rplidar_ros/launch/view_rplidar_s1_tcp_launch.py\n'}
[4.566528] (rplidar_ros) StdoutLine: {'line': b'-- Up-to-date symlink: /home/lota/ros2_ws/install/rplidar_ros/share/rplidar_ros/launch/view_rplidar_s2_launch.py\n'}
[4.566605] (rplidar_ros) StdoutLine: {'line': b'-- Up-to-date symlink: /home/lota/ros2_ws/install/rplidar_ros/share/rplidar_ros/launch/view_rplidar_s2e_launch.py\n'}
[4.566642] (rplidar_ros) StdoutLine: {'line': b'-- Up-to-date symlink: /home/lota/ros2_ws/install/rplidar_ros/share/rplidar_ros/launch/view_rplidar_s3_launch.py\n'}
[4.566709] (rplidar_ros) StdoutLine: {'line': b'-- Up-to-date symlink: /home/lota/ros2_ws/install/rplidar_ros/share/rplidar_ros/launch/view_rplidar_t1_launch.py\n'}
[4.566743] (rplidar_ros) StdoutLine: {'line': b'-- Up-to-date symlink: /home/lota/ros2_ws/install/rplidar_ros/share/rplidar_ros/rviz/rplidar_ros.rviz\n'}
[4.567884] (rplidar_ros) StdoutLine: {'line': b'-- Up-to-date symlink: /home/lota/ros2_ws/install/rplidar_ros/lib/rplidar_ros/rplidar_node\n'}
[4.567950] (rplidar_ros) StdoutLine: {'line': b'-- Up-to-date symlink: /home/lota/ros2_ws/install/rplidar_ros/lib/rplidar_ros/rplidar_composition\n'}
[4.568034] (rplidar_ros) StdoutLine: {'line': b'-- Up-to-date symlink: /home/lota/ros2_ws/install/rplidar_ros/lib/rplidar_ros/rplidar_client\n'}
[4.568119] (rplidar_ros) StdoutLine: {'line': b'-- Up-to-date symlink: /home/lota/ros2_ws/install/rplidar_ros/share/ament_index/resource_index/package_run_dependencies/rplidar_ros\n'}
[4.568177] (rplidar_ros) StdoutLine: {'line': b'-- Up-to-date symlink: /home/lota/ros2_ws/install/rplidar_ros/share/ament_index/resource_index/parent_prefix_path/rplidar_ros\n'}
[4.568230] (rplidar_ros) StdoutLine: {'line': b'-- Up-to-date symlink: /home/lota/ros2_ws/install/rplidar_ros/share/rplidar_ros/environment/ament_prefix_path.sh\n'}
[4.568282] (rplidar_ros) StdoutLine: {'line': b'-- Up-to-date symlink: /home/lota/ros2_ws/install/rplidar_ros/share/rplidar_ros/environment/ament_prefix_path.dsv\n'}
[4.568331] (rplidar_ros) StdoutLine: {'line': b'-- Up-to-date symlink: /home/lota/ros2_ws/install/rplidar_ros/share/rplidar_ros/environment/path.sh\n'}
[4.572146] (rplidar_ros) StdoutLine: {'line': b'-- Up-to-date symlink: /home/lota/ros2_ws/install/rplidar_ros/share/rplidar_ros/environment/path.dsv\n'}
[4.572286] (rplidar_ros) StdoutLine: {'line': b'-- Up-to-date symlink: /home/lota/ros2_ws/install/rplidar_ros/share/rplidar_ros/local_setup.bash\n'}
[4.572323] (rplidar_ros) StdoutLine: {'line': b'-- Up-to-date symlink: /home/lota/ros2_ws/install/rplidar_ros/share/rplidar_ros/local_setup.sh\n'}
[4.572652] (rplidar_ros) StdoutLine: {'line': b'-- Up-to-date symlink: /home/lota/ros2_ws/install/rplidar_ros/share/rplidar_ros/local_setup.zsh\n'}
[4.572738] (rplidar_ros) StdoutLine: {'line': b'-- Up-to-date symlink: /home/lota/ros2_ws/install/rplidar_ros/share/rplidar_ros/local_setup.dsv\n'}
[4.572802] (rplidar_ros) StdoutLine: {'line': b'-- Symlinking: /home/lota/ros2_ws/install/rplidar_ros/share/rplidar_ros/package.dsv\n'}
[4.584868] (rplidar_ros) StdoutLine: {'line': b'-- Up-to-date symlink: /home/lota/ros2_ws/install/rplidar_ros/share/ament_index/resource_index/packages/rplidar_ros\n'}
[4.587985] (rplidar_ros) StdoutLine: {'line': b'-- Up-to-date symlink: /home/lota/ros2_ws/install/rplidar_ros/share/rplidar_ros/cmake/ament_cmake_export_dependencies-extras.cmake\n'}
[4.588155] (rplidar_ros) StdoutLine: {'line': b'-- Up-to-date symlink: /home/lota/ros2_ws/install/rplidar_ros/share/rplidar_ros/cmake/ament_cmake_export_include_directories-extras.cmake\n'}
[4.588214] (rplidar_ros) StdoutLine: {'line': b'-- Up-to-date symlink: /home/lota/ros2_ws/install/rplidar_ros/share/rplidar_ros/cmake/rplidar_rosConfig.cmake\n'}
[4.588268] (rplidar_ros) StdoutLine: {'line': b'-- Up-to-date symlink: /home/lota/ros2_ws/install/rplidar_ros/share/rplidar_ros/cmake/rplidar_rosConfig-version.cmake\n'}
[4.588323] (rplidar_ros) StdoutLine: {'line': b'-- Up-to-date symlink: /home/lota/ros2_ws/install/rplidar_ros/share/rplidar_ros/package.xml\n'}
[4.591976] (rplidar_ros) CommandEnded: {'returncode': 0}
[4.617190] (rplidar_ros) JobEnded: {'identifier': 'rplidar_ros', 'rc': 0}
[4.618053] (-) EventReactorShutdown: {}
