[2.543s] Invoking command in '/home/lota/ros2_ws/src/dual_lidar_tools': PYTHONPATH=/home/lota/ros2_ws/build/dual_lidar_tools/prefix_override:/usr/lib/python3/dist-packages/colcon_core/task/python/colcon_distutils_commands:/home/lota/ros2_ws/install/dual_lidar_tools/lib/python3.10/site-packages:${PYTHONPATH} /usr/bin/python3 -W ignore:setup.py install is deprecated -W ignore:easy_install command is deprecated setup.py egg_info --egg-base ../../build/dual_lidar_tools build --build-base /home/lota/ros2_ws/build/dual_lidar_tools/build install --record /home/lota/ros2_ws/build/dual_lidar_tools/install.log --single-version-externally-managed install_data
[3.375s] running egg_info
[3.381s] writing ../../build/dual_lidar_tools/dual_lidar_tools.egg-info/PKG-INFO
[3.381s] writing dependency_links to ../../build/dual_lidar_tools/dual_lidar_tools.egg-info/dependency_links.txt
[3.381s] writing entry points to ../../build/dual_lidar_tools/dual_lidar_tools.egg-info/entry_points.txt
[3.381s] writing requirements to ../../build/dual_lidar_tools/dual_lidar_tools.egg-info/requires.txt
[3.381s] writing top-level names to ../../build/dual_lidar_tools/dual_lidar_tools.egg-info/top_level.txt
[3.385s] reading manifest file '../../build/dual_lidar_tools/dual_lidar_tools.egg-info/SOURCES.txt'
[3.390s] writing manifest file '../../build/dual_lidar_tools/dual_lidar_tools.egg-info/SOURCES.txt'
[3.390s] running build
[3.390s] running build_py
[3.391s] running install
[3.393s] running install_lib
[3.395s] running install_data
[3.396s] running install_egg_info
[3.408s] removing '/home/lota/ros2_ws/install/dual_lidar_tools/lib/python3.10/site-packages/dual_lidar_tools-0.0.0-py3.10.egg-info' (and everything under it)
[3.408s] Copying ../../build/dual_lidar_tools/dual_lidar_tools.egg-info to /home/lota/ros2_ws/install/dual_lidar_tools/lib/python3.10/site-packages/dual_lidar_tools-0.0.0-py3.10.egg-info
[3.415s] running install_scripts
[3.481s] Installing dual_lidar_merger script to /home/lota/ros2_ws/install/dual_lidar_tools/lib/dual_lidar_tools
[3.489s] writing list of installed files to '/home/lota/ros2_ws/build/dual_lidar_tools/install.log'
[3.610s] Invoked command in '/home/lota/ros2_ws/src/dual_lidar_tools' returned '0': PYTHONPATH=/home/lota/ros2_ws/build/dual_lidar_tools/prefix_override:/usr/lib/python3/dist-packages/colcon_core/task/python/colcon_distutils_commands:/home/lota/ros2_ws/install/dual_lidar_tools/lib/python3.10/site-packages:${PYTHONPATH} /usr/bin/python3 -W ignore:setup.py install is deprecated -W ignore:easy_install command is deprecated setup.py egg_info --egg-base ../../build/dual_lidar_tools build --build-base /home/lota/ros2_ws/build/dual_lidar_tools/build install --record /home/lota/ros2_ws/build/dual_lidar_tools/install.log --single-version-externally-managed install_data
