[0.188s] Invoking command in '/home/lota/ros2_ws/src/build/my_robot_config': CMAKE_PREFIX_PATH=${CMAKE_PREFIX_PATH}:/home/lota/ros2_ws/install/imu_hwt911:/home/lota/ros2_ws/install/dual_lidar_tools:/home/lota/install/rrt_planner:/opt/ros/humble /usr/bin/cmake /home/lota/ros2_ws/src/my_robot_config -DAMENT_CMAKE_SYMLINK_INSTALL=1 -DCMAKE_INSTALL_PREFIX=/home/lota/ros2_ws/src/install/my_robot_config
[1.595s] -- The C compiler identification is GNU 11.4.0
[2.824s] -- The CXX compiler identification is GNU 11.4.0
[2.979s] -- Detecting C compiler ABI info
[3.823s] -- Detecting C compiler ABI info - done
[3.954s] -- Check for working C compiler: /usr/bin/cc - skipped
[3.955s] -- Detecting C compile features
[3.958s] -- Detecting C compile features - done
[3.983s] -- Detecting CXX compiler ABI info
[5.176s] -- Detecting CXX compiler ABI info - done
[5.292s] -- Check for working CXX compiler: /usr/bin/c++ - skipped
[5.293s] -- Detecting CXX compile features
[5.306s] -- Detecting CXX compile features - done
[5.348s] -- Found ament_cmake: 1.3.12 (/opt/ros/humble/share/ament_cmake/cmake)
[7.668s] -- Found Python3: /usr/bin/python3 (found version "3.10.12") found components: Interpreter 
[8.453s] -- Override CMake install command with custom implementation using symlinks instead of copying resources
[9.640s] -- Configuring done
[9.688s] -- Generating done
[9.699s] -- Build files have been written to: /home/lota/ros2_ws/src/build/my_robot_config
[9.722s] Invoked command in '/home/lota/ros2_ws/src/build/my_robot_config' returned '0': CMAKE_PREFIX_PATH=${CMAKE_PREFIX_PATH}:/home/lota/ros2_ws/install/imu_hwt911:/home/lota/ros2_ws/install/dual_lidar_tools:/home/lota/install/rrt_planner:/opt/ros/humble /usr/bin/cmake /home/lota/ros2_ws/src/my_robot_config -DAMENT_CMAKE_SYMLINK_INSTALL=1 -DCMAKE_INSTALL_PREFIX=/home/lota/ros2_ws/src/install/my_robot_config
[9.724s] Invoking command in '/home/lota/ros2_ws/src/build/my_robot_config': CMAKE_PREFIX_PATH=${CMAKE_PREFIX_PATH}:/home/lota/ros2_ws/install/imu_hwt911:/home/lota/ros2_ws/install/dual_lidar_tools:/home/lota/install/rrt_planner:/opt/ros/humble /usr/bin/cmake --build /home/lota/ros2_ws/src/build/my_robot_config -- -j2 -l2
[9.936s] Invoked command in '/home/lota/ros2_ws/src/build/my_robot_config' returned '0': CMAKE_PREFIX_PATH=${CMAKE_PREFIX_PATH}:/home/lota/ros2_ws/install/imu_hwt911:/home/lota/ros2_ws/install/dual_lidar_tools:/home/lota/install/rrt_planner:/opt/ros/humble /usr/bin/cmake --build /home/lota/ros2_ws/src/build/my_robot_config -- -j2 -l2
[10.006s] Invoking command in '/home/lota/ros2_ws/src/build/my_robot_config': CMAKE_PREFIX_PATH=${CMAKE_PREFIX_PATH}:/home/lota/ros2_ws/install/imu_hwt911:/home/lota/ros2_ws/install/dual_lidar_tools:/home/lota/install/rrt_planner:/opt/ros/humble /usr/bin/cmake --install /home/lota/ros2_ws/src/build/my_robot_config
[10.086s] -- Install configuration: ""
[10.091s] -- Execute custom install script
[10.164s] -- Symlinking: /home/lota/ros2_ws/src/install/my_robot_config/share/my_robot_config//launch/bringup_localization.launch.py
[10.236s] -- Symlinking: /home/lota/ros2_ws/src/install/my_robot_config/share/my_robot_config//launch/bringup_navigation.launch.py
[10.366s] -- Symlinking: /home/lota/ros2_ws/src/install/my_robot_config/share/my_robot_config//launch/dual_lidar_with_merge.launch.py
[10.391s] -- Symlinking: /home/lota/ros2_ws/src/install/my_robot_config/share/my_robot_config//launch/encoder_imu_odom.launch.py
[10.451s] -- Symlinking: /home/lota/ros2_ws/src/install/my_robot_config/share/my_robot_config//launch/slam_2lidar.launch.py
[10.548s] [33mCMake Warning (dev) at ament_cmake_symlink_install/ament_cmake_symlink_install.cmake:62 (file):
[10.549s]   Policy CMP0009 is not set: FILE GLOB_RECURSE calls should not follow
[10.549s]   symlinks by default.  Run "cmake --help-policy CMP0009" for policy details.
[10.549s]   Use the cmake_policy command to set the policy and suppress this warning.
[10.549s] Call Stack (most recent call first):
[10.549s]   ament_cmake_symlink_install/ament_cmake_symlink_install.cmake:314 (ament_cmake_symlink_install_directory)
[10.549s]   cmake_install.cmake:46 (include)
[10.549s] This warning is for project developers.  Use -Wno-dev to suppress it.
[10.550s] [0m
[10.566s] -- Symlinking: /home/lota/ros2_ws/src/install/my_robot_config/share/my_robot_config//config/amcl.yaml
[10.658s] -- Symlinking: /home/lota/ros2_ws/src/install/my_robot_config/share/my_robot_config//config/build/.built_by
[10.760s] -- Symlinking: /home/lota/ros2_ws/src/install/my_robot_config/share/my_robot_config//config/build/COLCON_IGNORE
[10.824s] -- Symlinking: /home/lota/ros2_ws/src/install/my_robot_config/share/my_robot_config//config/dual_lidar_merge.yaml
[10.922s] -- Symlinking: /home/lota/ros2_ws/src/install/my_robot_config/share/my_robot_config//config/install/.colcon_install_layout
[11.049s] -- Symlinking: /home/lota/ros2_ws/src/install/my_robot_config/share/my_robot_config//config/install/COLCON_IGNORE
[11.148s] -- Symlinking: /home/lota/ros2_ws/src/install/my_robot_config/share/my_robot_config//config/install/_local_setup_util_ps1.py
[11.247s] -- Symlinking: /home/lota/ros2_ws/src/install/my_robot_config/share/my_robot_config//config/install/_local_setup_util_sh.py
[11.322s] -- Symlinking: /home/lota/ros2_ws/src/install/my_robot_config/share/my_robot_config//config/install/local_setup.bash
[11.437s] -- Symlinking: /home/lota/ros2_ws/src/install/my_robot_config/share/my_robot_config//config/install/local_setup.ps1
[11.513s] -- Symlinking: /home/lota/ros2_ws/src/install/my_robot_config/share/my_robot_config//config/install/local_setup.sh
[11.578s] -- Symlinking: /home/lota/ros2_ws/src/install/my_robot_config/share/my_robot_config//config/install/local_setup.zsh
[11.616s] -- Symlinking: /home/lota/ros2_ws/src/install/my_robot_config/share/my_robot_config//config/install/setup.bash
[11.673s] -- Symlinking: /home/lota/ros2_ws/src/install/my_robot_config/share/my_robot_config//config/install/setup.ps1
[11.798s] -- Symlinking: /home/lota/ros2_ws/src/install/my_robot_config/share/my_robot_config//config/install/setup.sh
[11.872s] -- Symlinking: /home/lota/ros2_ws/src/install/my_robot_config/share/my_robot_config//config/install/setup.zsh
[11.963s] -- Symlinking: /home/lota/ros2_ws/src/install/my_robot_config/share/my_robot_config//config/log/COLCON_IGNORE
[12.077s] -- Symlinking: /home/lota/ros2_ws/src/install/my_robot_config/share/my_robot_config//config/log/build_2025-12-26_21-04-28/events.log
[12.144s] -- Symlinking: /home/lota/ros2_ws/src/install/my_robot_config/share/my_robot_config//config/log/build_2025-12-26_21-04-28/logger_all.log
[12.229s] -- Symlinking: /home/lota/ros2_ws/src/install/my_robot_config/share/my_robot_config//config/log/latest/events.log
[12.335s] -- Symlinking: /home/lota/ros2_ws/src/install/my_robot_config/share/my_robot_config//config/log/latest/logger_all.log
[12.403s] -- Symlinking: /home/lota/ros2_ws/src/install/my_robot_config/share/my_robot_config//config/log/latest_build/events.log
[12.474s] -- Symlinking: /home/lota/ros2_ws/src/install/my_robot_config/share/my_robot_config//config/log/latest_build/logger_all.log
[12.604s] -- Symlinking: /home/lota/ros2_ws/src/install/my_robot_config/share/my_robot_config//config/nav2_controller_only.yaml
[12.664s] -- Symlinking: /home/lota/ros2_ws/src/install/my_robot_config/share/my_robot_config//config/nav2_params.yaml
[12.728s] -- Symlinking: /home/lota/ros2_ws/src/install/my_robot_config/share/my_robot_config//config/odom_ekf.yaml
[12.795s] -- Symlinking: /home/lota/ros2_ws/src/install/my_robot_config/share/my_robot_config//config/slam_toolbox_merged.yaml
[12.952s] -- Symlinking: /home/lota/ros2_ws/src/install/my_robot_config/lib/my_robot_config/imu_odom.py
[13.050s] -- Symlinking: /home/lota/ros2_ws/src/install/my_robot_config/lib/my_robot_config/stm32_reader.py
[13.144s] -- Symlinking: /home/lota/ros2_ws/src/install/my_robot_config/lib/my_robot_config/encoder_dep_trai.py
[13.218s] -- Symlinking: /home/lota/ros2_ws/src/install/my_robot_config/lib/my_robot_config/wheel_tf_node.py
[13.332s] -- Symlinking: /home/lota/ros2_ws/src/install/my_robot_config/share/ament_index/resource_index/package_run_dependencies/my_robot_config
[13.422s] -- Symlinking: /home/lota/ros2_ws/src/install/my_robot_config/share/ament_index/resource_index/parent_prefix_path/my_robot_config
[13.490s] -- Symlinking: /home/lota/ros2_ws/src/install/my_robot_config/share/my_robot_config/environment/ament_prefix_path.sh
[13.643s] -- Symlinking: /home/lota/ros2_ws/src/install/my_robot_config/share/my_robot_config/environment/ament_prefix_path.dsv
[13.779s] -- Symlinking: /home/lota/ros2_ws/src/install/my_robot_config/share/my_robot_config/environment/path.sh
[13.956s] -- Symlinking: /home/lota/ros2_ws/src/install/my_robot_config/share/my_robot_config/environment/path.dsv
[14.013s] -- Symlinking: /home/lota/ros2_ws/src/install/my_robot_config/share/my_robot_config/local_setup.bash
[14.124s] -- Symlinking: /home/lota/ros2_ws/src/install/my_robot_config/share/my_robot_config/local_setup.sh
[14.244s] -- Symlinking: /home/lota/ros2_ws/src/install/my_robot_config/share/my_robot_config/local_setup.zsh
[14.321s] -- Symlinking: /home/lota/ros2_ws/src/install/my_robot_config/share/my_robot_config/local_setup.dsv
[14.420s] -- Symlinking: /home/lota/ros2_ws/src/install/my_robot_config/share/my_robot_config/package.dsv
[14.492s] -- Symlinking: /home/lota/ros2_ws/src/install/my_robot_config/share/ament_index/resource_index/packages/my_robot_config
[14.597s] -- Symlinking: /home/lota/ros2_ws/src/install/my_robot_config/share/my_robot_config/cmake/my_robot_configConfig.cmake
[14.705s] -- Symlinking: /home/lota/ros2_ws/src/install/my_robot_config/share/my_robot_config/cmake/my_robot_configConfig-version.cmake
[14.781s] -- Symlinking: /home/lota/ros2_ws/src/install/my_robot_config/share/my_robot_config/package.xml
[14.890s] Invoked command in '/home/lota/ros2_ws/src/build/my_robot_config' returned '0': CMAKE_PREFIX_PATH=${CMAKE_PREFIX_PATH}:/home/lota/ros2_ws/install/imu_hwt911:/home/lota/ros2_ws/install/dual_lidar_tools:/home/lota/install/rrt_planner:/opt/ros/humble /usr/bin/cmake --install /home/lota/ros2_ws/src/build/my_robot_config
