[0.087s] DEBUG:colcon:Command line arguments: ['/usr/bin/colcon', 'build', '--symlink-install']
[0.087s] DEBUG:colcon:Parsed command line arguments: Namespace(log_base=None, log_level=None, verb_name='build', build_base='build', install_base='install', merge_install=False, symlink_install=True, test_result_base=None, continue_on_error=False, executor='parallel', parallel_workers=2, event_handlers=None, ignore_user_meta=False, metas=['./colcon.meta'], base_paths=['.'], packages_ignore=None, packages_ignore_regex=None, paths=None, packages_up_to=None, packages_up_to_regex=None, packages_above=None, packages_above_and_dependencies=None, packages_above_depth=None, packages_select_by_dep=None, packages_skip_by_dep=None, packages_skip_up_to=None, packages_select_build_failed=False, packages_skip_build_finished=False, packages_select_test_failures=False, packages_skip_test_passed=False, packages_select=None, packages_skip=None, packages_select_regex=None, packages_skip_regex=None, packages_start=None, packages_end=None, allow_overriding=[], cmake_args=None, cmake_target=None, cmake_target_skip_unavailable=False, cmake_clean_cache=False, cmake_clean_first=False, cmake_force_configure=False, ament_cmake_args=None, catkin_cmake_args=None, catkin_skip_building_tests=False, verb_parser=<colcon_defaults.argument_parser.defaults.DefaultArgumentsDecorator object at 0x7fefd88627d0>, verb_extension=<colcon_core.verb.build.BuildVerb object at 0x7fefd88621d0>, main=<bound method BuildVerb.main of <colcon_core.verb.build.BuildVerb object at 0x7fefd88621d0>>)
[0.227s] Level 1:colcon.colcon_core.package_discovery:discover_packages(colcon_meta) check parameters
[0.227s] Level 1:colcon.colcon_core.package_discovery:discover_packages(recursive) check parameters
[0.227s] Level 1:colcon.colcon_core.package_discovery:discover_packages(ignore) check parameters
[0.227s] Level 1:colcon.colcon_core.package_discovery:discover_packages(path) check parameters
[0.227s] Level 1:colcon.colcon_core.package_discovery:discover_packages(colcon_meta) discover
[0.227s] Level 1:colcon.colcon_core.package_discovery:discover_packages(recursive) discover
[0.228s] INFO:colcon.colcon_core.package_discovery:Crawling recursively for packages in '/home/lota/ros2_ws'
[0.228s] Level 1:colcon.colcon_core.package_identification:_identify(.) by extensions ['ignore', 'ignore_ament_install']
[0.228s] Level 1:colcon.colcon_core.package_identification:_identify(.) by extension 'ignore'
[0.228s] Level 1:colcon.colcon_core.package_identification:_identify(.) by extension 'ignore_ament_install'
[0.228s] Level 1:colcon.colcon_core.package_identification:_identify(.) by extensions ['colcon_pkg']
[0.228s] Level 1:colcon.colcon_core.package_identification:_identify(.) by extension 'colcon_pkg'
[0.228s] Level 1:colcon.colcon_core.package_identification:_identify(.) by extensions ['colcon_meta']
[0.228s] Level 1:colcon.colcon_core.package_identification:_identify(.) by extension 'colcon_meta'
[0.228s] Level 1:colcon.colcon_core.package_identification:_identify(.) by extensions ['ros']
[0.228s] Level 1:colcon.colcon_core.package_identification:_identify(.) by extension 'ros'
[0.236s] Level 1:colcon.colcon_core.package_identification:_identify(.) by extensions ['cmake', 'python']
[0.236s] Level 1:colcon.colcon_core.package_identification:_identify(.) by extension 'cmake'
[0.236s] Level 1:colcon.colcon_core.package_identification:_identify(.) by extension 'python'
[0.237s] Level 1:colcon.colcon_core.package_identification:_identify(.) by extensions ['python_setup_py']
[0.237s] Level 1:colcon.colcon_core.package_identification:_identify(.) by extension 'python_setup_py'
[0.237s] Level 1:colcon.colcon_core.package_identification:_identify(build) by extensions ['ignore', 'ignore_ament_install']
[0.237s] Level 1:colcon.colcon_core.package_identification:_identify(build) by extension 'ignore'
[0.237s] Level 1:colcon.colcon_core.package_identification:_identify(build) ignored
[0.237s] Level 1:colcon.colcon_core.package_identification:_identify(install) by extensions ['ignore', 'ignore_ament_install']
[0.237s] Level 1:colcon.colcon_core.package_identification:_identify(install) by extension 'ignore'
[0.237s] Level 1:colcon.colcon_core.package_identification:_identify(install) ignored
[0.237s] Level 1:colcon.colcon_core.package_identification:_identify(log) by extensions ['ignore', 'ignore_ament_install']
[0.237s] Level 1:colcon.colcon_core.package_identification:_identify(log) by extension 'ignore'
[0.237s] Level 1:colcon.colcon_core.package_identification:_identify(log) ignored
[0.237s] Level 1:colcon.colcon_core.package_identification:_identify(src) by extensions ['ignore', 'ignore_ament_install']
[0.238s] Level 1:colcon.colcon_core.package_identification:_identify(src) by extension 'ignore'
[0.238s] Level 1:colcon.colcon_core.package_identification:_identify(src) by extension 'ignore_ament_install'
[0.238s] Level 1:colcon.colcon_core.package_identification:_identify(src) by extensions ['colcon_pkg']
[0.238s] Level 1:colcon.colcon_core.package_identification:_identify(src) by extension 'colcon_pkg'
[0.238s] Level 1:colcon.colcon_core.package_identification:_identify(src) by extensions ['colcon_meta']
[0.238s] Level 1:colcon.colcon_core.package_identification:_identify(src) by extension 'colcon_meta'
[0.238s] Level 1:colcon.colcon_core.package_identification:_identify(src) by extensions ['ros']
[0.238s] Level 1:colcon.colcon_core.package_identification:_identify(src) by extension 'ros'
[0.238s] Level 1:colcon.colcon_core.package_identification:_identify(src) by extensions ['cmake', 'python']
[0.238s] Level 1:colcon.colcon_core.package_identification:_identify(src) by extension 'cmake'
[0.238s] Level 1:colcon.colcon_core.package_identification:_identify(src) by extension 'python'
[0.238s] Level 1:colcon.colcon_core.package_identification:_identify(src) by extensions ['python_setup_py']
[0.238s] Level 1:colcon.colcon_core.package_identification:_identify(src) by extension 'python_setup_py'
[0.238s] Level 1:colcon.colcon_core.package_identification:_identify(src/build) by extensions ['ignore', 'ignore_ament_install']
[0.238s] Level 1:colcon.colcon_core.package_identification:_identify(src/build) by extension 'ignore'
[0.238s] Level 1:colcon.colcon_core.package_identification:_identify(src/build) ignored
[0.238s] Level 1:colcon.colcon_core.package_identification:_identify(src/dual_lidar_tools) by extensions ['ignore', 'ignore_ament_install']
[0.238s] Level 1:colcon.colcon_core.package_identification:_identify(src/dual_lidar_tools) by extension 'ignore'
[0.238s] Level 1:colcon.colcon_core.package_identification:_identify(src/dual_lidar_tools) by extension 'ignore_ament_install'
[0.239s] Level 1:colcon.colcon_core.package_identification:_identify(src/dual_lidar_tools) by extensions ['colcon_pkg']
[0.239s] Level 1:colcon.colcon_core.package_identification:_identify(src/dual_lidar_tools) by extension 'colcon_pkg'
[0.239s] Level 1:colcon.colcon_core.package_identification:_identify(src/dual_lidar_tools) by extensions ['colcon_meta']
[0.239s] Level 1:colcon.colcon_core.package_identification:_identify(src/dual_lidar_tools) by extension 'colcon_meta'
[0.239s] Level 1:colcon.colcon_core.package_identification:_identify(src/dual_lidar_tools) by extensions ['ros']
[0.239s] Level 1:colcon.colcon_core.package_identification:_identify(src/dual_lidar_tools) by extension 'ros'
[0.240s] DEBUG:colcon.colcon_core.package_identification:Package 'src/dual_lidar_tools' with type 'ros.ament_python' and name 'dual_lidar_tools'
[0.241s] Level 1:colcon.colcon_core.package_identification:_identify(src/imu_hwt911) by extensions ['ignore', 'ignore_ament_install']
[0.241s] Level 1:colcon.colcon_core.package_identification:_identify(src/imu_hwt911) by extension 'ignore'
[0.241s] Level 1:colcon.colcon_core.package_identification:_identify(src/imu_hwt911) by extension 'ignore_ament_install'
[0.241s] Level 1:colcon.colcon_core.package_identification:_identify(src/imu_hwt911) by extensions ['colcon_pkg']
[0.241s] Level 1:colcon.colcon_core.package_identification:_identify(src/imu_hwt911) by extension 'colcon_pkg'
[0.241s] Level 1:colcon.colcon_core.package_identification:_identify(src/imu_hwt911) by extensions ['colcon_meta']
[0.241s] Level 1:colcon.colcon_core.package_identification:_identify(src/imu_hwt911) by extension 'colcon_meta'
[0.241s] Level 1:colcon.colcon_core.package_identification:_identify(src/imu_hwt911) by extensions ['ros']
[0.241s] Level 1:colcon.colcon_core.package_identification:_identify(src/imu_hwt911) by extension 'ros'
[0.251s] DEBUG:colcon.colcon_core.package_identification:Package 'src/imu_hwt911' with type 'ros.ament_python' and name 'imu_hwt911'
[0.252s] Level 1:colcon.colcon_core.package_identification:_identify(src/install) by extensions ['ignore', 'ignore_ament_install']
[0.252s] Level 1:colcon.colcon_core.package_identification:_identify(src/install) by extension 'ignore'
[0.252s] Level 1:colcon.colcon_core.package_identification:_identify(src/install) ignored
[0.252s] Level 1:colcon.colcon_core.package_identification:_identify(src/log) by extensions ['ignore', 'ignore_ament_install']
[0.252s] Level 1:colcon.colcon_core.package_identification:_identify(src/log) by extension 'ignore'
[0.252s] Level 1:colcon.colcon_core.package_identification:_identify(src/log) ignored
[0.252s] Level 1:colcon.colcon_core.package_identification:_identify(src/my_robot_config) by extensions ['ignore', 'ignore_ament_install']
[0.252s] Level 1:colcon.colcon_core.package_identification:_identify(src/my_robot_config) by extension 'ignore'
[0.252s] Level 1:colcon.colcon_core.package_identification:_identify(src/my_robot_config) by extension 'ignore_ament_install'
[0.253s] Level 1:colcon.colcon_core.package_identification:_identify(src/my_robot_config) by extensions ['colcon_pkg']
[0.253s] Level 1:colcon.colcon_core.package_identification:_identify(src/my_robot_config) by extension 'colcon_pkg'
[0.253s] Level 1:colcon.colcon_core.package_identification:_identify(src/my_robot_config) by extensions ['colcon_meta']
[0.253s] Level 1:colcon.colcon_core.package_identification:_identify(src/my_robot_config) by extension 'colcon_meta'
[0.253s] Level 1:colcon.colcon_core.package_identification:_identify(src/my_robot_config) by extensions ['ros']
[0.253s] Level 1:colcon.colcon_core.package_identification:_identify(src/my_robot_config) by extension 'ros'
[0.253s] DEBUG:colcon.colcon_core.package_identification:Package 'src/my_robot_config' with type 'ros.ament_cmake' and name 'my_robot_config'
[0.253s] Level 1:colcon.colcon_core.package_identification:_identify(src/rplidar_ros) by extensions ['ignore', 'ignore_ament_install']
[0.253s] Level 1:colcon.colcon_core.package_identification:_identify(src/rplidar_ros) by extension 'ignore'
[0.253s] Level 1:colcon.colcon_core.package_identification:_identify(src/rplidar_ros) by extension 'ignore_ament_install'
[0.253s] Level 1:colcon.colcon_core.package_identification:_identify(src/rplidar_ros) by extensions ['colcon_pkg']
[0.253s] Level 1:colcon.colcon_core.package_identification:_identify(src/rplidar_ros) by extension 'colcon_pkg'
[0.253s] Level 1:colcon.colcon_core.package_identification:_identify(src/rplidar_ros) by extensions ['colcon_meta']
[0.254s] Level 1:colcon.colcon_core.package_identification:_identify(src/rplidar_ros) by extension 'colcon_meta'
[0.254s] Level 1:colcon.colcon_core.package_identification:_identify(src/rplidar_ros) by extensions ['ros']
[0.254s] Level 1:colcon.colcon_core.package_identification:_identify(src/rplidar_ros) by extension 'ros'
[0.254s] DEBUG:colcon.colcon_core.package_identification:Package 'src/rplidar_ros' with type 'ros.ament_cmake' and name 'rplidar_ros'
[0.254s] Level 1:colcon.colcon_core.package_discovery:discover_packages(recursive) using defaults
[0.254s] Level 1:colcon.colcon_core.package_discovery:discover_packages(ignore) discover
[0.254s] Level 1:colcon.colcon_core.package_discovery:discover_packages(ignore) using defaults
[0.254s] Level 1:colcon.colcon_core.package_discovery:discover_packages(path) discover
[0.254s] Level 1:colcon.colcon_core.package_discovery:discover_packages(path) using defaults
[0.269s] Level 1:colcon.colcon_core.package_discovery:discover_packages(prefix_path) check parameters
[0.269s] Level 1:colcon.colcon_core.package_discovery:discover_packages(prefix_path) discover
[0.271s] DEBUG:colcon.colcon_installed_package_information.package_discovery:Found 4 installed packages in /home/lota/ros2_ws/install
[0.271s] DEBUG:colcon.colcon_installed_package_information.package_discovery:Found 4 installed packages in /home/lota/install
[0.273s] DEBUG:colcon.colcon_installed_package_information.package_discovery:Found 491 installed packages in /opt/ros/humble
[0.276s] Level 1:colcon.colcon_core.package_discovery:discover_packages(prefix_path) using defaults
[0.318s] Level 5:colcon.colcon_core.verb:set package 'dual_lidar_tools' build argument 'cmake_args' from command line to 'None'
[0.319s] Level 5:colcon.colcon_core.verb:set package 'dual_lidar_tools' build argument 'cmake_target' from command line to 'None'
[0.319s] Level 5:colcon.colcon_core.verb:set package 'dual_lidar_tools' build argument 'cmake_target_skip_unavailable' from command line to 'False'
[0.319s] Level 5:colcon.colcon_core.verb:set package 'dual_lidar_tools' build argument 'cmake_clean_cache' from command line to 'False'
[0.319s] Level 5:colcon.colcon_core.verb:set package 'dual_lidar_tools' build argument 'cmake_clean_first' from command line to 'False'
[0.319s] Level 5:colcon.colcon_core.verb:set package 'dual_lidar_tools' build argument 'cmake_force_configure' from command line to 'False'
[0.319s] Level 5:colcon.colcon_core.verb:set package 'dual_lidar_tools' build argument 'ament_cmake_args' from command line to 'None'
[0.319s] Level 5:colcon.colcon_core.verb:set package 'dual_lidar_tools' build argument 'catkin_cmake_args' from command line to 'None'
[0.319s] Level 5:colcon.colcon_core.verb:set package 'dual_lidar_tools' build argument 'catkin_skip_building_tests' from command line to 'False'
[0.319s] DEBUG:colcon.colcon_core.verb:Building package 'dual_lidar_tools' with the following arguments: {'ament_cmake_args': None, 'build_base': '/home/lota/ros2_ws/build/dual_lidar_tools', 'catkin_cmake_args': None, 'catkin_skip_building_tests': False, 'cmake_args': None, 'cmake_clean_cache': False, 'cmake_clean_first': False, 'cmake_force_configure': False, 'cmake_target': None, 'cmake_target_skip_unavailable': False, 'install_base': '/home/lota/ros2_ws/install/dual_lidar_tools', 'merge_install': False, 'path': '/home/lota/ros2_ws/src/dual_lidar_tools', 'symlink_install': True, 'test_result_base': None}
[0.319s] Level 5:colcon.colcon_core.verb:set package 'imu_hwt911' build argument 'cmake_args' from command line to 'None'
[0.319s] Level 5:colcon.colcon_core.verb:set package 'imu_hwt911' build argument 'cmake_target' from command line to 'None'
[0.319s] Level 5:colcon.colcon_core.verb:set package 'imu_hwt911' build argument 'cmake_target_skip_unavailable' from command line to 'False'
[0.319s] Level 5:colcon.colcon_core.verb:set package 'imu_hwt911' build argument 'cmake_clean_cache' from command line to 'False'
[0.319s] Level 5:colcon.colcon_core.verb:set package 'imu_hwt911' build argument 'cmake_clean_first' from command line to 'False'
[0.319s] Level 5:colcon.colcon_core.verb:set package 'imu_hwt911' build argument 'cmake_force_configure' from command line to 'False'
[0.319s] Level 5:colcon.colcon_core.verb:set package 'imu_hwt911' build argument 'ament_cmake_args' from command line to 'None'
[0.319s] Level 5:colcon.colcon_core.verb:set package 'imu_hwt911' build argument 'catkin_cmake_args' from command line to 'None'
[0.319s] Level 5:colcon.colcon_core.verb:set package 'imu_hwt911' build argument 'catkin_skip_building_tests' from command line to 'False'
[0.319s] DEBUG:colcon.colcon_core.verb:Building package 'imu_hwt911' with the following arguments: {'ament_cmake_args': None, 'build_base': '/home/lota/ros2_ws/build/imu_hwt911', 'catkin_cmake_args': None, 'catkin_skip_building_tests': False, 'cmake_args': None, 'cmake_clean_cache': False, 'cmake_clean_first': False, 'cmake_force_configure': False, 'cmake_target': None, 'cmake_target_skip_unavailable': False, 'install_base': '/home/lota/ros2_ws/install/imu_hwt911', 'merge_install': False, 'path': '/home/lota/ros2_ws/src/imu_hwt911', 'symlink_install': True, 'test_result_base': None}
[0.320s] Level 5:colcon.colcon_core.verb:set package 'my_robot_config' build argument 'cmake_args' from command line to 'None'
[0.320s] Level 5:colcon.colcon_core.verb:set package 'my_robot_config' build argument 'cmake_target' from command line to 'None'
[0.320s] Level 5:colcon.colcon_core.verb:set package 'my_robot_config' build argument 'cmake_target_skip_unavailable' from command line to 'False'
[0.320s] Level 5:colcon.colcon_core.verb:set package 'my_robot_config' build argument 'cmake_clean_cache' from command line to 'False'
[0.320s] Level 5:colcon.colcon_core.verb:set package 'my_robot_config' build argument 'cmake_clean_first' from command line to 'False'
[0.320s] Level 5:colcon.colcon_core.verb:set package 'my_robot_config' build argument 'cmake_force_configure' from command line to 'False'
[0.320s] Level 5:colcon.colcon_core.verb:set package 'my_robot_config' build argument 'ament_cmake_args' from command line to 'None'
[0.320s] Level 5:colcon.colcon_core.verb:set package 'my_robot_config' build argument 'catkin_cmake_args' from command line to 'None'
[0.320s] Level 5:colcon.colcon_core.verb:set package 'my_robot_config' build argument 'catkin_skip_building_tests' from command line to 'False'
[0.320s] DEBUG:colcon.colcon_core.verb:Building package 'my_robot_config' with the following arguments: {'ament_cmake_args': None, 'build_base': '/home/lota/ros2_ws/build/my_robot_config', 'catkin_cmake_args': None, 'catkin_skip_building_tests': False, 'cmake_args': None, 'cmake_clean_cache': False, 'cmake_clean_first': False, 'cmake_force_configure': False, 'cmake_target': None, 'cmake_target_skip_unavailable': False, 'install_base': '/home/lota/ros2_ws/install/my_robot_config', 'merge_install': False, 'path': '/home/lota/ros2_ws/src/my_robot_config', 'symlink_install': True, 'test_result_base': None}
[0.320s] Level 5:colcon.colcon_core.verb:set package 'rplidar_ros' build argument 'cmake_args' from command line to 'None'
[0.320s] Level 5:colcon.colcon_core.verb:set package 'rplidar_ros' build argument 'cmake_target' from command line to 'None'
[0.320s] Level 5:colcon.colcon_core.verb:set package 'rplidar_ros' build argument 'cmake_target_skip_unavailable' from command line to 'False'
[0.320s] Level 5:colcon.colcon_core.verb:set package 'rplidar_ros' build argument 'cmake_clean_cache' from command line to 'False'
[0.320s] Level 5:colcon.colcon_core.verb:set package 'rplidar_ros' build argument 'cmake_clean_first' from command line to 'False'
[0.320s] Level 5:colcon.colcon_core.verb:set package 'rplidar_ros' build argument 'cmake_force_configure' from command line to 'False'
[0.320s] Level 5:colcon.colcon_core.verb:set package 'rplidar_ros' build argument 'ament_cmake_args' from command line to 'None'
[0.320s] Level 5:colcon.colcon_core.verb:set package 'rplidar_ros' build argument 'catkin_cmake_args' from command line to 'None'
[0.320s] Level 5:colcon.colcon_core.verb:set package 'rplidar_ros' build argument 'catkin_skip_building_tests' from command line to 'False'
[0.320s] DEBUG:colcon.colcon_core.verb:Building package 'rplidar_ros' with the following arguments: {'ament_cmake_args': None, 'build_base': '/home/lota/ros2_ws/build/rplidar_ros', 'catkin_cmake_args': None, 'catkin_skip_building_tests': False, 'cmake_args': None, 'cmake_clean_cache': False, 'cmake_clean_first': False, 'cmake_force_configure': False, 'cmake_target': None, 'cmake_target_skip_unavailable': False, 'install_base': '/home/lota/ros2_ws/install/rplidar_ros', 'merge_install': False, 'path': '/home/lota/ros2_ws/src/rplidar_ros', 'symlink_install': True, 'test_result_base': None}
[0.321s] INFO:colcon.colcon_core.executor:Executing jobs using 'parallel' executor
[0.322s] DEBUG:colcon.colcon_parallel_executor.executor.parallel:run_until_complete
[0.322s] INFO:colcon.colcon_ros.task.ament_python.build:Building ROS package in '/home/lota/ros2_ws/src/dual_lidar_tools' with build type 'ament_python'
[0.322s] Level 1:colcon.colcon_core.shell:create_environment_hook('dual_lidar_tools', 'ament_prefix_path')
[0.324s] INFO:colcon.colcon_core.plugin_system:Skipping extension 'colcon_core.shell.bat': Not used on non-Windows systems
[0.325s] INFO:colcon.colcon_core.shell:Creating environment hook '/home/lota/ros2_ws/install/dual_lidar_tools/share/dual_lidar_tools/hook/ament_prefix_path.ps1'
[0.325s] INFO:colcon.colcon_core.shell:Creating environment descriptor '/home/lota/ros2_ws/install/dual_lidar_tools/share/dual_lidar_tools/hook/ament_prefix_path.dsv'
[0.326s] INFO:colcon.colcon_core.shell:Creating environment hook '/home/lota/ros2_ws/install/dual_lidar_tools/share/dual_lidar_tools/hook/ament_prefix_path.sh'
[0.327s] INFO:colcon.colcon_core.shell:Skip shell extension 'powershell' for command environment: Not usable outside of PowerShell
[0.327s] DEBUG:colcon.colcon_core.shell:Skip shell extension 'dsv' for command environment
[0.331s] INFO:colcon.colcon_ros.task.ament_python.build:Building ROS package in '/home/lota/ros2_ws/src/imu_hwt911' with build type 'ament_python'
[0.331s] Level 1:colcon.colcon_core.shell:create_environment_hook('imu_hwt911', 'ament_prefix_path')
[0.332s] INFO:colcon.colcon_core.shell:Creating environment hook '/home/lota/ros2_ws/install/imu_hwt911/share/imu_hwt911/hook/ament_prefix_path.ps1'
[0.332s] INFO:colcon.colcon_core.shell:Creating environment descriptor '/home/lota/ros2_ws/install/imu_hwt911/share/imu_hwt911/hook/ament_prefix_path.dsv'
[0.334s] INFO:colcon.colcon_core.shell:Creating environment hook '/home/lota/ros2_ws/install/imu_hwt911/share/imu_hwt911/hook/ament_prefix_path.sh'
[0.335s] INFO:colcon.colcon_core.shell:Skip shell extension 'powershell' for command environment: Not usable outside of PowerShell
[0.335s] DEBUG:colcon.colcon_core.shell:Skip shell extension 'dsv' for command environment
[0.595s] INFO:colcon.colcon_core.task.python.build:Building Python package in '/home/lota/ros2_ws/src/dual_lidar_tools'
[0.595s] INFO:colcon.colcon_core.shell:Skip shell extension 'powershell' for command environment: Not usable outside of PowerShell
[0.595s] DEBUG:colcon.colcon_core.shell:Skip shell extension 'dsv' for command environment
[0.845s] INFO:colcon.colcon_core.task.python.build:Building Python package in '/home/lota/ros2_ws/src/imu_hwt911'
[0.845s] INFO:colcon.colcon_core.shell:Skip shell extension 'powershell' for command environment: Not usable outside of PowerShell
[0.845s] DEBUG:colcon.colcon_core.shell:Skip shell extension 'dsv' for command environment
[1.284s] DEBUG:colcon.colcon_core.event_handler.log_command:Invoking command in '/home/lota/ros2_ws/build/imu_hwt911': PYTHONPATH=/home/lota/ros2_ws/build/imu_hwt911/prefix_override:/usr/lib/python3/dist-packages/colcon_core/task/python/colcon_distutils_commands:/home/lota/ros2_ws/install/imu_hwt911/lib/python3.10/site-packages:${PYTHONPATH} /usr/bin/python3 -W ignore:setup.py install is deprecated -W ignore:easy_install command is deprecated setup.py develop --editable --build-directory /home/lota/ros2_ws/build/imu_hwt911/build --no-deps symlink_data
[1.328s] DEBUG:colcon.colcon_core.event_handler.log_command:Invoking command in '/home/lota/ros2_ws/build/dual_lidar_tools': PYTHONPATH=/home/lota/ros2_ws/build/dual_lidar_tools/prefix_override:/usr/lib/python3/dist-packages/colcon_core/task/python/colcon_distutils_commands:/home/lota/ros2_ws/install/dual_lidar_tools/lib/python3.10/site-packages:${PYTHONPATH} /usr/bin/python3 -W ignore:setup.py install is deprecated -W ignore:easy_install command is deprecated setup.py develop --editable --build-directory /home/lota/ros2_ws/build/dual_lidar_tools/build --no-deps symlink_data
[1.899s] Level 1:colcon.colcon_core.shell:create_environment_hook('imu_hwt911', 'pythonpath_develop')
[1.900s] DEBUG:colcon.colcon_core.event_handler.log_command:Invoked command in '/home/lota/ros2_ws/build/imu_hwt911' returned '0': PYTHONPATH=/home/lota/ros2_ws/build/imu_hwt911/prefix_override:/usr/lib/python3/dist-packages/colcon_core/task/python/colcon_distutils_commands:/home/lota/ros2_ws/install/imu_hwt911/lib/python3.10/site-packages:${PYTHONPATH} /usr/bin/python3 -W ignore:setup.py install is deprecated -W ignore:easy_install command is deprecated setup.py develop --editable --build-directory /home/lota/ros2_ws/build/imu_hwt911/build --no-deps symlink_data
[1.901s] INFO:colcon.colcon_core.shell:Creating environment hook '/home/lota/ros2_ws/build/imu_hwt911/share/imu_hwt911/hook/pythonpath_develop.ps1'
[1.902s] INFO:colcon.colcon_core.shell:Creating environment descriptor '/home/lota/ros2_ws/build/imu_hwt911/share/imu_hwt911/hook/pythonpath_develop.dsv'
[1.902s] INFO:colcon.colcon_core.shell:Creating environment hook '/home/lota/ros2_ws/build/imu_hwt911/share/imu_hwt911/hook/pythonpath_develop.sh'
[1.905s] Level 1:colcon.colcon_core.environment:checking '/home/lota/ros2_ws/install/imu_hwt911' for CMake module files
[1.906s] Level 1:colcon.colcon_core.environment:checking '/home/lota/ros2_ws/install/imu_hwt911' for CMake config files
[1.907s] Level 1:colcon.colcon_core.environment:checking '/home/lota/ros2_ws/install/imu_hwt911/lib'
[1.907s] Level 1:colcon.colcon_core.environment:checking '/home/lota/ros2_ws/install/imu_hwt911/bin'
[1.907s] Level 1:colcon.colcon_core.environment:checking '/home/lota/ros2_ws/install/imu_hwt911/lib/pkgconfig/imu_hwt911.pc'
[1.908s] Level 1:colcon.colcon_core.environment:checking '/home/lota/ros2_ws/install/imu_hwt911/lib/python3.10/site-packages'
[1.908s] Level 1:colcon.colcon_core.shell:create_environment_hook('imu_hwt911', 'pythonpath')
[1.908s] INFO:colcon.colcon_core.shell:Creating environment hook '/home/lota/ros2_ws/install/imu_hwt911/share/imu_hwt911/hook/pythonpath.ps1'
[1.909s] INFO:colcon.colcon_core.shell:Creating environment descriptor '/home/lota/ros2_ws/install/imu_hwt911/share/imu_hwt911/hook/pythonpath.dsv'
[1.910s] INFO:colcon.colcon_core.shell:Creating environment hook '/home/lota/ros2_ws/install/imu_hwt911/share/imu_hwt911/hook/pythonpath.sh'
[1.910s] Level 1:colcon.colcon_core.environment:checking '/home/lota/ros2_ws/install/imu_hwt911/bin'
[1.911s] Level 1:colcon.colcon_core.environment:create_environment_scripts_only(imu_hwt911)
[1.911s] INFO:colcon.colcon_core.shell:Creating package script '/home/lota/ros2_ws/install/imu_hwt911/share/imu_hwt911/package.ps1'
[1.913s] INFO:colcon.colcon_core.shell:Creating package descriptor '/home/lota/ros2_ws/install/imu_hwt911/share/imu_hwt911/package.dsv'
[1.914s] INFO:colcon.colcon_core.shell:Creating package script '/home/lota/ros2_ws/install/imu_hwt911/share/imu_hwt911/package.sh'
[1.915s] INFO:colcon.colcon_core.shell:Creating package script '/home/lota/ros2_ws/install/imu_hwt911/share/imu_hwt911/package.bash'
[1.916s] INFO:colcon.colcon_core.shell:Creating package script '/home/lota/ros2_ws/install/imu_hwt911/share/imu_hwt911/package.zsh'
[1.917s] Level 1:colcon.colcon_core.environment:create_file_with_runtime_dependencies(/home/lota/ros2_ws/install/imu_hwt911/share/colcon-core/packages/imu_hwt911)
[1.919s] INFO:colcon.colcon_ros.task.ament_cmake.build:Building ROS package in '/home/lota/ros2_ws/src/my_robot_config' with build type 'ament_cmake'
[1.919s] INFO:colcon.colcon_cmake.task.cmake.build:Building CMake package in '/home/lota/ros2_ws/src/my_robot_config'
[1.920s] INFO:colcon.colcon_core.shell:Skip shell extension 'powershell' for command environment: Not usable outside of PowerShell
[1.920s] DEBUG:colcon.colcon_core.shell:Skip shell extension 'dsv' for command environment
[1.941s] DEBUG:colcon.colcon_core.event_handler.log_command:Invoking command in '/home/lota/ros2_ws/build/my_robot_config': CMAKE_PREFIX_PATH=${CMAKE_PREFIX_PATH}:/home/lota/ros2_ws/install/imu_hwt911:/home/lota/ros2_ws/install/dual_lidar_tools:/home/lota/install/rrt_planner:/opt/ros/humble /usr/bin/cmake --build /home/lota/ros2_ws/build/my_robot_config -- -j2 -l2
[1.997s] DEBUG:colcon.colcon_core.event_handler.log_command:Invoked command in '/home/lota/ros2_ws/build/my_robot_config' returned '0': CMAKE_PREFIX_PATH=${CMAKE_PREFIX_PATH}:/home/lota/ros2_ws/install/imu_hwt911:/home/lota/ros2_ws/install/dual_lidar_tools:/home/lota/install/rrt_planner:/opt/ros/humble /usr/bin/cmake --build /home/lota/ros2_ws/build/my_robot_config -- -j2 -l2
[2.008s] DEBUG:colcon.colcon_core.event_handler.log_command:Invoking command in '/home/lota/ros2_ws/build/my_robot_config': CMAKE_PREFIX_PATH=${CMAKE_PREFIX_PATH}:/home/lota/ros2_ws/install/imu_hwt911:/home/lota/ros2_ws/install/dual_lidar_tools:/home/lota/install/rrt_planner:/opt/ros/humble /usr/bin/cmake --install /home/lota/ros2_ws/build/my_robot_config
[2.041s] Level 1:colcon.colcon_core.environment:create_environment_scripts_only(my_robot_config)
[2.042s] DEBUG:colcon.colcon_core.event_handler.log_command:Invoked command in '/home/lota/ros2_ws/build/my_robot_config' returned '0': CMAKE_PREFIX_PATH=${CMAKE_PREFIX_PATH}:/home/lota/ros2_ws/install/imu_hwt911:/home/lota/ros2_ws/install/dual_lidar_tools:/home/lota/install/rrt_planner:/opt/ros/humble /usr/bin/cmake --install /home/lota/ros2_ws/build/my_robot_config
[2.042s] Level 1:colcon.colcon_core.environment:checking '/home/lota/ros2_ws/install/my_robot_config' for CMake module files
[2.043s] Level 1:colcon.colcon_core.environment:checking '/home/lota/ros2_ws/install/my_robot_config' for CMake config files
[2.043s] Level 1:colcon.colcon_core.shell:create_environment_hook('my_robot_config', 'cmake_prefix_path')
[2.044s] INFO:colcon.colcon_core.shell:Creating environment hook '/home/lota/ros2_ws/install/my_robot_config/share/my_robot_config/hook/cmake_prefix_path.ps1'
[2.044s] INFO:colcon.colcon_core.shell:Creating environment descriptor '/home/lota/ros2_ws/install/my_robot_config/share/my_robot_config/hook/cmake_prefix_path.dsv'
[2.045s] INFO:colcon.colcon_core.shell:Creating environment hook '/home/lota/ros2_ws/install/my_robot_config/share/my_robot_config/hook/cmake_prefix_path.sh'
[2.046s] Level 1:colcon.colcon_core.environment:checking '/home/lota/ros2_ws/install/my_robot_config/lib'
[2.046s] Level 1:colcon.colcon_core.environment:checking '/home/lota/ros2_ws/install/my_robot_config/bin'
[2.046s] Level 1:colcon.colcon_core.environment:checking '/home/lota/ros2_ws/install/my_robot_config/lib/pkgconfig/my_robot_config.pc'
[2.046s] Level 1:colcon.colcon_core.environment:checking '/home/lota/ros2_ws/install/my_robot_config/lib/python3.10/site-packages'
[2.046s] Level 1:colcon.colcon_core.environment:checking '/home/lota/ros2_ws/install/my_robot_config/bin'
[2.047s] INFO:colcon.colcon_core.shell:Creating package script '/home/lota/ros2_ws/install/my_robot_config/share/my_robot_config/package.ps1'
[2.047s] INFO:colcon.colcon_core.shell:Creating package descriptor '/home/lota/ros2_ws/install/my_robot_config/share/my_robot_config/package.dsv'
[2.048s] INFO:colcon.colcon_core.shell:Creating package script '/home/lota/ros2_ws/install/my_robot_config/share/my_robot_config/package.sh'
[2.048s] INFO:colcon.colcon_core.shell:Creating package script '/home/lota/ros2_ws/install/my_robot_config/share/my_robot_config/package.bash'
[2.048s] INFO:colcon.colcon_core.shell:Creating package script '/home/lota/ros2_ws/install/my_robot_config/share/my_robot_config/package.zsh'
[2.049s] Level 1:colcon.colcon_core.environment:create_file_with_runtime_dependencies(/home/lota/ros2_ws/install/my_robot_config/share/colcon-core/packages/my_robot_config)
[2.049s] Level 1:colcon.colcon_core.environment:create_environment_scripts_only(my_robot_config)
[2.050s] Level 1:colcon.colcon_core.environment:checking '/home/lota/ros2_ws/install/my_robot_config' for CMake module files
[2.050s] Level 1:colcon.colcon_core.environment:checking '/home/lota/ros2_ws/install/my_robot_config' for CMake config files
[2.051s] Level 1:colcon.colcon_core.shell:create_environment_hook('my_robot_config', 'cmake_prefix_path')
[2.051s] INFO:colcon.colcon_core.shell:Creating environment hook '/home/lota/ros2_ws/install/my_robot_config/share/my_robot_config/hook/cmake_prefix_path.ps1'
[2.051s] INFO:colcon.colcon_core.shell:Creating environment descriptor '/home/lota/ros2_ws/install/my_robot_config/share/my_robot_config/hook/cmake_prefix_path.dsv'
[2.052s] INFO:colcon.colcon_core.shell:Creating environment hook '/home/lota/ros2_ws/install/my_robot_config/share/my_robot_config/hook/cmake_prefix_path.sh'
[2.052s] Level 1:colcon.colcon_core.environment:checking '/home/lota/ros2_ws/install/my_robot_config/lib'
[2.053s] Level 1:colcon.colcon_core.environment:checking '/home/lota/ros2_ws/install/my_robot_config/bin'
[2.053s] Level 1:colcon.colcon_core.environment:checking '/home/lota/ros2_ws/install/my_robot_config/lib/pkgconfig/my_robot_config.pc'
[2.053s] Level 1:colcon.colcon_core.environment:checking '/home/lota/ros2_ws/install/my_robot_config/lib/python3.10/site-packages'
[2.053s] Level 1:colcon.colcon_core.environment:checking '/home/lota/ros2_ws/install/my_robot_config/bin'
[2.053s] INFO:colcon.colcon_core.shell:Creating package script '/home/lota/ros2_ws/install/my_robot_config/share/my_robot_config/package.ps1'
[2.054s] INFO:colcon.colcon_core.shell:Creating package descriptor '/home/lota/ros2_ws/install/my_robot_config/share/my_robot_config/package.dsv'
[2.054s] INFO:colcon.colcon_core.shell:Creating package script '/home/lota/ros2_ws/install/my_robot_config/share/my_robot_config/package.sh'
[2.055s] INFO:colcon.colcon_core.shell:Creating package script '/home/lota/ros2_ws/install/my_robot_config/share/my_robot_config/package.bash'
[2.055s] INFO:colcon.colcon_core.shell:Creating package script '/home/lota/ros2_ws/install/my_robot_config/share/my_robot_config/package.zsh'
[2.056s] Level 1:colcon.colcon_core.environment:create_file_with_runtime_dependencies(/home/lota/ros2_ws/install/my_robot_config/share/colcon-core/packages/my_robot_config)
[2.056s] INFO:colcon.colcon_ros.task.ament_cmake.build:Building ROS package in '/home/lota/ros2_ws/src/rplidar_ros' with build type 'ament_cmake'
[2.056s] INFO:colcon.colcon_cmake.task.cmake.build:Building CMake package in '/home/lota/ros2_ws/src/rplidar_ros'
[2.057s] INFO:colcon.colcon_core.shell:Skip shell extension 'powershell' for command environment: Not usable outside of PowerShell
[2.057s] DEBUG:colcon.colcon_core.shell:Skip shell extension 'dsv' for command environment
[2.062s] Level 1:colcon.colcon_core.shell:create_environment_hook('dual_lidar_tools', 'pythonpath_develop')
[2.062s] INFO:colcon.colcon_core.shell:Creating environment hook '/home/lota/ros2_ws/build/dual_lidar_tools/share/dual_lidar_tools/hook/pythonpath_develop.ps1'
[2.063s] INFO:colcon.colcon_core.shell:Creating environment descriptor '/home/lota/ros2_ws/build/dual_lidar_tools/share/dual_lidar_tools/hook/pythonpath_develop.dsv'
[2.064s] DEBUG:colcon.colcon_core.event_handler.log_command:Invoked command in '/home/lota/ros2_ws/build/dual_lidar_tools' returned '0': PYTHONPATH=/home/lota/ros2_ws/build/dual_lidar_tools/prefix_override:/usr/lib/python3/dist-packages/colcon_core/task/python/colcon_distutils_commands:/home/lota/ros2_ws/install/dual_lidar_tools/lib/python3.10/site-packages:${PYTHONPATH} /usr/bin/python3 -W ignore:setup.py install is deprecated -W ignore:easy_install command is deprecated setup.py develop --editable --build-directory /home/lota/ros2_ws/build/dual_lidar_tools/build --no-deps symlink_data
[2.064s] INFO:colcon.colcon_core.shell:Creating environment hook '/home/lota/ros2_ws/build/dual_lidar_tools/share/dual_lidar_tools/hook/pythonpath_develop.sh'
[2.065s] Level 1:colcon.colcon_core.environment:checking '/home/lota/ros2_ws/install/dual_lidar_tools' for CMake module files
[2.065s] Level 1:colcon.colcon_core.environment:checking '/home/lota/ros2_ws/install/dual_lidar_tools' for CMake config files
[2.065s] Level 1:colcon.colcon_core.environment:checking '/home/lota/ros2_ws/install/dual_lidar_tools/lib'
[2.066s] Level 1:colcon.colcon_core.environment:checking '/home/lota/ros2_ws/install/dual_lidar_tools/bin'
[2.066s] Level 1:colcon.colcon_core.environment:checking '/home/lota/ros2_ws/install/dual_lidar_tools/lib/pkgconfig/dual_lidar_tools.pc'
[2.066s] Level 1:colcon.colcon_core.environment:checking '/home/lota/ros2_ws/install/dual_lidar_tools/lib/python3.10/site-packages'
[2.066s] Level 1:colcon.colcon_core.shell:create_environment_hook('dual_lidar_tools', 'pythonpath')
[2.066s] INFO:colcon.colcon_core.shell:Creating environment hook '/home/lota/ros2_ws/install/dual_lidar_tools/share/dual_lidar_tools/hook/pythonpath.ps1'
[2.067s] INFO:colcon.colcon_core.shell:Creating environment descriptor '/home/lota/ros2_ws/install/dual_lidar_tools/share/dual_lidar_tools/hook/pythonpath.dsv'
[2.067s] INFO:colcon.colcon_core.shell:Creating environment hook '/home/lota/ros2_ws/install/dual_lidar_tools/share/dual_lidar_tools/hook/pythonpath.sh'
[2.068s] Level 1:colcon.colcon_core.environment:checking '/home/lota/ros2_ws/install/dual_lidar_tools/bin'
[2.068s] Level 1:colcon.colcon_core.environment:create_environment_scripts_only(dual_lidar_tools)
[2.068s] INFO:colcon.colcon_core.shell:Creating package script '/home/lota/ros2_ws/install/dual_lidar_tools/share/dual_lidar_tools/package.ps1'
[2.069s] INFO:colcon.colcon_core.shell:Creating package descriptor '/home/lota/ros2_ws/install/dual_lidar_tools/share/dual_lidar_tools/package.dsv'
[2.069s] INFO:colcon.colcon_core.shell:Creating package script '/home/lota/ros2_ws/install/dual_lidar_tools/share/dual_lidar_tools/package.sh'
[2.070s] INFO:colcon.colcon_core.shell:Creating package script '/home/lota/ros2_ws/install/dual_lidar_tools/share/dual_lidar_tools/package.bash'
[2.070s] INFO:colcon.colcon_core.shell:Creating package script '/home/lota/ros2_ws/install/dual_lidar_tools/share/dual_lidar_tools/package.zsh'
[2.071s] Level 1:colcon.colcon_core.environment:create_file_with_runtime_dependencies(/home/lota/ros2_ws/install/dual_lidar_tools/share/colcon-core/packages/dual_lidar_tools)
[2.079s] DEBUG:colcon.colcon_core.event_handler.log_command:Invoking command in '/home/lota/ros2_ws/build/rplidar_ros': CMAKE_PREFIX_PATH=${CMAKE_PREFIX_PATH}:/home/lota/ros2_ws/install/imu_hwt911:/home/lota/ros2_ws/install/dual_lidar_tools:/home/lota/install/rrt_planner:/opt/ros/humble /usr/bin/cmake --build /home/lota/ros2_ws/build/rplidar_ros -- -j2 -l2
[2.264s] DEBUG:colcon.colcon_core.event_handler.log_command:Invoked command in '/home/lota/ros2_ws/build/rplidar_ros' returned '0': CMAKE_PREFIX_PATH=${CMAKE_PREFIX_PATH}:/home/lota/ros2_ws/install/imu_hwt911:/home/lota/ros2_ws/install/dual_lidar_tools:/home/lota/install/rrt_planner:/opt/ros/humble /usr/bin/cmake --build /home/lota/ros2_ws/build/rplidar_ros -- -j2 -l2
[2.267s] DEBUG:colcon.colcon_core.event_handler.log_command:Invoking command in '/home/lota/ros2_ws/build/rplidar_ros': CMAKE_PREFIX_PATH=${CMAKE_PREFIX_PATH}:/home/lota/ros2_ws/install/imu_hwt911:/home/lota/ros2_ws/install/dual_lidar_tools:/home/lota/install/rrt_planner:/opt/ros/humble /usr/bin/cmake --install /home/lota/ros2_ws/build/rplidar_ros
[2.307s] Level 1:colcon.colcon_core.environment:create_environment_scripts_only(rplidar_ros)
[2.308s] DEBUG:colcon.colcon_core.event_handler.log_command:Invoked command in '/home/lota/ros2_ws/build/rplidar_ros' returned '0': CMAKE_PREFIX_PATH=${CMAKE_PREFIX_PATH}:/home/lota/ros2_ws/install/imu_hwt911:/home/lota/ros2_ws/install/dual_lidar_tools:/home/lota/install/rrt_planner:/opt/ros/humble /usr/bin/cmake --install /home/lota/ros2_ws/build/rplidar_ros
[2.308s] Level 1:colcon.colcon_core.environment:checking '/home/lota/ros2_ws/install/rplidar_ros' for CMake module files
[2.309s] Level 1:colcon.colcon_core.environment:checking '/home/lota/ros2_ws/install/rplidar_ros' for CMake config files
[2.309s] Level 1:colcon.colcon_core.shell:create_environment_hook('rplidar_ros', 'cmake_prefix_path')
[2.310s] INFO:colcon.colcon_core.shell:Creating environment hook '/home/lota/ros2_ws/install/rplidar_ros/share/rplidar_ros/hook/cmake_prefix_path.ps1'
[2.310s] INFO:colcon.colcon_core.shell:Creating environment descriptor '/home/lota/ros2_ws/install/rplidar_ros/share/rplidar_ros/hook/cmake_prefix_path.dsv'
[2.311s] INFO:colcon.colcon_core.shell:Creating environment hook '/home/lota/ros2_ws/install/rplidar_ros/share/rplidar_ros/hook/cmake_prefix_path.sh'
[2.311s] Level 1:colcon.colcon_core.environment:checking '/home/lota/ros2_ws/install/rplidar_ros/lib'
[2.311s] Level 1:colcon.colcon_core.environment:checking '/home/lota/ros2_ws/install/rplidar_ros/bin'
[2.311s] Level 1:colcon.colcon_core.environment:checking '/home/lota/ros2_ws/install/rplidar_ros/lib/pkgconfig/rplidar_ros.pc'
[2.311s] Level 1:colcon.colcon_core.environment:checking '/home/lota/ros2_ws/install/rplidar_ros/lib/python3.10/site-packages'
[2.312s] Level 1:colcon.colcon_core.environment:checking '/home/lota/ros2_ws/install/rplidar_ros/bin'
[2.312s] INFO:colcon.colcon_core.shell:Creating package script '/home/lota/ros2_ws/install/rplidar_ros/share/rplidar_ros/package.ps1'
[2.312s] INFO:colcon.colcon_core.shell:Creating package descriptor '/home/lota/ros2_ws/install/rplidar_ros/share/rplidar_ros/package.dsv'
[2.313s] INFO:colcon.colcon_core.shell:Creating package script '/home/lota/ros2_ws/install/rplidar_ros/share/rplidar_ros/package.sh'
[2.313s] INFO:colcon.colcon_core.shell:Creating package script '/home/lota/ros2_ws/install/rplidar_ros/share/rplidar_ros/package.bash'
[2.314s] INFO:colcon.colcon_core.shell:Creating package script '/home/lota/ros2_ws/install/rplidar_ros/share/rplidar_ros/package.zsh'
[2.314s] Level 1:colcon.colcon_core.environment:create_file_with_runtime_dependencies(/home/lota/ros2_ws/install/rplidar_ros/share/colcon-core/packages/rplidar_ros)
[2.314s] Level 1:colcon.colcon_core.environment:create_environment_scripts_only(rplidar_ros)
[2.315s] Level 1:colcon.colcon_core.environment:checking '/home/lota/ros2_ws/install/rplidar_ros' for CMake module files
[2.315s] Level 1:colcon.colcon_core.environment:checking '/home/lota/ros2_ws/install/rplidar_ros' for CMake config files
[2.315s] Level 1:colcon.colcon_core.shell:create_environment_hook('rplidar_ros', 'cmake_prefix_path')
[2.316s] INFO:colcon.colcon_core.shell:Creating environment hook '/home/lota/ros2_ws/install/rplidar_ros/share/rplidar_ros/hook/cmake_prefix_path.ps1'
[2.316s] INFO:colcon.colcon_core.shell:Creating environment descriptor '/home/lota/ros2_ws/install/rplidar_ros/share/rplidar_ros/hook/cmake_prefix_path.dsv'
[2.316s] INFO:colcon.colcon_core.shell:Creating environment hook '/home/lota/ros2_ws/install/rplidar_ros/share/rplidar_ros/hook/cmake_prefix_path.sh'
[2.317s] Level 1:colcon.colcon_core.environment:checking '/home/lota/ros2_ws/install/rplidar_ros/lib'
[2.317s] Level 1:colcon.colcon_core.environment:checking '/home/lota/ros2_ws/install/rplidar_ros/bin'
[2.317s] Level 1:colcon.colcon_core.environment:checking '/home/lota/ros2_ws/install/rplidar_ros/lib/pkgconfig/rplidar_ros.pc'
[2.317s] Level 1:colcon.colcon_core.environment:checking '/home/lota/ros2_ws/install/rplidar_ros/lib/python3.10/site-packages'
[2.317s] Level 1:colcon.colcon_core.environment:checking '/home/lota/ros2_ws/install/rplidar_ros/bin'
[2.318s] INFO:colcon.colcon_core.shell:Creating package script '/home/lota/ros2_ws/install/rplidar_ros/share/rplidar_ros/package.ps1'
[2.318s] INFO:colcon.colcon_core.shell:Creating package descriptor '/home/lota/ros2_ws/install/rplidar_ros/share/rplidar_ros/package.dsv'
[2.319s] INFO:colcon.colcon_core.shell:Creating package script '/home/lota/ros2_ws/install/rplidar_ros/share/rplidar_ros/package.sh'
[2.319s] INFO:colcon.colcon_core.shell:Creating package script '/home/lota/ros2_ws/install/rplidar_ros/share/rplidar_ros/package.bash'
[2.319s] INFO:colcon.colcon_core.shell:Creating package script '/home/lota/ros2_ws/install/rplidar_ros/share/rplidar_ros/package.zsh'
[2.320s] Level 1:colcon.colcon_core.environment:create_file_with_runtime_dependencies(/home/lota/ros2_ws/install/rplidar_ros/share/colcon-core/packages/rplidar_ros)
[2.320s] DEBUG:colcon.colcon_parallel_executor.executor.parallel:closing loop
[2.320s] DEBUG:colcon.colcon_parallel_executor.executor.parallel:loop closed
[2.320s] DEBUG:colcon.colcon_parallel_executor.executor.parallel:run_until_complete finished with '0'
[2.321s] DEBUG:colcon.colcon_core.event_reactor:joining thread
[2.325s] INFO:colcon.colcon_core.plugin_system:Skipping extension 'colcon_notification.desktop_notification.terminal_notifier': Not used on non-Darwin systems
[2.325s] INFO:colcon.colcon_core.plugin_system:Skipping extension 'colcon_notification.desktop_notification.win32': Not used on non-Windows systems
[2.326s] INFO:colcon.colcon_notification.desktop_notification:Sending desktop notification using 'notify2'
[2.340s] DEBUG:colcon.colcon_core.event_reactor:joined thread
[2.340s] INFO:colcon.colcon_core.shell:Creating prefix script '/home/lota/ros2_ws/install/local_setup.ps1'
[2.341s] INFO:colcon.colcon_core.shell:Creating prefix util module '/home/lota/ros2_ws/install/_local_setup_util_ps1.py'
[2.342s] INFO:colcon.colcon_core.shell:Creating prefix chain script '/home/lota/ros2_ws/install/setup.ps1'
[2.343s] INFO:colcon.colcon_core.shell:Creating prefix script '/home/lota/ros2_ws/install/local_setup.sh'
[2.344s] INFO:colcon.colcon_core.shell:Creating prefix util module '/home/lota/ros2_ws/install/_local_setup_util_sh.py'
[2.344s] INFO:colcon.colcon_core.shell:Creating prefix chain script '/home/lota/ros2_ws/install/setup.sh'
[2.345s] INFO:colcon.colcon_core.shell:Creating prefix script '/home/lota/ros2_ws/install/local_setup.bash'
[2.346s] INFO:colcon.colcon_core.shell:Creating prefix chain script '/home/lota/ros2_ws/install/setup.bash'
[2.347s] INFO:colcon.colcon_core.shell:Creating prefix script '/home/lota/ros2_ws/install/local_setup.zsh'
[2.347s] INFO:colcon.colcon_core.shell:Creating prefix chain script '/home/lota/ros2_ws/install/setup.zsh'
